[0.027s] Invoking command in '/home/pcht/dev/comp0250_s26_labs/build/panda_moveit_config': CMAKE_PREFIX_PATH=${CMAKE_PREFIX_PATH}:/home/pcht/ws_moveit2/install/moveit_configs_utils:/home/pcht/ws_moveit2/install/launch_param_builder:/opt/ros/humble /usr/bin/cmake /home/pcht/dev/comp0250_s26_labs/courseworks/panda_moveit_config -DCMAKE_BUILD_TYPE=Release -DCMAKE_INSTALL_PREFIX=/home/pcht/dev/comp0250_s26_labs/install/panda_moveit_config
[0.342s] -- The C compiler identification is GNU 11.4.0
[0.922s] -- The CXX compiler identification is GNU 11.4.0
[1.322s] -- Detecting C compiler ABI info
[1.502s] -- Detecting C compiler ABI info - done
[1.507s] -- Check for working C compiler: /usr/bin/cc - skipped
[1.509s] -- Detecting C compile features
[1.509s] -- Detecting C compile features - done
[1.514s] -- Detecting CXX compiler ABI info
[1.698s] -- Detecting CXX compiler ABI info - done
[1.707s] -- Check for working CXX compiler: /usr/bin/c++ - skipped
[1.707s] -- Detecting CXX compile features
[1.707s] -- Detecting CXX compile features - done
[1.721s] -- Found ament_cmake: 1.3.12 (/opt/ros/humble/share/ament_cmake/cmake)
[1.879s] -- Found Python3: /usr/bin/python3 (found version "3.10.12") found components: Interpreter 
[2.101s] -- Configuring done
[2.104s] -- Generating done
[2.106s] -- Build files have been written to: /home/pcht/dev/comp0250_s26_labs/build/panda_moveit_config
[2.112s] Invoked command in '/home/pcht/dev/comp0250_s26_labs/build/panda_moveit_config' returned '0': CMAKE_PREFIX_PATH=${CMAKE_PREFIX_PATH}:/home/pcht/ws_moveit2/install/moveit_configs_utils:/home/pcht/ws_moveit2/install/launch_param_builder:/opt/ros/humble /usr/bin/cmake /home/pcht/dev/comp0250_s26_labs/courseworks/panda_moveit_config -DCMAKE_BUILD_TYPE=Release -DCMAKE_INSTALL_PREFIX=/home/pcht/dev/comp0250_s26_labs/install/panda_moveit_config
[2.113s] Invoking command in '/home/pcht/dev/comp0250_s26_labs/build/panda_moveit_config': CMAKE_PREFIX_PATH=${CMAKE_PREFIX_PATH}:/home/pcht/ws_moveit2/install/moveit_configs_utils:/home/pcht/ws_moveit2/install/launch_param_builder:/opt/ros/humble /usr/bin/cmake --build /home/pcht/dev/comp0250_s26_labs/build/panda_moveit_config -- -j16 -l16
[2.159s] Invoked command in '/home/pcht/dev/comp0250_s26_labs/build/panda_moveit_config' returned '0': CMAKE_PREFIX_PATH=${CMAKE_PREFIX_PATH}:/home/pcht/ws_moveit2/install/moveit_configs_utils:/home/pcht/ws_moveit2/install/launch_param_builder:/opt/ros/humble /usr/bin/cmake --build /home/pcht/dev/comp0250_s26_labs/build/panda_moveit_config -- -j16 -l16
[2.170s] Invoking command in '/home/pcht/dev/comp0250_s26_labs/build/panda_moveit_config': CMAKE_PREFIX_PATH=${CMAKE_PREFIX_PATH}:/home/pcht/ws_moveit2/install/moveit_configs_utils:/home/pcht/ws_moveit2/install/launch_param_builder:/opt/ros/humble /usr/bin/cmake --install /home/pcht/dev/comp0250_s26_labs/build/panda_moveit_config
[2.179s] -- Install configuration: "Release"
[2.179s] -- Installing: /home/pcht/dev/comp0250_s26_labs/install/panda_moveit_config/share/panda_moveit_config/launch
[2.179s] -- Installing: /home/pcht/dev/comp0250_s26_labs/install/panda_moveit_config/share/panda_moveit_config/launch/demo_chomp.launch
[2.180s] -- Installing: /home/pcht/dev/comp0250_s26_labs/install/panda_moveit_config/share/panda_moveit_config/launch/demo.launch
[2.180s] -- Installing: /home/pcht/dev/comp0250_s26_labs/install/panda_moveit_config/share/panda_moveit_config/launch/panda_moveit_controller_manager.launch.xml
[2.180s] -- Installing: /home/pcht/dev/comp0250_s26_labs/install/panda_moveit_config/share/panda_moveit_config/launch/trajectory_execution.launch.xml
[2.180s] -- Installing: /home/pcht/dev/comp0250_s26_labs/install/panda_moveit_config/share/panda_moveit_config/launch/panda_moveit_sensor_manager.launch.xml
[2.180s] -- Installing: /home/pcht/dev/comp0250_s26_labs/install/panda_moveit_config/share/panda_moveit_config/launch/run_benchmark_ompl.launch
[2.180s] -- Installing: /home/pcht/dev/comp0250_s26_labs/install/panda_moveit_config/share/panda_moveit_config/launch/sensor_manager.launch.xml
[2.180s] -- Installing: /home/pcht/dev/comp0250_s26_labs/install/panda_moveit_config/share/panda_moveit_config/launch/panda_gripper_moveit_controller_manager.launch.xml
[2.180s] -- Installing: /home/pcht/dev/comp0250_s26_labs/install/panda_moveit_config/share/panda_moveit_config/launch/ompl_planning_pipeline.launch.xml
[2.181s] -- Installing: /home/pcht/dev/comp0250_s26_labs/install/panda_moveit_config/share/panda_moveit_config/launch/default_warehouse_db.launch
[2.181s] -- Installing: /home/pcht/dev/comp0250_s26_labs/install/panda_moveit_config/share/panda_moveit_config/launch/planning_pipeline.launch.xml
[2.181s] -- Installing: /home/pcht/dev/comp0250_s26_labs/install/panda_moveit_config/share/panda_moveit_config/launch/project.rviz
[2.181s] -- Installing: /home/pcht/dev/comp0250_s26_labs/install/panda_moveit_config/share/panda_moveit_config/launch/planning_context.launch
[2.181s] -- Installing: /home/pcht/dev/comp0250_s26_labs/install/panda_moveit_config/share/panda_moveit_config/launch/move_group.launch
[2.181s] -- Installing: /home/pcht/dev/comp0250_s26_labs/install/panda_moveit_config/share/panda_moveit_config/launch/chomp_planning_pipeline.launch.xml
[2.182s] -- Installing: /home/pcht/dev/comp0250_s26_labs/install/panda_moveit_config/share/panda_moveit_config/launch/warehouse_settings.launch.xml
[2.182s] -- Installing: /home/pcht/dev/comp0250_s26_labs/install/panda_moveit_config/share/panda_moveit_config/launch/warehouse.launch
[2.182s] -- Installing: /home/pcht/dev/comp0250_s26_labs/install/panda_moveit_config/share/panda_moveit_config/launch/panda_moveit.launch
[2.182s] -- Installing: /home/pcht/dev/comp0250_s26_labs/install/panda_moveit_config/share/panda_moveit_config/launch/moveit_rviz.launch
[2.182s] -- Installing: /home/pcht/dev/comp0250_s26_labs/install/panda_moveit_config/share/panda_moveit_config/launch/moveit_simulation.rviz
[2.182s] -- Installing: /home/pcht/dev/comp0250_s26_labs/install/panda_moveit_config/share/panda_moveit_config/launch/panda_gripper_moveit_controller_manager_simulation.launch.xml
[2.182s] -- Installing: /home/pcht/dev/comp0250_s26_labs/install/panda_moveit_config/share/panda_moveit_config/launch/panda_control_moveit_rviz.launch
[2.182s] -- Installing: /home/pcht/dev/comp0250_s26_labs/install/panda_moveit_config/share/panda_moveit_config/launch/moveit_rviz_simulation.launch
[2.183s] -- Installing: /home/pcht/dev/comp0250_s26_labs/install/panda_moveit_config/share/panda_moveit_config/launch/moveit.rviz
[2.183s] -- Installing: /home/pcht/dev/comp0250_s26_labs/install/panda_moveit_config/share/panda_moveit_config/launch/panda_moveit_controller_manager_simulation.launch.xml
[2.183s] -- Installing: /home/pcht/dev/comp0250_s26_labs/install/panda_moveit_config/share/panda_moveit_config/launch/stomp_planning_pipeline.launch.xml
[2.183s] -- Installing: /home/pcht/dev/comp0250_s26_labs/install/panda_moveit_config/share/panda_moveit_config/launch/moveit_empty.rviz
[2.183s] -- Installing: /home/pcht/dev/comp0250_s26_labs/install/panda_moveit_config/share/panda_moveit_config/launch/demo-project.launch
[2.183s] -- Installing: /home/pcht/dev/comp0250_s26_labs/install/panda_moveit_config/share/panda_moveit_config/launch/joystick_control.launch
[2.183s] -- Installing: /home/pcht/dev/comp0250_s26_labs/install/panda_moveit_config/share/panda_moveit_config/launch/fake_moveit_controller_manager.launch.xml
[2.183s] -- Installing: /home/pcht/dev/comp0250_s26_labs/install/panda_moveit_config/share/panda_moveit_config/config
[2.183s] -- Installing: /home/pcht/dev/comp0250_s26_labs/install/panda_moveit_config/share/panda_moveit_config/config/panda_arm.srdf.xacro
[2.184s] -- Installing: /home/pcht/dev/comp0250_s26_labs/install/panda_moveit_config/share/panda_moveit_config/config/chomp_planning.yaml
[2.184s] -- Installing: /home/pcht/dev/comp0250_s26_labs/install/panda_moveit_config/share/panda_moveit_config/config/fake_controllers.yaml
[2.184s] -- Installing: /home/pcht/dev/comp0250_s26_labs/install/panda_moveit_config/share/panda_moveit_config/config/stomp_planning.yaml
[2.184s] -- Installing: /home/pcht/dev/comp0250_s26_labs/install/panda_moveit_config/share/panda_moveit_config/config/ompl_planning.yaml
[2.184s] -- Installing: /home/pcht/dev/comp0250_s26_labs/install/panda_moveit_config/share/panda_moveit_config/config/panda_gripper_controllers (modified).yaml
[2.184s] -- Installing: /home/pcht/dev/comp0250_s26_labs/install/panda_moveit_config/share/panda_moveit_config/config/panda_gripper_controllers_simulation.yaml
[2.184s] -- Installing: /home/pcht/dev/comp0250_s26_labs/install/panda_moveit_config/share/panda_moveit_config/config/panda_controllers.yaml
[2.184s] -- Installing: /home/pcht/dev/comp0250_s26_labs/install/panda_moveit_config/share/panda_moveit_config/config/panda_gripper_controllers.yaml
[2.184s] -- Installing: /home/pcht/dev/comp0250_s26_labs/install/panda_moveit_config/share/panda_moveit_config/config/joint_limits.yaml
[2.184s] -- Installing: /home/pcht/dev/comp0250_s26_labs/install/panda_moveit_config/share/panda_moveit_config/config/sensors_kinect_depthmap.yaml
[2.184s] -- Installing: /home/pcht/dev/comp0250_s26_labs/install/panda_moveit_config/share/panda_moveit_config/config/hand.xacro
[2.184s] -- Installing: /home/pcht/dev/comp0250_s26_labs/install/panda_moveit_config/share/panda_moveit_config/config/panda_arm.xacro
[2.184s] -- Installing: /home/pcht/dev/comp0250_s26_labs/install/panda_moveit_config/share/panda_moveit_config/config/kinematics.yaml
[2.184s] -- Installing: /home/pcht/dev/comp0250_s26_labs/install/panda_moveit_config/share/panda_moveit_config/config/panda_arm_hand.srdf.xacro
[2.184s] -- Installing: /home/pcht/dev/comp0250_s26_labs/install/panda_moveit_config/share/panda_moveit_config/config/sensors_kinect_pointcloud.yaml
[2.185s] -- Installing: /home/pcht/dev/comp0250_s26_labs/install/panda_moveit_config/share/panda_moveit_config/config/panda_controllers_simulation.yaml
[2.185s] -- Installing: /home/pcht/dev/comp0250_s26_labs/install/panda_moveit_config/share/panda_moveit_config/config/pilz_cartesian_limits.yaml
[2.185s] -- Installing: /home/pcht/dev/comp0250_s26_labs/install/panda_moveit_config/share/ament_index/resource_index/package_run_dependencies/panda_moveit_config
[2.185s] -- Installing: /home/pcht/dev/comp0250_s26_labs/install/panda_moveit_config/share/ament_index/resource_index/parent_prefix_path/panda_moveit_config
[2.185s] -- Installing: /home/pcht/dev/comp0250_s26_labs/install/panda_moveit_config/share/panda_moveit_config/environment/ament_prefix_path.sh
[2.185s] -- Installing: /home/pcht/dev/comp0250_s26_labs/install/panda_moveit_config/share/panda_moveit_config/environment/ament_prefix_path.dsv
[2.186s] -- Installing: /home/pcht/dev/comp0250_s26_labs/install/panda_moveit_config/share/panda_moveit_config/environment/path.sh
[2.186s] -- Installing: /home/pcht/dev/comp0250_s26_labs/install/panda_moveit_config/share/panda_moveit_config/environment/path.dsv
[2.186s] -- Installing: /home/pcht/dev/comp0250_s26_labs/install/panda_moveit_config/share/panda_moveit_config/local_setup.bash
[2.186s] -- Installing: /home/pcht/dev/comp0250_s26_labs/install/panda_moveit_config/share/panda_moveit_config/local_setup.sh
[2.186s] -- Installing: /home/pcht/dev/comp0250_s26_labs/install/panda_moveit_config/share/panda_moveit_config/local_setup.zsh
[2.187s] -- Installing: /home/pcht/dev/comp0250_s26_labs/install/panda_moveit_config/share/panda_moveit_config/local_setup.dsv
[2.187s] -- Installing: /home/pcht/dev/comp0250_s26_labs/install/panda_moveit_config/share/panda_moveit_config/package.dsv
[2.187s] -- Installing: /home/pcht/dev/comp0250_s26_labs/install/panda_moveit_config/share/ament_index/resource_index/packages/panda_moveit_config
[2.187s] -- Installing: /home/pcht/dev/comp0250_s26_labs/install/panda_moveit_config/share/panda_moveit_config/cmake/panda_moveit_configConfig.cmake
[2.188s] -- Installing: /home/pcht/dev/comp0250_s26_labs/install/panda_moveit_config/share/panda_moveit_config/cmake/panda_moveit_configConfig-version.cmake
[2.188s] -- Installing: /home/pcht/dev/comp0250_s26_labs/install/panda_moveit_config/share/panda_moveit_config/package.xml
[2.190s] Invoked command in '/home/pcht/dev/comp0250_s26_labs/build/panda_moveit_config' returned '0': CMAKE_PREFIX_PATH=${CMAKE_PREFIX_PATH}:/home/pcht/ws_moveit2/install/moveit_configs_utils:/home/pcht/ws_moveit2/install/launch_param_builder:/opt/ros/humble /usr/bin/cmake --install /home/pcht/dev/comp0250_s26_labs/build/panda_moveit_config
