[0.145s] Invoking command in '/home/pcht/dev/comp0250_s26_labs/build/cw1_team_x': CMAKE_PREFIX_PATH=/home/pcht/dev/comp0250_s26_labs/install/cw1_world_spawner:/home/pcht/dev/comp0250_s26_labs/install/rpl_panda_with_rs:/home/pcht/dev/comp0250_s26_labs/install/realsense_gazebo_plugin:/home/pcht/dev/comp0250_s26_labs/install/panda_moveit_config:/home/pcht/dev/comp0250_s26_labs/install/panda_description:/home/pcht/dev/comp0250_s26_labs/install/cw1_team_x:/home/pcht/ws_moveit2/install/pilz_industrial_motion_planner_testutils:/home/pcht/ws_moveit2/install/moveit_runtime:/home/pcht/ws_moveit2/install/moveit2_tutorials:/home/pcht/ws_moveit2/install/moveit:/home/pcht/ws_moveit2/install/moveit_planners:/home/pcht/ws_moveit2/install/pilz_industrial_motion_planner:/home/pcht/ws_moveit2/install/mtc_tutorial:/home/pcht/ws_moveit2/install/moveit_visual_tools:/home/pcht/ws_moveit2/install/moveit_task_constructor_visualization:/home/pcht/ws_moveit2/install/moveit_task_constructor_demo:/home/pcht/ws_moveit2/install/moveit_task_constructor_capabilities:/home/pcht/ws_moveit2/install/moveit_task_constructor_core:/home/pcht/ws_moveit2/install/moveit_ros_control_interface:/home/pcht/ws_moveit2/install/moveit_plugins:/home/pcht/ws_moveit2/install/moveit_simple_controller_manager:/home/pcht/ws_moveit2/install/moveit_setup_assistant:/home/pcht/ws_moveit2/install/moveit_setup_srdf_plugins:/home/pcht/ws_moveit2/install/moveit_setup_core_plugins:/home/pcht/ws_moveit2/install/moveit_setup_controllers:/home/pcht/ws_moveit2/install/moveit_setup_app_plugins:/home/pcht/ws_moveit2/install/moveit_setup_framework:/home/pcht/ws_moveit2/install/moveit_servo:/home/pcht/ws_moveit2/install/moveit_ros:/home/pcht/ws_moveit2/install/moveit_ros_visualization:/home/pcht/ws_moveit2/install/moveit_py:/home/pcht/ws_moveit2/install/moveit_hybrid_planning:/home/pcht/ws_moveit2/install/moveit_ros_planning_interface:/home/pcht/ws_moveit2/install/moveit_ros_benchmarks:/home/pcht/ws_moveit2/install/moveit_ros_warehouse:/home/pcht/ws_moveit2/install/moveit_ros_robot_interaction:/home/pcht/ws_moveit2/install/moveit_ros_perception:/home/pcht/ws_moveit2/install/moveit_resources_prbt_pg70_support:/home/pcht/ws_moveit2/install/moveit_resources_prbt_moveit_config:/home/pcht/ws_moveit2/install/moveit_ros_move_group:/home/pcht/ws_moveit2/install/moveit_planners_ompl:/home/pcht/ws_moveit2/install/moveit_ros_planning:/home/pcht/ws_moveit2/install/moveit_ros_occupancy_map_monitor:/home/pcht/ws_moveit2/install/moveit_resources_prbt_ikfast_manipulator_plugin:/home/pcht/ws_moveit2/install/moveit_planners_chomp:/home/pcht/ws_moveit2/install/moveit_kinematics:/home/pcht/ws_moveit2/install/moveit_chomp_optimizer_adapter:/home/pcht/ws_moveit2/install/chomp_motion_planner:/home/pcht/ws_moveit2/install/moveit_core:/home/pcht/ws_moveit2/install/srdfdom:/home/pcht/ws_moveit2/install/rviz_marker_tools:/home/pcht/ws_moveit2/install/rosparam_shortcuts:/home/pcht/ws_moveit2/install/moveit_task_constructor_msgs:/home/pcht/ws_moveit2/install/moveit_resources_prbt_support:/home/pcht/ws_moveit2/install/moveit_resources:/home/pcht/ws_moveit2/install/moveit_resources_pr2_description:/home/pcht/ws_moveit2/install/moveit_resources_panda_moveit_config:/home/pcht/ws_moveit2/install/moveit_resources_panda_description:/home/pcht/ws_moveit2/install/moveit_resources_fanuc_moveit_config:/home/pcht/ws_moveit2/install/moveit_resources_fanuc_description:/home/pcht/ws_moveit2/install/moveit_common:/home/pcht/ws_moveit2/install/moveit_configs_utils:/home/pcht/ws_moveit2/install/launch_param_builder:/opt/ros/humble LD_LIBRARY_PATH=/home/pcht/dev/comp0250_s26_labs/install/cw1_world_spawner/lib:/home/pcht/dev/comp0250_s26_labs/install/realsense_gazebo_plugin/lib:/home/pcht/dev/comp0250_s26_labs/install/cw1_team_x/lib:/home/pcht/ws_moveit2/install/pilz_industrial_motion_planner_testutils/lib:/home/pcht/ws_moveit2/install/pilz_industrial_motion_planner/lib:/home/pcht/ws_moveit2/install/moveit_visual_tools/lib:/home/pcht/ws_moveit2/install/moveit_task_constructor_visualization/lib:/home/pcht/ws_moveit2/install/moveit_task_constructor_demo/lib:/home/pcht/ws_moveit2/install/moveit_task_constructor_capabilities/lib:/home/pcht/ws_moveit2/install/moveit_task_constructor_core/lib:/home/pcht/ws_moveit2/install/moveit_ros_control_interface/lib:/home/pcht/ws_moveit2/install/moveit_simple_controller_manager/lib:/home/pcht/ws_moveit2/install/moveit_setup_assistant/lib:/home/pcht/ws_moveit2/install/moveit_setup_srdf_plugins/lib:/home/pcht/ws_moveit2/install/moveit_setup_core_plugins/lib:/home/pcht/ws_moveit2/install/moveit_setup_controllers/lib:/home/pcht/ws_moveit2/install/moveit_setup_app_plugins/lib:/home/pcht/ws_moveit2/install/moveit_setup_framework/lib:/home/pcht/ws_moveit2/install/moveit_servo/lib:/home/pcht/ws_moveit2/install/moveit_ros_visualization/lib:/home/pcht/ws_moveit2/install/moveit_py/lib:/home/pcht/ws_moveit2/install/moveit_hybrid_planning/lib:/home/pcht/ws_moveit2/install/moveit_ros_planning_interface/lib:/home/pcht/ws_moveit2/install/moveit_ros_benchmarks/lib:/home/pcht/ws_moveit2/install/moveit_ros_warehouse/lib:/home/pcht/ws_moveit2/install/moveit_ros_robot_interaction/lib:/home/pcht/ws_moveit2/install/moveit_ros_perception/lib:/home/pcht/ws_moveit2/install/moveit_ros_move_group/lib:/home/pcht/ws_moveit2/install/moveit_planners_ompl/lib:/home/pcht/ws_moveit2/install/moveit_ros_planning/lib:/home/pcht/ws_moveit2/install/moveit_ros_occupancy_map_monitor/lib:/home/pcht/ws_moveit2/install/moveit_resources_prbt_ikfast_manipulator_plugin/lib:/home/pcht/ws_moveit2/install/moveit_planners_chomp/lib:/home/pcht/ws_moveit2/install/moveit_kinematics/lib:/home/pcht/ws_moveit2/install/moveit_chomp_optimizer_adapter/lib:/home/pcht/ws_moveit2/install/chomp_motion_planner/lib:/home/pcht/ws_moveit2/install/moveit_core/lib:/home/pcht/ws_moveit2/install/srdfdom/lib:/home/pcht/ws_moveit2/install/rviz_marker_tools/lib:/home/pcht/ws_moveit2/install/rosparam_shortcuts/lib:/home/pcht/ws_moveit2/install/moveit_task_constructor_msgs/lib:/usr/lib/x86_64-linux-gnu/gazebo-11/plugins:/opt/ros/humble/opt/rviz_ogre_vendor/lib:/opt/ros/humble/lib/x86_64-linux-gnu:/opt/ros/humble/lib:/home/pcht/dev/Quadruped-PyMPC/quadruped_pympc/acados/lib:/home/pcht/dev/Quadruped-PyMPC/quadruped_pympc/acados/lib /usr/bin/cmake --build /home/pcht/dev/comp0250_s26_labs/build/cw1_team_x -- -j16 -l16
[0.309s] [  2%] Built target cw1_team_x__cpp
[0.319s] [ 11%] Built target cw1_team_x__rosidl_generator_c
[0.324s] [ 11%] Built target ament_cmake_python_copy_cw1_team_x
[0.343s] [ 20%] Built target cw1_team_x__rosidl_typesupport_introspection_cpp
[0.343s] [ 28%] Built target cw1_team_x__rosidl_typesupport_cpp
[0.345s] [ 37%] Built target cw1_team_x__rosidl_typesupport_fastrtps_cpp
[0.354s] [ 45%] Built target cw1_team_x__rosidl_typesupport_introspection_c
[0.355s] [ 54%] Built target cw1_team_x__rosidl_typesupport_c
[0.356s] [ 62%] Built target cw1_team_x__rosidl_typesupport_fastrtps_c
[0.366s] [35m[1mConsolidate compiler generated dependencies of target cw1_team_x_cw1_class_lib[0m
[0.388s] [ 62%] Built target cw1_team_x
[0.421s] [ 65%] Built target cw1_team_x__py
[0.460s] [ 71%] Built target cw1_team_x__rosidl_generator_py
[0.482s] [ 74%] [32mBuilding CXX object CMakeFiles/cw1_team_x_cw1_class_lib.dir/src/cw1_class.cpp.o[0m
[0.496s] [ 82%] Built target cw1_team_x__rosidl_typesupport_fastrtps_c__pyext
[0.496s] [ 85%] Built target cw1_team_x__rosidl_typesupport_c__pyext
[0.496s] [ 91%] Built target cw1_team_x__rosidl_typesupport_introspection_c__pyext
[0.543s] running egg_info
[0.543s] writing cw1_team_x.egg-info/PKG-INFO
[0.543s] writing dependency_links to cw1_team_x.egg-info/dependency_links.txt
[0.544s] writing top-level names to cw1_team_x.egg-info/top_level.txt
[0.546s] reading manifest file 'cw1_team_x.egg-info/SOURCES.txt'
[0.547s] writing manifest file 'cw1_team_x.egg-info/SOURCES.txt'
[0.572s] [ 91%] Built target ament_cmake_python_build_cw1_team_x_egg
[5.181s] [01m[K/home/pcht/dev/comp0250_s26_labs/courseworks/cw1_team_x/src/cw1_class.cpp:[m[K In member function ‘[01m[Kvoid cw1::t1_callback(std::shared_ptr<cw1_world_spawner::srv::Task1Service_Request_<std::allocator<void> > >, std::shared_ptr<cw1_world_spawner::srv::Task1Service_Response_<std::allocator<void> > >)[m[K’:
[5.181s] [01m[K/home/pcht/dev/comp0250_s26_labs/courseworks/cw1_team_x/src/cw1_class.cpp:302:28:[m[K [01;35m[Kwarning: [m[Kvariable ‘[01m[Kplace[m[K’ set but not used [[01;35m[K]8;;https://gcc.gnu.org/onlinedocs/gcc/Warning-Options.html#index-Wunused-but-set-variable-Wunused-but-set-variable]8;;[m[K]
[5.181s]   302 | geometry_msgs::msg::Pose [01;35m[Kplace[m[K = pre_place;
[5.181s]       |                          [01;35m[K^~~~~[m[K
[5.181s] 
[5.181s] [01m[K/home/pcht/dev/comp0250_s26_labs/courseworks/cw1_team_x/src/cw1_class.cpp:305:28:[m[K [01;35m[Kwarning: [m[Kvariable ‘[01m[Kretreat[m[K’ set but not used [[01;35m[K]8;;https://gcc.gnu.org/onlinedocs/gcc/Warning-Options.html#index-Wunused-but-set-variable-Wunused-but-set-variable]8;;[m[K]
[5.181s]   305 | geometry_msgs::msg::Pose [01;35m[Kretreat[m[K = pre_place;
[5.181s]       |                          [01;35m[K^~~~~~~[m[K
[5.181s] 
[18.153s] [ 94%] [32m[1mLinking CXX shared library libcw1_team_x_cw1_class_lib.so[0m
[18.922s] [ 94%] Built target cw1_team_x_cw1_class_lib
[18.943s] [35m[1mConsolidate compiler generated dependencies of target cw1_solution_node[0m
[18.970s] [ 97%] [32mBuilding CXX object CMakeFiles/cw1_solution_node.dir/src/cw1_node.cpp.o[0m
[25.395s] [100%] [32m[1mLinking CXX executable cw1_solution_node[0m
[25.971s] [100%] Built target cw1_solution_node
[25.984s] Invoked command in '/home/pcht/dev/comp0250_s26_labs/build/cw1_team_x' returned '0': CMAKE_PREFIX_PATH=/home/pcht/dev/comp0250_s26_labs/install/cw1_world_spawner:/home/pcht/dev/comp0250_s26_labs/install/rpl_panda_with_rs:/home/pcht/dev/comp0250_s26_labs/install/realsense_gazebo_plugin:/home/pcht/dev/comp0250_s26_labs/install/panda_moveit_config:/home/pcht/dev/comp0250_s26_labs/install/panda_description:/home/pcht/dev/comp0250_s26_labs/install/cw1_team_x:/home/pcht/ws_moveit2/install/pilz_industrial_motion_planner_testutils:/home/pcht/ws_moveit2/install/moveit_runtime:/home/pcht/ws_moveit2/install/moveit2_tutorials:/home/pcht/ws_moveit2/install/moveit:/home/pcht/ws_moveit2/install/moveit_planners:/home/pcht/ws_moveit2/install/pilz_industrial_motion_planner:/home/pcht/ws_moveit2/install/mtc_tutorial:/home/pcht/ws_moveit2/install/moveit_visual_tools:/home/pcht/ws_moveit2/install/moveit_task_constructor_visualization:/home/pcht/ws_moveit2/install/moveit_task_constructor_demo:/home/pcht/ws_moveit2/install/moveit_task_constructor_capabilities:/home/pcht/ws_moveit2/install/moveit_task_constructor_core:/home/pcht/ws_moveit2/install/moveit_ros_control_interface:/home/pcht/ws_moveit2/install/moveit_plugins:/home/pcht/ws_moveit2/install/moveit_simple_controller_manager:/home/pcht/ws_moveit2/install/moveit_setup_assistant:/home/pcht/ws_moveit2/install/moveit_setup_srdf_plugins:/home/pcht/ws_moveit2/install/moveit_setup_core_plugins:/home/pcht/ws_moveit2/install/moveit_setup_controllers:/home/pcht/ws_moveit2/install/moveit_setup_app_plugins:/home/pcht/ws_moveit2/install/moveit_setup_framework:/home/pcht/ws_moveit2/install/moveit_servo:/home/pcht/ws_moveit2/install/moveit_ros:/home/pcht/ws_moveit2/install/moveit_ros_visualization:/home/pcht/ws_moveit2/install/moveit_py:/home/pcht/ws_moveit2/install/moveit_hybrid_planning:/home/pcht/ws_moveit2/install/moveit_ros_planning_interface:/home/pcht/ws_moveit2/install/moveit_ros_benchmarks:/home/pcht/ws_moveit2/install/moveit_ros_warehouse:/home/pcht/ws_moveit2/install/moveit_ros_robot_interaction:/home/pcht/ws_moveit2/install/moveit_ros_perception:/home/pcht/ws_moveit2/install/moveit_resources_prbt_pg70_support:/home/pcht/ws_moveit2/install/moveit_resources_prbt_moveit_config:/home/pcht/ws_moveit2/install/moveit_ros_move_group:/home/pcht/ws_moveit2/install/moveit_planners_ompl:/home/pcht/ws_moveit2/install/moveit_ros_planning:/home/pcht/ws_moveit2/install/moveit_ros_occupancy_map_monitor:/home/pcht/ws_moveit2/install/moveit_resources_prbt_ikfast_manipulator_plugin:/home/pcht/ws_moveit2/install/moveit_planners_chomp:/home/pcht/ws_moveit2/install/moveit_kinematics:/home/pcht/ws_moveit2/install/moveit_chomp_optimizer_adapter:/home/pcht/ws_moveit2/install/chomp_motion_planner:/home/pcht/ws_moveit2/install/moveit_core:/home/pcht/ws_moveit2/install/srdfdom:/home/pcht/ws_moveit2/install/rviz_marker_tools:/home/pcht/ws_moveit2/install/rosparam_shortcuts:/home/pcht/ws_moveit2/install/moveit_task_constructor_msgs:/home/pcht/ws_moveit2/install/moveit_resources_prbt_support:/home/pcht/ws_moveit2/install/moveit_resources:/home/pcht/ws_moveit2/install/moveit_resources_pr2_description:/home/pcht/ws_moveit2/install/moveit_resources_panda_moveit_config:/home/pcht/ws_moveit2/install/moveit_resources_panda_description:/home/pcht/ws_moveit2/install/moveit_resources_fanuc_moveit_config:/home/pcht/ws_moveit2/install/moveit_resources_fanuc_description:/home/pcht/ws_moveit2/install/moveit_common:/home/pcht/ws_moveit2/install/moveit_configs_utils:/home/pcht/ws_moveit2/install/launch_param_builder:/opt/ros/humble LD_LIBRARY_PATH=/home/pcht/dev/comp0250_s26_labs/install/cw1_world_spawner/lib:/home/pcht/dev/comp0250_s26_labs/install/realsense_gazebo_plugin/lib:/home/pcht/dev/comp0250_s26_labs/install/cw1_team_x/lib:/home/pcht/ws_moveit2/install/pilz_industrial_motion_planner_testutils/lib:/home/pcht/ws_moveit2/install/pilz_industrial_motion_planner/lib:/home/pcht/ws_moveit2/install/moveit_visual_tools/lib:/home/pcht/ws_moveit2/install/moveit_task_constructor_visualization/lib:/home/pcht/ws_moveit2/install/moveit_task_constructor_demo/lib:/home/pcht/ws_moveit2/install/moveit_task_constructor_capabilities/lib:/home/pcht/ws_moveit2/install/moveit_task_constructor_core/lib:/home/pcht/ws_moveit2/install/moveit_ros_control_interface/lib:/home/pcht/ws_moveit2/install/moveit_simple_controller_manager/lib:/home/pcht/ws_moveit2/install/moveit_setup_assistant/lib:/home/pcht/ws_moveit2/install/moveit_setup_srdf_plugins/lib:/home/pcht/ws_moveit2/install/moveit_setup_core_plugins/lib:/home/pcht/ws_moveit2/install/moveit_setup_controllers/lib:/home/pcht/ws_moveit2/install/moveit_setup_app_plugins/lib:/home/pcht/ws_moveit2/install/moveit_setup_framework/lib:/home/pcht/ws_moveit2/install/moveit_servo/lib:/home/pcht/ws_moveit2/install/moveit_ros_visualization/lib:/home/pcht/ws_moveit2/install/moveit_py/lib:/home/pcht/ws_moveit2/install/moveit_hybrid_planning/lib:/home/pcht/ws_moveit2/install/moveit_ros_planning_interface/lib:/home/pcht/ws_moveit2/install/moveit_ros_benchmarks/lib:/home/pcht/ws_moveit2/install/moveit_ros_warehouse/lib:/home/pcht/ws_moveit2/install/moveit_ros_robot_interaction/lib:/home/pcht/ws_moveit2/install/moveit_ros_perception/lib:/home/pcht/ws_moveit2/install/moveit_ros_move_group/lib:/home/pcht/ws_moveit2/install/moveit_planners_ompl/lib:/home/pcht/ws_moveit2/install/moveit_ros_planning/lib:/home/pcht/ws_moveit2/install/moveit_ros_occupancy_map_monitor/lib:/home/pcht/ws_moveit2/install/moveit_resources_prbt_ikfast_manipulator_plugin/lib:/home/pcht/ws_moveit2/install/moveit_planners_chomp/lib:/home/pcht/ws_moveit2/install/moveit_kinematics/lib:/home/pcht/ws_moveit2/install/moveit_chomp_optimizer_adapter/lib:/home/pcht/ws_moveit2/install/chomp_motion_planner/lib:/home/pcht/ws_moveit2/install/moveit_core/lib:/home/pcht/ws_moveit2/install/srdfdom/lib:/home/pcht/ws_moveit2/install/rviz_marker_tools/lib:/home/pcht/ws_moveit2/install/rosparam_shortcuts/lib:/home/pcht/ws_moveit2/install/moveit_task_constructor_msgs/lib:/usr/lib/x86_64-linux-gnu/gazebo-11/plugins:/opt/ros/humble/opt/rviz_ogre_vendor/lib:/opt/ros/humble/lib/x86_64-linux-gnu:/opt/ros/humble/lib:/home/pcht/dev/Quadruped-PyMPC/quadruped_pympc/acados/lib:/home/pcht/dev/Quadruped-PyMPC/quadruped_pympc/acados/lib /usr/bin/cmake --build /home/pcht/dev/comp0250_s26_labs/build/cw1_team_x -- -j16 -l16
[25.999s] Invoking command in '/home/pcht/dev/comp0250_s26_labs/build/cw1_team_x': CMAKE_PREFIX_PATH=/home/pcht/dev/comp0250_s26_labs/install/cw1_world_spawner:/home/pcht/dev/comp0250_s26_labs/install/rpl_panda_with_rs:/home/pcht/dev/comp0250_s26_labs/install/realsense_gazebo_plugin:/home/pcht/dev/comp0250_s26_labs/install/panda_moveit_config:/home/pcht/dev/comp0250_s26_labs/install/panda_description:/home/pcht/dev/comp0250_s26_labs/install/cw1_team_x:/home/pcht/ws_moveit2/install/pilz_industrial_motion_planner_testutils:/home/pcht/ws_moveit2/install/moveit_runtime:/home/pcht/ws_moveit2/install/moveit2_tutorials:/home/pcht/ws_moveit2/install/moveit:/home/pcht/ws_moveit2/install/moveit_planners:/home/pcht/ws_moveit2/install/pilz_industrial_motion_planner:/home/pcht/ws_moveit2/install/mtc_tutorial:/home/pcht/ws_moveit2/install/moveit_visual_tools:/home/pcht/ws_moveit2/install/moveit_task_constructor_visualization:/home/pcht/ws_moveit2/install/moveit_task_constructor_demo:/home/pcht/ws_moveit2/install/moveit_task_constructor_capabilities:/home/pcht/ws_moveit2/install/moveit_task_constructor_core:/home/pcht/ws_moveit2/install/moveit_ros_control_interface:/home/pcht/ws_moveit2/install/moveit_plugins:/home/pcht/ws_moveit2/install/moveit_simple_controller_manager:/home/pcht/ws_moveit2/install/moveit_setup_assistant:/home/pcht/ws_moveit2/install/moveit_setup_srdf_plugins:/home/pcht/ws_moveit2/install/moveit_setup_core_plugins:/home/pcht/ws_moveit2/install/moveit_setup_controllers:/home/pcht/ws_moveit2/install/moveit_setup_app_plugins:/home/pcht/ws_moveit2/install/moveit_setup_framework:/home/pcht/ws_moveit2/install/moveit_servo:/home/pcht/ws_moveit2/install/moveit_ros:/home/pcht/ws_moveit2/install/moveit_ros_visualization:/home/pcht/ws_moveit2/install/moveit_py:/home/pcht/ws_moveit2/install/moveit_hybrid_planning:/home/pcht/ws_moveit2/install/moveit_ros_planning_interface:/home/pcht/ws_moveit2/install/moveit_ros_benchmarks:/home/pcht/ws_moveit2/install/moveit_ros_warehouse:/home/pcht/ws_moveit2/install/moveit_ros_robot_interaction:/home/pcht/ws_moveit2/install/moveit_ros_perception:/home/pcht/ws_moveit2/install/moveit_resources_prbt_pg70_support:/home/pcht/ws_moveit2/install/moveit_resources_prbt_moveit_config:/home/pcht/ws_moveit2/install/moveit_ros_move_group:/home/pcht/ws_moveit2/install/moveit_planners_ompl:/home/pcht/ws_moveit2/install/moveit_ros_planning:/home/pcht/ws_moveit2/install/moveit_ros_occupancy_map_monitor:/home/pcht/ws_moveit2/install/moveit_resources_prbt_ikfast_manipulator_plugin:/home/pcht/ws_moveit2/install/moveit_planners_chomp:/home/pcht/ws_moveit2/install/moveit_kinematics:/home/pcht/ws_moveit2/install/moveit_chomp_optimizer_adapter:/home/pcht/ws_moveit2/install/chomp_motion_planner:/home/pcht/ws_moveit2/install/moveit_core:/home/pcht/ws_moveit2/install/srdfdom:/home/pcht/ws_moveit2/install/rviz_marker_tools:/home/pcht/ws_moveit2/install/rosparam_shortcuts:/home/pcht/ws_moveit2/install/moveit_task_constructor_msgs:/home/pcht/ws_moveit2/install/moveit_resources_prbt_support:/home/pcht/ws_moveit2/install/moveit_resources:/home/pcht/ws_moveit2/install/moveit_resources_pr2_description:/home/pcht/ws_moveit2/install/moveit_resources_panda_moveit_config:/home/pcht/ws_moveit2/install/moveit_resources_panda_description:/home/pcht/ws_moveit2/install/moveit_resources_fanuc_moveit_config:/home/pcht/ws_moveit2/install/moveit_resources_fanuc_description:/home/pcht/ws_moveit2/install/moveit_common:/home/pcht/ws_moveit2/install/moveit_configs_utils:/home/pcht/ws_moveit2/install/launch_param_builder:/opt/ros/humble LD_LIBRARY_PATH=/home/pcht/dev/comp0250_s26_labs/install/cw1_world_spawner/lib:/home/pcht/dev/comp0250_s26_labs/install/realsense_gazebo_plugin/lib:/home/pcht/dev/comp0250_s26_labs/install/cw1_team_x/lib:/home/pcht/ws_moveit2/install/pilz_industrial_motion_planner_testutils/lib:/home/pcht/ws_moveit2/install/pilz_industrial_motion_planner/lib:/home/pcht/ws_moveit2/install/moveit_visual_tools/lib:/home/pcht/ws_moveit2/install/moveit_task_constructor_visualization/lib:/home/pcht/ws_moveit2/install/moveit_task_constructor_demo/lib:/home/pcht/ws_moveit2/install/moveit_task_constructor_capabilities/lib:/home/pcht/ws_moveit2/install/moveit_task_constructor_core/lib:/home/pcht/ws_moveit2/install/moveit_ros_control_interface/lib:/home/pcht/ws_moveit2/install/moveit_simple_controller_manager/lib:/home/pcht/ws_moveit2/install/moveit_setup_assistant/lib:/home/pcht/ws_moveit2/install/moveit_setup_srdf_plugins/lib:/home/pcht/ws_moveit2/install/moveit_setup_core_plugins/lib:/home/pcht/ws_moveit2/install/moveit_setup_controllers/lib:/home/pcht/ws_moveit2/install/moveit_setup_app_plugins/lib:/home/pcht/ws_moveit2/install/moveit_setup_framework/lib:/home/pcht/ws_moveit2/install/moveit_servo/lib:/home/pcht/ws_moveit2/install/moveit_ros_visualization/lib:/home/pcht/ws_moveit2/install/moveit_py/lib:/home/pcht/ws_moveit2/install/moveit_hybrid_planning/lib:/home/pcht/ws_moveit2/install/moveit_ros_planning_interface/lib:/home/pcht/ws_moveit2/install/moveit_ros_benchmarks/lib:/home/pcht/ws_moveit2/install/moveit_ros_warehouse/lib:/home/pcht/ws_moveit2/install/moveit_ros_robot_interaction/lib:/home/pcht/ws_moveit2/install/moveit_ros_perception/lib:/home/pcht/ws_moveit2/install/moveit_ros_move_group/lib:/home/pcht/ws_moveit2/install/moveit_planners_ompl/lib:/home/pcht/ws_moveit2/install/moveit_ros_planning/lib:/home/pcht/ws_moveit2/install/moveit_ros_occupancy_map_monitor/lib:/home/pcht/ws_moveit2/install/moveit_resources_prbt_ikfast_manipulator_plugin/lib:/home/pcht/ws_moveit2/install/moveit_planners_chomp/lib:/home/pcht/ws_moveit2/install/moveit_kinematics/lib:/home/pcht/ws_moveit2/install/moveit_chomp_optimizer_adapter/lib:/home/pcht/ws_moveit2/install/chomp_motion_planner/lib:/home/pcht/ws_moveit2/install/moveit_core/lib:/home/pcht/ws_moveit2/install/srdfdom/lib:/home/pcht/ws_moveit2/install/rviz_marker_tools/lib:/home/pcht/ws_moveit2/install/rosparam_shortcuts/lib:/home/pcht/ws_moveit2/install/moveit_task_constructor_msgs/lib:/usr/lib/x86_64-linux-gnu/gazebo-11/plugins:/opt/ros/humble/opt/rviz_ogre_vendor/lib:/opt/ros/humble/lib/x86_64-linux-gnu:/opt/ros/humble/lib:/home/pcht/dev/Quadruped-PyMPC/quadruped_pympc/acados/lib:/home/pcht/dev/Quadruped-PyMPC/quadruped_pympc/acados/lib /usr/bin/cmake --install /home/pcht/dev/comp0250_s26_labs/build/cw1_team_x
[26.008s] -- Install configuration: "Release"
[26.009s] -- Up-to-date: /home/pcht/dev/comp0250_s26_labs/install/cw1_team_x/share/ament_index/resource_index/rosidl_interfaces/cw1_team_x
[26.009s] -- Up-to-date: /home/pcht/dev/comp0250_s26_labs/install/cw1_team_x/include/cw1_team_x/cw1_team_x
[26.009s] -- Up-to-date: /home/pcht/dev/comp0250_s26_labs/install/cw1_team_x/include/cw1_team_x/cw1_team_x/msg
[26.009s] -- Up-to-date: /home/pcht/dev/comp0250_s26_labs/install/cw1_team_x/include/cw1_team_x/cw1_team_x/msg/rosidl_generator_c__visibility_control.h
[26.009s] -- Up-to-date: /home/pcht/dev/comp0250_s26_labs/install/cw1_team_x/include/cw1_team_x/cw1_team_x/srv
[26.009s] -- Up-to-date: /home/pcht/dev/comp0250_s26_labs/install/cw1_team_x/include/cw1_team_x/cw1_team_x/srv/detail
[26.009s] -- Up-to-date: /home/pcht/dev/comp0250_s26_labs/install/cw1_team_x/include/cw1_team_x/cw1_team_x/srv/detail/example__type_support.h
[26.009s] -- Up-to-date: /home/pcht/dev/comp0250_s26_labs/install/cw1_team_x/include/cw1_team_x/cw1_team_x/srv/detail/example__functions.c
[26.010s] -- Up-to-date: /home/pcht/dev/comp0250_s26_labs/install/cw1_team_x/include/cw1_team_x/cw1_team_x/srv/detail/example__struct.h
[26.010s] -- Up-to-date: /home/pcht/dev/comp0250_s26_labs/install/cw1_team_x/include/cw1_team_x/cw1_team_x/srv/detail/example__functions.h
[26.010s] -- Up-to-date: /home/pcht/dev/comp0250_s26_labs/install/cw1_team_x/include/cw1_team_x/cw1_team_x/srv/example.h
[26.010s] -- Up-to-date: /home/pcht/dev/comp0250_s26_labs/install/cw1_team_x/share/cw1_team_x/environment/library_path.sh
[26.010s] -- Up-to-date: /home/pcht/dev/comp0250_s26_labs/install/cw1_team_x/share/cw1_team_x/environment/library_path.dsv
[26.011s] -- Up-to-date: /home/pcht/dev/comp0250_s26_labs/install/cw1_team_x/lib/libcw1_team_x__rosidl_generator_c.so
[26.011s] -- Up-to-date: /home/pcht/dev/comp0250_s26_labs/install/cw1_team_x/include/cw1_team_x/cw1_team_x
[26.011s] -- Up-to-date: /home/pcht/dev/comp0250_s26_labs/install/cw1_team_x/include/cw1_team_x/cw1_team_x/msg
[26.011s] -- Up-to-date: /home/pcht/dev/comp0250_s26_labs/install/cw1_team_x/include/cw1_team_x/cw1_team_x/msg/rosidl_typesupport_fastrtps_c__visibility_control.h
[26.012s] -- Up-to-date: /home/pcht/dev/comp0250_s26_labs/install/cw1_team_x/include/cw1_team_x/cw1_team_x/srv
[26.012s] -- Up-to-date: /home/pcht/dev/comp0250_s26_labs/install/cw1_team_x/include/cw1_team_x/cw1_team_x/srv/detail
[26.012s] -- Up-to-date: /home/pcht/dev/comp0250_s26_labs/install/cw1_team_x/include/cw1_team_x/cw1_team_x/srv/detail/example__rosidl_typesupport_fastrtps_c.h
[26.012s] -- Up-to-date: /home/pcht/dev/comp0250_s26_labs/install/cw1_team_x/lib/libcw1_team_x__rosidl_typesupport_fastrtps_c.so
[26.012s] -- Up-to-date: /home/pcht/dev/comp0250_s26_labs/install/cw1_team_x/include/cw1_team_x/cw1_team_x
[26.012s] -- Up-to-date: /home/pcht/dev/comp0250_s26_labs/install/cw1_team_x/include/cw1_team_x/cw1_team_x/msg
[26.012s] -- Up-to-date: /home/pcht/dev/comp0250_s26_labs/install/cw1_team_x/include/cw1_team_x/cw1_team_x/msg/rosidl_typesupport_introspection_c__visibility_control.h
[26.012s] -- Up-to-date: /home/pcht/dev/comp0250_s26_labs/install/cw1_team_x/include/cw1_team_x/cw1_team_x/srv
[26.012s] -- Up-to-date: /home/pcht/dev/comp0250_s26_labs/install/cw1_team_x/include/cw1_team_x/cw1_team_x/srv/detail
[26.012s] -- Up-to-date: /home/pcht/dev/comp0250_s26_labs/install/cw1_team_x/include/cw1_team_x/cw1_team_x/srv/detail/example__rosidl_typesupport_introspection_c.h
[26.012s] -- Up-to-date: /home/pcht/dev/comp0250_s26_labs/install/cw1_team_x/include/cw1_team_x/cw1_team_x/srv/detail/example__type_support.c
[26.013s] -- Up-to-date: /home/pcht/dev/comp0250_s26_labs/install/cw1_team_x/lib/libcw1_team_x__rosidl_typesupport_introspection_c.so
[26.013s] -- Up-to-date: /home/pcht/dev/comp0250_s26_labs/install/cw1_team_x/lib/libcw1_team_x__rosidl_typesupport_c.so
[26.013s] -- Up-to-date: /home/pcht/dev/comp0250_s26_labs/install/cw1_team_x/include/cw1_team_x/cw1_team_x
[26.013s] -- Up-to-date: /home/pcht/dev/comp0250_s26_labs/install/cw1_team_x/include/cw1_team_x/cw1_team_x/msg
[26.014s] -- Up-to-date: /home/pcht/dev/comp0250_s26_labs/install/cw1_team_x/include/cw1_team_x/cw1_team_x/msg/rosidl_generator_cpp__visibility_control.hpp
[26.014s] -- Up-to-date: /home/pcht/dev/comp0250_s26_labs/install/cw1_team_x/include/cw1_team_x/cw1_team_x/srv
[26.014s] -- Up-to-date: /home/pcht/dev/comp0250_s26_labs/install/cw1_team_x/include/cw1_team_x/cw1_team_x/srv/example.hpp
[26.014s] -- Up-to-date: /home/pcht/dev/comp0250_s26_labs/install/cw1_team_x/include/cw1_team_x/cw1_team_x/srv/detail
[26.014s] -- Up-to-date: /home/pcht/dev/comp0250_s26_labs/install/cw1_team_x/include/cw1_team_x/cw1_team_x/srv/detail/example__struct.hpp
[26.014s] -- Up-to-date: /home/pcht/dev/comp0250_s26_labs/install/cw1_team_x/include/cw1_team_x/cw1_team_x/srv/detail/example__builder.hpp
[26.014s] -- Up-to-date: /home/pcht/dev/comp0250_s26_labs/install/cw1_team_x/include/cw1_team_x/cw1_team_x/srv/detail/example__type_support.hpp
[26.014s] -- Up-to-date: /home/pcht/dev/comp0250_s26_labs/install/cw1_team_x/include/cw1_team_x/cw1_team_x/srv/detail/example__traits.hpp
[26.014s] -- Up-to-date: /home/pcht/dev/comp0250_s26_labs/install/cw1_team_x/include/cw1_team_x/cw1_team_x
[26.014s] -- Up-to-date: /home/pcht/dev/comp0250_s26_labs/install/cw1_team_x/include/cw1_team_x/cw1_team_x/msg
[26.014s] -- Up-to-date: /home/pcht/dev/comp0250_s26_labs/install/cw1_team_x/include/cw1_team_x/cw1_team_x/msg/rosidl_typesupport_fastrtps_cpp__visibility_control.h
[26.015s] -- Up-to-date: /home/pcht/dev/comp0250_s26_labs/install/cw1_team_x/include/cw1_team_x/cw1_team_x/srv
[26.015s] -- Up-to-date: /home/pcht/dev/comp0250_s26_labs/install/cw1_team_x/include/cw1_team_x/cw1_team_x/srv/detail
[26.015s] -- Up-to-date: /home/pcht/dev/comp0250_s26_labs/install/cw1_team_x/include/cw1_team_x/cw1_team_x/srv/detail/dds_fastrtps
[26.015s] -- Up-to-date: /home/pcht/dev/comp0250_s26_labs/install/cw1_team_x/include/cw1_team_x/cw1_team_x/srv/detail/example__rosidl_typesupport_fastrtps_cpp.hpp
[26.015s] -- Up-to-date: /home/pcht/dev/comp0250_s26_labs/install/cw1_team_x/lib/libcw1_team_x__rosidl_typesupport_fastrtps_cpp.so
[26.015s] -- Up-to-date: /home/pcht/dev/comp0250_s26_labs/install/cw1_team_x/include/cw1_team_x/cw1_team_x
[26.015s] -- Up-to-date: /home/pcht/dev/comp0250_s26_labs/install/cw1_team_x/include/cw1_team_x/cw1_team_x/srv
[26.015s] -- Up-to-date: /home/pcht/dev/comp0250_s26_labs/install/cw1_team_x/include/cw1_team_x/cw1_team_x/srv/detail
[26.015s] -- Up-to-date: /home/pcht/dev/comp0250_s26_labs/install/cw1_team_x/include/cw1_team_x/cw1_team_x/srv/detail/example__type_support.cpp
[26.015s] -- Up-to-date: /home/pcht/dev/comp0250_s26_labs/install/cw1_team_x/include/cw1_team_x/cw1_team_x/srv/detail/example__rosidl_typesupport_introspection_cpp.hpp
[26.015s] -- Up-to-date: /home/pcht/dev/comp0250_s26_labs/install/cw1_team_x/lib/libcw1_team_x__rosidl_typesupport_introspection_cpp.so
[26.016s] -- Up-to-date: /home/pcht/dev/comp0250_s26_labs/install/cw1_team_x/lib/libcw1_team_x__rosidl_typesupport_cpp.so
[26.016s] -- Up-to-date: /home/pcht/dev/comp0250_s26_labs/install/cw1_team_x/share/cw1_team_x/environment/pythonpath.sh
[26.016s] -- Up-to-date: /home/pcht/dev/comp0250_s26_labs/install/cw1_team_x/share/cw1_team_x/environment/pythonpath.dsv
[26.016s] -- Up-to-date: /home/pcht/dev/comp0250_s26_labs/install/cw1_team_x/local/lib/python3.10/dist-packages/cw1_team_x-0.1.0-py3.10.egg-info
[26.016s] -- Installing: /home/pcht/dev/comp0250_s26_labs/install/cw1_team_x/local/lib/python3.10/dist-packages/cw1_team_x-0.1.0-py3.10.egg-info/top_level.txt
[26.016s] -- Installing: /home/pcht/dev/comp0250_s26_labs/install/cw1_team_x/local/lib/python3.10/dist-packages/cw1_team_x-0.1.0-py3.10.egg-info/PKG-INFO
[26.016s] -- Installing: /home/pcht/dev/comp0250_s26_labs/install/cw1_team_x/local/lib/python3.10/dist-packages/cw1_team_x-0.1.0-py3.10.egg-info/dependency_links.txt
[26.017s] -- Installing: /home/pcht/dev/comp0250_s26_labs/install/cw1_team_x/local/lib/python3.10/dist-packages/cw1_team_x-0.1.0-py3.10.egg-info/SOURCES.txt
[26.017s] -- Up-to-date: /home/pcht/dev/comp0250_s26_labs/install/cw1_team_x/local/lib/python3.10/dist-packages/cw1_team_x
[26.017s] -- Up-to-date: /home/pcht/dev/comp0250_s26_labs/install/cw1_team_x/local/lib/python3.10/dist-packages/cw1_team_x/cw1_team_x_s__rosidl_typesupport_introspection_c.cpython-310-x86_64-linux-gnu.so
[26.017s] -- Up-to-date: /home/pcht/dev/comp0250_s26_labs/install/cw1_team_x/local/lib/python3.10/dist-packages/cw1_team_x/_cw1_team_x_s.ep.rosidl_typesupport_c.c
[26.017s] -- Up-to-date: /home/pcht/dev/comp0250_s26_labs/install/cw1_team_x/local/lib/python3.10/dist-packages/cw1_team_x/cw1_team_x_s__rosidl_typesupport_fastrtps_c.cpython-310-x86_64-linux-gnu.so
[26.017s] -- Up-to-date: /home/pcht/dev/comp0250_s26_labs/install/cw1_team_x/local/lib/python3.10/dist-packages/cw1_team_x/cw1_team_x_s__rosidl_typesupport_c.cpython-310-x86_64-linux-gnu.so
[26.017s] -- Up-to-date: /home/pcht/dev/comp0250_s26_labs/install/cw1_team_x/local/lib/python3.10/dist-packages/cw1_team_x/_cw1_team_x_s.ep.rosidl_typesupport_introspection_c.c
[26.017s] -- Up-to-date: /home/pcht/dev/comp0250_s26_labs/install/cw1_team_x/local/lib/python3.10/dist-packages/cw1_team_x/_cw1_team_x_s.ep.rosidl_typesupport_fastrtps_c.c
[26.017s] -- Up-to-date: /home/pcht/dev/comp0250_s26_labs/install/cw1_team_x/local/lib/python3.10/dist-packages/cw1_team_x/__init__.py
[26.017s] -- Up-to-date: /home/pcht/dev/comp0250_s26_labs/install/cw1_team_x/local/lib/python3.10/dist-packages/cw1_team_x/srv
[26.017s] -- Up-to-date: /home/pcht/dev/comp0250_s26_labs/install/cw1_team_x/local/lib/python3.10/dist-packages/cw1_team_x/srv/_example_s.c
[26.017s] -- Up-to-date: /home/pcht/dev/comp0250_s26_labs/install/cw1_team_x/local/lib/python3.10/dist-packages/cw1_team_x/srv/_example.py
[26.018s] -- Up-to-date: /home/pcht/dev/comp0250_s26_labs/install/cw1_team_x/local/lib/python3.10/dist-packages/cw1_team_x/srv/__init__.py
[26.018s] -- Up-to-date: /home/pcht/dev/comp0250_s26_labs/install/cw1_team_x/local/lib/python3.10/dist-packages/cw1_team_x/libcw1_team_x__rosidl_generator_py.so
[26.047s] Listing '/home/pcht/dev/comp0250_s26_labs/install/cw1_team_x/local/lib/python3.10/dist-packages/cw1_team_x'...
[26.047s] Listing '/home/pcht/dev/comp0250_s26_labs/install/cw1_team_x/local/lib/python3.10/dist-packages/cw1_team_x/srv'...
[26.052s] -- Up-to-date: /home/pcht/dev/comp0250_s26_labs/install/cw1_team_x/local/lib/python3.10/dist-packages/cw1_team_x/cw1_team_x_s__rosidl_typesupport_fastrtps_c.cpython-310-x86_64-linux-gnu.so
[26.053s] -- Up-to-date: /home/pcht/dev/comp0250_s26_labs/install/cw1_team_x/local/lib/python3.10/dist-packages/cw1_team_x/cw1_team_x_s__rosidl_typesupport_introspection_c.cpython-310-x86_64-linux-gnu.so
[26.053s] -- Up-to-date: /home/pcht/dev/comp0250_s26_labs/install/cw1_team_x/local/lib/python3.10/dist-packages/cw1_team_x/cw1_team_x_s__rosidl_typesupport_c.cpython-310-x86_64-linux-gnu.so
[26.054s] -- Up-to-date: /home/pcht/dev/comp0250_s26_labs/install/cw1_team_x/lib/libcw1_team_x__rosidl_generator_py.so
[26.054s] -- Up-to-date: /home/pcht/dev/comp0250_s26_labs/install/cw1_team_x/share/cw1_team_x/srv/Example.idl
[26.054s] -- Up-to-date: /home/pcht/dev/comp0250_s26_labs/install/cw1_team_x/share/cw1_team_x/srv/Example.srv
[26.054s] -- Up-to-date: /home/pcht/dev/comp0250_s26_labs/install/cw1_team_x/share/cw1_team_x/srv/Example_Request.msg
[26.054s] -- Up-to-date: /home/pcht/dev/comp0250_s26_labs/install/cw1_team_x/share/cw1_team_x/srv/Example_Response.msg
[26.054s] -- Installing: /home/pcht/dev/comp0250_s26_labs/install/cw1_team_x/lib/libcw1_team_x_cw1_class_lib.so
[26.055s] -- Set runtime path of "/home/pcht/dev/comp0250_s26_labs/install/cw1_team_x/lib/libcw1_team_x_cw1_class_lib.so" to ""
[26.056s] -- Installing: /home/pcht/dev/comp0250_s26_labs/install/cw1_team_x/lib/cw1_team_x/cw1_solution_node
[26.056s] -- Set runtime path of "/home/pcht/dev/comp0250_s26_labs/install/cw1_team_x/lib/cw1_team_x/cw1_solution_node" to ""
[26.056s] -- Up-to-date: /home/pcht/dev/comp0250_s26_labs/install/cw1_team_x/share/cw1_team_x/launch
[26.056s] -- Installing: /home/pcht/dev/comp0250_s26_labs/install/cw1_team_x/share/cw1_team_x/launch/run_solution.launch.py
[26.056s] -- Up-to-date: /home/pcht/dev/comp0250_s26_labs/install/cw1_team_x/share/ament_index/resource_index/package_run_dependencies/cw1_team_x
[26.056s] -- Up-to-date: /home/pcht/dev/comp0250_s26_labs/install/cw1_team_x/share/ament_index/resource_index/parent_prefix_path/cw1_team_x
[26.056s] -- Up-to-date: /home/pcht/dev/comp0250_s26_labs/install/cw1_team_x/share/cw1_team_x/environment/ament_prefix_path.sh
[26.057s] -- Up-to-date: /home/pcht/dev/comp0250_s26_labs/install/cw1_team_x/share/cw1_team_x/environment/ament_prefix_path.dsv
[26.057s] -- Up-to-date: /home/pcht/dev/comp0250_s26_labs/install/cw1_team_x/share/cw1_team_x/environment/path.sh
[26.057s] -- Up-to-date: /home/pcht/dev/comp0250_s26_labs/install/cw1_team_x/share/cw1_team_x/environment/path.dsv
[26.057s] -- Up-to-date: /home/pcht/dev/comp0250_s26_labs/install/cw1_team_x/share/cw1_team_x/local_setup.bash
[26.057s] -- Up-to-date: /home/pcht/dev/comp0250_s26_labs/install/cw1_team_x/share/cw1_team_x/local_setup.sh
[26.057s] -- Up-to-date: /home/pcht/dev/comp0250_s26_labs/install/cw1_team_x/share/cw1_team_x/local_setup.zsh
[26.057s] -- Up-to-date: /home/pcht/dev/comp0250_s26_labs/install/cw1_team_x/share/cw1_team_x/local_setup.dsv
[26.057s] -- Installing: /home/pcht/dev/comp0250_s26_labs/install/cw1_team_x/share/cw1_team_x/package.dsv
[26.057s] -- Up-to-date: /home/pcht/dev/comp0250_s26_labs/install/cw1_team_x/share/ament_index/resource_index/packages/cw1_team_x
[26.057s] -- Up-to-date: /home/pcht/dev/comp0250_s26_labs/install/cw1_team_x/share/cw1_team_x/cmake/export_cw1_team_x__rosidl_generator_cExport.cmake
[26.057s] -- Up-to-date: /home/pcht/dev/comp0250_s26_labs/install/cw1_team_x/share/cw1_team_x/cmake/export_cw1_team_x__rosidl_generator_cExport-release.cmake
[26.058s] -- Up-to-date: /home/pcht/dev/comp0250_s26_labs/install/cw1_team_x/share/cw1_team_x/cmake/export_cw1_team_x__rosidl_typesupport_fastrtps_cExport.cmake
[26.058s] -- Up-to-date: /home/pcht/dev/comp0250_s26_labs/install/cw1_team_x/share/cw1_team_x/cmake/export_cw1_team_x__rosidl_typesupport_fastrtps_cExport-release.cmake
[26.058s] -- Up-to-date: /home/pcht/dev/comp0250_s26_labs/install/cw1_team_x/share/cw1_team_x/cmake/cw1_team_x__rosidl_typesupport_introspection_cExport.cmake
[26.058s] -- Up-to-date: /home/pcht/dev/comp0250_s26_labs/install/cw1_team_x/share/cw1_team_x/cmake/cw1_team_x__rosidl_typesupport_introspection_cExport-release.cmake
[26.059s] -- Up-to-date: /home/pcht/dev/comp0250_s26_labs/install/cw1_team_x/share/cw1_team_x/cmake/cw1_team_x__rosidl_typesupport_cExport.cmake
[26.059s] -- Up-to-date: /home/pcht/dev/comp0250_s26_labs/install/cw1_team_x/share/cw1_team_x/cmake/cw1_team_x__rosidl_typesupport_cExport-release.cmake
[26.059s] -- Up-to-date: /home/pcht/dev/comp0250_s26_labs/install/cw1_team_x/share/cw1_team_x/cmake/export_cw1_team_x__rosidl_generator_cppExport.cmake
[26.059s] -- Up-to-date: /home/pcht/dev/comp0250_s26_labs/install/cw1_team_x/share/cw1_team_x/cmake/export_cw1_team_x__rosidl_typesupport_fastrtps_cppExport.cmake
[26.059s] -- Up-to-date: /home/pcht/dev/comp0250_s26_labs/install/cw1_team_x/share/cw1_team_x/cmake/export_cw1_team_x__rosidl_typesupport_fastrtps_cppExport-release.cmake
[26.060s] -- Up-to-date: /home/pcht/dev/comp0250_s26_labs/install/cw1_team_x/share/cw1_team_x/cmake/cw1_team_x__rosidl_typesupport_introspection_cppExport.cmake
[26.060s] -- Up-to-date: /home/pcht/dev/comp0250_s26_labs/install/cw1_team_x/share/cw1_team_x/cmake/cw1_team_x__rosidl_typesupport_introspection_cppExport-release.cmake
[26.060s] -- Up-to-date: /home/pcht/dev/comp0250_s26_labs/install/cw1_team_x/share/cw1_team_x/cmake/cw1_team_x__rosidl_typesupport_cppExport.cmake
[26.060s] -- Up-to-date: /home/pcht/dev/comp0250_s26_labs/install/cw1_team_x/share/cw1_team_x/cmake/cw1_team_x__rosidl_typesupport_cppExport-release.cmake
[26.061s] -- Up-to-date: /home/pcht/dev/comp0250_s26_labs/install/cw1_team_x/share/cw1_team_x/cmake/export_cw1_team_x__rosidl_generator_pyExport.cmake
[26.061s] -- Up-to-date: /home/pcht/dev/comp0250_s26_labs/install/cw1_team_x/share/cw1_team_x/cmake/export_cw1_team_x__rosidl_generator_pyExport-release.cmake
[26.061s] -- Up-to-date: /home/pcht/dev/comp0250_s26_labs/install/cw1_team_x/share/cw1_team_x/cmake/rosidl_cmake-extras.cmake
[26.061s] -- Up-to-date: /home/pcht/dev/comp0250_s26_labs/install/cw1_team_x/share/cw1_team_x/cmake/ament_cmake_export_dependencies-extras.cmake
[26.061s] -- Up-to-date: /home/pcht/dev/comp0250_s26_labs/install/cw1_team_x/share/cw1_team_x/cmake/ament_cmake_export_include_directories-extras.cmake
[26.061s] -- Up-to-date: /home/pcht/dev/comp0250_s26_labs/install/cw1_team_x/share/cw1_team_x/cmake/ament_cmake_export_libraries-extras.cmake
[26.061s] -- Up-to-date: /home/pcht/dev/comp0250_s26_labs/install/cw1_team_x/share/cw1_team_x/cmake/ament_cmake_export_targets-extras.cmake
[26.061s] -- Up-to-date: /home/pcht/dev/comp0250_s26_labs/install/cw1_team_x/share/cw1_team_x/cmake/rosidl_cmake_export_typesupport_targets-extras.cmake
[26.061s] -- Up-to-date: /home/pcht/dev/comp0250_s26_labs/install/cw1_team_x/share/cw1_team_x/cmake/rosidl_cmake_export_typesupport_libraries-extras.cmake
[26.061s] -- Up-to-date: /home/pcht/dev/comp0250_s26_labs/install/cw1_team_x/share/cw1_team_x/cmake/cw1_team_xConfig.cmake
[26.061s] -- Up-to-date: /home/pcht/dev/comp0250_s26_labs/install/cw1_team_x/share/cw1_team_x/cmake/cw1_team_xConfig-version.cmake
[26.061s] -- Up-to-date: /home/pcht/dev/comp0250_s26_labs/install/cw1_team_x/share/cw1_team_x/package.xml
[26.064s] Invoked command in '/home/pcht/dev/comp0250_s26_labs/build/cw1_team_x' returned '0': CMAKE_PREFIX_PATH=/home/pcht/dev/comp0250_s26_labs/install/cw1_world_spawner:/home/pcht/dev/comp0250_s26_labs/install/rpl_panda_with_rs:/home/pcht/dev/comp0250_s26_labs/install/realsense_gazebo_plugin:/home/pcht/dev/comp0250_s26_labs/install/panda_moveit_config:/home/pcht/dev/comp0250_s26_labs/install/panda_description:/home/pcht/dev/comp0250_s26_labs/install/cw1_team_x:/home/pcht/ws_moveit2/install/pilz_industrial_motion_planner_testutils:/home/pcht/ws_moveit2/install/moveit_runtime:/home/pcht/ws_moveit2/install/moveit2_tutorials:/home/pcht/ws_moveit2/install/moveit:/home/pcht/ws_moveit2/install/moveit_planners:/home/pcht/ws_moveit2/install/pilz_industrial_motion_planner:/home/pcht/ws_moveit2/install/mtc_tutorial:/home/pcht/ws_moveit2/install/moveit_visual_tools:/home/pcht/ws_moveit2/install/moveit_task_constructor_visualization:/home/pcht/ws_moveit2/install/moveit_task_constructor_demo:/home/pcht/ws_moveit2/install/moveit_task_constructor_capabilities:/home/pcht/ws_moveit2/install/moveit_task_constructor_core:/home/pcht/ws_moveit2/install/moveit_ros_control_interface:/home/pcht/ws_moveit2/install/moveit_plugins:/home/pcht/ws_moveit2/install/moveit_simple_controller_manager:/home/pcht/ws_moveit2/install/moveit_setup_assistant:/home/pcht/ws_moveit2/install/moveit_setup_srdf_plugins:/home/pcht/ws_moveit2/install/moveit_setup_core_plugins:/home/pcht/ws_moveit2/install/moveit_setup_controllers:/home/pcht/ws_moveit2/install/moveit_setup_app_plugins:/home/pcht/ws_moveit2/install/moveit_setup_framework:/home/pcht/ws_moveit2/install/moveit_servo:/home/pcht/ws_moveit2/install/moveit_ros:/home/pcht/ws_moveit2/install/moveit_ros_visualization:/home/pcht/ws_moveit2/install/moveit_py:/home/pcht/ws_moveit2/install/moveit_hybrid_planning:/home/pcht/ws_moveit2/install/moveit_ros_planning_interface:/home/pcht/ws_moveit2/install/moveit_ros_benchmarks:/home/pcht/ws_moveit2/install/moveit_ros_warehouse:/home/pcht/ws_moveit2/install/moveit_ros_robot_interaction:/home/pcht/ws_moveit2/install/moveit_ros_perception:/home/pcht/ws_moveit2/install/moveit_resources_prbt_pg70_support:/home/pcht/ws_moveit2/install/moveit_resources_prbt_moveit_config:/home/pcht/ws_moveit2/install/moveit_ros_move_group:/home/pcht/ws_moveit2/install/moveit_planners_ompl:/home/pcht/ws_moveit2/install/moveit_ros_planning:/home/pcht/ws_moveit2/install/moveit_ros_occupancy_map_monitor:/home/pcht/ws_moveit2/install/moveit_resources_prbt_ikfast_manipulator_plugin:/home/pcht/ws_moveit2/install/moveit_planners_chomp:/home/pcht/ws_moveit2/install/moveit_kinematics:/home/pcht/ws_moveit2/install/moveit_chomp_optimizer_adapter:/home/pcht/ws_moveit2/install/chomp_motion_planner:/home/pcht/ws_moveit2/install/moveit_core:/home/pcht/ws_moveit2/install/srdfdom:/home/pcht/ws_moveit2/install/rviz_marker_tools:/home/pcht/ws_moveit2/install/rosparam_shortcuts:/home/pcht/ws_moveit2/install/moveit_task_constructor_msgs:/home/pcht/ws_moveit2/install/moveit_resources_prbt_support:/home/pcht/ws_moveit2/install/moveit_resources:/home/pcht/ws_moveit2/install/moveit_resources_pr2_description:/home/pcht/ws_moveit2/install/moveit_resources_panda_moveit_config:/home/pcht/ws_moveit2/install/moveit_resources_panda_description:/home/pcht/ws_moveit2/install/moveit_resources_fanuc_moveit_config:/home/pcht/ws_moveit2/install/moveit_resources_fanuc_description:/home/pcht/ws_moveit2/install/moveit_common:/home/pcht/ws_moveit2/install/moveit_configs_utils:/home/pcht/ws_moveit2/install/launch_param_builder:/opt/ros/humble LD_LIBRARY_PATH=/home/pcht/dev/comp0250_s26_labs/install/cw1_world_spawner/lib:/home/pcht/dev/comp0250_s26_labs/install/realsense_gazebo_plugin/lib:/home/pcht/dev/comp0250_s26_labs/install/cw1_team_x/lib:/home/pcht/ws_moveit2/install/pilz_industrial_motion_planner_testutils/lib:/home/pcht/ws_moveit2/install/pilz_industrial_motion_planner/lib:/home/pcht/ws_moveit2/install/moveit_visual_tools/lib:/home/pcht/ws_moveit2/install/moveit_task_constructor_visualization/lib:/home/pcht/ws_moveit2/install/moveit_task_constructor_demo/lib:/home/pcht/ws_moveit2/install/moveit_task_constructor_capabilities/lib:/home/pcht/ws_moveit2/install/moveit_task_constructor_core/lib:/home/pcht/ws_moveit2/install/moveit_ros_control_interface/lib:/home/pcht/ws_moveit2/install/moveit_simple_controller_manager/lib:/home/pcht/ws_moveit2/install/moveit_setup_assistant/lib:/home/pcht/ws_moveit2/install/moveit_setup_srdf_plugins/lib:/home/pcht/ws_moveit2/install/moveit_setup_core_plugins/lib:/home/pcht/ws_moveit2/install/moveit_setup_controllers/lib:/home/pcht/ws_moveit2/install/moveit_setup_app_plugins/lib:/home/pcht/ws_moveit2/install/moveit_setup_framework/lib:/home/pcht/ws_moveit2/install/moveit_servo/lib:/home/pcht/ws_moveit2/install/moveit_ros_visualization/lib:/home/pcht/ws_moveit2/install/moveit_py/lib:/home/pcht/ws_moveit2/install/moveit_hybrid_planning/lib:/home/pcht/ws_moveit2/install/moveit_ros_planning_interface/lib:/home/pcht/ws_moveit2/install/moveit_ros_benchmarks/lib:/home/pcht/ws_moveit2/install/moveit_ros_warehouse/lib:/home/pcht/ws_moveit2/install/moveit_ros_robot_interaction/lib:/home/pcht/ws_moveit2/install/moveit_ros_perception/lib:/home/pcht/ws_moveit2/install/moveit_ros_move_group/lib:/home/pcht/ws_moveit2/install/moveit_planners_ompl/lib:/home/pcht/ws_moveit2/install/moveit_ros_planning/lib:/home/pcht/ws_moveit2/install/moveit_ros_occupancy_map_monitor/lib:/home/pcht/ws_moveit2/install/moveit_resources_prbt_ikfast_manipulator_plugin/lib:/home/pcht/ws_moveit2/install/moveit_planners_chomp/lib:/home/pcht/ws_moveit2/install/moveit_kinematics/lib:/home/pcht/ws_moveit2/install/moveit_chomp_optimizer_adapter/lib:/home/pcht/ws_moveit2/install/chomp_motion_planner/lib:/home/pcht/ws_moveit2/install/moveit_core/lib:/home/pcht/ws_moveit2/install/srdfdom/lib:/home/pcht/ws_moveit2/install/rviz_marker_tools/lib:/home/pcht/ws_moveit2/install/rosparam_shortcuts/lib:/home/pcht/ws_moveit2/install/moveit_task_constructor_msgs/lib:/usr/lib/x86_64-linux-gnu/gazebo-11/plugins:/opt/ros/humble/opt/rviz_ogre_vendor/lib:/opt/ros/humble/lib/x86_64-linux-gnu:/opt/ros/humble/lib:/home/pcht/dev/Quadruped-PyMPC/quadruped_pympc/acados/lib:/home/pcht/dev/Quadruped-PyMPC/quadruped_pympc/acados/lib /usr/bin/cmake --install /home/pcht/dev/comp0250_s26_labs/build/cw1_team_x
