[0.323s] DEBUG:colcon:Command line arguments: ['/usr/bin/colcon', 'build', '--mixin', 'release']
[0.323s] DEBUG:colcon:Parsed command line arguments: Namespace(log_base=None, log_level=None, verb_name='build', build_base='build', install_base='install', merge_install=False, symlink_install=False, test_result_base=None, continue_on_error=False, executor='parallel', parallel_workers=16, event_handlers=None, ignore_user_meta=False, metas=['./colcon.meta'], base_paths=['.'], packages_ignore=None, packages_ignore_regex=None, paths=None, packages_up_to=None, packages_up_to_regex=None, packages_above=None, packages_above_and_dependencies=None, packages_above_depth=None, packages_select_by_dep=None, packages_skip_by_dep=None, packages_skip_up_to=None, packages_select_build_failed=False, packages_skip_build_finished=False, packages_select_test_failures=False, packages_skip_test_passed=False, packages_select=None, packages_skip=None, packages_select_regex=None, packages_skip_regex=None, packages_start=None, packages_end=None, allow_overriding=[], cmake_args=['-DCMAKE_BUILD_TYPE=Release'], cmake_target=None, cmake_target_skip_unavailable=False, cmake_clean_cache=False, cmake_clean_first=False, cmake_force_configure=False, ament_cmake_args=None, catkin_cmake_args=None, catkin_skip_building_tests=False, mixin_files=None, mixin=['release'], verb_parser=<colcon_mixin.mixin.mixin_argument.MixinArgumentDecorator object at 0x79aa51c23790>, verb_extension=<colcon_core.verb.build.BuildVerb object at 0x79aa51c22da0>, main=<bound method BuildVerb.main of <colcon_core.verb.build.BuildVerb object at 0x79aa51c22da0>>, mixin_verb=('build',))
[0.566s] Level 1:colcon.colcon_core.package_discovery:discover_packages(colcon_meta) check parameters
[0.566s] Level 1:colcon.colcon_core.package_discovery:discover_packages(recursive) check parameters
[0.566s] Level 1:colcon.colcon_core.package_discovery:discover_packages(ignore) check parameters
[0.566s] Level 1:colcon.colcon_core.package_discovery:discover_packages(path) check parameters
[0.566s] Level 1:colcon.colcon_core.package_discovery:discover_packages(colcon_meta) discover
[0.566s] Level 1:colcon.colcon_core.package_discovery:discover_packages(recursive) discover
[0.566s] INFO:colcon.colcon_core.package_discovery:Crawling recursively for packages in '/home/pcht/dev/comp0250_s26_labs'
[0.566s] Level 1:colcon.colcon_core.package_identification:_identify(.) by extensions ['ignore', 'ignore_ament_install']
[0.566s] Level 1:colcon.colcon_core.package_identification:_identify(.) by extension 'ignore'
[0.566s] Level 1:colcon.colcon_core.package_identification:_identify(.) by extension 'ignore_ament_install'
[0.566s] Level 1:colcon.colcon_core.package_identification:_identify(.) by extensions ['colcon_pkg']
[0.567s] Level 1:colcon.colcon_core.package_identification:_identify(.) by extension 'colcon_pkg'
[0.567s] Level 1:colcon.colcon_core.package_identification:_identify(.) by extensions ['colcon_meta']
[0.567s] Level 1:colcon.colcon_core.package_identification:_identify(.) by extension 'colcon_meta'
[0.567s] Level 1:colcon.colcon_core.package_identification:_identify(.) by extensions ['ros']
[0.567s] Level 1:colcon.colcon_core.package_identification:_identify(.) by extension 'ros'
[0.579s] Level 1:colcon.colcon_core.package_identification:_identify(.) by extensions ['cmake', 'python']
[0.579s] Level 1:colcon.colcon_core.package_identification:_identify(.) by extension 'cmake'
[0.579s] Level 1:colcon.colcon_core.package_identification:_identify(.) by extension 'python'
[0.579s] Level 1:colcon.colcon_core.package_identification:_identify(.) by extensions ['python_setup_py']
[0.579s] Level 1:colcon.colcon_core.package_identification:_identify(.) by extension 'python_setup_py'
[0.580s] Level 1:colcon.colcon_core.package_identification:_identify(build) by extensions ['ignore', 'ignore_ament_install']
[0.580s] Level 1:colcon.colcon_core.package_identification:_identify(build) by extension 'ignore'
[0.580s] Level 1:colcon.colcon_core.package_identification:_identify(build) ignored
[0.580s] Level 1:colcon.colcon_core.package_identification:_identify(courseworks) by extensions ['ignore', 'ignore_ament_install']
[0.580s] Level 1:colcon.colcon_core.package_identification:_identify(courseworks) by extension 'ignore'
[0.580s] Level 1:colcon.colcon_core.package_identification:_identify(courseworks) by extension 'ignore_ament_install'
[0.580s] Level 1:colcon.colcon_core.package_identification:_identify(courseworks) by extensions ['colcon_pkg']
[0.580s] Level 1:colcon.colcon_core.package_identification:_identify(courseworks) by extension 'colcon_pkg'
[0.580s] Level 1:colcon.colcon_core.package_identification:_identify(courseworks) by extensions ['colcon_meta']
[0.580s] Level 1:colcon.colcon_core.package_identification:_identify(courseworks) by extension 'colcon_meta'
[0.580s] Level 1:colcon.colcon_core.package_identification:_identify(courseworks) by extensions ['ros']
[0.580s] Level 1:colcon.colcon_core.package_identification:_identify(courseworks) by extension 'ros'
[0.580s] Level 1:colcon.colcon_core.package_identification:_identify(courseworks) by extensions ['cmake', 'python']
[0.580s] Level 1:colcon.colcon_core.package_identification:_identify(courseworks) by extension 'cmake'
[0.580s] Level 1:colcon.colcon_core.package_identification:_identify(courseworks) by extension 'python'
[0.580s] Level 1:colcon.colcon_core.package_identification:_identify(courseworks) by extensions ['python_setup_py']
[0.580s] Level 1:colcon.colcon_core.package_identification:_identify(courseworks) by extension 'python_setup_py'
[0.580s] Level 1:colcon.colcon_core.package_identification:_identify(courseworks/cw1_team_x) by extensions ['ignore', 'ignore_ament_install']
[0.580s] Level 1:colcon.colcon_core.package_identification:_identify(courseworks/cw1_team_x) by extension 'ignore'
[0.581s] Level 1:colcon.colcon_core.package_identification:_identify(courseworks/cw1_team_x) by extension 'ignore_ament_install'
[0.581s] Level 1:colcon.colcon_core.package_identification:_identify(courseworks/cw1_team_x) by extensions ['colcon_pkg']
[0.581s] Level 1:colcon.colcon_core.package_identification:_identify(courseworks/cw1_team_x) by extension 'colcon_pkg'
[0.581s] Level 1:colcon.colcon_core.package_identification:_identify(courseworks/cw1_team_x) by extensions ['colcon_meta']
[0.581s] Level 1:colcon.colcon_core.package_identification:_identify(courseworks/cw1_team_x) by extension 'colcon_meta'
[0.581s] Level 1:colcon.colcon_core.package_identification:_identify(courseworks/cw1_team_x) by extensions ['ros']
[0.581s] Level 1:colcon.colcon_core.package_identification:_identify(courseworks/cw1_team_x) by extension 'ros'
[0.584s] DEBUG:colcon.colcon_core.package_identification:Package 'courseworks/cw1_team_x' with type 'ros.ament_cmake' and name 'cw1_team_x'
[0.584s] Level 1:colcon.colcon_core.package_identification:_identify(courseworks/cw1_world_spawner) by extensions ['ignore', 'ignore_ament_install']
[0.584s] Level 1:colcon.colcon_core.package_identification:_identify(courseworks/cw1_world_spawner) by extension 'ignore'
[0.584s] Level 1:colcon.colcon_core.package_identification:_identify(courseworks/cw1_world_spawner) by extension 'ignore_ament_install'
[0.584s] Level 1:colcon.colcon_core.package_identification:_identify(courseworks/cw1_world_spawner) by extensions ['colcon_pkg']
[0.585s] Level 1:colcon.colcon_core.package_identification:_identify(courseworks/cw1_world_spawner) by extension 'colcon_pkg'
[0.585s] Level 1:colcon.colcon_core.package_identification:_identify(courseworks/cw1_world_spawner) by extensions ['colcon_meta']
[0.585s] Level 1:colcon.colcon_core.package_identification:_identify(courseworks/cw1_world_spawner) by extension 'colcon_meta'
[0.585s] Level 1:colcon.colcon_core.package_identification:_identify(courseworks/cw1_world_spawner) by extensions ['ros']
[0.585s] Level 1:colcon.colcon_core.package_identification:_identify(courseworks/cw1_world_spawner) by extension 'ros'
[0.585s] DEBUG:colcon.colcon_core.package_identification:Package 'courseworks/cw1_world_spawner' with type 'ros.ament_cmake' and name 'cw1_world_spawner'
[0.585s] Level 1:colcon.colcon_core.package_identification:_identify(courseworks/panda_description) by extensions ['ignore', 'ignore_ament_install']
[0.585s] Level 1:colcon.colcon_core.package_identification:_identify(courseworks/panda_description) by extension 'ignore'
[0.586s] Level 1:colcon.colcon_core.package_identification:_identify(courseworks/panda_description) by extension 'ignore_ament_install'
[0.586s] Level 1:colcon.colcon_core.package_identification:_identify(courseworks/panda_description) by extensions ['colcon_pkg']
[0.586s] Level 1:colcon.colcon_core.package_identification:_identify(courseworks/panda_description) by extension 'colcon_pkg'
[0.586s] Level 1:colcon.colcon_core.package_identification:_identify(courseworks/panda_description) by extensions ['colcon_meta']
[0.586s] Level 1:colcon.colcon_core.package_identification:_identify(courseworks/panda_description) by extension 'colcon_meta'
[0.586s] Level 1:colcon.colcon_core.package_identification:_identify(courseworks/panda_description) by extensions ['ros']
[0.586s] Level 1:colcon.colcon_core.package_identification:_identify(courseworks/panda_description) by extension 'ros'
[0.586s] DEBUG:colcon.colcon_core.package_identification:Package 'courseworks/panda_description' with type 'ros.ament_cmake' and name 'panda_description'
[0.586s] Level 1:colcon.colcon_core.package_identification:_identify(courseworks/panda_moveit_config) by extensions ['ignore', 'ignore_ament_install']
[0.586s] Level 1:colcon.colcon_core.package_identification:_identify(courseworks/panda_moveit_config) by extension 'ignore'
[0.586s] Level 1:colcon.colcon_core.package_identification:_identify(courseworks/panda_moveit_config) by extension 'ignore_ament_install'
[0.586s] Level 1:colcon.colcon_core.package_identification:_identify(courseworks/panda_moveit_config) by extensions ['colcon_pkg']
[0.587s] Level 1:colcon.colcon_core.package_identification:_identify(courseworks/panda_moveit_config) by extension 'colcon_pkg'
[0.587s] Level 1:colcon.colcon_core.package_identification:_identify(courseworks/panda_moveit_config) by extensions ['colcon_meta']
[0.587s] Level 1:colcon.colcon_core.package_identification:_identify(courseworks/panda_moveit_config) by extension 'colcon_meta'
[0.587s] Level 1:colcon.colcon_core.package_identification:_identify(courseworks/panda_moveit_config) by extensions ['ros']
[0.587s] Level 1:colcon.colcon_core.package_identification:_identify(courseworks/panda_moveit_config) by extension 'ros'
[0.588s] DEBUG:colcon.colcon_core.package_identification:Package 'courseworks/panda_moveit_config' with type 'ros.ament_cmake' and name 'panda_moveit_config'
[0.588s] Level 1:colcon.colcon_core.package_identification:_identify(courseworks/realsense_gazebo_plugin) by extensions ['ignore', 'ignore_ament_install']
[0.588s] Level 1:colcon.colcon_core.package_identification:_identify(courseworks/realsense_gazebo_plugin) by extension 'ignore'
[0.589s] Level 1:colcon.colcon_core.package_identification:_identify(courseworks/realsense_gazebo_plugin) by extension 'ignore_ament_install'
[0.589s] Level 1:colcon.colcon_core.package_identification:_identify(courseworks/realsense_gazebo_plugin) by extensions ['colcon_pkg']
[0.589s] Level 1:colcon.colcon_core.package_identification:_identify(courseworks/realsense_gazebo_plugin) by extension 'colcon_pkg'
[0.589s] Level 1:colcon.colcon_core.package_identification:_identify(courseworks/realsense_gazebo_plugin) by extensions ['colcon_meta']
[0.589s] Level 1:colcon.colcon_core.package_identification:_identify(courseworks/realsense_gazebo_plugin) by extension 'colcon_meta'
[0.589s] Level 1:colcon.colcon_core.package_identification:_identify(courseworks/realsense_gazebo_plugin) by extensions ['ros']
[0.589s] Level 1:colcon.colcon_core.package_identification:_identify(courseworks/realsense_gazebo_plugin) by extension 'ros'
[0.590s] DEBUG:colcon.colcon_core.package_identification:Package 'courseworks/realsense_gazebo_plugin' with type 'ros.ament_cmake' and name 'realsense_gazebo_plugin'
[0.590s] Level 1:colcon.colcon_core.package_identification:_identify(courseworks/rpl_panda_with_rs) by extensions ['ignore', 'ignore_ament_install']
[0.590s] Level 1:colcon.colcon_core.package_identification:_identify(courseworks/rpl_panda_with_rs) by extension 'ignore'
[0.590s] Level 1:colcon.colcon_core.package_identification:_identify(courseworks/rpl_panda_with_rs) by extension 'ignore_ament_install'
[0.590s] Level 1:colcon.colcon_core.package_identification:_identify(courseworks/rpl_panda_with_rs) by extensions ['colcon_pkg']
[0.590s] Level 1:colcon.colcon_core.package_identification:_identify(courseworks/rpl_panda_with_rs) by extension 'colcon_pkg'
[0.590s] Level 1:colcon.colcon_core.package_identification:_identify(courseworks/rpl_panda_with_rs) by extensions ['colcon_meta']
[0.590s] Level 1:colcon.colcon_core.package_identification:_identify(courseworks/rpl_panda_with_rs) by extension 'colcon_meta'
[0.590s] Level 1:colcon.colcon_core.package_identification:_identify(courseworks/rpl_panda_with_rs) by extensions ['ros']
[0.590s] Level 1:colcon.colcon_core.package_identification:_identify(courseworks/rpl_panda_with_rs) by extension 'ros'
[0.591s] DEBUG:colcon.colcon_core.package_identification:Package 'courseworks/rpl_panda_with_rs' with type 'ros.ament_cmake' and name 'rpl_panda_with_rs'
[0.591s] Level 1:colcon.colcon_core.package_identification:_identify(install) by extensions ['ignore', 'ignore_ament_install']
[0.591s] Level 1:colcon.colcon_core.package_identification:_identify(install) by extension 'ignore'
[0.591s] Level 1:colcon.colcon_core.package_identification:_identify(install) ignored
[0.591s] Level 1:colcon.colcon_core.package_identification:_identify(log) by extensions ['ignore', 'ignore_ament_install']
[0.591s] Level 1:colcon.colcon_core.package_identification:_identify(log) by extension 'ignore'
[0.591s] Level 1:colcon.colcon_core.package_identification:_identify(log) ignored
[0.591s] Level 1:colcon.colcon_core.package_discovery:discover_packages(recursive) using defaults
[0.591s] Level 1:colcon.colcon_core.package_discovery:discover_packages(ignore) discover
[0.591s] Level 1:colcon.colcon_core.package_discovery:discover_packages(ignore) using defaults
[0.591s] Level 1:colcon.colcon_core.package_discovery:discover_packages(path) discover
[0.591s] Level 1:colcon.colcon_core.package_discovery:discover_packages(path) using defaults
[0.643s] Level 1:colcon.colcon_core.package_discovery:discover_packages(prefix_path) check parameters
[0.643s] Level 1:colcon.colcon_core.package_discovery:discover_packages(prefix_path) discover
[0.649s] DEBUG:colcon.colcon_installed_package_information.package_discovery:Found 58 installed packages in /home/pcht/ws_moveit2/install
[0.650s] DEBUG:colcon.colcon_installed_package_information.package_discovery:Found 368 installed packages in /opt/ros/humble
[0.652s] Level 1:colcon.colcon_core.package_discovery:discover_packages(prefix_path) using defaults
[0.795s] Level 5:colcon.colcon_core.verb:set package 'cw1_world_spawner' build argument 'cmake_args' from command line to '['-DCMAKE_BUILD_TYPE=Release']'
[0.795s] Level 5:colcon.colcon_core.verb:set package 'cw1_world_spawner' build argument 'cmake_target' from command line to 'None'
[0.795s] Level 5:colcon.colcon_core.verb:set package 'cw1_world_spawner' build argument 'cmake_target_skip_unavailable' from command line to 'False'
[0.795s] Level 5:colcon.colcon_core.verb:set package 'cw1_world_spawner' build argument 'cmake_clean_cache' from command line to 'False'
[0.795s] Level 5:colcon.colcon_core.verb:set package 'cw1_world_spawner' build argument 'cmake_clean_first' from command line to 'False'
[0.795s] Level 5:colcon.colcon_core.verb:set package 'cw1_world_spawner' build argument 'cmake_force_configure' from command line to 'False'
[0.795s] Level 5:colcon.colcon_core.verb:set package 'cw1_world_spawner' build argument 'ament_cmake_args' from command line to 'None'
[0.795s] Level 5:colcon.colcon_core.verb:set package 'cw1_world_spawner' build argument 'catkin_cmake_args' from command line to 'None'
[0.795s] Level 5:colcon.colcon_core.verb:set package 'cw1_world_spawner' build argument 'catkin_skip_building_tests' from command line to 'False'
[0.795s] DEBUG:colcon.colcon_core.verb:Building package 'cw1_world_spawner' with the following arguments: {'ament_cmake_args': None, 'build_base': '/home/pcht/dev/comp0250_s26_labs/build/cw1_world_spawner', 'catkin_cmake_args': None, 'catkin_skip_building_tests': False, 'cmake_args': ['-DCMAKE_BUILD_TYPE=Release'], 'cmake_clean_cache': False, 'cmake_clean_first': False, 'cmake_force_configure': False, 'cmake_target': None, 'cmake_target_skip_unavailable': False, 'install_base': '/home/pcht/dev/comp0250_s26_labs/install/cw1_world_spawner', 'merge_install': False, 'path': '/home/pcht/dev/comp0250_s26_labs/courseworks/cw1_world_spawner', 'symlink_install': False, 'test_result_base': None}
[0.795s] Level 5:colcon.colcon_core.verb:set package 'panda_description' build argument 'cmake_args' from command line to '['-DCMAKE_BUILD_TYPE=Release']'
[0.796s] Level 5:colcon.colcon_core.verb:set package 'panda_description' build argument 'cmake_target' from command line to 'None'
[0.796s] Level 5:colcon.colcon_core.verb:set package 'panda_description' build argument 'cmake_target_skip_unavailable' from command line to 'False'
[0.796s] Level 5:colcon.colcon_core.verb:set package 'panda_description' build argument 'cmake_clean_cache' from command line to 'False'
[0.796s] Level 5:colcon.colcon_core.verb:set package 'panda_description' build argument 'cmake_clean_first' from command line to 'False'
[0.796s] Level 5:colcon.colcon_core.verb:set package 'panda_description' build argument 'cmake_force_configure' from command line to 'False'
[0.796s] Level 5:colcon.colcon_core.verb:set package 'panda_description' build argument 'ament_cmake_args' from command line to 'None'
[0.796s] Level 5:colcon.colcon_core.verb:set package 'panda_description' build argument 'catkin_cmake_args' from command line to 'None'
[0.796s] Level 5:colcon.colcon_core.verb:set package 'panda_description' build argument 'catkin_skip_building_tests' from command line to 'False'
[0.796s] DEBUG:colcon.colcon_core.verb:Building package 'panda_description' with the following arguments: {'ament_cmake_args': None, 'build_base': '/home/pcht/dev/comp0250_s26_labs/build/panda_description', 'catkin_cmake_args': None, 'catkin_skip_building_tests': False, 'cmake_args': ['-DCMAKE_BUILD_TYPE=Release'], 'cmake_clean_cache': False, 'cmake_clean_first': False, 'cmake_force_configure': False, 'cmake_target': None, 'cmake_target_skip_unavailable': False, 'install_base': '/home/pcht/dev/comp0250_s26_labs/install/panda_description', 'merge_install': False, 'path': '/home/pcht/dev/comp0250_s26_labs/courseworks/panda_description', 'symlink_install': False, 'test_result_base': None}
[0.796s] Level 5:colcon.colcon_core.verb:set package 'panda_moveit_config' build argument 'cmake_args' from command line to '['-DCMAKE_BUILD_TYPE=Release']'
[0.796s] Level 5:colcon.colcon_core.verb:set package 'panda_moveit_config' build argument 'cmake_target' from command line to 'None'
[0.796s] Level 5:colcon.colcon_core.verb:set package 'panda_moveit_config' build argument 'cmake_target_skip_unavailable' from command line to 'False'
[0.796s] Level 5:colcon.colcon_core.verb:set package 'panda_moveit_config' build argument 'cmake_clean_cache' from command line to 'False'
[0.796s] Level 5:colcon.colcon_core.verb:set package 'panda_moveit_config' build argument 'cmake_clean_first' from command line to 'False'
[0.796s] Level 5:colcon.colcon_core.verb:set package 'panda_moveit_config' build argument 'cmake_force_configure' from command line to 'False'
[0.796s] Level 5:colcon.colcon_core.verb:set package 'panda_moveit_config' build argument 'ament_cmake_args' from command line to 'None'
[0.796s] Level 5:colcon.colcon_core.verb:set package 'panda_moveit_config' build argument 'catkin_cmake_args' from command line to 'None'
[0.796s] Level 5:colcon.colcon_core.verb:set package 'panda_moveit_config' build argument 'catkin_skip_building_tests' from command line to 'False'
[0.796s] DEBUG:colcon.colcon_core.verb:Building package 'panda_moveit_config' with the following arguments: {'ament_cmake_args': None, 'build_base': '/home/pcht/dev/comp0250_s26_labs/build/panda_moveit_config', 'catkin_cmake_args': None, 'catkin_skip_building_tests': False, 'cmake_args': ['-DCMAKE_BUILD_TYPE=Release'], 'cmake_clean_cache': False, 'cmake_clean_first': False, 'cmake_force_configure': False, 'cmake_target': None, 'cmake_target_skip_unavailable': False, 'install_base': '/home/pcht/dev/comp0250_s26_labs/install/panda_moveit_config', 'merge_install': False, 'path': '/home/pcht/dev/comp0250_s26_labs/courseworks/panda_moveit_config', 'symlink_install': False, 'test_result_base': None}
[0.796s] Level 5:colcon.colcon_core.verb:set package 'realsense_gazebo_plugin' build argument 'cmake_args' from command line to '['-DCMAKE_BUILD_TYPE=Release']'
[0.796s] Level 5:colcon.colcon_core.verb:set package 'realsense_gazebo_plugin' build argument 'cmake_target' from command line to 'None'
[0.796s] Level 5:colcon.colcon_core.verb:set package 'realsense_gazebo_plugin' build argument 'cmake_target_skip_unavailable' from command line to 'False'
[0.796s] Level 5:colcon.colcon_core.verb:set package 'realsense_gazebo_plugin' build argument 'cmake_clean_cache' from command line to 'False'
[0.796s] Level 5:colcon.colcon_core.verb:set package 'realsense_gazebo_plugin' build argument 'cmake_clean_first' from command line to 'False'
[0.796s] Level 5:colcon.colcon_core.verb:set package 'realsense_gazebo_plugin' build argument 'cmake_force_configure' from command line to 'False'
[0.796s] Level 5:colcon.colcon_core.verb:set package 'realsense_gazebo_plugin' build argument 'ament_cmake_args' from command line to 'None'
[0.796s] Level 5:colcon.colcon_core.verb:set package 'realsense_gazebo_plugin' build argument 'catkin_cmake_args' from command line to 'None'
[0.796s] Level 5:colcon.colcon_core.verb:set package 'realsense_gazebo_plugin' build argument 'catkin_skip_building_tests' from command line to 'False'
[0.796s] DEBUG:colcon.colcon_core.verb:Building package 'realsense_gazebo_plugin' with the following arguments: {'ament_cmake_args': None, 'build_base': '/home/pcht/dev/comp0250_s26_labs/build/realsense_gazebo_plugin', 'catkin_cmake_args': None, 'catkin_skip_building_tests': False, 'cmake_args': ['-DCMAKE_BUILD_TYPE=Release'], 'cmake_clean_cache': False, 'cmake_clean_first': False, 'cmake_force_configure': False, 'cmake_target': None, 'cmake_target_skip_unavailable': False, 'install_base': '/home/pcht/dev/comp0250_s26_labs/install/realsense_gazebo_plugin', 'merge_install': False, 'path': '/home/pcht/dev/comp0250_s26_labs/courseworks/realsense_gazebo_plugin', 'symlink_install': False, 'test_result_base': None}
[0.797s] Level 5:colcon.colcon_core.verb:set package 'cw1_team_x' build argument 'cmake_args' from command line to '['-DCMAKE_BUILD_TYPE=Release']'
[0.797s] Level 5:colcon.colcon_core.verb:set package 'cw1_team_x' build argument 'cmake_target' from command line to 'None'
[0.797s] Level 5:colcon.colcon_core.verb:set package 'cw1_team_x' build argument 'cmake_target_skip_unavailable' from command line to 'False'
[0.797s] Level 5:colcon.colcon_core.verb:set package 'cw1_team_x' build argument 'cmake_clean_cache' from command line to 'False'
[0.797s] Level 5:colcon.colcon_core.verb:set package 'cw1_team_x' build argument 'cmake_clean_first' from command line to 'False'
[0.797s] Level 5:colcon.colcon_core.verb:set package 'cw1_team_x' build argument 'cmake_force_configure' from command line to 'False'
[0.797s] Level 5:colcon.colcon_core.verb:set package 'cw1_team_x' build argument 'ament_cmake_args' from command line to 'None'
[0.797s] Level 5:colcon.colcon_core.verb:set package 'cw1_team_x' build argument 'catkin_cmake_args' from command line to 'None'
[0.797s] Level 5:colcon.colcon_core.verb:set package 'cw1_team_x' build argument 'catkin_skip_building_tests' from command line to 'False'
[0.797s] DEBUG:colcon.colcon_core.verb:Building package 'cw1_team_x' with the following arguments: {'ament_cmake_args': None, 'build_base': '/home/pcht/dev/comp0250_s26_labs/build/cw1_team_x', 'catkin_cmake_args': None, 'catkin_skip_building_tests': False, 'cmake_args': ['-DCMAKE_BUILD_TYPE=Release'], 'cmake_clean_cache': False, 'cmake_clean_first': False, 'cmake_force_configure': False, 'cmake_target': None, 'cmake_target_skip_unavailable': False, 'install_base': '/home/pcht/dev/comp0250_s26_labs/install/cw1_team_x', 'merge_install': False, 'path': '/home/pcht/dev/comp0250_s26_labs/courseworks/cw1_team_x', 'symlink_install': False, 'test_result_base': None}
[0.797s] Level 5:colcon.colcon_core.verb:set package 'rpl_panda_with_rs' build argument 'cmake_args' from command line to '['-DCMAKE_BUILD_TYPE=Release']'
[0.797s] Level 5:colcon.colcon_core.verb:set package 'rpl_panda_with_rs' build argument 'cmake_target' from command line to 'None'
[0.797s] Level 5:colcon.colcon_core.verb:set package 'rpl_panda_with_rs' build argument 'cmake_target_skip_unavailable' from command line to 'False'
[0.797s] Level 5:colcon.colcon_core.verb:set package 'rpl_panda_with_rs' build argument 'cmake_clean_cache' from command line to 'False'
[0.797s] Level 5:colcon.colcon_core.verb:set package 'rpl_panda_with_rs' build argument 'cmake_clean_first' from command line to 'False'
[0.797s] Level 5:colcon.colcon_core.verb:set package 'rpl_panda_with_rs' build argument 'cmake_force_configure' from command line to 'False'
[0.797s] Level 5:colcon.colcon_core.verb:set package 'rpl_panda_with_rs' build argument 'ament_cmake_args' from command line to 'None'
[0.797s] Level 5:colcon.colcon_core.verb:set package 'rpl_panda_with_rs' build argument 'catkin_cmake_args' from command line to 'None'
[0.797s] Level 5:colcon.colcon_core.verb:set package 'rpl_panda_with_rs' build argument 'catkin_skip_building_tests' from command line to 'False'
[0.797s] DEBUG:colcon.colcon_core.verb:Building package 'rpl_panda_with_rs' with the following arguments: {'ament_cmake_args': None, 'build_base': '/home/pcht/dev/comp0250_s26_labs/build/rpl_panda_with_rs', 'catkin_cmake_args': None, 'catkin_skip_building_tests': False, 'cmake_args': ['-DCMAKE_BUILD_TYPE=Release'], 'cmake_clean_cache': False, 'cmake_clean_first': False, 'cmake_force_configure': False, 'cmake_target': None, 'cmake_target_skip_unavailable': False, 'install_base': '/home/pcht/dev/comp0250_s26_labs/install/rpl_panda_with_rs', 'merge_install': False, 'path': '/home/pcht/dev/comp0250_s26_labs/courseworks/rpl_panda_with_rs', 'symlink_install': False, 'test_result_base': None}
[0.797s] INFO:colcon.colcon_core.executor:Executing jobs using 'parallel' executor
[0.798s] DEBUG:colcon.colcon_parallel_executor.executor.parallel:run_until_complete
[0.799s] INFO:colcon.colcon_ros.task.ament_cmake.build:Building ROS package in '/home/pcht/dev/comp0250_s26_labs/courseworks/cw1_world_spawner' with build type 'ament_cmake'
[0.799s] INFO:colcon.colcon_cmake.task.cmake.build:Building CMake package in '/home/pcht/dev/comp0250_s26_labs/courseworks/cw1_world_spawner'
[0.805s] INFO:colcon.colcon_core.plugin_system:Skipping extension 'colcon_core.shell.bat': Not used on non-Windows systems
[0.805s] INFO:colcon.colcon_core.shell:Skip shell extension 'powershell' for command environment: Not usable outside of PowerShell
[0.806s] DEBUG:colcon.colcon_core.shell:Skip shell extension 'dsv' for command environment
[0.811s] INFO:colcon.colcon_ros.task.ament_cmake.build:Building ROS package in '/home/pcht/dev/comp0250_s26_labs/courseworks/panda_moveit_config' with build type 'ament_cmake'
[0.811s] INFO:colcon.colcon_cmake.task.cmake.build:Building CMake package in '/home/pcht/dev/comp0250_s26_labs/courseworks/panda_moveit_config'
[0.812s] INFO:colcon.colcon_core.shell:Skip shell extension 'powershell' for command environment: Not usable outside of PowerShell
[0.812s] DEBUG:colcon.colcon_core.shell:Skip shell extension 'dsv' for command environment
[0.817s] INFO:colcon.colcon_ros.task.ament_cmake.build:Building ROS package in '/home/pcht/dev/comp0250_s26_labs/courseworks/realsense_gazebo_plugin' with build type 'ament_cmake'
[0.817s] INFO:colcon.colcon_cmake.task.cmake.build:Building CMake package in '/home/pcht/dev/comp0250_s26_labs/courseworks/realsense_gazebo_plugin'
[0.817s] INFO:colcon.colcon_core.shell:Skip shell extension 'powershell' for command environment: Not usable outside of PowerShell
[0.817s] DEBUG:colcon.colcon_core.shell:Skip shell extension 'dsv' for command environment
[0.822s] INFO:colcon.colcon_ros.task.ament_cmake.build:Building ROS package in '/home/pcht/dev/comp0250_s26_labs/courseworks/panda_description' with build type 'ament_cmake'
[0.823s] INFO:colcon.colcon_cmake.task.cmake.build:Building CMake package in '/home/pcht/dev/comp0250_s26_labs/courseworks/panda_description'
[0.823s] INFO:colcon.colcon_core.shell:Skip shell extension 'powershell' for command environment: Not usable outside of PowerShell
[0.823s] DEBUG:colcon.colcon_core.shell:Skip shell extension 'dsv' for command environment
[0.832s] DEBUG:colcon.colcon_core.event_handler.log_command:Invoking command in '/home/pcht/dev/comp0250_s26_labs/build/cw1_world_spawner': CMAKE_PREFIX_PATH=${CMAKE_PREFIX_PATH}:/home/pcht/ws_moveit2/install/moveit_configs_utils:/home/pcht/ws_moveit2/install/launch_param_builder:/opt/ros/humble /usr/bin/cmake /home/pcht/dev/comp0250_s26_labs/courseworks/cw1_world_spawner -DCMAKE_BUILD_TYPE=Release -DCMAKE_INSTALL_PREFIX=/home/pcht/dev/comp0250_s26_labs/install/cw1_world_spawner
[0.838s] DEBUG:colcon.colcon_core.event_handler.log_command:Invoking command in '/home/pcht/dev/comp0250_s26_labs/build/panda_moveit_config': CMAKE_PREFIX_PATH=${CMAKE_PREFIX_PATH}:/home/pcht/ws_moveit2/install/moveit_configs_utils:/home/pcht/ws_moveit2/install/launch_param_builder:/opt/ros/humble /usr/bin/cmake /home/pcht/dev/comp0250_s26_labs/courseworks/panda_moveit_config -DCMAKE_BUILD_TYPE=Release -DCMAKE_INSTALL_PREFIX=/home/pcht/dev/comp0250_s26_labs/install/panda_moveit_config
[0.844s] DEBUG:colcon.colcon_core.event_handler.log_command:Invoking command in '/home/pcht/dev/comp0250_s26_labs/build/realsense_gazebo_plugin': CMAKE_PREFIX_PATH=${CMAKE_PREFIX_PATH}:/home/pcht/ws_moveit2/install/moveit_configs_utils:/home/pcht/ws_moveit2/install/launch_param_builder:/opt/ros/humble /usr/bin/cmake /home/pcht/dev/comp0250_s26_labs/courseworks/realsense_gazebo_plugin -DCMAKE_BUILD_TYPE=Release -DCMAKE_INSTALL_PREFIX=/home/pcht/dev/comp0250_s26_labs/install/realsense_gazebo_plugin
[0.847s] DEBUG:colcon.colcon_core.event_handler.log_command:Invoking command in '/home/pcht/dev/comp0250_s26_labs/build/panda_description': CMAKE_PREFIX_PATH=${CMAKE_PREFIX_PATH}:/home/pcht/ws_moveit2/install/moveit_configs_utils:/home/pcht/ws_moveit2/install/launch_param_builder:/opt/ros/humble /usr/bin/cmake /home/pcht/dev/comp0250_s26_labs/courseworks/panda_description -DCMAKE_BUILD_TYPE=Release -DCMAKE_INSTALL_PREFIX=/home/pcht/dev/comp0250_s26_labs/install/panda_description
[2.923s] DEBUG:colcon.colcon_core.event_handler.log_command:Invoked command in '/home/pcht/dev/comp0250_s26_labs/build/panda_moveit_config' returned '0': CMAKE_PREFIX_PATH=${CMAKE_PREFIX_PATH}:/home/pcht/ws_moveit2/install/moveit_configs_utils:/home/pcht/ws_moveit2/install/launch_param_builder:/opt/ros/humble /usr/bin/cmake /home/pcht/dev/comp0250_s26_labs/courseworks/panda_moveit_config -DCMAKE_BUILD_TYPE=Release -DCMAKE_INSTALL_PREFIX=/home/pcht/dev/comp0250_s26_labs/install/panda_moveit_config
[2.924s] DEBUG:colcon.colcon_core.event_handler.log_command:Invoking command in '/home/pcht/dev/comp0250_s26_labs/build/panda_moveit_config': CMAKE_PREFIX_PATH=${CMAKE_PREFIX_PATH}:/home/pcht/ws_moveit2/install/moveit_configs_utils:/home/pcht/ws_moveit2/install/launch_param_builder:/opt/ros/humble /usr/bin/cmake --build /home/pcht/dev/comp0250_s26_labs/build/panda_moveit_config -- -j16 -l16
[2.970s] DEBUG:colcon.colcon_core.event_handler.log_command:Invoked command in '/home/pcht/dev/comp0250_s26_labs/build/panda_moveit_config' returned '0': CMAKE_PREFIX_PATH=${CMAKE_PREFIX_PATH}:/home/pcht/ws_moveit2/install/moveit_configs_utils:/home/pcht/ws_moveit2/install/launch_param_builder:/opt/ros/humble /usr/bin/cmake --build /home/pcht/dev/comp0250_s26_labs/build/panda_moveit_config -- -j16 -l16
[2.982s] DEBUG:colcon.colcon_core.event_handler.log_command:Invoking command in '/home/pcht/dev/comp0250_s26_labs/build/panda_moveit_config': CMAKE_PREFIX_PATH=${CMAKE_PREFIX_PATH}:/home/pcht/ws_moveit2/install/moveit_configs_utils:/home/pcht/ws_moveit2/install/launch_param_builder:/opt/ros/humble /usr/bin/cmake --install /home/pcht/dev/comp0250_s26_labs/build/panda_moveit_config
[3.001s] Level 1:colcon.colcon_core.environment:create_environment_scripts_only(panda_moveit_config)
[3.001s] DEBUG:colcon.colcon_core.event_handler.log_command:Invoked command in '/home/pcht/dev/comp0250_s26_labs/build/panda_moveit_config' returned '0': CMAKE_PREFIX_PATH=${CMAKE_PREFIX_PATH}:/home/pcht/ws_moveit2/install/moveit_configs_utils:/home/pcht/ws_moveit2/install/launch_param_builder:/opt/ros/humble /usr/bin/cmake --install /home/pcht/dev/comp0250_s26_labs/build/panda_moveit_config
[3.010s] Level 1:colcon.colcon_core.environment:checking '/home/pcht/dev/comp0250_s26_labs/install/panda_moveit_config' for CMake module files
[3.010s] Level 1:colcon.colcon_core.environment:checking '/home/pcht/dev/comp0250_s26_labs/install/panda_moveit_config' for CMake config files
[3.011s] Level 1:colcon.colcon_core.shell:create_environment_hook('panda_moveit_config', 'cmake_prefix_path')
[3.011s] INFO:colcon.colcon_core.shell:Creating environment hook '/home/pcht/dev/comp0250_s26_labs/install/panda_moveit_config/share/panda_moveit_config/hook/cmake_prefix_path.ps1'
[3.013s] INFO:colcon.colcon_core.shell:Creating environment descriptor '/home/pcht/dev/comp0250_s26_labs/install/panda_moveit_config/share/panda_moveit_config/hook/cmake_prefix_path.dsv'
[3.013s] INFO:colcon.colcon_core.shell:Creating environment hook '/home/pcht/dev/comp0250_s26_labs/install/panda_moveit_config/share/panda_moveit_config/hook/cmake_prefix_path.sh'
[3.014s] Level 1:colcon.colcon_core.environment:checking '/home/pcht/dev/comp0250_s26_labs/install/panda_moveit_config/bin'
[3.015s] Level 1:colcon.colcon_core.environment:checking '/home/pcht/dev/comp0250_s26_labs/install/panda_moveit_config/lib/pkgconfig/panda_moveit_config.pc'
[3.015s] Level 1:colcon.colcon_core.environment:checking '/home/pcht/dev/comp0250_s26_labs/install/panda_moveit_config/lib/python3.10/site-packages'
[3.015s] Level 1:colcon.colcon_core.environment:checking '/home/pcht/dev/comp0250_s26_labs/install/panda_moveit_config/bin'
[3.015s] INFO:colcon.colcon_core.shell:Creating package script '/home/pcht/dev/comp0250_s26_labs/install/panda_moveit_config/share/panda_moveit_config/package.ps1'
[3.016s] INFO:colcon.colcon_core.shell:Creating package descriptor '/home/pcht/dev/comp0250_s26_labs/install/panda_moveit_config/share/panda_moveit_config/package.dsv'
[3.017s] INFO:colcon.colcon_core.shell:Creating package script '/home/pcht/dev/comp0250_s26_labs/install/panda_moveit_config/share/panda_moveit_config/package.sh'
[3.019s] INFO:colcon.colcon_core.shell:Creating package script '/home/pcht/dev/comp0250_s26_labs/install/panda_moveit_config/share/panda_moveit_config/package.bash'
[3.020s] INFO:colcon.colcon_core.shell:Creating package script '/home/pcht/dev/comp0250_s26_labs/install/panda_moveit_config/share/panda_moveit_config/package.zsh'
[3.021s] Level 1:colcon.colcon_core.environment:create_file_with_runtime_dependencies(/home/pcht/dev/comp0250_s26_labs/install/panda_moveit_config/share/colcon-core/packages/panda_moveit_config)
[3.022s] Level 1:colcon.colcon_core.environment:create_environment_scripts_only(panda_moveit_config)
[3.022s] Level 1:colcon.colcon_core.environment:checking '/home/pcht/dev/comp0250_s26_labs/install/panda_moveit_config' for CMake module files
[3.023s] Level 1:colcon.colcon_core.environment:checking '/home/pcht/dev/comp0250_s26_labs/install/panda_moveit_config' for CMake config files
[3.023s] Level 1:colcon.colcon_core.shell:create_environment_hook('panda_moveit_config', 'cmake_prefix_path')
[3.023s] INFO:colcon.colcon_core.shell:Creating environment hook '/home/pcht/dev/comp0250_s26_labs/install/panda_moveit_config/share/panda_moveit_config/hook/cmake_prefix_path.ps1'
[3.023s] INFO:colcon.colcon_core.shell:Creating environment descriptor '/home/pcht/dev/comp0250_s26_labs/install/panda_moveit_config/share/panda_moveit_config/hook/cmake_prefix_path.dsv'
[3.024s] INFO:colcon.colcon_core.shell:Creating environment hook '/home/pcht/dev/comp0250_s26_labs/install/panda_moveit_config/share/panda_moveit_config/hook/cmake_prefix_path.sh'
[3.024s] Level 1:colcon.colcon_core.environment:checking '/home/pcht/dev/comp0250_s26_labs/install/panda_moveit_config/bin'
[3.024s] Level 1:colcon.colcon_core.environment:checking '/home/pcht/dev/comp0250_s26_labs/install/panda_moveit_config/lib/pkgconfig/panda_moveit_config.pc'
[3.024s] Level 1:colcon.colcon_core.environment:checking '/home/pcht/dev/comp0250_s26_labs/install/panda_moveit_config/lib/python3.10/site-packages'
[3.025s] Level 1:colcon.colcon_core.environment:checking '/home/pcht/dev/comp0250_s26_labs/install/panda_moveit_config/bin'
[3.025s] INFO:colcon.colcon_core.shell:Creating package script '/home/pcht/dev/comp0250_s26_labs/install/panda_moveit_config/share/panda_moveit_config/package.ps1'
[3.025s] INFO:colcon.colcon_core.shell:Creating package descriptor '/home/pcht/dev/comp0250_s26_labs/install/panda_moveit_config/share/panda_moveit_config/package.dsv'
[3.026s] INFO:colcon.colcon_core.shell:Creating package script '/home/pcht/dev/comp0250_s26_labs/install/panda_moveit_config/share/panda_moveit_config/package.sh'
[3.026s] INFO:colcon.colcon_core.shell:Creating package script '/home/pcht/dev/comp0250_s26_labs/install/panda_moveit_config/share/panda_moveit_config/package.bash'
[3.026s] INFO:colcon.colcon_core.shell:Creating package script '/home/pcht/dev/comp0250_s26_labs/install/panda_moveit_config/share/panda_moveit_config/package.zsh'
[3.026s] Level 1:colcon.colcon_core.environment:create_file_with_runtime_dependencies(/home/pcht/dev/comp0250_s26_labs/install/panda_moveit_config/share/colcon-core/packages/panda_moveit_config)
[3.053s] DEBUG:colcon.colcon_core.event_handler.log_command:Invoked command in '/home/pcht/dev/comp0250_s26_labs/build/panda_description' returned '0': CMAKE_PREFIX_PATH=${CMAKE_PREFIX_PATH}:/home/pcht/ws_moveit2/install/moveit_configs_utils:/home/pcht/ws_moveit2/install/launch_param_builder:/opt/ros/humble /usr/bin/cmake /home/pcht/dev/comp0250_s26_labs/courseworks/panda_description -DCMAKE_BUILD_TYPE=Release -DCMAKE_INSTALL_PREFIX=/home/pcht/dev/comp0250_s26_labs/install/panda_description
[3.055s] DEBUG:colcon.colcon_core.event_handler.log_command:Invoking command in '/home/pcht/dev/comp0250_s26_labs/build/panda_description': CMAKE_PREFIX_PATH=${CMAKE_PREFIX_PATH}:/home/pcht/ws_moveit2/install/moveit_configs_utils:/home/pcht/ws_moveit2/install/launch_param_builder:/opt/ros/humble /usr/bin/cmake --build /home/pcht/dev/comp0250_s26_labs/build/panda_description -- -j16 -l16
[3.101s] DEBUG:colcon.colcon_core.event_handler.log_command:Invoked command in '/home/pcht/dev/comp0250_s26_labs/build/panda_description' returned '0': CMAKE_PREFIX_PATH=${CMAKE_PREFIX_PATH}:/home/pcht/ws_moveit2/install/moveit_configs_utils:/home/pcht/ws_moveit2/install/launch_param_builder:/opt/ros/humble /usr/bin/cmake --build /home/pcht/dev/comp0250_s26_labs/build/panda_description -- -j16 -l16
[3.102s] DEBUG:colcon.colcon_core.event_handler.log_command:Invoking command in '/home/pcht/dev/comp0250_s26_labs/build/panda_description': CMAKE_PREFIX_PATH=${CMAKE_PREFIX_PATH}:/home/pcht/ws_moveit2/install/moveit_configs_utils:/home/pcht/ws_moveit2/install/launch_param_builder:/opt/ros/humble /usr/bin/cmake --install /home/pcht/dev/comp0250_s26_labs/build/panda_description
[3.128s] Level 1:colcon.colcon_core.environment:create_environment_scripts_only(panda_description)
[3.128s] Level 1:colcon.colcon_core.environment:checking '/home/pcht/dev/comp0250_s26_labs/install/panda_description' for CMake module files
[3.129s] DEBUG:colcon.colcon_core.event_handler.log_command:Invoked command in '/home/pcht/dev/comp0250_s26_labs/build/panda_description' returned '0': CMAKE_PREFIX_PATH=${CMAKE_PREFIX_PATH}:/home/pcht/ws_moveit2/install/moveit_configs_utils:/home/pcht/ws_moveit2/install/launch_param_builder:/opt/ros/humble /usr/bin/cmake --install /home/pcht/dev/comp0250_s26_labs/build/panda_description
[3.129s] Level 1:colcon.colcon_core.environment:checking '/home/pcht/dev/comp0250_s26_labs/install/panda_description' for CMake config files
[3.129s] Level 1:colcon.colcon_core.shell:create_environment_hook('panda_description', 'cmake_prefix_path')
[3.130s] INFO:colcon.colcon_core.shell:Creating environment hook '/home/pcht/dev/comp0250_s26_labs/install/panda_description/share/panda_description/hook/cmake_prefix_path.ps1'
[3.130s] INFO:colcon.colcon_core.shell:Creating environment descriptor '/home/pcht/dev/comp0250_s26_labs/install/panda_description/share/panda_description/hook/cmake_prefix_path.dsv'
[3.130s] INFO:colcon.colcon_core.shell:Creating environment hook '/home/pcht/dev/comp0250_s26_labs/install/panda_description/share/panda_description/hook/cmake_prefix_path.sh'
[3.131s] Level 1:colcon.colcon_core.environment:checking '/home/pcht/dev/comp0250_s26_labs/install/panda_description/bin'
[3.131s] Level 1:colcon.colcon_core.environment:checking '/home/pcht/dev/comp0250_s26_labs/install/panda_description/lib/pkgconfig/panda_description.pc'
[3.131s] Level 1:colcon.colcon_core.environment:checking '/home/pcht/dev/comp0250_s26_labs/install/panda_description/lib/python3.10/site-packages'
[3.131s] Level 1:colcon.colcon_core.environment:checking '/home/pcht/dev/comp0250_s26_labs/install/panda_description/bin'
[3.132s] INFO:colcon.colcon_core.shell:Creating package script '/home/pcht/dev/comp0250_s26_labs/install/panda_description/share/panda_description/package.ps1'
[3.132s] INFO:colcon.colcon_core.shell:Creating package descriptor '/home/pcht/dev/comp0250_s26_labs/install/panda_description/share/panda_description/package.dsv'
[3.132s] INFO:colcon.colcon_core.shell:Creating package script '/home/pcht/dev/comp0250_s26_labs/install/panda_description/share/panda_description/package.sh'
[3.133s] INFO:colcon.colcon_core.shell:Creating package script '/home/pcht/dev/comp0250_s26_labs/install/panda_description/share/panda_description/package.bash'
[3.133s] INFO:colcon.colcon_core.shell:Creating package script '/home/pcht/dev/comp0250_s26_labs/install/panda_description/share/panda_description/package.zsh'
[3.133s] Level 1:colcon.colcon_core.environment:create_file_with_runtime_dependencies(/home/pcht/dev/comp0250_s26_labs/install/panda_description/share/colcon-core/packages/panda_description)
[3.134s] Level 1:colcon.colcon_core.environment:create_environment_scripts_only(panda_description)
[3.134s] Level 1:colcon.colcon_core.environment:checking '/home/pcht/dev/comp0250_s26_labs/install/panda_description' for CMake module files
[3.134s] Level 1:colcon.colcon_core.environment:checking '/home/pcht/dev/comp0250_s26_labs/install/panda_description' for CMake config files
[3.134s] Level 1:colcon.colcon_core.shell:create_environment_hook('panda_description', 'cmake_prefix_path')
[3.135s] INFO:colcon.colcon_core.shell:Creating environment hook '/home/pcht/dev/comp0250_s26_labs/install/panda_description/share/panda_description/hook/cmake_prefix_path.ps1'
[3.135s] INFO:colcon.colcon_core.shell:Creating environment descriptor '/home/pcht/dev/comp0250_s26_labs/install/panda_description/share/panda_description/hook/cmake_prefix_path.dsv'
[3.135s] INFO:colcon.colcon_core.shell:Creating environment hook '/home/pcht/dev/comp0250_s26_labs/install/panda_description/share/panda_description/hook/cmake_prefix_path.sh'
[3.135s] Level 1:colcon.colcon_core.environment:checking '/home/pcht/dev/comp0250_s26_labs/install/panda_description/bin'
[3.136s] Level 1:colcon.colcon_core.environment:checking '/home/pcht/dev/comp0250_s26_labs/install/panda_description/lib/pkgconfig/panda_description.pc'
[3.136s] Level 1:colcon.colcon_core.environment:checking '/home/pcht/dev/comp0250_s26_labs/install/panda_description/lib/python3.10/site-packages'
[3.136s] Level 1:colcon.colcon_core.environment:checking '/home/pcht/dev/comp0250_s26_labs/install/panda_description/bin'
[3.136s] INFO:colcon.colcon_core.shell:Creating package script '/home/pcht/dev/comp0250_s26_labs/install/panda_description/share/panda_description/package.ps1'
[3.137s] INFO:colcon.colcon_core.shell:Creating package descriptor '/home/pcht/dev/comp0250_s26_labs/install/panda_description/share/panda_description/package.dsv'
[3.137s] INFO:colcon.colcon_core.shell:Creating package script '/home/pcht/dev/comp0250_s26_labs/install/panda_description/share/panda_description/package.sh'
[3.137s] INFO:colcon.colcon_core.shell:Creating package script '/home/pcht/dev/comp0250_s26_labs/install/panda_description/share/panda_description/package.bash'
[3.138s] INFO:colcon.colcon_core.shell:Creating package script '/home/pcht/dev/comp0250_s26_labs/install/panda_description/share/panda_description/package.zsh'
[3.138s] Level 1:colcon.colcon_core.environment:create_file_with_runtime_dependencies(/home/pcht/dev/comp0250_s26_labs/install/panda_description/share/colcon-core/packages/panda_description)
[5.413s] DEBUG:colcon.colcon_core.event_handler.log_command:Invoked command in '/home/pcht/dev/comp0250_s26_labs/build/cw1_world_spawner' returned '0': CMAKE_PREFIX_PATH=${CMAKE_PREFIX_PATH}:/home/pcht/ws_moveit2/install/moveit_configs_utils:/home/pcht/ws_moveit2/install/launch_param_builder:/opt/ros/humble /usr/bin/cmake /home/pcht/dev/comp0250_s26_labs/courseworks/cw1_world_spawner -DCMAKE_BUILD_TYPE=Release -DCMAKE_INSTALL_PREFIX=/home/pcht/dev/comp0250_s26_labs/install/cw1_world_spawner
[5.414s] DEBUG:colcon.colcon_core.event_handler.log_command:Invoking command in '/home/pcht/dev/comp0250_s26_labs/build/cw1_world_spawner': CMAKE_PREFIX_PATH=${CMAKE_PREFIX_PATH}:/home/pcht/ws_moveit2/install/moveit_configs_utils:/home/pcht/ws_moveit2/install/launch_param_builder:/opt/ros/humble /usr/bin/cmake --build /home/pcht/dev/comp0250_s26_labs/build/cw1_world_spawner -- -j16 -l16
[9.164s] DEBUG:colcon.colcon_core.event_handler.log_command:Invoked command in '/home/pcht/dev/comp0250_s26_labs/build/cw1_world_spawner' returned '0': CMAKE_PREFIX_PATH=${CMAKE_PREFIX_PATH}:/home/pcht/ws_moveit2/install/moveit_configs_utils:/home/pcht/ws_moveit2/install/launch_param_builder:/opt/ros/humble /usr/bin/cmake --build /home/pcht/dev/comp0250_s26_labs/build/cw1_world_spawner -- -j16 -l16
[9.166s] DEBUG:colcon.colcon_core.event_handler.log_command:Invoking command in '/home/pcht/dev/comp0250_s26_labs/build/cw1_world_spawner': CMAKE_PREFIX_PATH=${CMAKE_PREFIX_PATH}:/home/pcht/ws_moveit2/install/moveit_configs_utils:/home/pcht/ws_moveit2/install/launch_param_builder:/opt/ros/humble /usr/bin/cmake --install /home/pcht/dev/comp0250_s26_labs/build/cw1_world_spawner
[9.289s] Level 1:colcon.colcon_core.environment:create_environment_scripts_only(cw1_world_spawner)
[9.290s] Level 1:colcon.colcon_core.environment:checking '/home/pcht/dev/comp0250_s26_labs/install/cw1_world_spawner' for CMake module files
[9.291s] DEBUG:colcon.colcon_core.event_handler.log_command:Invoked command in '/home/pcht/dev/comp0250_s26_labs/build/cw1_world_spawner' returned '0': CMAKE_PREFIX_PATH=${CMAKE_PREFIX_PATH}:/home/pcht/ws_moveit2/install/moveit_configs_utils:/home/pcht/ws_moveit2/install/launch_param_builder:/opt/ros/humble /usr/bin/cmake --install /home/pcht/dev/comp0250_s26_labs/build/cw1_world_spawner
[9.292s] Level 1:colcon.colcon_core.environment:checking '/home/pcht/dev/comp0250_s26_labs/install/cw1_world_spawner' for CMake config files
[9.292s] Level 1:colcon.colcon_core.shell:create_environment_hook('cw1_world_spawner', 'cmake_prefix_path')
[9.292s] INFO:colcon.colcon_core.shell:Creating environment hook '/home/pcht/dev/comp0250_s26_labs/install/cw1_world_spawner/share/cw1_world_spawner/hook/cmake_prefix_path.ps1'
[9.293s] INFO:colcon.colcon_core.shell:Creating environment descriptor '/home/pcht/dev/comp0250_s26_labs/install/cw1_world_spawner/share/cw1_world_spawner/hook/cmake_prefix_path.dsv'
[9.293s] INFO:colcon.colcon_core.shell:Creating environment hook '/home/pcht/dev/comp0250_s26_labs/install/cw1_world_spawner/share/cw1_world_spawner/hook/cmake_prefix_path.sh'
[9.294s] Level 1:colcon.colcon_core.environment:checking '/home/pcht/dev/comp0250_s26_labs/install/cw1_world_spawner/lib'
[9.294s] Level 1:colcon.colcon_core.shell:create_environment_hook('cw1_world_spawner', 'ld_library_path_lib')
[9.294s] INFO:colcon.colcon_core.shell:Creating environment hook '/home/pcht/dev/comp0250_s26_labs/install/cw1_world_spawner/share/cw1_world_spawner/hook/ld_library_path_lib.ps1'
[9.295s] INFO:colcon.colcon_core.shell:Creating environment descriptor '/home/pcht/dev/comp0250_s26_labs/install/cw1_world_spawner/share/cw1_world_spawner/hook/ld_library_path_lib.dsv'
[9.295s] INFO:colcon.colcon_core.shell:Creating environment hook '/home/pcht/dev/comp0250_s26_labs/install/cw1_world_spawner/share/cw1_world_spawner/hook/ld_library_path_lib.sh'
[9.295s] Level 1:colcon.colcon_core.environment:checking '/home/pcht/dev/comp0250_s26_labs/install/cw1_world_spawner/bin'
[9.295s] Level 1:colcon.colcon_core.environment:checking '/home/pcht/dev/comp0250_s26_labs/install/cw1_world_spawner/lib/pkgconfig/cw1_world_spawner.pc'
[9.295s] Level 1:colcon.colcon_core.environment:checking '/home/pcht/dev/comp0250_s26_labs/install/cw1_world_spawner/lib/python3.10/site-packages'
[9.296s] Level 1:colcon.colcon_core.environment:checking '/home/pcht/dev/comp0250_s26_labs/install/cw1_world_spawner/bin'
[9.296s] INFO:colcon.colcon_core.shell:Creating package script '/home/pcht/dev/comp0250_s26_labs/install/cw1_world_spawner/share/cw1_world_spawner/package.ps1'
[9.296s] INFO:colcon.colcon_core.shell:Creating package descriptor '/home/pcht/dev/comp0250_s26_labs/install/cw1_world_spawner/share/cw1_world_spawner/package.dsv'
[9.297s] INFO:colcon.colcon_core.shell:Creating package script '/home/pcht/dev/comp0250_s26_labs/install/cw1_world_spawner/share/cw1_world_spawner/package.sh'
[9.297s] INFO:colcon.colcon_core.shell:Creating package script '/home/pcht/dev/comp0250_s26_labs/install/cw1_world_spawner/share/cw1_world_spawner/package.bash'
[9.297s] INFO:colcon.colcon_core.shell:Creating package script '/home/pcht/dev/comp0250_s26_labs/install/cw1_world_spawner/share/cw1_world_spawner/package.zsh'
[9.297s] Level 1:colcon.colcon_core.environment:create_file_with_runtime_dependencies(/home/pcht/dev/comp0250_s26_labs/install/cw1_world_spawner/share/colcon-core/packages/cw1_world_spawner)
[9.298s] Level 1:colcon.colcon_core.environment:create_environment_scripts_only(cw1_world_spawner)
[9.298s] Level 1:colcon.colcon_core.environment:checking '/home/pcht/dev/comp0250_s26_labs/install/cw1_world_spawner' for CMake module files
[9.299s] Level 1:colcon.colcon_core.environment:checking '/home/pcht/dev/comp0250_s26_labs/install/cw1_world_spawner' for CMake config files
[9.299s] Level 1:colcon.colcon_core.shell:create_environment_hook('cw1_world_spawner', 'cmake_prefix_path')
[9.299s] INFO:colcon.colcon_core.shell:Creating environment hook '/home/pcht/dev/comp0250_s26_labs/install/cw1_world_spawner/share/cw1_world_spawner/hook/cmake_prefix_path.ps1'
[9.300s] INFO:colcon.colcon_core.shell:Creating environment descriptor '/home/pcht/dev/comp0250_s26_labs/install/cw1_world_spawner/share/cw1_world_spawner/hook/cmake_prefix_path.dsv'
[9.300s] INFO:colcon.colcon_core.shell:Creating environment hook '/home/pcht/dev/comp0250_s26_labs/install/cw1_world_spawner/share/cw1_world_spawner/hook/cmake_prefix_path.sh'
[9.300s] Level 1:colcon.colcon_core.environment:checking '/home/pcht/dev/comp0250_s26_labs/install/cw1_world_spawner/lib'
[9.300s] Level 1:colcon.colcon_core.shell:create_environment_hook('cw1_world_spawner', 'ld_library_path_lib')
[9.300s] INFO:colcon.colcon_core.shell:Creating environment hook '/home/pcht/dev/comp0250_s26_labs/install/cw1_world_spawner/share/cw1_world_spawner/hook/ld_library_path_lib.ps1'
[9.301s] INFO:colcon.colcon_core.shell:Creating environment descriptor '/home/pcht/dev/comp0250_s26_labs/install/cw1_world_spawner/share/cw1_world_spawner/hook/ld_library_path_lib.dsv'
[9.301s] INFO:colcon.colcon_core.shell:Creating environment hook '/home/pcht/dev/comp0250_s26_labs/install/cw1_world_spawner/share/cw1_world_spawner/hook/ld_library_path_lib.sh'
[9.301s] Level 1:colcon.colcon_core.environment:checking '/home/pcht/dev/comp0250_s26_labs/install/cw1_world_spawner/bin'
[9.301s] Level 1:colcon.colcon_core.environment:checking '/home/pcht/dev/comp0250_s26_labs/install/cw1_world_spawner/lib/pkgconfig/cw1_world_spawner.pc'
[9.302s] Level 1:colcon.colcon_core.environment:checking '/home/pcht/dev/comp0250_s26_labs/install/cw1_world_spawner/lib/python3.10/site-packages'
[9.302s] Level 1:colcon.colcon_core.environment:checking '/home/pcht/dev/comp0250_s26_labs/install/cw1_world_spawner/bin'
[9.302s] INFO:colcon.colcon_core.shell:Creating package script '/home/pcht/dev/comp0250_s26_labs/install/cw1_world_spawner/share/cw1_world_spawner/package.ps1'
[9.302s] INFO:colcon.colcon_core.shell:Creating package descriptor '/home/pcht/dev/comp0250_s26_labs/install/cw1_world_spawner/share/cw1_world_spawner/package.dsv'
[9.303s] INFO:colcon.colcon_core.shell:Creating package script '/home/pcht/dev/comp0250_s26_labs/install/cw1_world_spawner/share/cw1_world_spawner/package.sh'
[9.303s] INFO:colcon.colcon_core.shell:Creating package script '/home/pcht/dev/comp0250_s26_labs/install/cw1_world_spawner/share/cw1_world_spawner/package.bash'
[9.304s] INFO:colcon.colcon_core.shell:Creating package script '/home/pcht/dev/comp0250_s26_labs/install/cw1_world_spawner/share/cw1_world_spawner/package.zsh'
[9.304s] Level 1:colcon.colcon_core.environment:create_file_with_runtime_dependencies(/home/pcht/dev/comp0250_s26_labs/install/cw1_world_spawner/share/colcon-core/packages/cw1_world_spawner)
[9.304s] INFO:colcon.colcon_ros.task.ament_cmake.build:Building ROS package in '/home/pcht/dev/comp0250_s26_labs/courseworks/cw1_team_x' with build type 'ament_cmake'
[9.304s] INFO:colcon.colcon_cmake.task.cmake.build:Building CMake package in '/home/pcht/dev/comp0250_s26_labs/courseworks/cw1_team_x'
[9.305s] INFO:colcon.colcon_core.shell:Skip shell extension 'powershell' for command environment: Not usable outside of PowerShell
[9.305s] DEBUG:colcon.colcon_core.shell:Skip shell extension 'dsv' for command environment
[9.478s] DEBUG:colcon.colcon_core.event_handler.log_command:Invoking command in '/home/pcht/dev/comp0250_s26_labs/build/cw1_team_x': AMENT_PREFIX_PATH=/home/pcht/dev/comp0250_s26_labs/install/cw1_world_spawner:${AMENT_PREFIX_PATH} CMAKE_PREFIX_PATH=/home/pcht/dev/comp0250_s26_labs/install/cw1_world_spawner:/home/pcht/ws_moveit2/install/pilz_industrial_motion_planner_testutils:/home/pcht/ws_moveit2/install/moveit_runtime:/home/pcht/ws_moveit2/install/moveit2_tutorials:/home/pcht/ws_moveit2/install/moveit:/home/pcht/ws_moveit2/install/moveit_planners:/home/pcht/ws_moveit2/install/pilz_industrial_motion_planner:/home/pcht/ws_moveit2/install/mtc_tutorial:/home/pcht/ws_moveit2/install/moveit_visual_tools:/home/pcht/ws_moveit2/install/moveit_task_constructor_visualization:/home/pcht/ws_moveit2/install/moveit_task_constructor_demo:/home/pcht/ws_moveit2/install/moveit_task_constructor_capabilities:/home/pcht/ws_moveit2/install/moveit_task_constructor_core:/home/pcht/ws_moveit2/install/moveit_ros_control_interface:/home/pcht/ws_moveit2/install/moveit_plugins:/home/pcht/ws_moveit2/install/moveit_simple_controller_manager:/home/pcht/ws_moveit2/install/moveit_setup_assistant:/home/pcht/ws_moveit2/install/moveit_setup_srdf_plugins:/home/pcht/ws_moveit2/install/moveit_setup_core_plugins:/home/pcht/ws_moveit2/install/moveit_setup_controllers:/home/pcht/ws_moveit2/install/moveit_setup_app_plugins:/home/pcht/ws_moveit2/install/moveit_setup_framework:/home/pcht/ws_moveit2/install/moveit_servo:/home/pcht/ws_moveit2/install/moveit_ros:/home/pcht/ws_moveit2/install/moveit_ros_visualization:/home/pcht/ws_moveit2/install/moveit_py:/home/pcht/ws_moveit2/install/moveit_hybrid_planning:/home/pcht/ws_moveit2/install/moveit_ros_planning_interface:/home/pcht/ws_moveit2/install/moveit_ros_benchmarks:/home/pcht/ws_moveit2/install/moveit_ros_warehouse:/home/pcht/ws_moveit2/install/moveit_ros_robot_interaction:/home/pcht/ws_moveit2/install/moveit_ros_perception:/home/pcht/ws_moveit2/install/moveit_resources_prbt_pg70_support:/home/pcht/ws_moveit2/install/moveit_resources_prbt_moveit_config:/home/pcht/ws_moveit2/install/moveit_ros_move_group:/home/pcht/ws_moveit2/install/moveit_planners_ompl:/home/pcht/ws_moveit2/install/moveit_ros_planning:/home/pcht/ws_moveit2/install/moveit_ros_occupancy_map_monitor:/home/pcht/ws_moveit2/install/moveit_resources_prbt_ikfast_manipulator_plugin:/home/pcht/ws_moveit2/install/moveit_planners_chomp:/home/pcht/ws_moveit2/install/moveit_kinematics:/home/pcht/ws_moveit2/install/moveit_chomp_optimizer_adapter:/home/pcht/ws_moveit2/install/chomp_motion_planner:/home/pcht/ws_moveit2/install/moveit_core:/home/pcht/ws_moveit2/install/srdfdom:/home/pcht/ws_moveit2/install/rviz_marker_tools:/home/pcht/ws_moveit2/install/rosparam_shortcuts:/home/pcht/ws_moveit2/install/moveit_task_constructor_msgs:/home/pcht/ws_moveit2/install/moveit_resources_prbt_support:/home/pcht/ws_moveit2/install/moveit_resources:/home/pcht/ws_moveit2/install/moveit_resources_pr2_description:/home/pcht/ws_moveit2/install/moveit_resources_panda_moveit_config:/home/pcht/ws_moveit2/install/moveit_resources_panda_description:/home/pcht/ws_moveit2/install/moveit_resources_fanuc_moveit_config:/home/pcht/ws_moveit2/install/moveit_resources_fanuc_description:/home/pcht/ws_moveit2/install/moveit_common:/home/pcht/ws_moveit2/install/moveit_configs_utils:/home/pcht/ws_moveit2/install/launch_param_builder:/opt/ros/humble LD_LIBRARY_PATH=/home/pcht/dev/comp0250_s26_labs/install/cw1_world_spawner/lib:${LD_LIBRARY_PATH} PYTHONPATH=/home/pcht/dev/comp0250_s26_labs/install/cw1_world_spawner/local/lib/python3.10/dist-packages:${PYTHONPATH} /usr/bin/cmake /home/pcht/dev/comp0250_s26_labs/courseworks/cw1_team_x -DCMAKE_BUILD_TYPE=Release -DCMAKE_INSTALL_PREFIX=/home/pcht/dev/comp0250_s26_labs/install/cw1_team_x
[57.799s] DEBUG:colcon.colcon_core.event_handler.log_command:Invoked command in '/home/pcht/dev/comp0250_s26_labs/build/cw1_team_x' returned '0': AMENT_PREFIX_PATH=/home/pcht/dev/comp0250_s26_labs/install/cw1_world_spawner:${AMENT_PREFIX_PATH} CMAKE_PREFIX_PATH=/home/pcht/dev/comp0250_s26_labs/install/cw1_world_spawner:/home/pcht/ws_moveit2/install/pilz_industrial_motion_planner_testutils:/home/pcht/ws_moveit2/install/moveit_runtime:/home/pcht/ws_moveit2/install/moveit2_tutorials:/home/pcht/ws_moveit2/install/moveit:/home/pcht/ws_moveit2/install/moveit_planners:/home/pcht/ws_moveit2/install/pilz_industrial_motion_planner:/home/pcht/ws_moveit2/install/mtc_tutorial:/home/pcht/ws_moveit2/install/moveit_visual_tools:/home/pcht/ws_moveit2/install/moveit_task_constructor_visualization:/home/pcht/ws_moveit2/install/moveit_task_constructor_demo:/home/pcht/ws_moveit2/install/moveit_task_constructor_capabilities:/home/pcht/ws_moveit2/install/moveit_task_constructor_core:/home/pcht/ws_moveit2/install/moveit_ros_control_interface:/home/pcht/ws_moveit2/install/moveit_plugins:/home/pcht/ws_moveit2/install/moveit_simple_controller_manager:/home/pcht/ws_moveit2/install/moveit_setup_assistant:/home/pcht/ws_moveit2/install/moveit_setup_srdf_plugins:/home/pcht/ws_moveit2/install/moveit_setup_core_plugins:/home/pcht/ws_moveit2/install/moveit_setup_controllers:/home/pcht/ws_moveit2/install/moveit_setup_app_plugins:/home/pcht/ws_moveit2/install/moveit_setup_framework:/home/pcht/ws_moveit2/install/moveit_servo:/home/pcht/ws_moveit2/install/moveit_ros:/home/pcht/ws_moveit2/install/moveit_ros_visualization:/home/pcht/ws_moveit2/install/moveit_py:/home/pcht/ws_moveit2/install/moveit_hybrid_planning:/home/pcht/ws_moveit2/install/moveit_ros_planning_interface:/home/pcht/ws_moveit2/install/moveit_ros_benchmarks:/home/pcht/ws_moveit2/install/moveit_ros_warehouse:/home/pcht/ws_moveit2/install/moveit_ros_robot_interaction:/home/pcht/ws_moveit2/install/moveit_ros_perception:/home/pcht/ws_moveit2/install/moveit_resources_prbt_pg70_support:/home/pcht/ws_moveit2/install/moveit_resources_prbt_moveit_config:/home/pcht/ws_moveit2/install/moveit_ros_move_group:/home/pcht/ws_moveit2/install/moveit_planners_ompl:/home/pcht/ws_moveit2/install/moveit_ros_planning:/home/pcht/ws_moveit2/install/moveit_ros_occupancy_map_monitor:/home/pcht/ws_moveit2/install/moveit_resources_prbt_ikfast_manipulator_plugin:/home/pcht/ws_moveit2/install/moveit_planners_chomp:/home/pcht/ws_moveit2/install/moveit_kinematics:/home/pcht/ws_moveit2/install/moveit_chomp_optimizer_adapter:/home/pcht/ws_moveit2/install/chomp_motion_planner:/home/pcht/ws_moveit2/install/moveit_core:/home/pcht/ws_moveit2/install/srdfdom:/home/pcht/ws_moveit2/install/rviz_marker_tools:/home/pcht/ws_moveit2/install/rosparam_shortcuts:/home/pcht/ws_moveit2/install/moveit_task_constructor_msgs:/home/pcht/ws_moveit2/install/moveit_resources_prbt_support:/home/pcht/ws_moveit2/install/moveit_resources:/home/pcht/ws_moveit2/install/moveit_resources_pr2_description:/home/pcht/ws_moveit2/install/moveit_resources_panda_moveit_config:/home/pcht/ws_moveit2/install/moveit_resources_panda_description:/home/pcht/ws_moveit2/install/moveit_resources_fanuc_moveit_config:/home/pcht/ws_moveit2/install/moveit_resources_fanuc_description:/home/pcht/ws_moveit2/install/moveit_common:/home/pcht/ws_moveit2/install/moveit_configs_utils:/home/pcht/ws_moveit2/install/launch_param_builder:/opt/ros/humble LD_LIBRARY_PATH=/home/pcht/dev/comp0250_s26_labs/install/cw1_world_spawner/lib:${LD_LIBRARY_PATH} PYTHONPATH=/home/pcht/dev/comp0250_s26_labs/install/cw1_world_spawner/local/lib/python3.10/dist-packages:${PYTHONPATH} /usr/bin/cmake /home/pcht/dev/comp0250_s26_labs/courseworks/cw1_team_x -DCMAKE_BUILD_TYPE=Release -DCMAKE_INSTALL_PREFIX=/home/pcht/dev/comp0250_s26_labs/install/cw1_team_x
[57.801s] DEBUG:colcon.colcon_core.event_handler.log_command:Invoking command in '/home/pcht/dev/comp0250_s26_labs/build/cw1_team_x': AMENT_PREFIX_PATH=/home/pcht/dev/comp0250_s26_labs/install/cw1_world_spawner:${AMENT_PREFIX_PATH} CMAKE_PREFIX_PATH=/home/pcht/dev/comp0250_s26_labs/install/cw1_world_spawner:/home/pcht/ws_moveit2/install/pilz_industrial_motion_planner_testutils:/home/pcht/ws_moveit2/install/moveit_runtime:/home/pcht/ws_moveit2/install/moveit2_tutorials:/home/pcht/ws_moveit2/install/moveit:/home/pcht/ws_moveit2/install/moveit_planners:/home/pcht/ws_moveit2/install/pilz_industrial_motion_planner:/home/pcht/ws_moveit2/install/mtc_tutorial:/home/pcht/ws_moveit2/install/moveit_visual_tools:/home/pcht/ws_moveit2/install/moveit_task_constructor_visualization:/home/pcht/ws_moveit2/install/moveit_task_constructor_demo:/home/pcht/ws_moveit2/install/moveit_task_constructor_capabilities:/home/pcht/ws_moveit2/install/moveit_task_constructor_core:/home/pcht/ws_moveit2/install/moveit_ros_control_interface:/home/pcht/ws_moveit2/install/moveit_plugins:/home/pcht/ws_moveit2/install/moveit_simple_controller_manager:/home/pcht/ws_moveit2/install/moveit_setup_assistant:/home/pcht/ws_moveit2/install/moveit_setup_srdf_plugins:/home/pcht/ws_moveit2/install/moveit_setup_core_plugins:/home/pcht/ws_moveit2/install/moveit_setup_controllers:/home/pcht/ws_moveit2/install/moveit_setup_app_plugins:/home/pcht/ws_moveit2/install/moveit_setup_framework:/home/pcht/ws_moveit2/install/moveit_servo:/home/pcht/ws_moveit2/install/moveit_ros:/home/pcht/ws_moveit2/install/moveit_ros_visualization:/home/pcht/ws_moveit2/install/moveit_py:/home/pcht/ws_moveit2/install/moveit_hybrid_planning:/home/pcht/ws_moveit2/install/moveit_ros_planning_interface:/home/pcht/ws_moveit2/install/moveit_ros_benchmarks:/home/pcht/ws_moveit2/install/moveit_ros_warehouse:/home/pcht/ws_moveit2/install/moveit_ros_robot_interaction:/home/pcht/ws_moveit2/install/moveit_ros_perception:/home/pcht/ws_moveit2/install/moveit_resources_prbt_pg70_support:/home/pcht/ws_moveit2/install/moveit_resources_prbt_moveit_config:/home/pcht/ws_moveit2/install/moveit_ros_move_group:/home/pcht/ws_moveit2/install/moveit_planners_ompl:/home/pcht/ws_moveit2/install/moveit_ros_planning:/home/pcht/ws_moveit2/install/moveit_ros_occupancy_map_monitor:/home/pcht/ws_moveit2/install/moveit_resources_prbt_ikfast_manipulator_plugin:/home/pcht/ws_moveit2/install/moveit_planners_chomp:/home/pcht/ws_moveit2/install/moveit_kinematics:/home/pcht/ws_moveit2/install/moveit_chomp_optimizer_adapter:/home/pcht/ws_moveit2/install/chomp_motion_planner:/home/pcht/ws_moveit2/install/moveit_core:/home/pcht/ws_moveit2/install/srdfdom:/home/pcht/ws_moveit2/install/rviz_marker_tools:/home/pcht/ws_moveit2/install/rosparam_shortcuts:/home/pcht/ws_moveit2/install/moveit_task_constructor_msgs:/home/pcht/ws_moveit2/install/moveit_resources_prbt_support:/home/pcht/ws_moveit2/install/moveit_resources:/home/pcht/ws_moveit2/install/moveit_resources_pr2_description:/home/pcht/ws_moveit2/install/moveit_resources_panda_moveit_config:/home/pcht/ws_moveit2/install/moveit_resources_panda_description:/home/pcht/ws_moveit2/install/moveit_resources_fanuc_moveit_config:/home/pcht/ws_moveit2/install/moveit_resources_fanuc_description:/home/pcht/ws_moveit2/install/moveit_common:/home/pcht/ws_moveit2/install/moveit_configs_utils:/home/pcht/ws_moveit2/install/launch_param_builder:/opt/ros/humble LD_LIBRARY_PATH=/home/pcht/dev/comp0250_s26_labs/install/cw1_world_spawner/lib:${LD_LIBRARY_PATH} PYTHONPATH=/home/pcht/dev/comp0250_s26_labs/install/cw1_world_spawner/local/lib/python3.10/dist-packages:${PYTHONPATH} /usr/bin/cmake --build /home/pcht/dev/comp0250_s26_labs/build/cw1_team_x -- -j16 -l16
[68.561s] DEBUG:colcon.colcon_core.event_handler.log_command:Invoked command in '/home/pcht/dev/comp0250_s26_labs/build/realsense_gazebo_plugin' returned '1': CMAKE_PREFIX_PATH=${CMAKE_PREFIX_PATH}:/home/pcht/ws_moveit2/install/moveit_configs_utils:/home/pcht/ws_moveit2/install/launch_param_builder:/opt/ros/humble /usr/bin/cmake /home/pcht/dev/comp0250_s26_labs/courseworks/realsense_gazebo_plugin -DCMAKE_BUILD_TYPE=Release -DCMAKE_INSTALL_PREFIX=/home/pcht/dev/comp0250_s26_labs/install/realsense_gazebo_plugin
[68.576s] Level 1:colcon.colcon_core.environment:create_environment_scripts_only(realsense_gazebo_plugin)
[68.576s] Level 1:colcon.colcon_core.environment:checking '/home/pcht/dev/comp0250_s26_labs/install/realsense_gazebo_plugin' for CMake module files
[68.576s] Level 1:colcon.colcon_core.environment:checking '/home/pcht/dev/comp0250_s26_labs/install/realsense_gazebo_plugin' for CMake config files
[68.577s] Level 1:colcon.colcon_core.environment:checking '/home/pcht/dev/comp0250_s26_labs/install/realsense_gazebo_plugin/bin'
[68.577s] Level 1:colcon.colcon_core.environment:checking '/home/pcht/dev/comp0250_s26_labs/install/realsense_gazebo_plugin/lib/pkgconfig/realsense_gazebo_plugin.pc'
[68.577s] Level 1:colcon.colcon_core.environment:checking '/home/pcht/dev/comp0250_s26_labs/install/realsense_gazebo_plugin/lib/python3.10/site-packages'
[68.577s] Level 1:colcon.colcon_core.environment:checking '/home/pcht/dev/comp0250_s26_labs/install/realsense_gazebo_plugin/bin'
[68.577s] INFO:colcon.colcon_core.shell:Creating package script '/home/pcht/dev/comp0250_s26_labs/install/realsense_gazebo_plugin/share/realsense_gazebo_plugin/package.ps1'
[68.578s] INFO:colcon.colcon_core.shell:Creating package descriptor '/home/pcht/dev/comp0250_s26_labs/install/realsense_gazebo_plugin/share/realsense_gazebo_plugin/package.dsv'
[68.579s] INFO:colcon.colcon_core.shell:Creating package script '/home/pcht/dev/comp0250_s26_labs/install/realsense_gazebo_plugin/share/realsense_gazebo_plugin/package.sh'
[68.579s] INFO:colcon.colcon_core.shell:Creating package script '/home/pcht/dev/comp0250_s26_labs/install/realsense_gazebo_plugin/share/realsense_gazebo_plugin/package.bash'
[68.579s] INFO:colcon.colcon_core.shell:Creating package script '/home/pcht/dev/comp0250_s26_labs/install/realsense_gazebo_plugin/share/realsense_gazebo_plugin/package.zsh'
[68.579s] Level 1:colcon.colcon_core.environment:create_file_with_runtime_dependencies(/home/pcht/dev/comp0250_s26_labs/install/realsense_gazebo_plugin/share/colcon-core/packages/realsense_gazebo_plugin)
[77.453s] DEBUG:colcon.colcon_parallel_executor.executor.parallel:closing loop
[77.454s] DEBUG:colcon.colcon_parallel_executor.executor.parallel:loop closed
[77.454s] DEBUG:colcon.colcon_parallel_executor.executor.parallel:run_until_complete finished with '1'
[77.454s] DEBUG:colcon.colcon_core.event_reactor:joining thread
[77.507s] INFO:colcon.colcon_core.plugin_system:Skipping extension 'colcon_notification.desktop_notification.notify_send': Could not find 'notify-send'
[77.507s] INFO:colcon.colcon_core.plugin_system:Skipping extension 'colcon_notification.desktop_notification.terminal_notifier': Not used on non-Darwin systems
[77.507s] INFO:colcon.colcon_core.plugin_system:Skipping extension 'colcon_notification.desktop_notification.win32': Not used on non-Windows systems
[77.507s] INFO:colcon.colcon_notification.desktop_notification:Sending desktop notification using 'notify2'
[77.529s] DEBUG:colcon.colcon_notification.desktop_notification.notify2:Failed to initialize notify2: org.freedesktop.DBus.Error.ServiceUnknown: The name org.freedesktop.Notifications was not provided by any .service files
[77.529s] DEBUG:colcon.colcon_core.event_reactor:joined thread
[77.529s] INFO:colcon.colcon_core.shell:Creating prefix script '/home/pcht/dev/comp0250_s26_labs/install/local_setup.ps1'
[77.531s] INFO:colcon.colcon_core.shell:Creating prefix util module '/home/pcht/dev/comp0250_s26_labs/install/_local_setup_util_ps1.py'
[77.533s] INFO:colcon.colcon_core.shell:Creating prefix chain script '/home/pcht/dev/comp0250_s26_labs/install/setup.ps1'
[77.535s] INFO:colcon.colcon_core.shell:Creating prefix script '/home/pcht/dev/comp0250_s26_labs/install/local_setup.sh'
[77.536s] INFO:colcon.colcon_core.shell:Creating prefix util module '/home/pcht/dev/comp0250_s26_labs/install/_local_setup_util_sh.py'
[77.536s] INFO:colcon.colcon_core.shell:Creating prefix chain script '/home/pcht/dev/comp0250_s26_labs/install/setup.sh'
[77.538s] INFO:colcon.colcon_core.shell:Creating prefix script '/home/pcht/dev/comp0250_s26_labs/install/local_setup.bash'
[77.539s] INFO:colcon.colcon_core.shell:Creating prefix chain script '/home/pcht/dev/comp0250_s26_labs/install/setup.bash'
[77.541s] INFO:colcon.colcon_core.shell:Creating prefix script '/home/pcht/dev/comp0250_s26_labs/install/local_setup.zsh'
[77.542s] INFO:colcon.colcon_core.shell:Creating prefix chain script '/home/pcht/dev/comp0250_s26_labs/install/setup.zsh'
