[0.140s] Invoking command in '/home/pcht/dev/comp0250_s26_labs/build/cw1_team_36': CMAKE_PREFIX_PATH=/home/pcht/dev/comp0250_s26_labs/install/cw1_world_spawner:/home/pcht/dev/comp0250_s26_labs/install/rpl_panda_with_rs:/home/pcht/dev/comp0250_s26_labs/install/realsense_gazebo_plugin:/home/pcht/dev/comp0250_s26_labs/install/panda_moveit_config:/home/pcht/dev/comp0250_s26_labs/install/panda_description:/home/pcht/dev/comp0250_s26_labs/install/cw1_team_x:/home/pcht/dev/comp0250_s26_labs/install/cw1_team_36:/home/pcht/ws_moveit2/install/pilz_industrial_motion_planner_testutils:/home/pcht/ws_moveit2/install/moveit_runtime:/home/pcht/ws_moveit2/install/moveit2_tutorials:/home/pcht/ws_moveit2/install/moveit:/home/pcht/ws_moveit2/install/moveit_planners:/home/pcht/ws_moveit2/install/pilz_industrial_motion_planner:/home/pcht/ws_moveit2/install/mtc_tutorial:/home/pcht/ws_moveit2/install/moveit_visual_tools:/home/pcht/ws_moveit2/install/moveit_task_constructor_visualization:/home/pcht/ws_moveit2/install/moveit_task_constructor_demo:/home/pcht/ws_moveit2/install/moveit_task_constructor_capabilities:/home/pcht/ws_moveit2/install/moveit_task_constructor_core:/home/pcht/ws_moveit2/install/moveit_ros_control_interface:/home/pcht/ws_moveit2/install/moveit_plugins:/home/pcht/ws_moveit2/install/moveit_simple_controller_manager:/home/pcht/ws_moveit2/install/moveit_setup_assistant:/home/pcht/ws_moveit2/install/moveit_setup_srdf_plugins:/home/pcht/ws_moveit2/install/moveit_setup_core_plugins:/home/pcht/ws_moveit2/install/moveit_setup_controllers:/home/pcht/ws_moveit2/install/moveit_setup_app_plugins:/home/pcht/ws_moveit2/install/moveit_setup_framework:/home/pcht/ws_moveit2/install/moveit_servo:/home/pcht/ws_moveit2/install/moveit_ros:/home/pcht/ws_moveit2/install/moveit_ros_visualization:/home/pcht/ws_moveit2/install/moveit_py:/home/pcht/ws_moveit2/install/moveit_hybrid_planning:/home/pcht/ws_moveit2/install/moveit_ros_planning_interface:/home/pcht/ws_moveit2/install/moveit_ros_benchmarks:/home/pcht/ws_moveit2/install/moveit_ros_warehouse:/home/pcht/ws_moveit2/install/moveit_ros_robot_interaction:/home/pcht/ws_moveit2/install/moveit_ros_perception:/home/pcht/ws_moveit2/install/moveit_resources_prbt_pg70_support:/home/pcht/ws_moveit2/install/moveit_resources_prbt_moveit_config:/home/pcht/ws_moveit2/install/moveit_ros_move_group:/home/pcht/ws_moveit2/install/moveit_planners_ompl:/home/pcht/ws_moveit2/install/moveit_ros_planning:/home/pcht/ws_moveit2/install/moveit_ros_occupancy_map_monitor:/home/pcht/ws_moveit2/install/moveit_resources_prbt_ikfast_manipulator_plugin:/home/pcht/ws_moveit2/install/moveit_planners_chomp:/home/pcht/ws_moveit2/install/moveit_kinematics:/home/pcht/ws_moveit2/install/moveit_chomp_optimizer_adapter:/home/pcht/ws_moveit2/install/chomp_motion_planner:/home/pcht/ws_moveit2/install/moveit_core:/home/pcht/ws_moveit2/install/srdfdom:/home/pcht/ws_moveit2/install/rviz_marker_tools:/home/pcht/ws_moveit2/install/rosparam_shortcuts:/home/pcht/ws_moveit2/install/moveit_task_constructor_msgs:/home/pcht/ws_moveit2/install/moveit_resources_prbt_support:/home/pcht/ws_moveit2/install/moveit_resources:/home/pcht/ws_moveit2/install/moveit_resources_pr2_description:/home/pcht/ws_moveit2/install/moveit_resources_panda_moveit_config:/home/pcht/ws_moveit2/install/moveit_resources_panda_description:/home/pcht/ws_moveit2/install/moveit_resources_fanuc_moveit_config:/home/pcht/ws_moveit2/install/moveit_resources_fanuc_description:/home/pcht/ws_moveit2/install/moveit_common:/home/pcht/ws_moveit2/install/moveit_configs_utils:/home/pcht/ws_moveit2/install/launch_param_builder:/opt/ros/humble LD_LIBRARY_PATH=/home/pcht/dev/comp0250_s26_labs/install/cw1_world_spawner/lib:/home/pcht/dev/comp0250_s26_labs/install/realsense_gazebo_plugin/lib:/home/pcht/dev/comp0250_s26_labs/install/cw1_team_x/lib:/home/pcht/dev/comp0250_s26_labs/install/cw1_team_36/lib:/home/pcht/ws_moveit2/install/pilz_industrial_motion_planner_testutils/lib:/home/pcht/ws_moveit2/install/pilz_industrial_motion_planner/lib:/home/pcht/ws_moveit2/install/moveit_visual_tools/lib:/home/pcht/ws_moveit2/install/moveit_task_constructor_visualization/lib:/home/pcht/ws_moveit2/install/moveit_task_constructor_demo/lib:/home/pcht/ws_moveit2/install/moveit_task_constructor_capabilities/lib:/home/pcht/ws_moveit2/install/moveit_task_constructor_core/lib:/home/pcht/ws_moveit2/install/moveit_ros_control_interface/lib:/home/pcht/ws_moveit2/install/moveit_simple_controller_manager/lib:/home/pcht/ws_moveit2/install/moveit_setup_assistant/lib:/home/pcht/ws_moveit2/install/moveit_setup_srdf_plugins/lib:/home/pcht/ws_moveit2/install/moveit_setup_core_plugins/lib:/home/pcht/ws_moveit2/install/moveit_setup_controllers/lib:/home/pcht/ws_moveit2/install/moveit_setup_app_plugins/lib:/home/pcht/ws_moveit2/install/moveit_setup_framework/lib:/home/pcht/ws_moveit2/install/moveit_servo/lib:/home/pcht/ws_moveit2/install/moveit_ros_visualization/lib:/home/pcht/ws_moveit2/install/moveit_py/lib:/home/pcht/ws_moveit2/install/moveit_hybrid_planning/lib:/home/pcht/ws_moveit2/install/moveit_ros_planning_interface/lib:/home/pcht/ws_moveit2/install/moveit_ros_benchmarks/lib:/home/pcht/ws_moveit2/install/moveit_ros_warehouse/lib:/home/pcht/ws_moveit2/install/moveit_ros_robot_interaction/lib:/home/pcht/ws_moveit2/install/moveit_ros_perception/lib:/home/pcht/ws_moveit2/install/moveit_ros_move_group/lib:/home/pcht/ws_moveit2/install/moveit_planners_ompl/lib:/home/pcht/ws_moveit2/install/moveit_ros_planning/lib:/home/pcht/ws_moveit2/install/moveit_ros_occupancy_map_monitor/lib:/home/pcht/ws_moveit2/install/moveit_resources_prbt_ikfast_manipulator_plugin/lib:/home/pcht/ws_moveit2/install/moveit_planners_chomp/lib:/home/pcht/ws_moveit2/install/moveit_kinematics/lib:/home/pcht/ws_moveit2/install/moveit_chomp_optimizer_adapter/lib:/home/pcht/ws_moveit2/install/chomp_motion_planner/lib:/home/pcht/ws_moveit2/install/moveit_core/lib:/home/pcht/ws_moveit2/install/srdfdom/lib:/home/pcht/ws_moveit2/install/rviz_marker_tools/lib:/home/pcht/ws_moveit2/install/rosparam_shortcuts/lib:/home/pcht/ws_moveit2/install/moveit_task_constructor_msgs/lib:/usr/lib/x86_64-linux-gnu/gazebo-11/plugins:/opt/ros/humble/opt/rviz_ogre_vendor/lib:/opt/ros/humble/lib/x86_64-linux-gnu:/opt/ros/humble/lib:/home/pcht/dev/Quadruped-PyMPC/quadruped_pympc/acados/lib:/home/pcht/dev/Quadruped-PyMPC/quadruped_pympc/acados/lib /usr/bin/cmake --build /home/pcht/dev/comp0250_s26_labs/build/cw1_team_36 -- -j16 -l16
[0.210s] [  8%] Built target cw1_team_36__rosidl_generator_c
[0.210s] [ 11%] Built target cw1_team_36__cpp
[0.226s] [ 11%] Built target ament_cmake_python_copy_cw1_team_36
[0.244s] [ 28%] Built target cw1_team_36__rosidl_typesupport_introspection_cpp
[0.244s] [ 28%] Built target cw1_team_36__rosidl_typesupport_introspection_c
[0.245s] [ 37%] Built target cw1_team_36__rosidl_typesupport_c
[0.245s] [ 45%] Built target cw1_team_36__rosidl_typesupport_fastrtps_cpp
[0.248s] [ 54%] Built target cw1_team_36__rosidl_typesupport_fastrtps_c
[0.260s] [ 62%] Built target cw1_team_36__rosidl_typesupport_cpp
[0.281s] [35m[1mConsolidate compiler generated dependencies of target cw1_team_36_cw1_class_lib[0m
[0.291s] [ 62%] Built target cw1_team_36
[0.306s] [ 65%] [32mBuilding CXX object CMakeFiles/cw1_team_36_cw1_class_lib.dir/src/cw1_class.cpp.o[0m
[0.322s] [ 68%] Built target cw1_team_36__py
[0.352s] [ 74%] Built target cw1_team_36__rosidl_generator_py
[0.382s] [ 88%] Built target cw1_team_36__rosidl_typesupport_fastrtps_c__pyext
[0.382s] [ 91%] Built target cw1_team_36__rosidl_typesupport_introspection_c__pyext
[0.382s] [ 91%] Built target cw1_team_36__rosidl_typesupport_c__pyext
[0.442s] running egg_info
[0.442s] writing cw1_team_36.egg-info/PKG-INFO
[0.443s] writing dependency_links to cw1_team_36.egg-info/dependency_links.txt
[0.443s] writing top-level names to cw1_team_36.egg-info/top_level.txt
[0.444s] reading manifest file 'cw1_team_36.egg-info/SOURCES.txt'
[0.444s] writing manifest file 'cw1_team_36.egg-info/SOURCES.txt'
[0.469s] [ 91%] Built target ament_cmake_python_build_cw1_team_36_egg
[4.498s] [01m[K/home/pcht/dev/comp0250_s26_labs/courseworks/cw1_team_36/src/cw1_class.cpp:[m[K In member function ‘[01m[Kvoid cw1::t1_callback(std::shared_ptr<cw1_world_spawner::srv::Task1Service_Request_<std::allocator<void> > >, std::shared_ptr<cw1_world_spawner::srv::Task1Service_Response_<std::allocator<void> > >)[m[K’:
[4.498s] [01m[K/home/pcht/dev/comp0250_s26_labs/courseworks/cw1_team_36/src/cw1_class.cpp:309:28:[m[K [01;35m[Kwarning: [m[Kvariable ‘[01m[Kplace[m[K’ set but not used [[01;35m[K]8;;https://gcc.gnu.org/onlinedocs/gcc/Warning-Options.html#index-Wunused-but-set-variable-Wunused-but-set-variable]8;;[m[K]
[4.498s]   309 |   geometry_msgs::msg::Pose [01;35m[Kplace[m[K = pre_place;
[4.498s]       |                            [01;35m[K^~~~~[m[K
[4.498s] [01m[K/home/pcht/dev/comp0250_s26_labs/courseworks/cw1_team_36/src/cw1_class.cpp:313:28:[m[K [01;35m[Kwarning: [m[Kvariable ‘[01m[Kretreat[m[K’ set but not used [[01;35m[K]8;;https://gcc.gnu.org/onlinedocs/gcc/Warning-Options.html#index-Wunused-but-set-variable-Wunused-but-set-variable]8;;[m[K]
[4.498s]   313 |   geometry_msgs::msg::Pose [01;35m[Kretreat[m[K = pre_place;
[4.498s]       |                            [01;35m[K^~~~~~~[m[K
[17.398s] [ 94%] [32m[1mLinking CXX shared library libcw1_team_36_cw1_class_lib.so[0m
[18.059s] [ 94%] Built target cw1_team_36_cw1_class_lib
[18.096s] [ 97%] [32m[1mLinking CXX executable cw1_solution_node[0m
[18.700s] [100%] Built target cw1_solution_node
[18.717s] Invoked command in '/home/pcht/dev/comp0250_s26_labs/build/cw1_team_36' returned '0': CMAKE_PREFIX_PATH=/home/pcht/dev/comp0250_s26_labs/install/cw1_world_spawner:/home/pcht/dev/comp0250_s26_labs/install/rpl_panda_with_rs:/home/pcht/dev/comp0250_s26_labs/install/realsense_gazebo_plugin:/home/pcht/dev/comp0250_s26_labs/install/panda_moveit_config:/home/pcht/dev/comp0250_s26_labs/install/panda_description:/home/pcht/dev/comp0250_s26_labs/install/cw1_team_x:/home/pcht/dev/comp0250_s26_labs/install/cw1_team_36:/home/pcht/ws_moveit2/install/pilz_industrial_motion_planner_testutils:/home/pcht/ws_moveit2/install/moveit_runtime:/home/pcht/ws_moveit2/install/moveit2_tutorials:/home/pcht/ws_moveit2/install/moveit:/home/pcht/ws_moveit2/install/moveit_planners:/home/pcht/ws_moveit2/install/pilz_industrial_motion_planner:/home/pcht/ws_moveit2/install/mtc_tutorial:/home/pcht/ws_moveit2/install/moveit_visual_tools:/home/pcht/ws_moveit2/install/moveit_task_constructor_visualization:/home/pcht/ws_moveit2/install/moveit_task_constructor_demo:/home/pcht/ws_moveit2/install/moveit_task_constructor_capabilities:/home/pcht/ws_moveit2/install/moveit_task_constructor_core:/home/pcht/ws_moveit2/install/moveit_ros_control_interface:/home/pcht/ws_moveit2/install/moveit_plugins:/home/pcht/ws_moveit2/install/moveit_simple_controller_manager:/home/pcht/ws_moveit2/install/moveit_setup_assistant:/home/pcht/ws_moveit2/install/moveit_setup_srdf_plugins:/home/pcht/ws_moveit2/install/moveit_setup_core_plugins:/home/pcht/ws_moveit2/install/moveit_setup_controllers:/home/pcht/ws_moveit2/install/moveit_setup_app_plugins:/home/pcht/ws_moveit2/install/moveit_setup_framework:/home/pcht/ws_moveit2/install/moveit_servo:/home/pcht/ws_moveit2/install/moveit_ros:/home/pcht/ws_moveit2/install/moveit_ros_visualization:/home/pcht/ws_moveit2/install/moveit_py:/home/pcht/ws_moveit2/install/moveit_hybrid_planning:/home/pcht/ws_moveit2/install/moveit_ros_planning_interface:/home/pcht/ws_moveit2/install/moveit_ros_benchmarks:/home/pcht/ws_moveit2/install/moveit_ros_warehouse:/home/pcht/ws_moveit2/install/moveit_ros_robot_interaction:/home/pcht/ws_moveit2/install/moveit_ros_perception:/home/pcht/ws_moveit2/install/moveit_resources_prbt_pg70_support:/home/pcht/ws_moveit2/install/moveit_resources_prbt_moveit_config:/home/pcht/ws_moveit2/install/moveit_ros_move_group:/home/pcht/ws_moveit2/install/moveit_planners_ompl:/home/pcht/ws_moveit2/install/moveit_ros_planning:/home/pcht/ws_moveit2/install/moveit_ros_occupancy_map_monitor:/home/pcht/ws_moveit2/install/moveit_resources_prbt_ikfast_manipulator_plugin:/home/pcht/ws_moveit2/install/moveit_planners_chomp:/home/pcht/ws_moveit2/install/moveit_kinematics:/home/pcht/ws_moveit2/install/moveit_chomp_optimizer_adapter:/home/pcht/ws_moveit2/install/chomp_motion_planner:/home/pcht/ws_moveit2/install/moveit_core:/home/pcht/ws_moveit2/install/srdfdom:/home/pcht/ws_moveit2/install/rviz_marker_tools:/home/pcht/ws_moveit2/install/rosparam_shortcuts:/home/pcht/ws_moveit2/install/moveit_task_constructor_msgs:/home/pcht/ws_moveit2/install/moveit_resources_prbt_support:/home/pcht/ws_moveit2/install/moveit_resources:/home/pcht/ws_moveit2/install/moveit_resources_pr2_description:/home/pcht/ws_moveit2/install/moveit_resources_panda_moveit_config:/home/pcht/ws_moveit2/install/moveit_resources_panda_description:/home/pcht/ws_moveit2/install/moveit_resources_fanuc_moveit_config:/home/pcht/ws_moveit2/install/moveit_resources_fanuc_description:/home/pcht/ws_moveit2/install/moveit_common:/home/pcht/ws_moveit2/install/moveit_configs_utils:/home/pcht/ws_moveit2/install/launch_param_builder:/opt/ros/humble LD_LIBRARY_PATH=/home/pcht/dev/comp0250_s26_labs/install/cw1_world_spawner/lib:/home/pcht/dev/comp0250_s26_labs/install/realsense_gazebo_plugin/lib:/home/pcht/dev/comp0250_s26_labs/install/cw1_team_x/lib:/home/pcht/dev/comp0250_s26_labs/install/cw1_team_36/lib:/home/pcht/ws_moveit2/install/pilz_industrial_motion_planner_testutils/lib:/home/pcht/ws_moveit2/install/pilz_industrial_motion_planner/lib:/home/pcht/ws_moveit2/install/moveit_visual_tools/lib:/home/pcht/ws_moveit2/install/moveit_task_constructor_visualization/lib:/home/pcht/ws_moveit2/install/moveit_task_constructor_demo/lib:/home/pcht/ws_moveit2/install/moveit_task_constructor_capabilities/lib:/home/pcht/ws_moveit2/install/moveit_task_constructor_core/lib:/home/pcht/ws_moveit2/install/moveit_ros_control_interface/lib:/home/pcht/ws_moveit2/install/moveit_simple_controller_manager/lib:/home/pcht/ws_moveit2/install/moveit_setup_assistant/lib:/home/pcht/ws_moveit2/install/moveit_setup_srdf_plugins/lib:/home/pcht/ws_moveit2/install/moveit_setup_core_plugins/lib:/home/pcht/ws_moveit2/install/moveit_setup_controllers/lib:/home/pcht/ws_moveit2/install/moveit_setup_app_plugins/lib:/home/pcht/ws_moveit2/install/moveit_setup_framework/lib:/home/pcht/ws_moveit2/install/moveit_servo/lib:/home/pcht/ws_moveit2/install/moveit_ros_visualization/lib:/home/pcht/ws_moveit2/install/moveit_py/lib:/home/pcht/ws_moveit2/install/moveit_hybrid_planning/lib:/home/pcht/ws_moveit2/install/moveit_ros_planning_interface/lib:/home/pcht/ws_moveit2/install/moveit_ros_benchmarks/lib:/home/pcht/ws_moveit2/install/moveit_ros_warehouse/lib:/home/pcht/ws_moveit2/install/moveit_ros_robot_interaction/lib:/home/pcht/ws_moveit2/install/moveit_ros_perception/lib:/home/pcht/ws_moveit2/install/moveit_ros_move_group/lib:/home/pcht/ws_moveit2/install/moveit_planners_ompl/lib:/home/pcht/ws_moveit2/install/moveit_ros_planning/lib:/home/pcht/ws_moveit2/install/moveit_ros_occupancy_map_monitor/lib:/home/pcht/ws_moveit2/install/moveit_resources_prbt_ikfast_manipulator_plugin/lib:/home/pcht/ws_moveit2/install/moveit_planners_chomp/lib:/home/pcht/ws_moveit2/install/moveit_kinematics/lib:/home/pcht/ws_moveit2/install/moveit_chomp_optimizer_adapter/lib:/home/pcht/ws_moveit2/install/chomp_motion_planner/lib:/home/pcht/ws_moveit2/install/moveit_core/lib:/home/pcht/ws_moveit2/install/srdfdom/lib:/home/pcht/ws_moveit2/install/rviz_marker_tools/lib:/home/pcht/ws_moveit2/install/rosparam_shortcuts/lib:/home/pcht/ws_moveit2/install/moveit_task_constructor_msgs/lib:/usr/lib/x86_64-linux-gnu/gazebo-11/plugins:/opt/ros/humble/opt/rviz_ogre_vendor/lib:/opt/ros/humble/lib/x86_64-linux-gnu:/opt/ros/humble/lib:/home/pcht/dev/Quadruped-PyMPC/quadruped_pympc/acados/lib:/home/pcht/dev/Quadruped-PyMPC/quadruped_pympc/acados/lib /usr/bin/cmake --build /home/pcht/dev/comp0250_s26_labs/build/cw1_team_36 -- -j16 -l16
[18.731s] Invoking command in '/home/pcht/dev/comp0250_s26_labs/build/cw1_team_36': CMAKE_PREFIX_PATH=/home/pcht/dev/comp0250_s26_labs/install/cw1_world_spawner:/home/pcht/dev/comp0250_s26_labs/install/rpl_panda_with_rs:/home/pcht/dev/comp0250_s26_labs/install/realsense_gazebo_plugin:/home/pcht/dev/comp0250_s26_labs/install/panda_moveit_config:/home/pcht/dev/comp0250_s26_labs/install/panda_description:/home/pcht/dev/comp0250_s26_labs/install/cw1_team_x:/home/pcht/dev/comp0250_s26_labs/install/cw1_team_36:/home/pcht/ws_moveit2/install/pilz_industrial_motion_planner_testutils:/home/pcht/ws_moveit2/install/moveit_runtime:/home/pcht/ws_moveit2/install/moveit2_tutorials:/home/pcht/ws_moveit2/install/moveit:/home/pcht/ws_moveit2/install/moveit_planners:/home/pcht/ws_moveit2/install/pilz_industrial_motion_planner:/home/pcht/ws_moveit2/install/mtc_tutorial:/home/pcht/ws_moveit2/install/moveit_visual_tools:/home/pcht/ws_moveit2/install/moveit_task_constructor_visualization:/home/pcht/ws_moveit2/install/moveit_task_constructor_demo:/home/pcht/ws_moveit2/install/moveit_task_constructor_capabilities:/home/pcht/ws_moveit2/install/moveit_task_constructor_core:/home/pcht/ws_moveit2/install/moveit_ros_control_interface:/home/pcht/ws_moveit2/install/moveit_plugins:/home/pcht/ws_moveit2/install/moveit_simple_controller_manager:/home/pcht/ws_moveit2/install/moveit_setup_assistant:/home/pcht/ws_moveit2/install/moveit_setup_srdf_plugins:/home/pcht/ws_moveit2/install/moveit_setup_core_plugins:/home/pcht/ws_moveit2/install/moveit_setup_controllers:/home/pcht/ws_moveit2/install/moveit_setup_app_plugins:/home/pcht/ws_moveit2/install/moveit_setup_framework:/home/pcht/ws_moveit2/install/moveit_servo:/home/pcht/ws_moveit2/install/moveit_ros:/home/pcht/ws_moveit2/install/moveit_ros_visualization:/home/pcht/ws_moveit2/install/moveit_py:/home/pcht/ws_moveit2/install/moveit_hybrid_planning:/home/pcht/ws_moveit2/install/moveit_ros_planning_interface:/home/pcht/ws_moveit2/install/moveit_ros_benchmarks:/home/pcht/ws_moveit2/install/moveit_ros_warehouse:/home/pcht/ws_moveit2/install/moveit_ros_robot_interaction:/home/pcht/ws_moveit2/install/moveit_ros_perception:/home/pcht/ws_moveit2/install/moveit_resources_prbt_pg70_support:/home/pcht/ws_moveit2/install/moveit_resources_prbt_moveit_config:/home/pcht/ws_moveit2/install/moveit_ros_move_group:/home/pcht/ws_moveit2/install/moveit_planners_ompl:/home/pcht/ws_moveit2/install/moveit_ros_planning:/home/pcht/ws_moveit2/install/moveit_ros_occupancy_map_monitor:/home/pcht/ws_moveit2/install/moveit_resources_prbt_ikfast_manipulator_plugin:/home/pcht/ws_moveit2/install/moveit_planners_chomp:/home/pcht/ws_moveit2/install/moveit_kinematics:/home/pcht/ws_moveit2/install/moveit_chomp_optimizer_adapter:/home/pcht/ws_moveit2/install/chomp_motion_planner:/home/pcht/ws_moveit2/install/moveit_core:/home/pcht/ws_moveit2/install/srdfdom:/home/pcht/ws_moveit2/install/rviz_marker_tools:/home/pcht/ws_moveit2/install/rosparam_shortcuts:/home/pcht/ws_moveit2/install/moveit_task_constructor_msgs:/home/pcht/ws_moveit2/install/moveit_resources_prbt_support:/home/pcht/ws_moveit2/install/moveit_resources:/home/pcht/ws_moveit2/install/moveit_resources_pr2_description:/home/pcht/ws_moveit2/install/moveit_resources_panda_moveit_config:/home/pcht/ws_moveit2/install/moveit_resources_panda_description:/home/pcht/ws_moveit2/install/moveit_resources_fanuc_moveit_config:/home/pcht/ws_moveit2/install/moveit_resources_fanuc_description:/home/pcht/ws_moveit2/install/moveit_common:/home/pcht/ws_moveit2/install/moveit_configs_utils:/home/pcht/ws_moveit2/install/launch_param_builder:/opt/ros/humble LD_LIBRARY_PATH=/home/pcht/dev/comp0250_s26_labs/install/cw1_world_spawner/lib:/home/pcht/dev/comp0250_s26_labs/install/realsense_gazebo_plugin/lib:/home/pcht/dev/comp0250_s26_labs/install/cw1_team_x/lib:/home/pcht/dev/comp0250_s26_labs/install/cw1_team_36/lib:/home/pcht/ws_moveit2/install/pilz_industrial_motion_planner_testutils/lib:/home/pcht/ws_moveit2/install/pilz_industrial_motion_planner/lib:/home/pcht/ws_moveit2/install/moveit_visual_tools/lib:/home/pcht/ws_moveit2/install/moveit_task_constructor_visualization/lib:/home/pcht/ws_moveit2/install/moveit_task_constructor_demo/lib:/home/pcht/ws_moveit2/install/moveit_task_constructor_capabilities/lib:/home/pcht/ws_moveit2/install/moveit_task_constructor_core/lib:/home/pcht/ws_moveit2/install/moveit_ros_control_interface/lib:/home/pcht/ws_moveit2/install/moveit_simple_controller_manager/lib:/home/pcht/ws_moveit2/install/moveit_setup_assistant/lib:/home/pcht/ws_moveit2/install/moveit_setup_srdf_plugins/lib:/home/pcht/ws_moveit2/install/moveit_setup_core_plugins/lib:/home/pcht/ws_moveit2/install/moveit_setup_controllers/lib:/home/pcht/ws_moveit2/install/moveit_setup_app_plugins/lib:/home/pcht/ws_moveit2/install/moveit_setup_framework/lib:/home/pcht/ws_moveit2/install/moveit_servo/lib:/home/pcht/ws_moveit2/install/moveit_ros_visualization/lib:/home/pcht/ws_moveit2/install/moveit_py/lib:/home/pcht/ws_moveit2/install/moveit_hybrid_planning/lib:/home/pcht/ws_moveit2/install/moveit_ros_planning_interface/lib:/home/pcht/ws_moveit2/install/moveit_ros_benchmarks/lib:/home/pcht/ws_moveit2/install/moveit_ros_warehouse/lib:/home/pcht/ws_moveit2/install/moveit_ros_robot_interaction/lib:/home/pcht/ws_moveit2/install/moveit_ros_perception/lib:/home/pcht/ws_moveit2/install/moveit_ros_move_group/lib:/home/pcht/ws_moveit2/install/moveit_planners_ompl/lib:/home/pcht/ws_moveit2/install/moveit_ros_planning/lib:/home/pcht/ws_moveit2/install/moveit_ros_occupancy_map_monitor/lib:/home/pcht/ws_moveit2/install/moveit_resources_prbt_ikfast_manipulator_plugin/lib:/home/pcht/ws_moveit2/install/moveit_planners_chomp/lib:/home/pcht/ws_moveit2/install/moveit_kinematics/lib:/home/pcht/ws_moveit2/install/moveit_chomp_optimizer_adapter/lib:/home/pcht/ws_moveit2/install/chomp_motion_planner/lib:/home/pcht/ws_moveit2/install/moveit_core/lib:/home/pcht/ws_moveit2/install/srdfdom/lib:/home/pcht/ws_moveit2/install/rviz_marker_tools/lib:/home/pcht/ws_moveit2/install/rosparam_shortcuts/lib:/home/pcht/ws_moveit2/install/moveit_task_constructor_msgs/lib:/usr/lib/x86_64-linux-gnu/gazebo-11/plugins:/opt/ros/humble/opt/rviz_ogre_vendor/lib:/opt/ros/humble/lib/x86_64-linux-gnu:/opt/ros/humble/lib:/home/pcht/dev/Quadruped-PyMPC/quadruped_pympc/acados/lib:/home/pcht/dev/Quadruped-PyMPC/quadruped_pympc/acados/lib /usr/bin/cmake --install /home/pcht/dev/comp0250_s26_labs/build/cw1_team_36
[18.740s] -- Install configuration: "Release"
[18.740s] -- Up-to-date: /home/pcht/dev/comp0250_s26_labs/install/cw1_team_36/share/ament_index/resource_index/rosidl_interfaces/cw1_team_36
[18.740s] -- Up-to-date: /home/pcht/dev/comp0250_s26_labs/install/cw1_team_36/include/cw1_team_36/cw1_team_36
[18.740s] -- Up-to-date: /home/pcht/dev/comp0250_s26_labs/install/cw1_team_36/include/cw1_team_36/cw1_team_36/msg
[18.740s] -- Up-to-date: /home/pcht/dev/comp0250_s26_labs/install/cw1_team_36/include/cw1_team_36/cw1_team_36/msg/rosidl_generator_c__visibility_control.h
[18.740s] -- Up-to-date: /home/pcht/dev/comp0250_s26_labs/install/cw1_team_36/include/cw1_team_36/cw1_team_36/srv
[18.740s] -- Up-to-date: /home/pcht/dev/comp0250_s26_labs/install/cw1_team_36/include/cw1_team_36/cw1_team_36/srv/detail
[18.740s] -- Up-to-date: /home/pcht/dev/comp0250_s26_labs/install/cw1_team_36/include/cw1_team_36/cw1_team_36/srv/detail/example__type_support.h
[18.741s] -- Up-to-date: /home/pcht/dev/comp0250_s26_labs/install/cw1_team_36/include/cw1_team_36/cw1_team_36/srv/detail/example__functions.c
[18.741s] -- Up-to-date: /home/pcht/dev/comp0250_s26_labs/install/cw1_team_36/include/cw1_team_36/cw1_team_36/srv/detail/example__struct.h
[18.741s] -- Up-to-date: /home/pcht/dev/comp0250_s26_labs/install/cw1_team_36/include/cw1_team_36/cw1_team_36/srv/detail/example__functions.h
[18.741s] -- Up-to-date: /home/pcht/dev/comp0250_s26_labs/install/cw1_team_36/include/cw1_team_36/cw1_team_36/srv/example.h
[18.741s] -- Up-to-date: /home/pcht/dev/comp0250_s26_labs/install/cw1_team_36/share/cw1_team_36/environment/library_path.sh
[18.741s] -- Up-to-date: /home/pcht/dev/comp0250_s26_labs/install/cw1_team_36/share/cw1_team_36/environment/library_path.dsv
[18.741s] -- Up-to-date: /home/pcht/dev/comp0250_s26_labs/install/cw1_team_36/lib/libcw1_team_36__rosidl_generator_c.so
[18.741s] -- Up-to-date: /home/pcht/dev/comp0250_s26_labs/install/cw1_team_36/include/cw1_team_36/cw1_team_36
[18.741s] -- Up-to-date: /home/pcht/dev/comp0250_s26_labs/install/cw1_team_36/include/cw1_team_36/cw1_team_36/msg
[18.742s] -- Up-to-date: /home/pcht/dev/comp0250_s26_labs/install/cw1_team_36/include/cw1_team_36/cw1_team_36/msg/rosidl_typesupport_fastrtps_c__visibility_control.h
[18.742s] -- Up-to-date: /home/pcht/dev/comp0250_s26_labs/install/cw1_team_36/include/cw1_team_36/cw1_team_36/srv
[18.742s] -- Up-to-date: /home/pcht/dev/comp0250_s26_labs/install/cw1_team_36/include/cw1_team_36/cw1_team_36/srv/detail
[18.742s] -- Up-to-date: /home/pcht/dev/comp0250_s26_labs/install/cw1_team_36/include/cw1_team_36/cw1_team_36/srv/detail/example__rosidl_typesupport_fastrtps_c.h
[18.742s] -- Up-to-date: /home/pcht/dev/comp0250_s26_labs/install/cw1_team_36/lib/libcw1_team_36__rosidl_typesupport_fastrtps_c.so
[18.742s] -- Up-to-date: /home/pcht/dev/comp0250_s26_labs/install/cw1_team_36/include/cw1_team_36/cw1_team_36
[18.742s] -- Up-to-date: /home/pcht/dev/comp0250_s26_labs/install/cw1_team_36/include/cw1_team_36/cw1_team_36/msg
[18.742s] -- Up-to-date: /home/pcht/dev/comp0250_s26_labs/install/cw1_team_36/include/cw1_team_36/cw1_team_36/msg/rosidl_typesupport_introspection_c__visibility_control.h
[18.742s] -- Up-to-date: /home/pcht/dev/comp0250_s26_labs/install/cw1_team_36/include/cw1_team_36/cw1_team_36/srv
[18.742s] -- Up-to-date: /home/pcht/dev/comp0250_s26_labs/install/cw1_team_36/include/cw1_team_36/cw1_team_36/srv/detail
[18.742s] -- Up-to-date: /home/pcht/dev/comp0250_s26_labs/install/cw1_team_36/include/cw1_team_36/cw1_team_36/srv/detail/example__rosidl_typesupport_introspection_c.h
[18.743s] -- Up-to-date: /home/pcht/dev/comp0250_s26_labs/install/cw1_team_36/include/cw1_team_36/cw1_team_36/srv/detail/example__type_support.c
[18.743s] -- Up-to-date: /home/pcht/dev/comp0250_s26_labs/install/cw1_team_36/lib/libcw1_team_36__rosidl_typesupport_introspection_c.so
[18.743s] -- Up-to-date: /home/pcht/dev/comp0250_s26_labs/install/cw1_team_36/lib/libcw1_team_36__rosidl_typesupport_c.so
[18.743s] -- Up-to-date: /home/pcht/dev/comp0250_s26_labs/install/cw1_team_36/include/cw1_team_36/cw1_team_36
[18.743s] -- Up-to-date: /home/pcht/dev/comp0250_s26_labs/install/cw1_team_36/include/cw1_team_36/cw1_team_36/msg
[18.743s] -- Up-to-date: /home/pcht/dev/comp0250_s26_labs/install/cw1_team_36/include/cw1_team_36/cw1_team_36/msg/rosidl_generator_cpp__visibility_control.hpp
[18.743s] -- Up-to-date: /home/pcht/dev/comp0250_s26_labs/install/cw1_team_36/include/cw1_team_36/cw1_team_36/srv
[18.743s] -- Up-to-date: /home/pcht/dev/comp0250_s26_labs/install/cw1_team_36/include/cw1_team_36/cw1_team_36/srv/example.hpp
[18.743s] -- Up-to-date: /home/pcht/dev/comp0250_s26_labs/install/cw1_team_36/include/cw1_team_36/cw1_team_36/srv/detail
[18.743s] -- Up-to-date: /home/pcht/dev/comp0250_s26_labs/install/cw1_team_36/include/cw1_team_36/cw1_team_36/srv/detail/example__struct.hpp
[18.743s] -- Up-to-date: /home/pcht/dev/comp0250_s26_labs/install/cw1_team_36/include/cw1_team_36/cw1_team_36/srv/detail/example__builder.hpp
[18.744s] -- Up-to-date: /home/pcht/dev/comp0250_s26_labs/install/cw1_team_36/include/cw1_team_36/cw1_team_36/srv/detail/example__type_support.hpp
[18.744s] -- Up-to-date: /home/pcht/dev/comp0250_s26_labs/install/cw1_team_36/include/cw1_team_36/cw1_team_36/srv/detail/example__traits.hpp
[18.744s] -- Up-to-date: /home/pcht/dev/comp0250_s26_labs/install/cw1_team_36/include/cw1_team_36/cw1_team_36
[18.744s] -- Up-to-date: /home/pcht/dev/comp0250_s26_labs/install/cw1_team_36/include/cw1_team_36/cw1_team_36/msg
[18.744s] -- Up-to-date: /home/pcht/dev/comp0250_s26_labs/install/cw1_team_36/include/cw1_team_36/cw1_team_36/msg/rosidl_typesupport_fastrtps_cpp__visibility_control.h
[18.744s] -- Up-to-date: /home/pcht/dev/comp0250_s26_labs/install/cw1_team_36/include/cw1_team_36/cw1_team_36/srv
[18.744s] -- Up-to-date: /home/pcht/dev/comp0250_s26_labs/install/cw1_team_36/include/cw1_team_36/cw1_team_36/srv/detail
[18.744s] -- Up-to-date: /home/pcht/dev/comp0250_s26_labs/install/cw1_team_36/include/cw1_team_36/cw1_team_36/srv/detail/dds_fastrtps
[18.744s] -- Up-to-date: /home/pcht/dev/comp0250_s26_labs/install/cw1_team_36/include/cw1_team_36/cw1_team_36/srv/detail/example__rosidl_typesupport_fastrtps_cpp.hpp
[18.744s] -- Up-to-date: /home/pcht/dev/comp0250_s26_labs/install/cw1_team_36/lib/libcw1_team_36__rosidl_typesupport_fastrtps_cpp.so
[18.744s] -- Up-to-date: /home/pcht/dev/comp0250_s26_labs/install/cw1_team_36/include/cw1_team_36/cw1_team_36
[18.744s] -- Up-to-date: /home/pcht/dev/comp0250_s26_labs/install/cw1_team_36/include/cw1_team_36/cw1_team_36/srv
[18.744s] -- Up-to-date: /home/pcht/dev/comp0250_s26_labs/install/cw1_team_36/include/cw1_team_36/cw1_team_36/srv/detail
[18.744s] -- Up-to-date: /home/pcht/dev/comp0250_s26_labs/install/cw1_team_36/include/cw1_team_36/cw1_team_36/srv/detail/example__type_support.cpp
[18.744s] -- Up-to-date: /home/pcht/dev/comp0250_s26_labs/install/cw1_team_36/include/cw1_team_36/cw1_team_36/srv/detail/example__rosidl_typesupport_introspection_cpp.hpp
[18.744s] -- Up-to-date: /home/pcht/dev/comp0250_s26_labs/install/cw1_team_36/lib/libcw1_team_36__rosidl_typesupport_introspection_cpp.so
[18.744s] -- Up-to-date: /home/pcht/dev/comp0250_s26_labs/install/cw1_team_36/lib/libcw1_team_36__rosidl_typesupport_cpp.so
[18.745s] -- Up-to-date: /home/pcht/dev/comp0250_s26_labs/install/cw1_team_36/share/cw1_team_36/environment/pythonpath.sh
[18.745s] -- Up-to-date: /home/pcht/dev/comp0250_s26_labs/install/cw1_team_36/share/cw1_team_36/environment/pythonpath.dsv
[18.745s] -- Up-to-date: /home/pcht/dev/comp0250_s26_labs/install/cw1_team_36/local/lib/python3.10/dist-packages/cw1_team_36-0.1.0-py3.10.egg-info
[18.745s] -- Installing: /home/pcht/dev/comp0250_s26_labs/install/cw1_team_36/local/lib/python3.10/dist-packages/cw1_team_36-0.1.0-py3.10.egg-info/top_level.txt
[18.745s] -- Installing: /home/pcht/dev/comp0250_s26_labs/install/cw1_team_36/local/lib/python3.10/dist-packages/cw1_team_36-0.1.0-py3.10.egg-info/PKG-INFO
[18.745s] -- Installing: /home/pcht/dev/comp0250_s26_labs/install/cw1_team_36/local/lib/python3.10/dist-packages/cw1_team_36-0.1.0-py3.10.egg-info/dependency_links.txt
[18.745s] -- Installing: /home/pcht/dev/comp0250_s26_labs/install/cw1_team_36/local/lib/python3.10/dist-packages/cw1_team_36-0.1.0-py3.10.egg-info/SOURCES.txt
[18.745s] -- Up-to-date: /home/pcht/dev/comp0250_s26_labs/install/cw1_team_36/local/lib/python3.10/dist-packages/cw1_team_36
[18.745s] -- Up-to-date: /home/pcht/dev/comp0250_s26_labs/install/cw1_team_36/local/lib/python3.10/dist-packages/cw1_team_36/libcw1_team_36__rosidl_generator_py.so
[18.745s] -- Up-to-date: /home/pcht/dev/comp0250_s26_labs/install/cw1_team_36/local/lib/python3.10/dist-packages/cw1_team_36/cw1_team_36_s__rosidl_typesupport_introspection_c.cpython-310-x86_64-linux-gnu.so
[18.745s] -- Up-to-date: /home/pcht/dev/comp0250_s26_labs/install/cw1_team_36/local/lib/python3.10/dist-packages/cw1_team_36/cw1_team_36_s__rosidl_typesupport_c.cpython-310-x86_64-linux-gnu.so
[18.745s] -- Up-to-date: /home/pcht/dev/comp0250_s26_labs/install/cw1_team_36/local/lib/python3.10/dist-packages/cw1_team_36/cw1_team_36_s__rosidl_typesupport_fastrtps_c.cpython-310-x86_64-linux-gnu.so
[18.745s] -- Up-to-date: /home/pcht/dev/comp0250_s26_labs/install/cw1_team_36/local/lib/python3.10/dist-packages/cw1_team_36/_cw1_team_36_s.ep.rosidl_typesupport_c.c
[18.745s] -- Up-to-date: /home/pcht/dev/comp0250_s26_labs/install/cw1_team_36/local/lib/python3.10/dist-packages/cw1_team_36/_cw1_team_36_s.ep.rosidl_typesupport_introspection_c.c
[18.745s] -- Up-to-date: /home/pcht/dev/comp0250_s26_labs/install/cw1_team_36/local/lib/python3.10/dist-packages/cw1_team_36/__init__.py
[18.745s] -- Up-to-date: /home/pcht/dev/comp0250_s26_labs/install/cw1_team_36/local/lib/python3.10/dist-packages/cw1_team_36/srv
[18.745s] -- Up-to-date: /home/pcht/dev/comp0250_s26_labs/install/cw1_team_36/local/lib/python3.10/dist-packages/cw1_team_36/srv/_example_s.c
[18.745s] -- Up-to-date: /home/pcht/dev/comp0250_s26_labs/install/cw1_team_36/local/lib/python3.10/dist-packages/cw1_team_36/srv/_example.py
[18.745s] -- Up-to-date: /home/pcht/dev/comp0250_s26_labs/install/cw1_team_36/local/lib/python3.10/dist-packages/cw1_team_36/srv/__init__.py
[18.745s] -- Up-to-date: /home/pcht/dev/comp0250_s26_labs/install/cw1_team_36/local/lib/python3.10/dist-packages/cw1_team_36/_cw1_team_36_s.ep.rosidl_typesupport_fastrtps_c.c
[18.773s] Listing '/home/pcht/dev/comp0250_s26_labs/install/cw1_team_36/local/lib/python3.10/dist-packages/cw1_team_36'...
[18.773s] Listing '/home/pcht/dev/comp0250_s26_labs/install/cw1_team_36/local/lib/python3.10/dist-packages/cw1_team_36/srv'...
[18.777s] -- Up-to-date: /home/pcht/dev/comp0250_s26_labs/install/cw1_team_36/local/lib/python3.10/dist-packages/cw1_team_36/cw1_team_36_s__rosidl_typesupport_fastrtps_c.cpython-310-x86_64-linux-gnu.so
[18.777s] -- Up-to-date: /home/pcht/dev/comp0250_s26_labs/install/cw1_team_36/local/lib/python3.10/dist-packages/cw1_team_36/cw1_team_36_s__rosidl_typesupport_introspection_c.cpython-310-x86_64-linux-gnu.so
[18.777s] -- Up-to-date: /home/pcht/dev/comp0250_s26_labs/install/cw1_team_36/local/lib/python3.10/dist-packages/cw1_team_36/cw1_team_36_s__rosidl_typesupport_c.cpython-310-x86_64-linux-gnu.so
[18.777s] -- Up-to-date: /home/pcht/dev/comp0250_s26_labs/install/cw1_team_36/lib/libcw1_team_36__rosidl_generator_py.so
[18.777s] -- Up-to-date: /home/pcht/dev/comp0250_s26_labs/install/cw1_team_36/share/cw1_team_36/srv/Example.idl
[18.778s] -- Up-to-date: /home/pcht/dev/comp0250_s26_labs/install/cw1_team_36/share/cw1_team_36/srv/Example.srv
[18.778s] -- Up-to-date: /home/pcht/dev/comp0250_s26_labs/install/cw1_team_36/share/cw1_team_36/srv/Example_Request.msg
[18.778s] -- Up-to-date: /home/pcht/dev/comp0250_s26_labs/install/cw1_team_36/share/cw1_team_36/srv/Example_Response.msg
[18.778s] -- Installing: /home/pcht/dev/comp0250_s26_labs/install/cw1_team_36/lib/libcw1_team_36_cw1_class_lib.so
[18.780s] -- Set runtime path of "/home/pcht/dev/comp0250_s26_labs/install/cw1_team_36/lib/libcw1_team_36_cw1_class_lib.so" to ""
[18.780s] -- Installing: /home/pcht/dev/comp0250_s26_labs/install/cw1_team_36/lib/cw1_team_36/cw1_solution_node
[18.780s] -- Set runtime path of "/home/pcht/dev/comp0250_s26_labs/install/cw1_team_36/lib/cw1_team_36/cw1_solution_node" to ""
[18.780s] -- Up-to-date: /home/pcht/dev/comp0250_s26_labs/install/cw1_team_36/share/cw1_team_36/launch
[18.780s] -- Up-to-date: /home/pcht/dev/comp0250_s26_labs/install/cw1_team_36/share/cw1_team_36/launch/run_solution.launch.py
[18.780s] -- Up-to-date: /home/pcht/dev/comp0250_s26_labs/install/cw1_team_36/share/ament_index/resource_index/package_run_dependencies/cw1_team_36
[18.780s] -- Up-to-date: /home/pcht/dev/comp0250_s26_labs/install/cw1_team_36/share/ament_index/resource_index/parent_prefix_path/cw1_team_36
[18.780s] -- Up-to-date: /home/pcht/dev/comp0250_s26_labs/install/cw1_team_36/share/cw1_team_36/environment/ament_prefix_path.sh
[18.781s] -- Up-to-date: /home/pcht/dev/comp0250_s26_labs/install/cw1_team_36/share/cw1_team_36/environment/ament_prefix_path.dsv
[18.781s] -- Up-to-date: /home/pcht/dev/comp0250_s26_labs/install/cw1_team_36/share/cw1_team_36/environment/path.sh
[18.781s] -- Up-to-date: /home/pcht/dev/comp0250_s26_labs/install/cw1_team_36/share/cw1_team_36/environment/path.dsv
[18.781s] -- Up-to-date: /home/pcht/dev/comp0250_s26_labs/install/cw1_team_36/share/cw1_team_36/local_setup.bash
[18.781s] -- Up-to-date: /home/pcht/dev/comp0250_s26_labs/install/cw1_team_36/share/cw1_team_36/local_setup.sh
[18.781s] -- Up-to-date: /home/pcht/dev/comp0250_s26_labs/install/cw1_team_36/share/cw1_team_36/local_setup.zsh
[18.781s] -- Up-to-date: /home/pcht/dev/comp0250_s26_labs/install/cw1_team_36/share/cw1_team_36/local_setup.dsv
[18.781s] -- Installing: /home/pcht/dev/comp0250_s26_labs/install/cw1_team_36/share/cw1_team_36/package.dsv
[18.781s] -- Up-to-date: /home/pcht/dev/comp0250_s26_labs/install/cw1_team_36/share/ament_index/resource_index/packages/cw1_team_36
[18.781s] -- Up-to-date: /home/pcht/dev/comp0250_s26_labs/install/cw1_team_36/share/cw1_team_36/cmake/export_cw1_team_36__rosidl_generator_cExport.cmake
[18.782s] -- Up-to-date: /home/pcht/dev/comp0250_s26_labs/install/cw1_team_36/share/cw1_team_36/cmake/export_cw1_team_36__rosidl_generator_cExport-release.cmake
[18.782s] -- Up-to-date: /home/pcht/dev/comp0250_s26_labs/install/cw1_team_36/share/cw1_team_36/cmake/export_cw1_team_36__rosidl_typesupport_fastrtps_cExport.cmake
[18.782s] -- Up-to-date: /home/pcht/dev/comp0250_s26_labs/install/cw1_team_36/share/cw1_team_36/cmake/export_cw1_team_36__rosidl_typesupport_fastrtps_cExport-release.cmake
[18.782s] -- Up-to-date: /home/pcht/dev/comp0250_s26_labs/install/cw1_team_36/share/cw1_team_36/cmake/cw1_team_36__rosidl_typesupport_introspection_cExport.cmake
[18.782s] -- Up-to-date: /home/pcht/dev/comp0250_s26_labs/install/cw1_team_36/share/cw1_team_36/cmake/cw1_team_36__rosidl_typesupport_introspection_cExport-release.cmake
[18.782s] -- Up-to-date: /home/pcht/dev/comp0250_s26_labs/install/cw1_team_36/share/cw1_team_36/cmake/cw1_team_36__rosidl_typesupport_cExport.cmake
[18.782s] -- Up-to-date: /home/pcht/dev/comp0250_s26_labs/install/cw1_team_36/share/cw1_team_36/cmake/cw1_team_36__rosidl_typesupport_cExport-release.cmake
[18.782s] -- Up-to-date: /home/pcht/dev/comp0250_s26_labs/install/cw1_team_36/share/cw1_team_36/cmake/export_cw1_team_36__rosidl_generator_cppExport.cmake
[18.782s] -- Up-to-date: /home/pcht/dev/comp0250_s26_labs/install/cw1_team_36/share/cw1_team_36/cmake/export_cw1_team_36__rosidl_typesupport_fastrtps_cppExport.cmake
[18.782s] -- Up-to-date: /home/pcht/dev/comp0250_s26_labs/install/cw1_team_36/share/cw1_team_36/cmake/export_cw1_team_36__rosidl_typesupport_fastrtps_cppExport-release.cmake
[18.782s] -- Up-to-date: /home/pcht/dev/comp0250_s26_labs/install/cw1_team_36/share/cw1_team_36/cmake/cw1_team_36__rosidl_typesupport_introspection_cppExport.cmake
[18.782s] -- Up-to-date: /home/pcht/dev/comp0250_s26_labs/install/cw1_team_36/share/cw1_team_36/cmake/cw1_team_36__rosidl_typesupport_introspection_cppExport-release.cmake
[18.782s] -- Up-to-date: /home/pcht/dev/comp0250_s26_labs/install/cw1_team_36/share/cw1_team_36/cmake/cw1_team_36__rosidl_typesupport_cppExport.cmake
[18.782s] -- Up-to-date: /home/pcht/dev/comp0250_s26_labs/install/cw1_team_36/share/cw1_team_36/cmake/cw1_team_36__rosidl_typesupport_cppExport-release.cmake
[18.782s] -- Up-to-date: /home/pcht/dev/comp0250_s26_labs/install/cw1_team_36/share/cw1_team_36/cmake/export_cw1_team_36__rosidl_generator_pyExport.cmake
[18.783s] -- Up-to-date: /home/pcht/dev/comp0250_s26_labs/install/cw1_team_36/share/cw1_team_36/cmake/export_cw1_team_36__rosidl_generator_pyExport-release.cmake
[18.783s] -- Up-to-date: /home/pcht/dev/comp0250_s26_labs/install/cw1_team_36/share/cw1_team_36/cmake/rosidl_cmake-extras.cmake
[18.783s] -- Up-to-date: /home/pcht/dev/comp0250_s26_labs/install/cw1_team_36/share/cw1_team_36/cmake/ament_cmake_export_dependencies-extras.cmake
[18.783s] -- Up-to-date: /home/pcht/dev/comp0250_s26_labs/install/cw1_team_36/share/cw1_team_36/cmake/ament_cmake_export_include_directories-extras.cmake
[18.783s] -- Up-to-date: /home/pcht/dev/comp0250_s26_labs/install/cw1_team_36/share/cw1_team_36/cmake/ament_cmake_export_libraries-extras.cmake
[18.783s] -- Up-to-date: /home/pcht/dev/comp0250_s26_labs/install/cw1_team_36/share/cw1_team_36/cmake/ament_cmake_export_targets-extras.cmake
[18.783s] -- Up-to-date: /home/pcht/dev/comp0250_s26_labs/install/cw1_team_36/share/cw1_team_36/cmake/rosidl_cmake_export_typesupport_targets-extras.cmake
[18.783s] -- Up-to-date: /home/pcht/dev/comp0250_s26_labs/install/cw1_team_36/share/cw1_team_36/cmake/rosidl_cmake_export_typesupport_libraries-extras.cmake
[18.783s] -- Up-to-date: /home/pcht/dev/comp0250_s26_labs/install/cw1_team_36/share/cw1_team_36/cmake/cw1_team_36Config.cmake
[18.783s] -- Up-to-date: /home/pcht/dev/comp0250_s26_labs/install/cw1_team_36/share/cw1_team_36/cmake/cw1_team_36Config-version.cmake
[18.783s] -- Up-to-date: /home/pcht/dev/comp0250_s26_labs/install/cw1_team_36/share/cw1_team_36/package.xml
[18.785s] Invoked command in '/home/pcht/dev/comp0250_s26_labs/build/cw1_team_36' returned '0': CMAKE_PREFIX_PATH=/home/pcht/dev/comp0250_s26_labs/install/cw1_world_spawner:/home/pcht/dev/comp0250_s26_labs/install/rpl_panda_with_rs:/home/pcht/dev/comp0250_s26_labs/install/realsense_gazebo_plugin:/home/pcht/dev/comp0250_s26_labs/install/panda_moveit_config:/home/pcht/dev/comp0250_s26_labs/install/panda_description:/home/pcht/dev/comp0250_s26_labs/install/cw1_team_x:/home/pcht/dev/comp0250_s26_labs/install/cw1_team_36:/home/pcht/ws_moveit2/install/pilz_industrial_motion_planner_testutils:/home/pcht/ws_moveit2/install/moveit_runtime:/home/pcht/ws_moveit2/install/moveit2_tutorials:/home/pcht/ws_moveit2/install/moveit:/home/pcht/ws_moveit2/install/moveit_planners:/home/pcht/ws_moveit2/install/pilz_industrial_motion_planner:/home/pcht/ws_moveit2/install/mtc_tutorial:/home/pcht/ws_moveit2/install/moveit_visual_tools:/home/pcht/ws_moveit2/install/moveit_task_constructor_visualization:/home/pcht/ws_moveit2/install/moveit_task_constructor_demo:/home/pcht/ws_moveit2/install/moveit_task_constructor_capabilities:/home/pcht/ws_moveit2/install/moveit_task_constructor_core:/home/pcht/ws_moveit2/install/moveit_ros_control_interface:/home/pcht/ws_moveit2/install/moveit_plugins:/home/pcht/ws_moveit2/install/moveit_simple_controller_manager:/home/pcht/ws_moveit2/install/moveit_setup_assistant:/home/pcht/ws_moveit2/install/moveit_setup_srdf_plugins:/home/pcht/ws_moveit2/install/moveit_setup_core_plugins:/home/pcht/ws_moveit2/install/moveit_setup_controllers:/home/pcht/ws_moveit2/install/moveit_setup_app_plugins:/home/pcht/ws_moveit2/install/moveit_setup_framework:/home/pcht/ws_moveit2/install/moveit_servo:/home/pcht/ws_moveit2/install/moveit_ros:/home/pcht/ws_moveit2/install/moveit_ros_visualization:/home/pcht/ws_moveit2/install/moveit_py:/home/pcht/ws_moveit2/install/moveit_hybrid_planning:/home/pcht/ws_moveit2/install/moveit_ros_planning_interface:/home/pcht/ws_moveit2/install/moveit_ros_benchmarks:/home/pcht/ws_moveit2/install/moveit_ros_warehouse:/home/pcht/ws_moveit2/install/moveit_ros_robot_interaction:/home/pcht/ws_moveit2/install/moveit_ros_perception:/home/pcht/ws_moveit2/install/moveit_resources_prbt_pg70_support:/home/pcht/ws_moveit2/install/moveit_resources_prbt_moveit_config:/home/pcht/ws_moveit2/install/moveit_ros_move_group:/home/pcht/ws_moveit2/install/moveit_planners_ompl:/home/pcht/ws_moveit2/install/moveit_ros_planning:/home/pcht/ws_moveit2/install/moveit_ros_occupancy_map_monitor:/home/pcht/ws_moveit2/install/moveit_resources_prbt_ikfast_manipulator_plugin:/home/pcht/ws_moveit2/install/moveit_planners_chomp:/home/pcht/ws_moveit2/install/moveit_kinematics:/home/pcht/ws_moveit2/install/moveit_chomp_optimizer_adapter:/home/pcht/ws_moveit2/install/chomp_motion_planner:/home/pcht/ws_moveit2/install/moveit_core:/home/pcht/ws_moveit2/install/srdfdom:/home/pcht/ws_moveit2/install/rviz_marker_tools:/home/pcht/ws_moveit2/install/rosparam_shortcuts:/home/pcht/ws_moveit2/install/moveit_task_constructor_msgs:/home/pcht/ws_moveit2/install/moveit_resources_prbt_support:/home/pcht/ws_moveit2/install/moveit_resources:/home/pcht/ws_moveit2/install/moveit_resources_pr2_description:/home/pcht/ws_moveit2/install/moveit_resources_panda_moveit_config:/home/pcht/ws_moveit2/install/moveit_resources_panda_description:/home/pcht/ws_moveit2/install/moveit_resources_fanuc_moveit_config:/home/pcht/ws_moveit2/install/moveit_resources_fanuc_description:/home/pcht/ws_moveit2/install/moveit_common:/home/pcht/ws_moveit2/install/moveit_configs_utils:/home/pcht/ws_moveit2/install/launch_param_builder:/opt/ros/humble LD_LIBRARY_PATH=/home/pcht/dev/comp0250_s26_labs/install/cw1_world_spawner/lib:/home/pcht/dev/comp0250_s26_labs/install/realsense_gazebo_plugin/lib:/home/pcht/dev/comp0250_s26_labs/install/cw1_team_x/lib:/home/pcht/dev/comp0250_s26_labs/install/cw1_team_36/lib:/home/pcht/ws_moveit2/install/pilz_industrial_motion_planner_testutils/lib:/home/pcht/ws_moveit2/install/pilz_industrial_motion_planner/lib:/home/pcht/ws_moveit2/install/moveit_visual_tools/lib:/home/pcht/ws_moveit2/install/moveit_task_constructor_visualization/lib:/home/pcht/ws_moveit2/install/moveit_task_constructor_demo/lib:/home/pcht/ws_moveit2/install/moveit_task_constructor_capabilities/lib:/home/pcht/ws_moveit2/install/moveit_task_constructor_core/lib:/home/pcht/ws_moveit2/install/moveit_ros_control_interface/lib:/home/pcht/ws_moveit2/install/moveit_simple_controller_manager/lib:/home/pcht/ws_moveit2/install/moveit_setup_assistant/lib:/home/pcht/ws_moveit2/install/moveit_setup_srdf_plugins/lib:/home/pcht/ws_moveit2/install/moveit_setup_core_plugins/lib:/home/pcht/ws_moveit2/install/moveit_setup_controllers/lib:/home/pcht/ws_moveit2/install/moveit_setup_app_plugins/lib:/home/pcht/ws_moveit2/install/moveit_setup_framework/lib:/home/pcht/ws_moveit2/install/moveit_servo/lib:/home/pcht/ws_moveit2/install/moveit_ros_visualization/lib:/home/pcht/ws_moveit2/install/moveit_py/lib:/home/pcht/ws_moveit2/install/moveit_hybrid_planning/lib:/home/pcht/ws_moveit2/install/moveit_ros_planning_interface/lib:/home/pcht/ws_moveit2/install/moveit_ros_benchmarks/lib:/home/pcht/ws_moveit2/install/moveit_ros_warehouse/lib:/home/pcht/ws_moveit2/install/moveit_ros_robot_interaction/lib:/home/pcht/ws_moveit2/install/moveit_ros_perception/lib:/home/pcht/ws_moveit2/install/moveit_ros_move_group/lib:/home/pcht/ws_moveit2/install/moveit_planners_ompl/lib:/home/pcht/ws_moveit2/install/moveit_ros_planning/lib:/home/pcht/ws_moveit2/install/moveit_ros_occupancy_map_monitor/lib:/home/pcht/ws_moveit2/install/moveit_resources_prbt_ikfast_manipulator_plugin/lib:/home/pcht/ws_moveit2/install/moveit_planners_chomp/lib:/home/pcht/ws_moveit2/install/moveit_kinematics/lib:/home/pcht/ws_moveit2/install/moveit_chomp_optimizer_adapter/lib:/home/pcht/ws_moveit2/install/chomp_motion_planner/lib:/home/pcht/ws_moveit2/install/moveit_core/lib:/home/pcht/ws_moveit2/install/srdfdom/lib:/home/pcht/ws_moveit2/install/rviz_marker_tools/lib:/home/pcht/ws_moveit2/install/rosparam_shortcuts/lib:/home/pcht/ws_moveit2/install/moveit_task_constructor_msgs/lib:/usr/lib/x86_64-linux-gnu/gazebo-11/plugins:/opt/ros/humble/opt/rviz_ogre_vendor/lib:/opt/ros/humble/lib/x86_64-linux-gnu:/opt/ros/humble/lib:/home/pcht/dev/Quadruped-PyMPC/quadruped_pympc/acados/lib:/home/pcht/dev/Quadruped-PyMPC/quadruped_pympc/acados/lib /usr/bin/cmake --install /home/pcht/dev/comp0250_s26_labs/build/cw1_team_36
