[0.033s] Invoking command in '/home/pcht/dev/comp0250_s26_labs/build/cw1_world_spawner': CMAKE_PREFIX_PATH=${CMAKE_PREFIX_PATH}:/home/pcht/ws_moveit2/install/moveit_configs_utils:/home/pcht/ws_moveit2/install/launch_param_builder:/opt/ros/humble /usr/bin/cmake /home/pcht/dev/comp0250_s26_labs/courseworks/cw1_world_spawner -DCMAKE_BUILD_TYPE=Release -DCMAKE_INSTALL_PREFIX=/home/pcht/dev/comp0250_s26_labs/install/cw1_world_spawner
[0.354s] -- The C compiler identification is GNU 11.4.0
[0.934s] -- The CXX compiler identification is GNU 11.4.0
[1.335s] -- Detecting C compiler ABI info
[1.515s] -- Detecting C compiler ABI info - done
[1.521s] -- Check for working C compiler: /usr/bin/cc - skipped
[1.521s] -- Detecting C compile features
[1.521s] -- Detecting C compile features - done
[1.526s] -- Detecting CXX compiler ABI info
[1.714s] -- Detecting CXX compiler ABI info - done
[1.720s] -- Check for working CXX compiler: /usr/bin/c++ - skipped
[1.721s] -- Detecting CXX compile features
[1.721s] -- Detecting CXX compile features - done
[1.733s] -- Found ament_cmake: 1.3.12 (/opt/ros/humble/share/ament_cmake/cmake)
[1.892s] -- Found Python3: /usr/bin/python3 (found version "3.10.12") found components: Interpreter 
[2.062s] -- Found rosidl_default_generators: 1.2.0 (/opt/ros/humble/share/rosidl_default_generators/cmake)
[2.079s] -- Using all available rosidl_typesupport_c: rosidl_typesupport_fastrtps_c;rosidl_typesupport_introspection_c
[2.098s] -- Found rosidl_adapter: 3.1.8 (/opt/ros/humble/share/rosidl_adapter/cmake)
[2.706s] -- Using all available rosidl_typesupport_cpp: rosidl_typesupport_fastrtps_cpp;rosidl_typesupport_introspection_cpp
[2.768s] -- Found geometry_msgs: 4.9.0 (/opt/ros/humble/share/geometry_msgs/cmake)
[3.109s] -- Found ament_cmake_ros: 0.10.0 (/opt/ros/humble/share/ament_cmake_ros/cmake)
[3.343s] -- Using all available rosidl_typesupport_c: rosidl_typesupport_fastrtps_c;rosidl_typesupport_introspection_c
[3.618s] -- Using all available rosidl_typesupport_cpp: rosidl_typesupport_fastrtps_cpp;rosidl_typesupport_introspection_cpp
[3.797s] -- Found PythonInterp: /usr/bin/python3 (found suitable version "3.10.12", minimum required is "3.6") 
[3.804s] -- Found python_cmake_module: 0.10.0 (/opt/ros/humble/share/python_cmake_module/cmake)
[4.327s] -- Found PythonLibs: /usr/lib/x86_64-linux-gnu/libpython3.10.so (found suitable version "3.10.12", minimum required is "3.5") 
[4.327s] -- Using PYTHON_EXECUTABLE: /usr/bin/python3
[4.328s] -- Using PYTHON_INCLUDE_DIRS: /usr/include/python3.10
[4.328s] -- Using PYTHON_LIBRARIES: /usr/lib/x86_64-linux-gnu/libpython3.10.so
[4.347s] -- Found PythonExtra: .so  
[4.483s] -- Found ament_lint_auto: 0.12.14 (/opt/ros/humble/share/ament_lint_auto/cmake)
[4.535s] -- Added test 'flake8' to check Python code syntax and style conventions
[4.537s] -- Added test 'lint_cmake' to check CMake code style
[4.538s] -- Added test 'pep257' to check Python code against some of the docstring style conventions in PEP 257
[4.541s] -- Added test 'xmllint' to check XML markup files
[4.545s] -- Configuring done
[4.589s] -- Generating done
[4.600s] -- Build files have been written to: /home/pcht/dev/comp0250_s26_labs/build/cw1_world_spawner
[4.614s] Invoked command in '/home/pcht/dev/comp0250_s26_labs/build/cw1_world_spawner' returned '0': CMAKE_PREFIX_PATH=${CMAKE_PREFIX_PATH}:/home/pcht/ws_moveit2/install/moveit_configs_utils:/home/pcht/ws_moveit2/install/launch_param_builder:/opt/ros/humble /usr/bin/cmake /home/pcht/dev/comp0250_s26_labs/courseworks/cw1_world_spawner -DCMAKE_BUILD_TYPE=Release -DCMAKE_INSTALL_PREFIX=/home/pcht/dev/comp0250_s26_labs/install/cw1_world_spawner
[4.615s] Invoking command in '/home/pcht/dev/comp0250_s26_labs/build/cw1_world_spawner': CMAKE_PREFIX_PATH=${CMAKE_PREFIX_PATH}:/home/pcht/ws_moveit2/install/moveit_configs_utils:/home/pcht/ws_moveit2/install/launch_param_builder:/opt/ros/humble /usr/bin/cmake --build /home/pcht/dev/comp0250_s26_labs/build/cw1_world_spawner -- -j16 -l16
[4.677s] [  1%] [34m[1mGenerating C code for ROS interfaces[0m
[4.696s] [  3%] [34m[1mGenerating C++ code for ROS interfaces[0m
[4.703s] [  3%] Built target ament_cmake_python_copy_coursework_world_spawner_lib
[4.703s] [  3%] Built target ament_cmake_python_copy_cw1_world_spawner
[4.924s] running egg_info
[4.924s] creating coursework_world_spawner_lib.egg-info
[4.925s] writing coursework_world_spawner_lib.egg-info/PKG-INFO
[4.926s] writing dependency_links to coursework_world_spawner_lib.egg-info/dependency_links.txt
[4.926s] writing top-level names to coursework_world_spawner_lib.egg-info/top_level.txt
[4.926s] writing manifest file 'coursework_world_spawner_lib.egg-info/SOURCES.txt'
[4.929s] reading manifest file 'coursework_world_spawner_lib.egg-info/SOURCES.txt'
[4.930s] writing manifest file 'coursework_world_spawner_lib.egg-info/SOURCES.txt'
[4.941s] running egg_info
[4.942s] creating cw1_world_spawner.egg-info
[4.942s] writing cw1_world_spawner.egg-info/PKG-INFO
[4.943s] writing dependency_links to cw1_world_spawner.egg-info/dependency_links.txt
[4.943s] writing top-level names to cw1_world_spawner.egg-info/top_level.txt
[4.943s] writing manifest file 'cw1_world_spawner.egg-info/SOURCES.txt'
[4.945s] reading manifest file 'cw1_world_spawner.egg-info/SOURCES.txt'
[4.945s] writing manifest file 'cw1_world_spawner.egg-info/SOURCES.txt'
[4.956s] [  3%] Built target ament_cmake_python_build_coursework_world_spawner_lib_egg
[4.972s] [  3%] Built target ament_cmake_python_build_cw1_world_spawner_egg
[5.133s] [  3%] Built target cw1_world_spawner__cpp
[5.135s] [  5%] [32mBuilding C object CMakeFiles/cw1_world_spawner__rosidl_generator_c.dir/rosidl_generator_c/cw1_world_spawner/srv/detail/task1_service__functions.c.o[0m
[5.136s] [  7%] [32mBuilding C object CMakeFiles/cw1_world_spawner__rosidl_generator_c.dir/rosidl_generator_c/cw1_world_spawner/srv/detail/task_setup__functions.c.o[0m
[5.136s] [  9%] [32mBuilding C object CMakeFiles/cw1_world_spawner__rosidl_generator_c.dir/rosidl_generator_c/cw1_world_spawner/srv/detail/task3_service__functions.c.o[0m
[5.137s] [ 10%] [32mBuilding C object CMakeFiles/cw1_world_spawner__rosidl_generator_c.dir/rosidl_generator_c/cw1_world_spawner/srv/detail/task2_service__functions.c.o[0m
[5.150s] [ 12%] [34m[1mGenerating C++ introspection for ROS interfaces[0m
[5.150s] [ 16%] [34m[1mGenerating C++ type support for eProsima Fast-RTPS[0m
[5.150s] [ 16%] [34m[1mGenerating C++ type support dispatch for ROS interfaces[0m
[5.299s] [ 18%] [32m[1mLinking C shared library libcw1_world_spawner__rosidl_generator_c.so[0m
[5.447s] [ 23%] [32mBuilding CXX object CMakeFiles/cw1_world_spawner__rosidl_typesupport_cpp.dir/rosidl_typesupport_cpp/cw1_world_spawner/srv/task_setup__type_support.cpp.o[0m
[5.447s] [ 23%] [32mBuilding CXX object CMakeFiles/cw1_world_spawner__rosidl_typesupport_cpp.dir/rosidl_typesupport_cpp/cw1_world_spawner/srv/task2_service__type_support.cpp.o[0m
[5.447s] [ 23%] [32mBuilding CXX object CMakeFiles/cw1_world_spawner__rosidl_typesupport_cpp.dir/rosidl_typesupport_cpp/cw1_world_spawner/srv/task1_service__type_support.cpp.o[0m
[5.447s] [ 25%] [32mBuilding CXX object CMakeFiles/cw1_world_spawner__rosidl_typesupport_cpp.dir/rosidl_typesupport_cpp/cw1_world_spawner/srv/task3_service__type_support.cpp.o[0m
[5.511s] [ 25%] Built target cw1_world_spawner__rosidl_generator_c
[5.523s] [ 29%] [32mBuilding CXX object CMakeFiles/cw1_world_spawner__rosidl_typesupport_introspection_cpp.dir/rosidl_typesupport_introspection_cpp/cw1_world_spawner/srv/detail/task2_service__type_support.cpp.o[0m
[5.523s] [ 29%] [32mBuilding CXX object CMakeFiles/cw1_world_spawner__rosidl_typesupport_introspection_cpp.dir/rosidl_typesupport_introspection_cpp/cw1_world_spawner/srv/detail/task_setup__type_support.cpp.o[0m
[5.525s] [ 30%] [32mBuilding CXX object CMakeFiles/cw1_world_spawner__rosidl_typesupport_introspection_cpp.dir/rosidl_typesupport_introspection_cpp/cw1_world_spawner/srv/detail/task1_service__type_support.cpp.o[0m
[5.525s] [ 32%] [32mBuilding CXX object CMakeFiles/cw1_world_spawner__rosidl_typesupport_introspection_cpp.dir/rosidl_typesupport_introspection_cpp/cw1_world_spawner/srv/detail/task3_service__type_support.cpp.o[0m
[5.530s] [ 34%] [34m[1mGenerating C introspection for ROS interfaces[0m
[5.530s] [ 38%] [34m[1mGenerating C type support for eProsima Fast-RTPS[0m
[5.530s] [ 38%] [34m[1mGenerating C type support dispatch for ROS interfaces[0m
[5.611s] [ 40%] [32mBuilding CXX object CMakeFiles/cw1_world_spawner__rosidl_typesupport_fastrtps_cpp.dir/rosidl_typesupport_fastrtps_cpp/cw1_world_spawner/srv/detail/dds_fastrtps/task_setup__type_support.cpp.o[0m
[5.611s] [ 43%] [32mBuilding CXX object CMakeFiles/cw1_world_spawner__rosidl_typesupport_fastrtps_cpp.dir/rosidl_typesupport_fastrtps_cpp/cw1_world_spawner/srv/detail/dds_fastrtps/task2_service__type_support.cpp.o[0m
[5.611s] [ 43%] [32mBuilding CXX object CMakeFiles/cw1_world_spawner__rosidl_typesupport_fastrtps_cpp.dir/rosidl_typesupport_fastrtps_cpp/cw1_world_spawner/srv/detail/dds_fastrtps/task1_service__type_support.cpp.o[0m
[5.612s] [ 45%] [32mBuilding CXX object CMakeFiles/cw1_world_spawner__rosidl_typesupport_fastrtps_cpp.dir/rosidl_typesupport_fastrtps_cpp/cw1_world_spawner/srv/detail/dds_fastrtps/task3_service__type_support.cpp.o[0m
[6.014s] [ 47%] [32m[1mLinking CXX shared library libcw1_world_spawner__rosidl_typesupport_cpp.so[0m
[6.105s] [ 49%] [32mBuilding CXX object CMakeFiles/cw1_world_spawner__rosidl_typesupport_c.dir/rosidl_typesupport_c/cw1_world_spawner/srv/task_setup__type_support.cpp.o[0m
[6.105s] [ 50%] [32mBuilding CXX object CMakeFiles/cw1_world_spawner__rosidl_typesupport_c.dir/rosidl_typesupport_c/cw1_world_spawner/srv/task1_service__type_support.cpp.o[0m
[6.106s] [ 52%] [32mBuilding CXX object CMakeFiles/cw1_world_spawner__rosidl_typesupport_c.dir/rosidl_typesupport_c/cw1_world_spawner/srv/task2_service__type_support.cpp.o[0m
[6.114s] [ 54%] [32mBuilding CXX object CMakeFiles/cw1_world_spawner__rosidl_typesupport_c.dir/rosidl_typesupport_c/cw1_world_spawner/srv/task3_service__type_support.cpp.o[0m
[6.178s] [ 56%] [32m[1mLinking CXX shared library libcw1_world_spawner__rosidl_typesupport_c.so[0m
[6.230s] [ 61%] [32mBuilding C object CMakeFiles/cw1_world_spawner__rosidl_typesupport_introspection_c.dir/rosidl_typesupport_introspection_c/cw1_world_spawner/srv/detail/task1_service__type_support.c.o[0m
[6.231s] [ 61%] [32mBuilding C object CMakeFiles/cw1_world_spawner__rosidl_typesupport_introspection_c.dir/rosidl_typesupport_introspection_c/cw1_world_spawner/srv/detail/task3_service__type_support.c.o[0m
[6.231s] [ 61%] [32mBuilding C object CMakeFiles/cw1_world_spawner__rosidl_typesupport_introspection_c.dir/rosidl_typesupport_introspection_c/cw1_world_spawner/srv/detail/task_setup__type_support.c.o[0m
[6.231s] [ 63%] [32mBuilding C object CMakeFiles/cw1_world_spawner__rosidl_typesupport_introspection_c.dir/rosidl_typesupport_introspection_c/cw1_world_spawner/srv/detail/task2_service__type_support.c.o[0m
[6.252s] [ 65%] [32mBuilding CXX object CMakeFiles/cw1_world_spawner__rosidl_typesupport_fastrtps_c.dir/rosidl_typesupport_fastrtps_c/cw1_world_spawner/srv/detail/task_setup__type_support_c.cpp.o[0m
[6.252s] [ 67%] [32mBuilding CXX object CMakeFiles/cw1_world_spawner__rosidl_typesupport_fastrtps_c.dir/rosidl_typesupport_fastrtps_c/cw1_world_spawner/srv/detail/task1_service__type_support_c.cpp.o[0m
[6.252s] [ 69%] [32mBuilding CXX object CMakeFiles/cw1_world_spawner__rosidl_typesupport_fastrtps_c.dir/rosidl_typesupport_fastrtps_c/cw1_world_spawner/srv/detail/task2_service__type_support_c.cpp.o[0m
[6.254s] [ 70%] [32mBuilding CXX object CMakeFiles/cw1_world_spawner__rosidl_typesupport_fastrtps_c.dir/rosidl_typesupport_fastrtps_c/cw1_world_spawner/srv/detail/task3_service__type_support_c.cpp.o[0m
[6.327s] [ 72%] [32m[1mLinking C shared library libcw1_world_spawner__rosidl_typesupport_introspection_c.so[0m
[6.353s] [ 72%] Built target cw1_world_spawner__rosidl_typesupport_cpp
[6.370s] [ 74%] [32m[1mLinking CXX shared library libcw1_world_spawner__rosidl_typesupport_introspection_cpp.so[0m
[6.445s] [ 74%] Built target cw1_world_spawner__rosidl_typesupport_c
[6.503s] [ 76%] [32m[1mLinking CXX shared library libcw1_world_spawner__rosidl_typesupport_fastrtps_cpp.so[0m
[6.556s] [ 76%] Built target cw1_world_spawner__rosidl_typesupport_introspection_c
[6.611s] [ 76%] Built target cw1_world_spawner__rosidl_typesupport_introspection_cpp
[6.653s] [ 78%] [32m[1mLinking CXX shared library libcw1_world_spawner__rosidl_typesupport_fastrtps_c.so[0m
[6.737s] [ 78%] Built target cw1_world_spawner__rosidl_typesupport_fastrtps_cpp
[6.875s] [ 78%] Built target cw1_world_spawner__rosidl_typesupport_fastrtps_c
[6.906s] [ 78%] Built target cw1_world_spawner
[6.944s] [ 80%] [34m[1mGenerating Python code for ROS interfaces[0m
[7.519s] [ 80%] Built target cw1_world_spawner__py
[7.548s] [ 85%] [32mBuilding C object CMakeFiles/cw1_world_spawner__rosidl_generator_py.dir/rosidl_generator_py/cw1_world_spawner/srv/_task1_service_s.c.o[0m
[7.548s] [ 85%] [32mBuilding C object CMakeFiles/cw1_world_spawner__rosidl_generator_py.dir/rosidl_generator_py/cw1_world_spawner/srv/_task_setup_s.c.o[0m
[7.548s] [ 85%] [32mBuilding C object CMakeFiles/cw1_world_spawner__rosidl_generator_py.dir/rosidl_generator_py/cw1_world_spawner/srv/_task2_service_s.c.o[0m
[7.548s] [ 87%] [32mBuilding C object CMakeFiles/cw1_world_spawner__rosidl_generator_py.dir/rosidl_generator_py/cw1_world_spawner/srv/_task3_service_s.c.o[0m
[7.734s] [ 89%] [32m[1mLinking C shared library rosidl_generator_py/cw1_world_spawner/libcw1_world_spawner__rosidl_generator_py.so[0m
[7.940s] [ 89%] Built target cw1_world_spawner__rosidl_generator_py
[7.966s] [ 92%] [32mBuilding C object CMakeFiles/cw1_world_spawner__rosidl_typesupport_c__pyext.dir/rosidl_generator_py/cw1_world_spawner/_cw1_world_spawner_s.ep.rosidl_typesupport_c.c.o[0m
[7.967s] [ 92%] [32mBuilding C object CMakeFiles/cw1_world_spawner__rosidl_typesupport_fastrtps_c__pyext.dir/rosidl_generator_py/cw1_world_spawner/_cw1_world_spawner_s.ep.rosidl_typesupport_fastrtps_c.c.o[0m
[7.967s] [ 94%] [32mBuilding C object CMakeFiles/cw1_world_spawner__rosidl_typesupport_introspection_c__pyext.dir/rosidl_generator_py/cw1_world_spawner/_cw1_world_spawner_s.ep.rosidl_typesupport_introspection_c.c.o[0m
[8.126s] [ 96%] [32m[1mLinking C shared library rosidl_generator_py/cw1_world_spawner/cw1_world_spawner_s__rosidl_typesupport_c.cpython-310-x86_64-linux-gnu.so[0m
[8.130s] [ 98%] [32m[1mLinking C shared library rosidl_generator_py/cw1_world_spawner/cw1_world_spawner_s__rosidl_typesupport_fastrtps_c.cpython-310-x86_64-linux-gnu.so[0m
[8.146s] [100%] [32m[1mLinking C shared library rosidl_generator_py/cw1_world_spawner/cw1_world_spawner_s__rosidl_typesupport_introspection_c.cpython-310-x86_64-linux-gnu.so[0m
[8.266s] [100%] Built target cw1_world_spawner__rosidl_typesupport_fastrtps_c__pyext
[8.267s] [100%] Built target cw1_world_spawner__rosidl_typesupport_c__pyext
[8.348s] [100%] Built target cw1_world_spawner__rosidl_typesupport_introspection_c__pyext
[8.365s] Invoked command in '/home/pcht/dev/comp0250_s26_labs/build/cw1_world_spawner' returned '0': CMAKE_PREFIX_PATH=${CMAKE_PREFIX_PATH}:/home/pcht/ws_moveit2/install/moveit_configs_utils:/home/pcht/ws_moveit2/install/launch_param_builder:/opt/ros/humble /usr/bin/cmake --build /home/pcht/dev/comp0250_s26_labs/build/cw1_world_spawner -- -j16 -l16
[8.367s] Invoking command in '/home/pcht/dev/comp0250_s26_labs/build/cw1_world_spawner': CMAKE_PREFIX_PATH=${CMAKE_PREFIX_PATH}:/home/pcht/ws_moveit2/install/moveit_configs_utils:/home/pcht/ws_moveit2/install/launch_param_builder:/opt/ros/humble /usr/bin/cmake --install /home/pcht/dev/comp0250_s26_labs/build/cw1_world_spawner
[8.375s] -- Install configuration: "Release"
[8.376s] -- Installing: /home/pcht/dev/comp0250_s26_labs/install/cw1_world_spawner/share/ament_index/resource_index/rosidl_interfaces/cw1_world_spawner
[8.376s] -- Installing: /home/pcht/dev/comp0250_s26_labs/install/cw1_world_spawner/include/cw1_world_spawner/cw1_world_spawner
[8.377s] -- Installing: /home/pcht/dev/comp0250_s26_labs/install/cw1_world_spawner/include/cw1_world_spawner/cw1_world_spawner/msg
[8.377s] -- Installing: /home/pcht/dev/comp0250_s26_labs/install/cw1_world_spawner/include/cw1_world_spawner/cw1_world_spawner/msg/rosidl_generator_c__visibility_control.h
[8.377s] -- Installing: /home/pcht/dev/comp0250_s26_labs/install/cw1_world_spawner/include/cw1_world_spawner/cw1_world_spawner/srv
[8.377s] -- Installing: /home/pcht/dev/comp0250_s26_labs/install/cw1_world_spawner/include/cw1_world_spawner/cw1_world_spawner/srv/task3_service.h
[8.377s] -- Installing: /home/pcht/dev/comp0250_s26_labs/install/cw1_world_spawner/include/cw1_world_spawner/cw1_world_spawner/srv/detail
[8.378s] -- Installing: /home/pcht/dev/comp0250_s26_labs/install/cw1_world_spawner/include/cw1_world_spawner/cw1_world_spawner/srv/detail/task2_service__struct.h
[8.378s] -- Installing: /home/pcht/dev/comp0250_s26_labs/install/cw1_world_spawner/include/cw1_world_spawner/cw1_world_spawner/srv/detail/task2_service__functions.h
[8.378s] -- Installing: /home/pcht/dev/comp0250_s26_labs/install/cw1_world_spawner/include/cw1_world_spawner/cw1_world_spawner/srv/detail/task3_service__type_support.h
[8.378s] -- Installing: /home/pcht/dev/comp0250_s26_labs/install/cw1_world_spawner/include/cw1_world_spawner/cw1_world_spawner/srv/detail/task2_service__type_support.h
[8.378s] -- Installing: /home/pcht/dev/comp0250_s26_labs/install/cw1_world_spawner/include/cw1_world_spawner/cw1_world_spawner/srv/detail/task1_service__type_support.h
[8.378s] -- Installing: /home/pcht/dev/comp0250_s26_labs/install/cw1_world_spawner/include/cw1_world_spawner/cw1_world_spawner/srv/detail/task3_service__struct.h
[8.378s] -- Installing: /home/pcht/dev/comp0250_s26_labs/install/cw1_world_spawner/include/cw1_world_spawner/cw1_world_spawner/srv/detail/task3_service__functions.c
[8.378s] -- Installing: /home/pcht/dev/comp0250_s26_labs/install/cw1_world_spawner/include/cw1_world_spawner/cw1_world_spawner/srv/detail/task_setup__functions.c
[8.379s] -- Installing: /home/pcht/dev/comp0250_s26_labs/install/cw1_world_spawner/include/cw1_world_spawner/cw1_world_spawner/srv/detail/task_setup__functions.h
[8.379s] -- Installing: /home/pcht/dev/comp0250_s26_labs/install/cw1_world_spawner/include/cw1_world_spawner/cw1_world_spawner/srv/detail/task_setup__struct.h
[8.379s] -- Installing: /home/pcht/dev/comp0250_s26_labs/install/cw1_world_spawner/include/cw1_world_spawner/cw1_world_spawner/srv/detail/task3_service__functions.h
[8.379s] -- Installing: /home/pcht/dev/comp0250_s26_labs/install/cw1_world_spawner/include/cw1_world_spawner/cw1_world_spawner/srv/detail/task1_service__functions.c
[8.379s] -- Installing: /home/pcht/dev/comp0250_s26_labs/install/cw1_world_spawner/include/cw1_world_spawner/cw1_world_spawner/srv/detail/task2_service__functions.c
[8.379s] -- Installing: /home/pcht/dev/comp0250_s26_labs/install/cw1_world_spawner/include/cw1_world_spawner/cw1_world_spawner/srv/detail/task_setup__type_support.h
[8.380s] -- Installing: /home/pcht/dev/comp0250_s26_labs/install/cw1_world_spawner/include/cw1_world_spawner/cw1_world_spawner/srv/detail/task1_service__struct.h
[8.380s] -- Installing: /home/pcht/dev/comp0250_s26_labs/install/cw1_world_spawner/include/cw1_world_spawner/cw1_world_spawner/srv/detail/task1_service__functions.h
[8.380s] -- Installing: /home/pcht/dev/comp0250_s26_labs/install/cw1_world_spawner/include/cw1_world_spawner/cw1_world_spawner/srv/task_setup.h
[8.380s] -- Installing: /home/pcht/dev/comp0250_s26_labs/install/cw1_world_spawner/include/cw1_world_spawner/cw1_world_spawner/srv/task1_service.h
[8.380s] -- Installing: /home/pcht/dev/comp0250_s26_labs/install/cw1_world_spawner/include/cw1_world_spawner/cw1_world_spawner/srv/task2_service.h
[8.380s] -- Installing: /home/pcht/dev/comp0250_s26_labs/install/cw1_world_spawner/share/cw1_world_spawner/environment/library_path.sh
[8.380s] -- Installing: /home/pcht/dev/comp0250_s26_labs/install/cw1_world_spawner/share/cw1_world_spawner/environment/library_path.dsv
[8.380s] -- Installing: /home/pcht/dev/comp0250_s26_labs/install/cw1_world_spawner/lib/libcw1_world_spawner__rosidl_generator_c.so
[8.381s] -- Set runtime path of "/home/pcht/dev/comp0250_s26_labs/install/cw1_world_spawner/lib/libcw1_world_spawner__rosidl_generator_c.so" to ""
[8.381s] -- Up-to-date: /home/pcht/dev/comp0250_s26_labs/install/cw1_world_spawner/include/cw1_world_spawner/cw1_world_spawner
[8.381s] -- Up-to-date: /home/pcht/dev/comp0250_s26_labs/install/cw1_world_spawner/include/cw1_world_spawner/cw1_world_spawner/msg
[8.381s] -- Installing: /home/pcht/dev/comp0250_s26_labs/install/cw1_world_spawner/include/cw1_world_spawner/cw1_world_spawner/msg/rosidl_typesupport_fastrtps_c__visibility_control.h
[8.381s] -- Up-to-date: /home/pcht/dev/comp0250_s26_labs/install/cw1_world_spawner/include/cw1_world_spawner/cw1_world_spawner/srv
[8.381s] -- Up-to-date: /home/pcht/dev/comp0250_s26_labs/install/cw1_world_spawner/include/cw1_world_spawner/cw1_world_spawner/srv/detail
[8.381s] -- Installing: /home/pcht/dev/comp0250_s26_labs/install/cw1_world_spawner/include/cw1_world_spawner/cw1_world_spawner/srv/detail/task2_service__rosidl_typesupport_fastrtps_c.h
[8.381s] -- Installing: /home/pcht/dev/comp0250_s26_labs/install/cw1_world_spawner/include/cw1_world_spawner/cw1_world_spawner/srv/detail/task1_service__rosidl_typesupport_fastrtps_c.h
[8.382s] -- Installing: /home/pcht/dev/comp0250_s26_labs/install/cw1_world_spawner/include/cw1_world_spawner/cw1_world_spawner/srv/detail/task3_service__rosidl_typesupport_fastrtps_c.h
[8.382s] -- Installing: /home/pcht/dev/comp0250_s26_labs/install/cw1_world_spawner/include/cw1_world_spawner/cw1_world_spawner/srv/detail/task_setup__rosidl_typesupport_fastrtps_c.h
[8.382s] -- Installing: /home/pcht/dev/comp0250_s26_labs/install/cw1_world_spawner/lib/libcw1_world_spawner__rosidl_typesupport_fastrtps_c.so
[8.382s] -- Set runtime path of "/home/pcht/dev/comp0250_s26_labs/install/cw1_world_spawner/lib/libcw1_world_spawner__rosidl_typesupport_fastrtps_c.so" to ""
[8.382s] -- Up-to-date: /home/pcht/dev/comp0250_s26_labs/install/cw1_world_spawner/include/cw1_world_spawner/cw1_world_spawner
[8.382s] -- Up-to-date: /home/pcht/dev/comp0250_s26_labs/install/cw1_world_spawner/include/cw1_world_spawner/cw1_world_spawner/msg
[8.382s] -- Installing: /home/pcht/dev/comp0250_s26_labs/install/cw1_world_spawner/include/cw1_world_spawner/cw1_world_spawner/msg/rosidl_typesupport_introspection_c__visibility_control.h
[8.382s] -- Up-to-date: /home/pcht/dev/comp0250_s26_labs/install/cw1_world_spawner/include/cw1_world_spawner/cw1_world_spawner/srv
[8.383s] -- Up-to-date: /home/pcht/dev/comp0250_s26_labs/install/cw1_world_spawner/include/cw1_world_spawner/cw1_world_spawner/srv/detail
[8.383s] -- Installing: /home/pcht/dev/comp0250_s26_labs/install/cw1_world_spawner/include/cw1_world_spawner/cw1_world_spawner/srv/detail/task3_service__rosidl_typesupport_introspection_c.h
[8.383s] -- Installing: /home/pcht/dev/comp0250_s26_labs/install/cw1_world_spawner/include/cw1_world_spawner/cw1_world_spawner/srv/detail/task2_service__rosidl_typesupport_introspection_c.h
[8.383s] -- Installing: /home/pcht/dev/comp0250_s26_labs/install/cw1_world_spawner/include/cw1_world_spawner/cw1_world_spawner/srv/detail/task1_service__rosidl_typesupport_introspection_c.h
[8.383s] -- Installing: /home/pcht/dev/comp0250_s26_labs/install/cw1_world_spawner/include/cw1_world_spawner/cw1_world_spawner/srv/detail/task3_service__type_support.c
[8.383s] -- Installing: /home/pcht/dev/comp0250_s26_labs/install/cw1_world_spawner/include/cw1_world_spawner/cw1_world_spawner/srv/detail/task1_service__type_support.c
[8.383s] -- Installing: /home/pcht/dev/comp0250_s26_labs/install/cw1_world_spawner/include/cw1_world_spawner/cw1_world_spawner/srv/detail/task_setup__type_support.c
[8.383s] -- Installing: /home/pcht/dev/comp0250_s26_labs/install/cw1_world_spawner/include/cw1_world_spawner/cw1_world_spawner/srv/detail/task2_service__type_support.c
[8.383s] -- Installing: /home/pcht/dev/comp0250_s26_labs/install/cw1_world_spawner/include/cw1_world_spawner/cw1_world_spawner/srv/detail/task_setup__rosidl_typesupport_introspection_c.h
[8.383s] -- Installing: /home/pcht/dev/comp0250_s26_labs/install/cw1_world_spawner/lib/libcw1_world_spawner__rosidl_typesupport_introspection_c.so
[8.384s] -- Set runtime path of "/home/pcht/dev/comp0250_s26_labs/install/cw1_world_spawner/lib/libcw1_world_spawner__rosidl_typesupport_introspection_c.so" to ""
[8.384s] -- Installing: /home/pcht/dev/comp0250_s26_labs/install/cw1_world_spawner/lib/libcw1_world_spawner__rosidl_typesupport_c.so
[8.384s] -- Set runtime path of "/home/pcht/dev/comp0250_s26_labs/install/cw1_world_spawner/lib/libcw1_world_spawner__rosidl_typesupport_c.so" to ""
[8.384s] -- Up-to-date: /home/pcht/dev/comp0250_s26_labs/install/cw1_world_spawner/include/cw1_world_spawner/cw1_world_spawner
[8.384s] -- Up-to-date: /home/pcht/dev/comp0250_s26_labs/install/cw1_world_spawner/include/cw1_world_spawner/cw1_world_spawner/msg
[8.384s] -- Installing: /home/pcht/dev/comp0250_s26_labs/install/cw1_world_spawner/include/cw1_world_spawner/cw1_world_spawner/msg/rosidl_generator_cpp__visibility_control.hpp
[8.384s] -- Up-to-date: /home/pcht/dev/comp0250_s26_labs/install/cw1_world_spawner/include/cw1_world_spawner/cw1_world_spawner/srv
[8.384s] -- Installing: /home/pcht/dev/comp0250_s26_labs/install/cw1_world_spawner/include/cw1_world_spawner/cw1_world_spawner/srv/task3_service.hpp
[8.384s] -- Up-to-date: /home/pcht/dev/comp0250_s26_labs/install/cw1_world_spawner/include/cw1_world_spawner/cw1_world_spawner/srv/detail
[8.384s] -- Installing: /home/pcht/dev/comp0250_s26_labs/install/cw1_world_spawner/include/cw1_world_spawner/cw1_world_spawner/srv/detail/task_setup__type_support.hpp
[8.384s] -- Installing: /home/pcht/dev/comp0250_s26_labs/install/cw1_world_spawner/include/cw1_world_spawner/cw1_world_spawner/srv/detail/task1_service__traits.hpp
[8.385s] -- Installing: /home/pcht/dev/comp0250_s26_labs/install/cw1_world_spawner/include/cw1_world_spawner/cw1_world_spawner/srv/detail/task1_service__builder.hpp
[8.385s] -- Installing: /home/pcht/dev/comp0250_s26_labs/install/cw1_world_spawner/include/cw1_world_spawner/cw1_world_spawner/srv/detail/task2_service__traits.hpp
[8.385s] -- Installing: /home/pcht/dev/comp0250_s26_labs/install/cw1_world_spawner/include/cw1_world_spawner/cw1_world_spawner/srv/detail/task2_service__struct.hpp
[8.385s] -- Installing: /home/pcht/dev/comp0250_s26_labs/install/cw1_world_spawner/include/cw1_world_spawner/cw1_world_spawner/srv/detail/task3_service__struct.hpp
[8.385s] -- Installing: /home/pcht/dev/comp0250_s26_labs/install/cw1_world_spawner/include/cw1_world_spawner/cw1_world_spawner/srv/detail/task_setup__struct.hpp
[8.385s] -- Installing: /home/pcht/dev/comp0250_s26_labs/install/cw1_world_spawner/include/cw1_world_spawner/cw1_world_spawner/srv/detail/task3_service__traits.hpp
[8.385s] -- Installing: /home/pcht/dev/comp0250_s26_labs/install/cw1_world_spawner/include/cw1_world_spawner/cw1_world_spawner/srv/detail/task3_service__type_support.hpp
[8.385s] -- Installing: /home/pcht/dev/comp0250_s26_labs/install/cw1_world_spawner/include/cw1_world_spawner/cw1_world_spawner/srv/detail/task3_service__builder.hpp
[8.386s] -- Installing: /home/pcht/dev/comp0250_s26_labs/install/cw1_world_spawner/include/cw1_world_spawner/cw1_world_spawner/srv/detail/task2_service__builder.hpp
[8.386s] -- Installing: /home/pcht/dev/comp0250_s26_labs/install/cw1_world_spawner/include/cw1_world_spawner/cw1_world_spawner/srv/detail/task1_service__type_support.hpp
[8.386s] -- Installing: /home/pcht/dev/comp0250_s26_labs/install/cw1_world_spawner/include/cw1_world_spawner/cw1_world_spawner/srv/detail/task_setup__traits.hpp
[8.386s] -- Installing: /home/pcht/dev/comp0250_s26_labs/install/cw1_world_spawner/include/cw1_world_spawner/cw1_world_spawner/srv/detail/task_setup__builder.hpp
[8.386s] -- Installing: /home/pcht/dev/comp0250_s26_labs/install/cw1_world_spawner/include/cw1_world_spawner/cw1_world_spawner/srv/detail/task2_service__type_support.hpp
[8.386s] -- Installing: /home/pcht/dev/comp0250_s26_labs/install/cw1_world_spawner/include/cw1_world_spawner/cw1_world_spawner/srv/detail/task1_service__struct.hpp
[8.386s] -- Installing: /home/pcht/dev/comp0250_s26_labs/install/cw1_world_spawner/include/cw1_world_spawner/cw1_world_spawner/srv/task2_service.hpp
[8.386s] -- Installing: /home/pcht/dev/comp0250_s26_labs/install/cw1_world_spawner/include/cw1_world_spawner/cw1_world_spawner/srv/task1_service.hpp
[8.386s] -- Installing: /home/pcht/dev/comp0250_s26_labs/install/cw1_world_spawner/include/cw1_world_spawner/cw1_world_spawner/srv/task_setup.hpp
[8.386s] -- Up-to-date: /home/pcht/dev/comp0250_s26_labs/install/cw1_world_spawner/include/cw1_world_spawner/cw1_world_spawner
[8.386s] -- Up-to-date: /home/pcht/dev/comp0250_s26_labs/install/cw1_world_spawner/include/cw1_world_spawner/cw1_world_spawner/msg
[8.387s] -- Installing: /home/pcht/dev/comp0250_s26_labs/install/cw1_world_spawner/include/cw1_world_spawner/cw1_world_spawner/msg/rosidl_typesupport_fastrtps_cpp__visibility_control.h
[8.387s] -- Up-to-date: /home/pcht/dev/comp0250_s26_labs/install/cw1_world_spawner/include/cw1_world_spawner/cw1_world_spawner/srv
[8.387s] -- Up-to-date: /home/pcht/dev/comp0250_s26_labs/install/cw1_world_spawner/include/cw1_world_spawner/cw1_world_spawner/srv/detail
[8.387s] -- Installing: /home/pcht/dev/comp0250_s26_labs/install/cw1_world_spawner/include/cw1_world_spawner/cw1_world_spawner/srv/detail/dds_fastrtps
[8.387s] -- Installing: /home/pcht/dev/comp0250_s26_labs/install/cw1_world_spawner/include/cw1_world_spawner/cw1_world_spawner/srv/detail/task1_service__rosidl_typesupport_fastrtps_cpp.hpp
[8.387s] -- Installing: /home/pcht/dev/comp0250_s26_labs/install/cw1_world_spawner/include/cw1_world_spawner/cw1_world_spawner/srv/detail/task2_service__rosidl_typesupport_fastrtps_cpp.hpp
[8.387s] -- Installing: /home/pcht/dev/comp0250_s26_labs/install/cw1_world_spawner/include/cw1_world_spawner/cw1_world_spawner/srv/detail/task_setup__rosidl_typesupport_fastrtps_cpp.hpp
[8.387s] -- Installing: /home/pcht/dev/comp0250_s26_labs/install/cw1_world_spawner/include/cw1_world_spawner/cw1_world_spawner/srv/detail/task3_service__rosidl_typesupport_fastrtps_cpp.hpp
[8.388s] -- Installing: /home/pcht/dev/comp0250_s26_labs/install/cw1_world_spawner/lib/libcw1_world_spawner__rosidl_typesupport_fastrtps_cpp.so
[8.388s] -- Set runtime path of "/home/pcht/dev/comp0250_s26_labs/install/cw1_world_spawner/lib/libcw1_world_spawner__rosidl_typesupport_fastrtps_cpp.so" to ""
[8.388s] -- Up-to-date: /home/pcht/dev/comp0250_s26_labs/install/cw1_world_spawner/include/cw1_world_spawner/cw1_world_spawner
[8.388s] -- Up-to-date: /home/pcht/dev/comp0250_s26_labs/install/cw1_world_spawner/include/cw1_world_spawner/cw1_world_spawner/srv
[8.388s] -- Up-to-date: /home/pcht/dev/comp0250_s26_labs/install/cw1_world_spawner/include/cw1_world_spawner/cw1_world_spawner/srv/detail
[8.388s] -- Installing: /home/pcht/dev/comp0250_s26_labs/install/cw1_world_spawner/include/cw1_world_spawner/cw1_world_spawner/srv/detail/task1_service__rosidl_typesupport_introspection_cpp.hpp
[8.389s] -- Installing: /home/pcht/dev/comp0250_s26_labs/install/cw1_world_spawner/include/cw1_world_spawner/cw1_world_spawner/srv/detail/task_setup__type_support.cpp
[8.389s] -- Installing: /home/pcht/dev/comp0250_s26_labs/install/cw1_world_spawner/include/cw1_world_spawner/cw1_world_spawner/srv/detail/task_setup__rosidl_typesupport_introspection_cpp.hpp
[8.389s] -- Installing: /home/pcht/dev/comp0250_s26_labs/install/cw1_world_spawner/include/cw1_world_spawner/cw1_world_spawner/srv/detail/task2_service__rosidl_typesupport_introspection_cpp.hpp
[8.389s] -- Installing: /home/pcht/dev/comp0250_s26_labs/install/cw1_world_spawner/include/cw1_world_spawner/cw1_world_spawner/srv/detail/task3_service__type_support.cpp
[8.389s] -- Installing: /home/pcht/dev/comp0250_s26_labs/install/cw1_world_spawner/include/cw1_world_spawner/cw1_world_spawner/srv/detail/task2_service__type_support.cpp
[8.389s] -- Installing: /home/pcht/dev/comp0250_s26_labs/install/cw1_world_spawner/include/cw1_world_spawner/cw1_world_spawner/srv/detail/task1_service__type_support.cpp
[8.389s] -- Installing: /home/pcht/dev/comp0250_s26_labs/install/cw1_world_spawner/include/cw1_world_spawner/cw1_world_spawner/srv/detail/task3_service__rosidl_typesupport_introspection_cpp.hpp
[8.389s] -- Installing: /home/pcht/dev/comp0250_s26_labs/install/cw1_world_spawner/lib/libcw1_world_spawner__rosidl_typesupport_introspection_cpp.so
[8.390s] -- Set runtime path of "/home/pcht/dev/comp0250_s26_labs/install/cw1_world_spawner/lib/libcw1_world_spawner__rosidl_typesupport_introspection_cpp.so" to ""
[8.390s] -- Installing: /home/pcht/dev/comp0250_s26_labs/install/cw1_world_spawner/lib/libcw1_world_spawner__rosidl_typesupport_cpp.so
[8.390s] -- Set runtime path of "/home/pcht/dev/comp0250_s26_labs/install/cw1_world_spawner/lib/libcw1_world_spawner__rosidl_typesupport_cpp.so" to ""
[8.390s] -- Installing: /home/pcht/dev/comp0250_s26_labs/install/cw1_world_spawner/share/cw1_world_spawner/environment/pythonpath.sh
[8.390s] -- Installing: /home/pcht/dev/comp0250_s26_labs/install/cw1_world_spawner/share/cw1_world_spawner/environment/pythonpath.dsv
[8.390s] -- Installing: /home/pcht/dev/comp0250_s26_labs/install/cw1_world_spawner/local/lib/python3.10/dist-packages/cw1_world_spawner-0.1.0-py3.10.egg-info
[8.390s] -- Installing: /home/pcht/dev/comp0250_s26_labs/install/cw1_world_spawner/local/lib/python3.10/dist-packages/cw1_world_spawner-0.1.0-py3.10.egg-info/top_level.txt
[8.391s] -- Installing: /home/pcht/dev/comp0250_s26_labs/install/cw1_world_spawner/local/lib/python3.10/dist-packages/cw1_world_spawner-0.1.0-py3.10.egg-info/PKG-INFO
[8.391s] -- Installing: /home/pcht/dev/comp0250_s26_labs/install/cw1_world_spawner/local/lib/python3.10/dist-packages/cw1_world_spawner-0.1.0-py3.10.egg-info/dependency_links.txt
[8.391s] -- Installing: /home/pcht/dev/comp0250_s26_labs/install/cw1_world_spawner/local/lib/python3.10/dist-packages/cw1_world_spawner-0.1.0-py3.10.egg-info/SOURCES.txt
[8.391s] -- Installing: /home/pcht/dev/comp0250_s26_labs/install/cw1_world_spawner/local/lib/python3.10/dist-packages/cw1_world_spawner
[8.391s] -- Installing: /home/pcht/dev/comp0250_s26_labs/install/cw1_world_spawner/local/lib/python3.10/dist-packages/cw1_world_spawner/_cw1_world_spawner_s.ep.rosidl_typesupport_fastrtps_c.c
[8.391s] -- Installing: /home/pcht/dev/comp0250_s26_labs/install/cw1_world_spawner/local/lib/python3.10/dist-packages/cw1_world_spawner/cw1_world_spawner_s__rosidl_typesupport_introspection_c.cpython-310-x86_64-linux-gnu.so
[8.391s] -- Installing: /home/pcht/dev/comp0250_s26_labs/install/cw1_world_spawner/local/lib/python3.10/dist-packages/cw1_world_spawner/cw1_world_spawner_s__rosidl_typesupport_c.cpython-310-x86_64-linux-gnu.so
[8.391s] -- Installing: /home/pcht/dev/comp0250_s26_labs/install/cw1_world_spawner/local/lib/python3.10/dist-packages/cw1_world_spawner/_cw1_world_spawner_s.ep.rosidl_typesupport_introspection_c.c
[8.392s] -- Installing: /home/pcht/dev/comp0250_s26_labs/install/cw1_world_spawner/local/lib/python3.10/dist-packages/cw1_world_spawner/cw1_world_spawner_s__rosidl_typesupport_fastrtps_c.cpython-310-x86_64-linux-gnu.so
[8.392s] -- Installing: /home/pcht/dev/comp0250_s26_labs/install/cw1_world_spawner/local/lib/python3.10/dist-packages/cw1_world_spawner/__init__.py
[8.392s] -- Installing: /home/pcht/dev/comp0250_s26_labs/install/cw1_world_spawner/local/lib/python3.10/dist-packages/cw1_world_spawner/srv
[8.392s] -- Installing: /home/pcht/dev/comp0250_s26_labs/install/cw1_world_spawner/local/lib/python3.10/dist-packages/cw1_world_spawner/srv/_task2_service_s.c
[8.392s] -- Installing: /home/pcht/dev/comp0250_s26_labs/install/cw1_world_spawner/local/lib/python3.10/dist-packages/cw1_world_spawner/srv/_task3_service.py
[8.392s] -- Installing: /home/pcht/dev/comp0250_s26_labs/install/cw1_world_spawner/local/lib/python3.10/dist-packages/cw1_world_spawner/srv/_task_setup.py
[8.392s] -- Installing: /home/pcht/dev/comp0250_s26_labs/install/cw1_world_spawner/local/lib/python3.10/dist-packages/cw1_world_spawner/srv/_task1_service.py
[8.392s] -- Installing: /home/pcht/dev/comp0250_s26_labs/install/cw1_world_spawner/local/lib/python3.10/dist-packages/cw1_world_spawner/srv/_task2_service.py
[8.392s] -- Installing: /home/pcht/dev/comp0250_s26_labs/install/cw1_world_spawner/local/lib/python3.10/dist-packages/cw1_world_spawner/srv/_task_setup_s.c
[8.393s] -- Installing: /home/pcht/dev/comp0250_s26_labs/install/cw1_world_spawner/local/lib/python3.10/dist-packages/cw1_world_spawner/srv/_task1_service_s.c
[8.393s] -- Installing: /home/pcht/dev/comp0250_s26_labs/install/cw1_world_spawner/local/lib/python3.10/dist-packages/cw1_world_spawner/srv/_task3_service_s.c
[8.393s] -- Installing: /home/pcht/dev/comp0250_s26_labs/install/cw1_world_spawner/local/lib/python3.10/dist-packages/cw1_world_spawner/srv/__init__.py
[8.393s] -- Installing: /home/pcht/dev/comp0250_s26_labs/install/cw1_world_spawner/local/lib/python3.10/dist-packages/cw1_world_spawner/libcw1_world_spawner__rosidl_generator_py.so
[8.393s] -- Installing: /home/pcht/dev/comp0250_s26_labs/install/cw1_world_spawner/local/lib/python3.10/dist-packages/cw1_world_spawner/_cw1_world_spawner_s.ep.rosidl_typesupport_c.c
[8.431s] Listing '/home/pcht/dev/comp0250_s26_labs/install/cw1_world_spawner/local/lib/python3.10/dist-packages/cw1_world_spawner'...
[8.431s] Compiling '/home/pcht/dev/comp0250_s26_labs/install/cw1_world_spawner/local/lib/python3.10/dist-packages/cw1_world_spawner/__init__.py'...
[8.431s] Listing '/home/pcht/dev/comp0250_s26_labs/install/cw1_world_spawner/local/lib/python3.10/dist-packages/cw1_world_spawner/srv'...
[8.432s] Compiling '/home/pcht/dev/comp0250_s26_labs/install/cw1_world_spawner/local/lib/python3.10/dist-packages/cw1_world_spawner/srv/__init__.py'...
[8.432s] Compiling '/home/pcht/dev/comp0250_s26_labs/install/cw1_world_spawner/local/lib/python3.10/dist-packages/cw1_world_spawner/srv/_task1_service.py'...
[8.432s] Compiling '/home/pcht/dev/comp0250_s26_labs/install/cw1_world_spawner/local/lib/python3.10/dist-packages/cw1_world_spawner/srv/_task2_service.py'...
[8.432s] Compiling '/home/pcht/dev/comp0250_s26_labs/install/cw1_world_spawner/local/lib/python3.10/dist-packages/cw1_world_spawner/srv/_task3_service.py'...
[8.432s] Compiling '/home/pcht/dev/comp0250_s26_labs/install/cw1_world_spawner/local/lib/python3.10/dist-packages/cw1_world_spawner/srv/_task_setup.py'...
[8.435s] -- Installing: /home/pcht/dev/comp0250_s26_labs/install/cw1_world_spawner/local/lib/python3.10/dist-packages/cw1_world_spawner/cw1_world_spawner_s__rosidl_typesupport_fastrtps_c.cpython-310-x86_64-linux-gnu.so
[8.436s] -- Set runtime path of "/home/pcht/dev/comp0250_s26_labs/install/cw1_world_spawner/local/lib/python3.10/dist-packages/cw1_world_spawner/cw1_world_spawner_s__rosidl_typesupport_fastrtps_c.cpython-310-x86_64-linux-gnu.so" to ""
[8.436s] -- Installing: /home/pcht/dev/comp0250_s26_labs/install/cw1_world_spawner/local/lib/python3.10/dist-packages/cw1_world_spawner/cw1_world_spawner_s__rosidl_typesupport_introspection_c.cpython-310-x86_64-linux-gnu.so
[8.436s] -- Set runtime path of "/home/pcht/dev/comp0250_s26_labs/install/cw1_world_spawner/local/lib/python3.10/dist-packages/cw1_world_spawner/cw1_world_spawner_s__rosidl_typesupport_introspection_c.cpython-310-x86_64-linux-gnu.so" to ""
[8.436s] -- Installing: /home/pcht/dev/comp0250_s26_labs/install/cw1_world_spawner/local/lib/python3.10/dist-packages/cw1_world_spawner/cw1_world_spawner_s__rosidl_typesupport_c.cpython-310-x86_64-linux-gnu.so
[8.436s] -- Set runtime path of "/home/pcht/dev/comp0250_s26_labs/install/cw1_world_spawner/local/lib/python3.10/dist-packages/cw1_world_spawner/cw1_world_spawner_s__rosidl_typesupport_c.cpython-310-x86_64-linux-gnu.so" to ""
[8.436s] -- Installing: /home/pcht/dev/comp0250_s26_labs/install/cw1_world_spawner/lib/libcw1_world_spawner__rosidl_generator_py.so
[8.436s] -- Set runtime path of "/home/pcht/dev/comp0250_s26_labs/install/cw1_world_spawner/lib/libcw1_world_spawner__rosidl_generator_py.so" to ""
[8.437s] -- Installing: /home/pcht/dev/comp0250_s26_labs/install/cw1_world_spawner/share/cw1_world_spawner/srv/TaskSetup.idl
[8.437s] -- Installing: /home/pcht/dev/comp0250_s26_labs/install/cw1_world_spawner/share/cw1_world_spawner/srv/Task1Service.idl
[8.437s] -- Installing: /home/pcht/dev/comp0250_s26_labs/install/cw1_world_spawner/share/cw1_world_spawner/srv/Task2Service.idl
[8.437s] -- Installing: /home/pcht/dev/comp0250_s26_labs/install/cw1_world_spawner/share/cw1_world_spawner/srv/Task3Service.idl
[8.437s] -- Installing: /home/pcht/dev/comp0250_s26_labs/install/cw1_world_spawner/share/cw1_world_spawner/srv/TaskSetup.srv
[8.437s] -- Installing: /home/pcht/dev/comp0250_s26_labs/install/cw1_world_spawner/share/cw1_world_spawner/srv/TaskSetup_Request.msg
[8.437s] -- Installing: /home/pcht/dev/comp0250_s26_labs/install/cw1_world_spawner/share/cw1_world_spawner/srv/TaskSetup_Response.msg
[8.438s] -- Installing: /home/pcht/dev/comp0250_s26_labs/install/cw1_world_spawner/share/cw1_world_spawner/srv/Task1Service.srv
[8.438s] -- Installing: /home/pcht/dev/comp0250_s26_labs/install/cw1_world_spawner/share/cw1_world_spawner/srv/Task1Service_Request.msg
[8.438s] -- Installing: /home/pcht/dev/comp0250_s26_labs/install/cw1_world_spawner/share/cw1_world_spawner/srv/Task1Service_Response.msg
[8.438s] -- Installing: /home/pcht/dev/comp0250_s26_labs/install/cw1_world_spawner/share/cw1_world_spawner/srv/Task2Service.srv
[8.438s] -- Installing: /home/pcht/dev/comp0250_s26_labs/install/cw1_world_spawner/share/cw1_world_spawner/srv/Task2Service_Request.msg
[8.438s] -- Installing: /home/pcht/dev/comp0250_s26_labs/install/cw1_world_spawner/share/cw1_world_spawner/srv/Task2Service_Response.msg
[8.438s] -- Installing: /home/pcht/dev/comp0250_s26_labs/install/cw1_world_spawner/share/cw1_world_spawner/srv/Task3Service.srv
[8.438s] -- Installing: /home/pcht/dev/comp0250_s26_labs/install/cw1_world_spawner/share/cw1_world_spawner/srv/Task3Service_Request.msg
[8.438s] -- Installing: /home/pcht/dev/comp0250_s26_labs/install/cw1_world_spawner/share/cw1_world_spawner/srv/Task3Service_Response.msg
[8.439s] -- Installing: /home/pcht/dev/comp0250_s26_labs/install/cw1_world_spawner/local/lib/python3.10/dist-packages/coursework_world_spawner_lib-0.1.0-py3.10.egg-info
[8.439s] -- Installing: /home/pcht/dev/comp0250_s26_labs/install/cw1_world_spawner/local/lib/python3.10/dist-packages/coursework_world_spawner_lib-0.1.0-py3.10.egg-info/top_level.txt
[8.439s] -- Installing: /home/pcht/dev/comp0250_s26_labs/install/cw1_world_spawner/local/lib/python3.10/dist-packages/coursework_world_spawner_lib-0.1.0-py3.10.egg-info/PKG-INFO
[8.439s] -- Installing: /home/pcht/dev/comp0250_s26_labs/install/cw1_world_spawner/local/lib/python3.10/dist-packages/coursework_world_spawner_lib-0.1.0-py3.10.egg-info/dependency_links.txt
[8.439s] -- Installing: /home/pcht/dev/comp0250_s26_labs/install/cw1_world_spawner/local/lib/python3.10/dist-packages/coursework_world_spawner_lib-0.1.0-py3.10.egg-info/SOURCES.txt
[8.439s] -- Installing: /home/pcht/dev/comp0250_s26_labs/install/cw1_world_spawner/local/lib/python3.10/dist-packages/coursework_world_spawner_lib
[8.439s] -- Installing: /home/pcht/dev/comp0250_s26_labs/install/cw1_world_spawner/local/lib/python3.10/dist-packages/coursework_world_spawner_lib/coursework_world_spawner.py
[8.440s] -- Installing: /home/pcht/dev/comp0250_s26_labs/install/cw1_world_spawner/local/lib/python3.10/dist-packages/coursework_world_spawner_lib/__init__.py
[8.471s] Listing '/home/pcht/dev/comp0250_s26_labs/install/cw1_world_spawner/local/lib/python3.10/dist-packages/coursework_world_spawner_lib'...
[8.471s] Compiling '/home/pcht/dev/comp0250_s26_labs/install/cw1_world_spawner/local/lib/python3.10/dist-packages/coursework_world_spawner_lib/__init__.py'...
[8.471s] Compiling '/home/pcht/dev/comp0250_s26_labs/install/cw1_world_spawner/local/lib/python3.10/dist-packages/coursework_world_spawner_lib/coursework_world_spawner.py'...
[8.476s] -- Installing: /home/pcht/dev/comp0250_s26_labs/install/cw1_world_spawner/lib/cw1_world_spawner/world_spawner.py
[8.476s] -- Installing: /home/pcht/dev/comp0250_s26_labs/install/cw1_world_spawner/lib/cw1_world_spawner/test_coursework.py
[8.476s] -- Installing: /home/pcht/dev/comp0250_s26_labs/install/cw1_world_spawner/share/cw1_world_spawner/models
[8.476s] -- Installing: /home/pcht/dev/comp0250_s26_labs/install/cw1_world_spawner/share/cw1_world_spawner/models/basket_blue
[8.476s] -- Installing: /home/pcht/dev/comp0250_s26_labs/install/cw1_world_spawner/share/cw1_world_spawner/models/basket_blue/model.config
[8.477s] -- Installing: /home/pcht/dev/comp0250_s26_labs/install/cw1_world_spawner/share/cw1_world_spawner/models/basket_blue/model.sdf.xmacro
[8.477s] -- Installing: /home/pcht/dev/comp0250_s26_labs/install/cw1_world_spawner/share/cw1_world_spawner/models/basket_blue/model.sdf
[8.477s] -- Installing: /home/pcht/dev/comp0250_s26_labs/install/cw1_world_spawner/share/cw1_world_spawner/models/box_red
[8.477s] -- Installing: /home/pcht/dev/comp0250_s26_labs/install/cw1_world_spawner/share/cw1_world_spawner/models/box_red/model.config
[8.477s] -- Installing: /home/pcht/dev/comp0250_s26_labs/install/cw1_world_spawner/share/cw1_world_spawner/models/box_red/model.sdf
[8.477s] -- Installing: /home/pcht/dev/comp0250_s26_labs/install/cw1_world_spawner/share/cw1_world_spawner/models/box
[8.477s] -- Installing: /home/pcht/dev/comp0250_s26_labs/install/cw1_world_spawner/share/cw1_world_spawner/models/box/model.config
[8.478s] -- Installing: /home/pcht/dev/comp0250_s26_labs/install/cw1_world_spawner/share/cw1_world_spawner/models/box/model.sdf
[8.478s] -- Installing: /home/pcht/dev/comp0250_s26_labs/install/cw1_world_spawner/share/cw1_world_spawner/models/basket
[8.478s] -- Installing: /home/pcht/dev/comp0250_s26_labs/install/cw1_world_spawner/share/cw1_world_spawner/models/basket/model.config
[8.478s] -- Installing: /home/pcht/dev/comp0250_s26_labs/install/cw1_world_spawner/share/cw1_world_spawner/models/basket/model.sdf.xmacro
[8.478s] -- Installing: /home/pcht/dev/comp0250_s26_labs/install/cw1_world_spawner/share/cw1_world_spawner/models/basket/model.sdf
[8.478s] -- Installing: /home/pcht/dev/comp0250_s26_labs/install/cw1_world_spawner/share/cw1_world_spawner/models/object-golf-tile
[8.478s] -- Installing: /home/pcht/dev/comp0250_s26_labs/install/cw1_world_spawner/share/cw1_world_spawner/models/object-golf-tile/model.config
[8.479s] -- Installing: /home/pcht/dev/comp0250_s26_labs/install/cw1_world_spawner/share/cw1_world_spawner/models/object-golf-tile/model.sdf
[8.479s] -- Installing: /home/pcht/dev/comp0250_s26_labs/install/cw1_world_spawner/share/cw1_world_spawner/models/box_purple
[8.479s] -- Installing: /home/pcht/dev/comp0250_s26_labs/install/cw1_world_spawner/share/cw1_world_spawner/models/box_purple/model.config
[8.479s] -- Installing: /home/pcht/dev/comp0250_s26_labs/install/cw1_world_spawner/share/cw1_world_spawner/models/box_purple/model.sdf
[8.479s] -- Installing: /home/pcht/dev/comp0250_s26_labs/install/cw1_world_spawner/share/cw1_world_spawner/models/all_tiles
[8.479s] -- Installing: /home/pcht/dev/comp0250_s26_labs/install/cw1_world_spawner/share/cw1_world_spawner/models/all_tiles/model.config
[8.479s] -- Installing: /home/pcht/dev/comp0250_s26_labs/install/cw1_world_spawner/share/cw1_world_spawner/models/all_tiles/model.sdf.xmacro
[8.479s] -- Installing: /home/pcht/dev/comp0250_s26_labs/install/cw1_world_spawner/share/cw1_world_spawner/models/all_tiles/model.sdf
[8.480s] -- Installing: /home/pcht/dev/comp0250_s26_labs/install/cw1_world_spawner/share/cw1_world_spawner/models/basket_purple
[8.480s] -- Installing: /home/pcht/dev/comp0250_s26_labs/install/cw1_world_spawner/share/cw1_world_spawner/models/basket_purple/model.config
[8.480s] -- Installing: /home/pcht/dev/comp0250_s26_labs/install/cw1_world_spawner/share/cw1_world_spawner/models/basket_purple/model.sdf.xmacro
[8.480s] -- Installing: /home/pcht/dev/comp0250_s26_labs/install/cw1_world_spawner/share/cw1_world_spawner/models/basket_purple/model.sdf
[8.480s] -- Installing: /home/pcht/dev/comp0250_s26_labs/install/cw1_world_spawner/share/cw1_world_spawner/models/box_blue
[8.480s] -- Installing: /home/pcht/dev/comp0250_s26_labs/install/cw1_world_spawner/share/cw1_world_spawner/models/box_blue/model.config
[8.480s] -- Installing: /home/pcht/dev/comp0250_s26_labs/install/cw1_world_spawner/share/cw1_world_spawner/models/box_blue/model.sdf
[8.480s] -- Installing: /home/pcht/dev/comp0250_s26_labs/install/cw1_world_spawner/share/cw1_world_spawner/models/basket_red
[8.481s] -- Installing: /home/pcht/dev/comp0250_s26_labs/install/cw1_world_spawner/share/cw1_world_spawner/models/basket_red/model.config
[8.481s] -- Installing: /home/pcht/dev/comp0250_s26_labs/install/cw1_world_spawner/share/cw1_world_spawner/models/basket_red/model.sdf.xmacro
[8.481s] -- Installing: /home/pcht/dev/comp0250_s26_labs/install/cw1_world_spawner/share/cw1_world_spawner/models/basket_red/model.sdf
[8.481s] -- Installing: /home/pcht/dev/comp0250_s26_labs/install/cw1_world_spawner/share/cw1_world_spawner/launch
[8.481s] -- Installing: /home/pcht/dev/comp0250_s26_labs/install/cw1_world_spawner/share/cw1_world_spawner/launch/world_spawner.launch.py
[8.481s] -- Installing: /home/pcht/dev/comp0250_s26_labs/install/cw1_world_spawner/share/cw1_world_spawner/launch/test_coursework.launch.py
[8.481s] -- Installing: /home/pcht/dev/comp0250_s26_labs/install/cw1_world_spawner/share/ament_index/resource_index/package_run_dependencies/cw1_world_spawner
[8.482s] -- Installing: /home/pcht/dev/comp0250_s26_labs/install/cw1_world_spawner/share/ament_index/resource_index/parent_prefix_path/cw1_world_spawner
[8.482s] -- Installing: /home/pcht/dev/comp0250_s26_labs/install/cw1_world_spawner/share/cw1_world_spawner/environment/ament_prefix_path.sh
[8.482s] -- Installing: /home/pcht/dev/comp0250_s26_labs/install/cw1_world_spawner/share/cw1_world_spawner/environment/ament_prefix_path.dsv
[8.482s] -- Installing: /home/pcht/dev/comp0250_s26_labs/install/cw1_world_spawner/share/cw1_world_spawner/environment/path.sh
[8.482s] -- Installing: /home/pcht/dev/comp0250_s26_labs/install/cw1_world_spawner/share/cw1_world_spawner/environment/path.dsv
[8.482s] -- Installing: /home/pcht/dev/comp0250_s26_labs/install/cw1_world_spawner/share/cw1_world_spawner/local_setup.bash
[8.483s] -- Installing: /home/pcht/dev/comp0250_s26_labs/install/cw1_world_spawner/share/cw1_world_spawner/local_setup.sh
[8.483s] -- Installing: /home/pcht/dev/comp0250_s26_labs/install/cw1_world_spawner/share/cw1_world_spawner/local_setup.zsh
[8.483s] -- Installing: /home/pcht/dev/comp0250_s26_labs/install/cw1_world_spawner/share/cw1_world_spawner/local_setup.dsv
[8.483s] -- Installing: /home/pcht/dev/comp0250_s26_labs/install/cw1_world_spawner/share/cw1_world_spawner/package.dsv
[8.483s] -- Installing: /home/pcht/dev/comp0250_s26_labs/install/cw1_world_spawner/share/ament_index/resource_index/packages/cw1_world_spawner
[8.484s] -- Installing: /home/pcht/dev/comp0250_s26_labs/install/cw1_world_spawner/share/cw1_world_spawner/cmake/export_cw1_world_spawner__rosidl_generator_cExport.cmake
[8.484s] -- Installing: /home/pcht/dev/comp0250_s26_labs/install/cw1_world_spawner/share/cw1_world_spawner/cmake/export_cw1_world_spawner__rosidl_generator_cExport-release.cmake
[8.484s] -- Installing: /home/pcht/dev/comp0250_s26_labs/install/cw1_world_spawner/share/cw1_world_spawner/cmake/export_cw1_world_spawner__rosidl_typesupport_fastrtps_cExport.cmake
[8.484s] -- Installing: /home/pcht/dev/comp0250_s26_labs/install/cw1_world_spawner/share/cw1_world_spawner/cmake/export_cw1_world_spawner__rosidl_typesupport_fastrtps_cExport-release.cmake
[8.484s] -- Installing: /home/pcht/dev/comp0250_s26_labs/install/cw1_world_spawner/share/cw1_world_spawner/cmake/cw1_world_spawner__rosidl_typesupport_introspection_cExport.cmake
[8.485s] -- Installing: /home/pcht/dev/comp0250_s26_labs/install/cw1_world_spawner/share/cw1_world_spawner/cmake/cw1_world_spawner__rosidl_typesupport_introspection_cExport-release.cmake
[8.485s] -- Installing: /home/pcht/dev/comp0250_s26_labs/install/cw1_world_spawner/share/cw1_world_spawner/cmake/cw1_world_spawner__rosidl_typesupport_cExport.cmake
[8.485s] -- Installing: /home/pcht/dev/comp0250_s26_labs/install/cw1_world_spawner/share/cw1_world_spawner/cmake/cw1_world_spawner__rosidl_typesupport_cExport-release.cmake
[8.485s] -- Installing: /home/pcht/dev/comp0250_s26_labs/install/cw1_world_spawner/share/cw1_world_spawner/cmake/export_cw1_world_spawner__rosidl_generator_cppExport.cmake
[8.485s] -- Installing: /home/pcht/dev/comp0250_s26_labs/install/cw1_world_spawner/share/cw1_world_spawner/cmake/export_cw1_world_spawner__rosidl_typesupport_fastrtps_cppExport.cmake
[8.485s] -- Installing: /home/pcht/dev/comp0250_s26_labs/install/cw1_world_spawner/share/cw1_world_spawner/cmake/export_cw1_world_spawner__rosidl_typesupport_fastrtps_cppExport-release.cmake
[8.486s] -- Installing: /home/pcht/dev/comp0250_s26_labs/install/cw1_world_spawner/share/cw1_world_spawner/cmake/cw1_world_spawner__rosidl_typesupport_introspection_cppExport.cmake
[8.486s] -- Installing: /home/pcht/dev/comp0250_s26_labs/install/cw1_world_spawner/share/cw1_world_spawner/cmake/cw1_world_spawner__rosidl_typesupport_introspection_cppExport-release.cmake
[8.486s] -- Installing: /home/pcht/dev/comp0250_s26_labs/install/cw1_world_spawner/share/cw1_world_spawner/cmake/cw1_world_spawner__rosidl_typesupport_cppExport.cmake
[8.486s] -- Installing: /home/pcht/dev/comp0250_s26_labs/install/cw1_world_spawner/share/cw1_world_spawner/cmake/cw1_world_spawner__rosidl_typesupport_cppExport-release.cmake
[8.486s] -- Installing: /home/pcht/dev/comp0250_s26_labs/install/cw1_world_spawner/share/cw1_world_spawner/cmake/export_cw1_world_spawner__rosidl_generator_pyExport.cmake
[8.486s] -- Installing: /home/pcht/dev/comp0250_s26_labs/install/cw1_world_spawner/share/cw1_world_spawner/cmake/export_cw1_world_spawner__rosidl_generator_pyExport-release.cmake
[8.486s] -- Installing: /home/pcht/dev/comp0250_s26_labs/install/cw1_world_spawner/share/cw1_world_spawner/cmake/rosidl_cmake-extras.cmake
[8.486s] -- Installing: /home/pcht/dev/comp0250_s26_labs/install/cw1_world_spawner/share/cw1_world_spawner/cmake/ament_cmake_export_dependencies-extras.cmake
[8.487s] -- Installing: /home/pcht/dev/comp0250_s26_labs/install/cw1_world_spawner/share/cw1_world_spawner/cmake/ament_cmake_export_include_directories-extras.cmake
[8.487s] -- Installing: /home/pcht/dev/comp0250_s26_labs/install/cw1_world_spawner/share/cw1_world_spawner/cmake/ament_cmake_export_libraries-extras.cmake
[8.487s] -- Installing: /home/pcht/dev/comp0250_s26_labs/install/cw1_world_spawner/share/cw1_world_spawner/cmake/ament_cmake_export_targets-extras.cmake
[8.487s] -- Installing: /home/pcht/dev/comp0250_s26_labs/install/cw1_world_spawner/share/cw1_world_spawner/cmake/rosidl_cmake_export_typesupport_targets-extras.cmake
[8.487s] -- Installing: /home/pcht/dev/comp0250_s26_labs/install/cw1_world_spawner/share/cw1_world_spawner/cmake/rosidl_cmake_export_typesupport_libraries-extras.cmake
[8.487s] -- Installing: /home/pcht/dev/comp0250_s26_labs/install/cw1_world_spawner/share/cw1_world_spawner/cmake/cw1_world_spawnerConfig.cmake
[8.487s] -- Installing: /home/pcht/dev/comp0250_s26_labs/install/cw1_world_spawner/share/cw1_world_spawner/cmake/cw1_world_spawnerConfig-version.cmake
[8.487s] -- Installing: /home/pcht/dev/comp0250_s26_labs/install/cw1_world_spawner/share/cw1_world_spawner/package.xml
[8.492s] Invoked command in '/home/pcht/dev/comp0250_s26_labs/build/cw1_world_spawner' returned '0': CMAKE_PREFIX_PATH=${CMAKE_PREFIX_PATH}:/home/pcht/ws_moveit2/install/moveit_configs_utils:/home/pcht/ws_moveit2/install/launch_param_builder:/opt/ros/humble /usr/bin/cmake --install /home/pcht/dev/comp0250_s26_labs/build/cw1_world_spawner
