[  2%] Built target cw1_team_36__cpp
[ 11%] Built target cw1_team_36__rosidl_generator_c
[ 11%] Built target ament_cmake_python_copy_cw1_team_36
[ 20%] Built target cw1_team_36__rosidl_typesupport_cpp
[ 37%] Built target cw1_team_36__rosidl_typesupport_introspection_cpp
[ 37%] Built target cw1_team_36__rosidl_typesupport_fastrtps_cpp
[ 62%] Built target cw1_team_36__rosidl_typesupport_fastrtps_c
[ 62%] Built target cw1_team_36__rosidl_typesupport_introspection_c
[ 62%] Built target cw1_team_36__rosidl_typesupport_c
Consolidate compiler generated dependencies of target cw1_team_36_cw1_class_lib
[ 62%] Built target cw1_team_36
[ 65%] Building CXX object CMakeFiles/cw1_team_36_cw1_class_lib.dir/src/cw1_class.cpp.o
[ 68%] Built target cw1_team_36__py
[ 74%] Built target cw1_team_36__rosidl_generator_py
[ 85%] Built target cw1_team_36__rosidl_typesupport_introspection_c__pyext
[ 85%] Built target cw1_team_36__rosidl_typesupport_c__pyext
[ 91%] Built target cw1_team_36__rosidl_typesupport_fastrtps_c__pyext
running egg_info
writing cw1_team_36.egg-info/PKG-INFO
writing dependency_links to cw1_team_36.egg-info/dependency_links.txt
writing top-level names to cw1_team_36.egg-info/top_level.txt
reading manifest file 'cw1_team_36.egg-info/SOURCES.txt'
writing manifest file 'cw1_team_36.egg-info/SOURCES.txt'
[ 91%] Built target ament_cmake_python_build_cw1_team_36_egg
[ 94%] Linking CXX shared library libcw1_team_36_cw1_class_lib.so
[ 94%] Built target cw1_team_36_cw1_class_lib
[ 97%] Building CXX object CMakeFiles/cw1_solution_node.dir/src/cw1_node.cpp.o
[100%] Linking CXX executable cw1_solution_node
[100%] Built target cw1_solution_node
-- Install configuration: "Release"
-- Up-to-date: /home/pcht/dev/comp0250_s26_labs/install/cw1_team_36/share/ament_index/resource_index/rosidl_interfaces/cw1_team_36
-- Up-to-date: /home/pcht/dev/comp0250_s26_labs/install/cw1_team_36/include/cw1_team_36/cw1_team_36
-- Up-to-date: /home/pcht/dev/comp0250_s26_labs/install/cw1_team_36/include/cw1_team_36/cw1_team_36/msg
-- Up-to-date: /home/pcht/dev/comp0250_s26_labs/install/cw1_team_36/include/cw1_team_36/cw1_team_36/msg/rosidl_generator_c__visibility_control.h
-- Up-to-date: /home/pcht/dev/comp0250_s26_labs/install/cw1_team_36/include/cw1_team_36/cw1_team_36/srv
-- Up-to-date: /home/pcht/dev/comp0250_s26_labs/install/cw1_team_36/include/cw1_team_36/cw1_team_36/srv/detail
-- Up-to-date: /home/pcht/dev/comp0250_s26_labs/install/cw1_team_36/include/cw1_team_36/cw1_team_36/srv/detail/example__type_support.h
-- Up-to-date: /home/pcht/dev/comp0250_s26_labs/install/cw1_team_36/include/cw1_team_36/cw1_team_36/srv/detail/example__functions.c
-- Up-to-date: /home/pcht/dev/comp0250_s26_labs/install/cw1_team_36/include/cw1_team_36/cw1_team_36/srv/detail/example__struct.h
-- Up-to-date: /home/pcht/dev/comp0250_s26_labs/install/cw1_team_36/include/cw1_team_36/cw1_team_36/srv/detail/example__functions.h
-- Up-to-date: /home/pcht/dev/comp0250_s26_labs/install/cw1_team_36/include/cw1_team_36/cw1_team_36/srv/example.h
-- Up-to-date: /home/pcht/dev/comp0250_s26_labs/install/cw1_team_36/share/cw1_team_36/environment/library_path.sh
-- Up-to-date: /home/pcht/dev/comp0250_s26_labs/install/cw1_team_36/share/cw1_team_36/environment/library_path.dsv
-- Up-to-date: /home/pcht/dev/comp0250_s26_labs/install/cw1_team_36/lib/libcw1_team_36__rosidl_generator_c.so
-- Up-to-date: /home/pcht/dev/comp0250_s26_labs/install/cw1_team_36/include/cw1_team_36/cw1_team_36
-- Up-to-date: /home/pcht/dev/comp0250_s26_labs/install/cw1_team_36/include/cw1_team_36/cw1_team_36/msg
-- Up-to-date: /home/pcht/dev/comp0250_s26_labs/install/cw1_team_36/include/cw1_team_36/cw1_team_36/msg/rosidl_typesupport_fastrtps_c__visibility_control.h
-- Up-to-date: /home/pcht/dev/comp0250_s26_labs/install/cw1_team_36/include/cw1_team_36/cw1_team_36/srv
-- Up-to-date: /home/pcht/dev/comp0250_s26_labs/install/cw1_team_36/include/cw1_team_36/cw1_team_36/srv/detail
-- Up-to-date: /home/pcht/dev/comp0250_s26_labs/install/cw1_team_36/include/cw1_team_36/cw1_team_36/srv/detail/example__rosidl_typesupport_fastrtps_c.h
-- Up-to-date: /home/pcht/dev/comp0250_s26_labs/install/cw1_team_36/lib/libcw1_team_36__rosidl_typesupport_fastrtps_c.so
-- Up-to-date: /home/pcht/dev/comp0250_s26_labs/install/cw1_team_36/include/cw1_team_36/cw1_team_36
-- Up-to-date: /home/pcht/dev/comp0250_s26_labs/install/cw1_team_36/include/cw1_team_36/cw1_team_36/msg
-- Up-to-date: /home/pcht/dev/comp0250_s26_labs/install/cw1_team_36/include/cw1_team_36/cw1_team_36/msg/rosidl_typesupport_introspection_c__visibility_control.h
-- Up-to-date: /home/pcht/dev/comp0250_s26_labs/install/cw1_team_36/include/cw1_team_36/cw1_team_36/srv
-- Up-to-date: /home/pcht/dev/comp0250_s26_labs/install/cw1_team_36/include/cw1_team_36/cw1_team_36/srv/detail
-- Up-to-date: /home/pcht/dev/comp0250_s26_labs/install/cw1_team_36/include/cw1_team_36/cw1_team_36/srv/detail/example__rosidl_typesupport_introspection_c.h
-- Up-to-date: /home/pcht/dev/comp0250_s26_labs/install/cw1_team_36/include/cw1_team_36/cw1_team_36/srv/detail/example__type_support.c
-- Up-to-date: /home/pcht/dev/comp0250_s26_labs/install/cw1_team_36/lib/libcw1_team_36__rosidl_typesupport_introspection_c.so
-- Up-to-date: /home/pcht/dev/comp0250_s26_labs/install/cw1_team_36/lib/libcw1_team_36__rosidl_typesupport_c.so
-- Up-to-date: /home/pcht/dev/comp0250_s26_labs/install/cw1_team_36/include/cw1_team_36/cw1_team_36
-- Up-to-date: /home/pcht/dev/comp0250_s26_labs/install/cw1_team_36/include/cw1_team_36/cw1_team_36/msg
-- Up-to-date: /home/pcht/dev/comp0250_s26_labs/install/cw1_team_36/include/cw1_team_36/cw1_team_36/msg/rosidl_generator_cpp__visibility_control.hpp
-- Up-to-date: /home/pcht/dev/comp0250_s26_labs/install/cw1_team_36/include/cw1_team_36/cw1_team_36/srv
-- Up-to-date: /home/pcht/dev/comp0250_s26_labs/install/cw1_team_36/include/cw1_team_36/cw1_team_36/srv/example.hpp
-- Up-to-date: /home/pcht/dev/comp0250_s26_labs/install/cw1_team_36/include/cw1_team_36/cw1_team_36/srv/detail
-- Up-to-date: /home/pcht/dev/comp0250_s26_labs/install/cw1_team_36/include/cw1_team_36/cw1_team_36/srv/detail/example__struct.hpp
-- Up-to-date: /home/pcht/dev/comp0250_s26_labs/install/cw1_team_36/include/cw1_team_36/cw1_team_36/srv/detail/example__builder.hpp
-- Up-to-date: /home/pcht/dev/comp0250_s26_labs/install/cw1_team_36/include/cw1_team_36/cw1_team_36/srv/detail/example__type_support.hpp
-- Up-to-date: /home/pcht/dev/comp0250_s26_labs/install/cw1_team_36/include/cw1_team_36/cw1_team_36/srv/detail/example__traits.hpp
-- Up-to-date: /home/pcht/dev/comp0250_s26_labs/install/cw1_team_36/include/cw1_team_36/cw1_team_36
-- Up-to-date: /home/pcht/dev/comp0250_s26_labs/install/cw1_team_36/include/cw1_team_36/cw1_team_36/msg
-- Up-to-date: /home/pcht/dev/comp0250_s26_labs/install/cw1_team_36/include/cw1_team_36/cw1_team_36/msg/rosidl_typesupport_fastrtps_cpp__visibility_control.h
-- Up-to-date: /home/pcht/dev/comp0250_s26_labs/install/cw1_team_36/include/cw1_team_36/cw1_team_36/srv
-- Up-to-date: /home/pcht/dev/comp0250_s26_labs/install/cw1_team_36/include/cw1_team_36/cw1_team_36/srv/detail
-- Up-to-date: /home/pcht/dev/comp0250_s26_labs/install/cw1_team_36/include/cw1_team_36/cw1_team_36/srv/detail/dds_fastrtps
-- Up-to-date: /home/pcht/dev/comp0250_s26_labs/install/cw1_team_36/include/cw1_team_36/cw1_team_36/srv/detail/example__rosidl_typesupport_fastrtps_cpp.hpp
-- Up-to-date: /home/pcht/dev/comp0250_s26_labs/install/cw1_team_36/lib/libcw1_team_36__rosidl_typesupport_fastrtps_cpp.so
-- Up-to-date: /home/pcht/dev/comp0250_s26_labs/install/cw1_team_36/include/cw1_team_36/cw1_team_36
-- Up-to-date: /home/pcht/dev/comp0250_s26_labs/install/cw1_team_36/include/cw1_team_36/cw1_team_36/srv
-- Up-to-date: /home/pcht/dev/comp0250_s26_labs/install/cw1_team_36/include/cw1_team_36/cw1_team_36/srv/detail
-- Up-to-date: /home/pcht/dev/comp0250_s26_labs/install/cw1_team_36/include/cw1_team_36/cw1_team_36/srv/detail/example__type_support.cpp
-- Up-to-date: /home/pcht/dev/comp0250_s26_labs/install/cw1_team_36/include/cw1_team_36/cw1_team_36/srv/detail/example__rosidl_typesupport_introspection_cpp.hpp
-- Up-to-date: /home/pcht/dev/comp0250_s26_labs/install/cw1_team_36/lib/libcw1_team_36__rosidl_typesupport_introspection_cpp.so
-- Up-to-date: /home/pcht/dev/comp0250_s26_labs/install/cw1_team_36/lib/libcw1_team_36__rosidl_typesupport_cpp.so
-- Up-to-date: /home/pcht/dev/comp0250_s26_labs/install/cw1_team_36/share/cw1_team_36/environment/pythonpath.sh
-- Up-to-date: /home/pcht/dev/comp0250_s26_labs/install/cw1_team_36/share/cw1_team_36/environment/pythonpath.dsv
-- Up-to-date: /home/pcht/dev/comp0250_s26_labs/install/cw1_team_36/local/lib/python3.10/dist-packages/cw1_team_36-0.1.0-py3.10.egg-info
-- Installing: /home/pcht/dev/comp0250_s26_labs/install/cw1_team_36/local/lib/python3.10/dist-packages/cw1_team_36-0.1.0-py3.10.egg-info/top_level.txt
-- Installing: /home/pcht/dev/comp0250_s26_labs/install/cw1_team_36/local/lib/python3.10/dist-packages/cw1_team_36-0.1.0-py3.10.egg-info/PKG-INFO
-- Installing: /home/pcht/dev/comp0250_s26_labs/install/cw1_team_36/local/lib/python3.10/dist-packages/cw1_team_36-0.1.0-py3.10.egg-info/dependency_links.txt
-- Installing: /home/pcht/dev/comp0250_s26_labs/install/cw1_team_36/local/lib/python3.10/dist-packages/cw1_team_36-0.1.0-py3.10.egg-info/SOURCES.txt
-- Up-to-date: /home/pcht/dev/comp0250_s26_labs/install/cw1_team_36/local/lib/python3.10/dist-packages/cw1_team_36
-- Up-to-date: /home/pcht/dev/comp0250_s26_labs/install/cw1_team_36/local/lib/python3.10/dist-packages/cw1_team_36/libcw1_team_36__rosidl_generator_py.so
-- Up-to-date: /home/pcht/dev/comp0250_s26_labs/install/cw1_team_36/local/lib/python3.10/dist-packages/cw1_team_36/cw1_team_36_s__rosidl_typesupport_introspection_c.cpython-310-x86_64-linux-gnu.so
-- Up-to-date: /home/pcht/dev/comp0250_s26_labs/install/cw1_team_36/local/lib/python3.10/dist-packages/cw1_team_36/cw1_team_36_s__rosidl_typesupport_c.cpython-310-x86_64-linux-gnu.so
-- Up-to-date: /home/pcht/dev/comp0250_s26_labs/install/cw1_team_36/local/lib/python3.10/dist-packages/cw1_team_36/cw1_team_36_s__rosidl_typesupport_fastrtps_c.cpython-310-x86_64-linux-gnu.so
-- Up-to-date: /home/pcht/dev/comp0250_s26_labs/install/cw1_team_36/local/lib/python3.10/dist-packages/cw1_team_36/_cw1_team_36_s.ep.rosidl_typesupport_c.c
-- Up-to-date: /home/pcht/dev/comp0250_s26_labs/install/cw1_team_36/local/lib/python3.10/dist-packages/cw1_team_36/_cw1_team_36_s.ep.rosidl_typesupport_introspection_c.c
-- Up-to-date: /home/pcht/dev/comp0250_s26_labs/install/cw1_team_36/local/lib/python3.10/dist-packages/cw1_team_36/__init__.py
-- Up-to-date: /home/pcht/dev/comp0250_s26_labs/install/cw1_team_36/local/lib/python3.10/dist-packages/cw1_team_36/srv
-- Up-to-date: /home/pcht/dev/comp0250_s26_labs/install/cw1_team_36/local/lib/python3.10/dist-packages/cw1_team_36/srv/_example_s.c
-- Up-to-date: /home/pcht/dev/comp0250_s26_labs/install/cw1_team_36/local/lib/python3.10/dist-packages/cw1_team_36/srv/_example.py
-- Up-to-date: /home/pcht/dev/comp0250_s26_labs/install/cw1_team_36/local/lib/python3.10/dist-packages/cw1_team_36/srv/__init__.py
-- Up-to-date: /home/pcht/dev/comp0250_s26_labs/install/cw1_team_36/local/lib/python3.10/dist-packages/cw1_team_36/_cw1_team_36_s.ep.rosidl_typesupport_fastrtps_c.c
Listing '/home/pcht/dev/comp0250_s26_labs/install/cw1_team_36/local/lib/python3.10/dist-packages/cw1_team_36'...
Listing '/home/pcht/dev/comp0250_s26_labs/install/cw1_team_36/local/lib/python3.10/dist-packages/cw1_team_36/srv'...
-- Up-to-date: /home/pcht/dev/comp0250_s26_labs/install/cw1_team_36/local/lib/python3.10/dist-packages/cw1_team_36/cw1_team_36_s__rosidl_typesupport_fastrtps_c.cpython-310-x86_64-linux-gnu.so
-- Up-to-date: /home/pcht/dev/comp0250_s26_labs/install/cw1_team_36/local/lib/python3.10/dist-packages/cw1_team_36/cw1_team_36_s__rosidl_typesupport_introspection_c.cpython-310-x86_64-linux-gnu.so
-- Up-to-date: /home/pcht/dev/comp0250_s26_labs/install/cw1_team_36/local/lib/python3.10/dist-packages/cw1_team_36/cw1_team_36_s__rosidl_typesupport_c.cpython-310-x86_64-linux-gnu.so
-- Up-to-date: /home/pcht/dev/comp0250_s26_labs/install/cw1_team_36/lib/libcw1_team_36__rosidl_generator_py.so
-- Up-to-date: /home/pcht/dev/comp0250_s26_labs/install/cw1_team_36/share/cw1_team_36/srv/Example.idl
-- Up-to-date: /home/pcht/dev/comp0250_s26_labs/install/cw1_team_36/share/cw1_team_36/srv/Example.srv
-- Up-to-date: /home/pcht/dev/comp0250_s26_labs/install/cw1_team_36/share/cw1_team_36/srv/Example_Request.msg
-- Up-to-date: /home/pcht/dev/comp0250_s26_labs/install/cw1_team_36/share/cw1_team_36/srv/Example_Response.msg
-- Installing: /home/pcht/dev/comp0250_s26_labs/install/cw1_team_36/lib/libcw1_team_36_cw1_class_lib.so
-- Set runtime path of "/home/pcht/dev/comp0250_s26_labs/install/cw1_team_36/lib/libcw1_team_36_cw1_class_lib.so" to ""
-- Installing: /home/pcht/dev/comp0250_s26_labs/install/cw1_team_36/lib/cw1_team_36/cw1_solution_node
-- Set runtime path of "/home/pcht/dev/comp0250_s26_labs/install/cw1_team_36/lib/cw1_team_36/cw1_solution_node" to ""
-- Up-to-date: /home/pcht/dev/comp0250_s26_labs/install/cw1_team_36/share/cw1_team_36/launch
-- Up-to-date: /home/pcht/dev/comp0250_s26_labs/install/cw1_team_36/share/cw1_team_36/launch/run_solution.launch.py
-- Up-to-date: /home/pcht/dev/comp0250_s26_labs/install/cw1_team_36/share/ament_index/resource_index/package_run_dependencies/cw1_team_36
-- Up-to-date: /home/pcht/dev/comp0250_s26_labs/install/cw1_team_36/share/ament_index/resource_index/parent_prefix_path/cw1_team_36
-- Up-to-date: /home/pcht/dev/comp0250_s26_labs/install/cw1_team_36/share/cw1_team_36/environment/ament_prefix_path.sh
-- Up-to-date: /home/pcht/dev/comp0250_s26_labs/install/cw1_team_36/share/cw1_team_36/environment/ament_prefix_path.dsv
-- Up-to-date: /home/pcht/dev/comp0250_s26_labs/install/cw1_team_36/share/cw1_team_36/environment/path.sh
-- Up-to-date: /home/pcht/dev/comp0250_s26_labs/install/cw1_team_36/share/cw1_team_36/environment/path.dsv
-- Up-to-date: /home/pcht/dev/comp0250_s26_labs/install/cw1_team_36/share/cw1_team_36/local_setup.bash
-- Up-to-date: /home/pcht/dev/comp0250_s26_labs/install/cw1_team_36/share/cw1_team_36/local_setup.sh
-- Up-to-date: /home/pcht/dev/comp0250_s26_labs/install/cw1_team_36/share/cw1_team_36/local_setup.zsh
-- Up-to-date: /home/pcht/dev/comp0250_s26_labs/install/cw1_team_36/share/cw1_team_36/local_setup.dsv
-- Installing: /home/pcht/dev/comp0250_s26_labs/install/cw1_team_36/share/cw1_team_36/package.dsv
-- Up-to-date: /home/pcht/dev/comp0250_s26_labs/install/cw1_team_36/share/ament_index/resource_index/packages/cw1_team_36
-- Up-to-date: /home/pcht/dev/comp0250_s26_labs/install/cw1_team_36/share/cw1_team_36/cmake/export_cw1_team_36__rosidl_generator_cExport.cmake
-- Up-to-date: /home/pcht/dev/comp0250_s26_labs/install/cw1_team_36/share/cw1_team_36/cmake/export_cw1_team_36__rosidl_generator_cExport-release.cmake
-- Up-to-date: /home/pcht/dev/comp0250_s26_labs/install/cw1_team_36/share/cw1_team_36/cmake/export_cw1_team_36__rosidl_typesupport_fastrtps_cExport.cmake
-- Up-to-date: /home/pcht/dev/comp0250_s26_labs/install/cw1_team_36/share/cw1_team_36/cmake/export_cw1_team_36__rosidl_typesupport_fastrtps_cExport-release.cmake
-- Up-to-date: /home/pcht/dev/comp0250_s26_labs/install/cw1_team_36/share/cw1_team_36/cmake/cw1_team_36__rosidl_typesupport_introspection_cExport.cmake
-- Up-to-date: /home/pcht/dev/comp0250_s26_labs/install/cw1_team_36/share/cw1_team_36/cmake/cw1_team_36__rosidl_typesupport_introspection_cExport-release.cmake
-- Up-to-date: /home/pcht/dev/comp0250_s26_labs/install/cw1_team_36/share/cw1_team_36/cmake/cw1_team_36__rosidl_typesupport_cExport.cmake
-- Up-to-date: /home/pcht/dev/comp0250_s26_labs/install/cw1_team_36/share/cw1_team_36/cmake/cw1_team_36__rosidl_typesupport_cExport-release.cmake
-- Up-to-date: /home/pcht/dev/comp0250_s26_labs/install/cw1_team_36/share/cw1_team_36/cmake/export_cw1_team_36__rosidl_generator_cppExport.cmake
-- Up-to-date: /home/pcht/dev/comp0250_s26_labs/install/cw1_team_36/share/cw1_team_36/cmake/export_cw1_team_36__rosidl_typesupport_fastrtps_cppExport.cmake
-- Up-to-date: /home/pcht/dev/comp0250_s26_labs/install/cw1_team_36/share/cw1_team_36/cmake/export_cw1_team_36__rosidl_typesupport_fastrtps_cppExport-release.cmake
-- Up-to-date: /home/pcht/dev/comp0250_s26_labs/install/cw1_team_36/share/cw1_team_36/cmake/cw1_team_36__rosidl_typesupport_introspection_cppExport.cmake
-- Up-to-date: /home/pcht/dev/comp0250_s26_labs/install/cw1_team_36/share/cw1_team_36/cmake/cw1_team_36__rosidl_typesupport_introspection_cppExport-release.cmake
-- Up-to-date: /home/pcht/dev/comp0250_s26_labs/install/cw1_team_36/share/cw1_team_36/cmake/cw1_team_36__rosidl_typesupport_cppExport.cmake
-- Up-to-date: /home/pcht/dev/comp0250_s26_labs/install/cw1_team_36/share/cw1_team_36/cmake/cw1_team_36__rosidl_typesupport_cppExport-release.cmake
-- Up-to-date: /home/pcht/dev/comp0250_s26_labs/install/cw1_team_36/share/cw1_team_36/cmake/export_cw1_team_36__rosidl_generator_pyExport.cmake
-- Up-to-date: /home/pcht/dev/comp0250_s26_labs/install/cw1_team_36/share/cw1_team_36/cmake/export_cw1_team_36__rosidl_generator_pyExport-release.cmake
-- Up-to-date: /home/pcht/dev/comp0250_s26_labs/install/cw1_team_36/share/cw1_team_36/cmake/rosidl_cmake-extras.cmake
-- Up-to-date: /home/pcht/dev/comp0250_s26_labs/install/cw1_team_36/share/cw1_team_36/cmake/ament_cmake_export_dependencies-extras.cmake
-- Up-to-date: /home/pcht/dev/comp0250_s26_labs/install/cw1_team_36/share/cw1_team_36/cmake/ament_cmake_export_include_directories-extras.cmake
-- Up-to-date: /home/pcht/dev/comp0250_s26_labs/install/cw1_team_36/share/cw1_team_36/cmake/ament_cmake_export_libraries-extras.cmake
-- Up-to-date: /home/pcht/dev/comp0250_s26_labs/install/cw1_team_36/share/cw1_team_36/cmake/ament_cmake_export_targets-extras.cmake
-- Up-to-date: /home/pcht/dev/comp0250_s26_labs/install/cw1_team_36/share/cw1_team_36/cmake/rosidl_cmake_export_typesupport_targets-extras.cmake
-- Up-to-date: /home/pcht/dev/comp0250_s26_labs/install/cw1_team_36/share/cw1_team_36/cmake/rosidl_cmake_export_typesupport_libraries-extras.cmake
-- Up-to-date: /home/pcht/dev/comp0250_s26_labs/install/cw1_team_36/share/cw1_team_36/cmake/cw1_team_36Config.cmake
-- Up-to-date: /home/pcht/dev/comp0250_s26_labs/install/cw1_team_36/share/cw1_team_36/cmake/cw1_team_36Config-version.cmake
-- Up-to-date: /home/pcht/dev/comp0250_s26_labs/install/cw1_team_36/share/cw1_team_36/package.xml
