[35m[1mConsolidate compiler generated dependencies of target cw1_team_x__rosidl_generator_c[0m
[ 11%] Built target cw1_team_x__rosidl_generator_c
[  8%] Built target cw1_team_x__cpp
[ 11%] Built target ament_cmake_python_copy_cw1_team_x
[35m[1mConsolidate compiler generated dependencies of target cw1_team_x__rosidl_typesupport_introspection_cpp[0m
[35m[1mConsolidate compiler generated dependencies of target cw1_team_x__rosidl_typesupport_cpp[0m
[35m[1mConsolidate compiler generated dependencies of target cw1_team_x__rosidl_typesupport_fastrtps_cpp[0m
[35m[1mConsolidate compiler generated dependencies of target cw1_team_x__rosidl_typesupport_c[0m
[35m[1mConsolidate compiler generated dependencies of target cw1_team_x__rosidl_typesupport_introspection_c[0m
[35m[1mConsolidate compiler generated dependencies of target cw1_team_x__rosidl_typesupport_fastrtps_c[0m
[ 20%] Built target cw1_team_x__rosidl_typesupport_cpp
[ 28%] Built target cw1_team_x__rosidl_typesupport_fastrtps_cpp
[ 37%] Built target cw1_team_x__rosidl_typesupport_introspection_cpp
[ 54%] Built target cw1_team_x__rosidl_typesupport_introspection_c
[ 54%] Built target cw1_team_x__rosidl_typesupport_c
[35m[1mConsolidate compiler generated dependencies of target cw1_team_x_cw1_class_lib[0m
[ 62%] Built target cw1_team_x__rosidl_typesupport_fastrtps_c
[ 68%] Built target cw1_team_x_cw1_class_lib
[ 68%] Built target cw1_team_x
[35m[1mConsolidate compiler generated dependencies of target cw1_solution_node[0m
[ 74%] Built target cw1_solution_node
[ 77%] Built target cw1_team_x__py
[35m[1mConsolidate compiler generated dependencies of target cw1_team_x__rosidl_generator_py[0m
[ 82%] Built target cw1_team_x__rosidl_generator_py
[35m[1mConsolidate compiler generated dependencies of target cw1_team_x__rosidl_typesupport_introspection_c__pyext[0m
[35m[1mConsolidate compiler generated dependencies of target cw1_team_x__rosidl_typesupport_fastrtps_c__pyext[0m
[35m[1mConsolidate compiler generated dependencies of target cw1_team_x__rosidl_typesupport_c__pyext[0m
[ 94%] Built target cw1_team_x__rosidl_typesupport_c__pyext
[ 97%] Built target cw1_team_x__rosidl_typesupport_fastrtps_c__pyext
[100%] Built target cw1_team_x__rosidl_typesupport_introspection_c__pyext
running egg_info
writing cw1_team_x.egg-info/PKG-INFO
writing dependency_links to cw1_team_x.egg-info/dependency_links.txt
writing top-level names to cw1_team_x.egg-info/top_level.txt
reading manifest file 'cw1_team_x.egg-info/SOURCES.txt'
writing manifest file 'cw1_team_x.egg-info/SOURCES.txt'
[100%] Built target ament_cmake_python_build_cw1_team_x_egg
-- Install configuration: "Release"
-- Installing: /home/pcht/dev/comp0250_s26_labs/install/cw1_team_x/share/ament_index/resource_index/rosidl_interfaces/cw1_team_x
-- Installing: /home/pcht/dev/comp0250_s26_labs/install/cw1_team_x/include/cw1_team_x/cw1_team_x
-- Installing: /home/pcht/dev/comp0250_s26_labs/install/cw1_team_x/include/cw1_team_x/cw1_team_x/msg
-- Installing: /home/pcht/dev/comp0250_s26_labs/install/cw1_team_x/include/cw1_team_x/cw1_team_x/msg/rosidl_generator_c__visibility_control.h
-- Installing: /home/pcht/dev/comp0250_s26_labs/install/cw1_team_x/include/cw1_team_x/cw1_team_x/srv
-- Installing: /home/pcht/dev/comp0250_s26_labs/install/cw1_team_x/include/cw1_team_x/cw1_team_x/srv/detail
-- Installing: /home/pcht/dev/comp0250_s26_labs/install/cw1_team_x/include/cw1_team_x/cw1_team_x/srv/detail/example__type_support.h
-- Installing: /home/pcht/dev/comp0250_s26_labs/install/cw1_team_x/include/cw1_team_x/cw1_team_x/srv/detail/example__functions.c
-- Installing: /home/pcht/dev/comp0250_s26_labs/install/cw1_team_x/include/cw1_team_x/cw1_team_x/srv/detail/example__struct.h
-- Installing: /home/pcht/dev/comp0250_s26_labs/install/cw1_team_x/include/cw1_team_x/cw1_team_x/srv/detail/example__functions.h
-- Installing: /home/pcht/dev/comp0250_s26_labs/install/cw1_team_x/include/cw1_team_x/cw1_team_x/srv/example.h
-- Installing: /home/pcht/dev/comp0250_s26_labs/install/cw1_team_x/share/cw1_team_x/environment/library_path.sh
-- Installing: /home/pcht/dev/comp0250_s26_labs/install/cw1_team_x/share/cw1_team_x/environment/library_path.dsv
-- Installing: /home/pcht/dev/comp0250_s26_labs/install/cw1_team_x/lib/libcw1_team_x__rosidl_generator_c.so
-- Set runtime path of "/home/pcht/dev/comp0250_s26_labs/install/cw1_team_x/lib/libcw1_team_x__rosidl_generator_c.so" to ""
-- Up-to-date: /home/pcht/dev/comp0250_s26_labs/install/cw1_team_x/include/cw1_team_x/cw1_team_x
-- Up-to-date: /home/pcht/dev/comp0250_s26_labs/install/cw1_team_x/include/cw1_team_x/cw1_team_x/msg
-- Installing: /home/pcht/dev/comp0250_s26_labs/install/cw1_team_x/include/cw1_team_x/cw1_team_x/msg/rosidl_typesupport_fastrtps_c__visibility_control.h
-- Up-to-date: /home/pcht/dev/comp0250_s26_labs/install/cw1_team_x/include/cw1_team_x/cw1_team_x/srv
-- Up-to-date: /home/pcht/dev/comp0250_s26_labs/install/cw1_team_x/include/cw1_team_x/cw1_team_x/srv/detail
-- Installing: /home/pcht/dev/comp0250_s26_labs/install/cw1_team_x/include/cw1_team_x/cw1_team_x/srv/detail/example__rosidl_typesupport_fastrtps_c.h
-- Installing: /home/pcht/dev/comp0250_s26_labs/install/cw1_team_x/lib/libcw1_team_x__rosidl_typesupport_fastrtps_c.so
-- Set runtime path of "/home/pcht/dev/comp0250_s26_labs/install/cw1_team_x/lib/libcw1_team_x__rosidl_typesupport_fastrtps_c.so" to ""
-- Up-to-date: /home/pcht/dev/comp0250_s26_labs/install/cw1_team_x/include/cw1_team_x/cw1_team_x
-- Up-to-date: /home/pcht/dev/comp0250_s26_labs/install/cw1_team_x/include/cw1_team_x/cw1_team_x/msg
-- Installing: /home/pcht/dev/comp0250_s26_labs/install/cw1_team_x/include/cw1_team_x/cw1_team_x/msg/rosidl_typesupport_introspection_c__visibility_control.h
-- Up-to-date: /home/pcht/dev/comp0250_s26_labs/install/cw1_team_x/include/cw1_team_x/cw1_team_x/srv
-- Up-to-date: /home/pcht/dev/comp0250_s26_labs/install/cw1_team_x/include/cw1_team_x/cw1_team_x/srv/detail
-- Installing: /home/pcht/dev/comp0250_s26_labs/install/cw1_team_x/include/cw1_team_x/cw1_team_x/srv/detail/example__rosidl_typesupport_introspection_c.h
-- Installing: /home/pcht/dev/comp0250_s26_labs/install/cw1_team_x/include/cw1_team_x/cw1_team_x/srv/detail/example__type_support.c
-- Installing: /home/pcht/dev/comp0250_s26_labs/install/cw1_team_x/lib/libcw1_team_x__rosidl_typesupport_introspection_c.so
-- Set runtime path of "/home/pcht/dev/comp0250_s26_labs/install/cw1_team_x/lib/libcw1_team_x__rosidl_typesupport_introspection_c.so" to ""
-- Installing: /home/pcht/dev/comp0250_s26_labs/install/cw1_team_x/lib/libcw1_team_x__rosidl_typesupport_c.so
-- Set runtime path of "/home/pcht/dev/comp0250_s26_labs/install/cw1_team_x/lib/libcw1_team_x__rosidl_typesupport_c.so" to ""
-- Up-to-date: /home/pcht/dev/comp0250_s26_labs/install/cw1_team_x/include/cw1_team_x/cw1_team_x
-- Up-to-date: /home/pcht/dev/comp0250_s26_labs/install/cw1_team_x/include/cw1_team_x/cw1_team_x/msg
-- Installing: /home/pcht/dev/comp0250_s26_labs/install/cw1_team_x/include/cw1_team_x/cw1_team_x/msg/rosidl_generator_cpp__visibility_control.hpp
-- Up-to-date: /home/pcht/dev/comp0250_s26_labs/install/cw1_team_x/include/cw1_team_x/cw1_team_x/srv
-- Installing: /home/pcht/dev/comp0250_s26_labs/install/cw1_team_x/include/cw1_team_x/cw1_team_x/srv/example.hpp
-- Up-to-date: /home/pcht/dev/comp0250_s26_labs/install/cw1_team_x/include/cw1_team_x/cw1_team_x/srv/detail
-- Installing: /home/pcht/dev/comp0250_s26_labs/install/cw1_team_x/include/cw1_team_x/cw1_team_x/srv/detail/example__struct.hpp
-- Installing: /home/pcht/dev/comp0250_s26_labs/install/cw1_team_x/include/cw1_team_x/cw1_team_x/srv/detail/example__builder.hpp
-- Installing: /home/pcht/dev/comp0250_s26_labs/install/cw1_team_x/include/cw1_team_x/cw1_team_x/srv/detail/example__type_support.hpp
-- Installing: /home/pcht/dev/comp0250_s26_labs/install/cw1_team_x/include/cw1_team_x/cw1_team_x/srv/detail/example__traits.hpp
-- Up-to-date: /home/pcht/dev/comp0250_s26_labs/install/cw1_team_x/include/cw1_team_x/cw1_team_x
-- Up-to-date: /home/pcht/dev/comp0250_s26_labs/install/cw1_team_x/include/cw1_team_x/cw1_team_x/msg
-- Installing: /home/pcht/dev/comp0250_s26_labs/install/cw1_team_x/include/cw1_team_x/cw1_team_x/msg/rosidl_typesupport_fastrtps_cpp__visibility_control.h
-- Up-to-date: /home/pcht/dev/comp0250_s26_labs/install/cw1_team_x/include/cw1_team_x/cw1_team_x/srv
-- Up-to-date: /home/pcht/dev/comp0250_s26_labs/install/cw1_team_x/include/cw1_team_x/cw1_team_x/srv/detail
-- Installing: /home/pcht/dev/comp0250_s26_labs/install/cw1_team_x/include/cw1_team_x/cw1_team_x/srv/detail/dds_fastrtps
-- Installing: /home/pcht/dev/comp0250_s26_labs/install/cw1_team_x/include/cw1_team_x/cw1_team_x/srv/detail/example__rosidl_typesupport_fastrtps_cpp.hpp
-- Installing: /home/pcht/dev/comp0250_s26_labs/install/cw1_team_x/lib/libcw1_team_x__rosidl_typesupport_fastrtps_cpp.so
-- Set runtime path of "/home/pcht/dev/comp0250_s26_labs/install/cw1_team_x/lib/libcw1_team_x__rosidl_typesupport_fastrtps_cpp.so" to ""
-- Up-to-date: /home/pcht/dev/comp0250_s26_labs/install/cw1_team_x/include/cw1_team_x/cw1_team_x
-- Up-to-date: /home/pcht/dev/comp0250_s26_labs/install/cw1_team_x/include/cw1_team_x/cw1_team_x/srv
-- Up-to-date: /home/pcht/dev/comp0250_s26_labs/install/cw1_team_x/include/cw1_team_x/cw1_team_x/srv/detail
-- Installing: /home/pcht/dev/comp0250_s26_labs/install/cw1_team_x/include/cw1_team_x/cw1_team_x/srv/detail/example__type_support.cpp
-- Installing: /home/pcht/dev/comp0250_s26_labs/install/cw1_team_x/include/cw1_team_x/cw1_team_x/srv/detail/example__rosidl_typesupport_introspection_cpp.hpp
-- Installing: /home/pcht/dev/comp0250_s26_labs/install/cw1_team_x/lib/libcw1_team_x__rosidl_typesupport_introspection_cpp.so
-- Set runtime path of "/home/pcht/dev/comp0250_s26_labs/install/cw1_team_x/lib/libcw1_team_x__rosidl_typesupport_introspection_cpp.so" to ""
-- Installing: /home/pcht/dev/comp0250_s26_labs/install/cw1_team_x/lib/libcw1_team_x__rosidl_typesupport_cpp.so
-- Set runtime path of "/home/pcht/dev/comp0250_s26_labs/install/cw1_team_x/lib/libcw1_team_x__rosidl_typesupport_cpp.so" to ""
-- Installing: /home/pcht/dev/comp0250_s26_labs/install/cw1_team_x/share/cw1_team_x/environment/pythonpath.sh
-- Installing: /home/pcht/dev/comp0250_s26_labs/install/cw1_team_x/share/cw1_team_x/environment/pythonpath.dsv
-- Installing: /home/pcht/dev/comp0250_s26_labs/install/cw1_team_x/local/lib/python3.10/dist-packages/cw1_team_x-0.1.0-py3.10.egg-info
-- Installing: /home/pcht/dev/comp0250_s26_labs/install/cw1_team_x/local/lib/python3.10/dist-packages/cw1_team_x-0.1.0-py3.10.egg-info/top_level.txt
-- Installing: /home/pcht/dev/comp0250_s26_labs/install/cw1_team_x/local/lib/python3.10/dist-packages/cw1_team_x-0.1.0-py3.10.egg-info/PKG-INFO
-- Installing: /home/pcht/dev/comp0250_s26_labs/install/cw1_team_x/local/lib/python3.10/dist-packages/cw1_team_x-0.1.0-py3.10.egg-info/dependency_links.txt
-- Installing: /home/pcht/dev/comp0250_s26_labs/install/cw1_team_x/local/lib/python3.10/dist-packages/cw1_team_x-0.1.0-py3.10.egg-info/SOURCES.txt
-- Installing: /home/pcht/dev/comp0250_s26_labs/install/cw1_team_x/local/lib/python3.10/dist-packages/cw1_team_x
-- Installing: /home/pcht/dev/comp0250_s26_labs/install/cw1_team_x/local/lib/python3.10/dist-packages/cw1_team_x/cw1_team_x_s__rosidl_typesupport_introspection_c.cpython-310-x86_64-linux-gnu.so
-- Installing: /home/pcht/dev/comp0250_s26_labs/install/cw1_team_x/local/lib/python3.10/dist-packages/cw1_team_x/_cw1_team_x_s.ep.rosidl_typesupport_c.c
-- Installing: /home/pcht/dev/comp0250_s26_labs/install/cw1_team_x/local/lib/python3.10/dist-packages/cw1_team_x/cw1_team_x_s__rosidl_typesupport_fastrtps_c.cpython-310-x86_64-linux-gnu.so
-- Installing: /home/pcht/dev/comp0250_s26_labs/install/cw1_team_x/local/lib/python3.10/dist-packages/cw1_team_x/cw1_team_x_s__rosidl_typesupport_c.cpython-310-x86_64-linux-gnu.so
-- Installing: /home/pcht/dev/comp0250_s26_labs/install/cw1_team_x/local/lib/python3.10/dist-packages/cw1_team_x/_cw1_team_x_s.ep.rosidl_typesupport_introspection_c.c
-- Installing: /home/pcht/dev/comp0250_s26_labs/install/cw1_team_x/local/lib/python3.10/dist-packages/cw1_team_x/_cw1_team_x_s.ep.rosidl_typesupport_fastrtps_c.c
-- Installing: /home/pcht/dev/comp0250_s26_labs/install/cw1_team_x/local/lib/python3.10/dist-packages/cw1_team_x/__init__.py
-- Installing: /home/pcht/dev/comp0250_s26_labs/install/cw1_team_x/local/lib/python3.10/dist-packages/cw1_team_x/srv
-- Installing: /home/pcht/dev/comp0250_s26_labs/install/cw1_team_x/local/lib/python3.10/dist-packages/cw1_team_x/srv/_example_s.c
-- Installing: /home/pcht/dev/comp0250_s26_labs/install/cw1_team_x/local/lib/python3.10/dist-packages/cw1_team_x/srv/_example.py
-- Installing: /home/pcht/dev/comp0250_s26_labs/install/cw1_team_x/local/lib/python3.10/dist-packages/cw1_team_x/srv/__init__.py
-- Installing: /home/pcht/dev/comp0250_s26_labs/install/cw1_team_x/local/lib/python3.10/dist-packages/cw1_team_x/libcw1_team_x__rosidl_generator_py.so
Listing '/home/pcht/dev/comp0250_s26_labs/install/cw1_team_x/local/lib/python3.10/dist-packages/cw1_team_x'...
Compiling '/home/pcht/dev/comp0250_s26_labs/install/cw1_team_x/local/lib/python3.10/dist-packages/cw1_team_x/__init__.py'...
Listing '/home/pcht/dev/comp0250_s26_labs/install/cw1_team_x/local/lib/python3.10/dist-packages/cw1_team_x/srv'...
Compiling '/home/pcht/dev/comp0250_s26_labs/install/cw1_team_x/local/lib/python3.10/dist-packages/cw1_team_x/srv/__init__.py'...
Compiling '/home/pcht/dev/comp0250_s26_labs/install/cw1_team_x/local/lib/python3.10/dist-packages/cw1_team_x/srv/_example.py'...
-- Installing: /home/pcht/dev/comp0250_s26_labs/install/cw1_team_x/local/lib/python3.10/dist-packages/cw1_team_x/cw1_team_x_s__rosidl_typesupport_fastrtps_c.cpython-310-x86_64-linux-gnu.so
-- Set runtime path of "/home/pcht/dev/comp0250_s26_labs/install/cw1_team_x/local/lib/python3.10/dist-packages/cw1_team_x/cw1_team_x_s__rosidl_typesupport_fastrtps_c.cpython-310-x86_64-linux-gnu.so" to ""
-- Installing: /home/pcht/dev/comp0250_s26_labs/install/cw1_team_x/local/lib/python3.10/dist-packages/cw1_team_x/cw1_team_x_s__rosidl_typesupport_introspection_c.cpython-310-x86_64-linux-gnu.so
-- Set runtime path of "/home/pcht/dev/comp0250_s26_labs/install/cw1_team_x/local/lib/python3.10/dist-packages/cw1_team_x/cw1_team_x_s__rosidl_typesupport_introspection_c.cpython-310-x86_64-linux-gnu.so" to ""
-- Installing: /home/pcht/dev/comp0250_s26_labs/install/cw1_team_x/local/lib/python3.10/dist-packages/cw1_team_x/cw1_team_x_s__rosidl_typesupport_c.cpython-310-x86_64-linux-gnu.so
-- Set runtime path of "/home/pcht/dev/comp0250_s26_labs/install/cw1_team_x/local/lib/python3.10/dist-packages/cw1_team_x/cw1_team_x_s__rosidl_typesupport_c.cpython-310-x86_64-linux-gnu.so" to ""
-- Installing: /home/pcht/dev/comp0250_s26_labs/install/cw1_team_x/lib/libcw1_team_x__rosidl_generator_py.so
-- Set runtime path of "/home/pcht/dev/comp0250_s26_labs/install/cw1_team_x/lib/libcw1_team_x__rosidl_generator_py.so" to ""
-- Installing: /home/pcht/dev/comp0250_s26_labs/install/cw1_team_x/share/cw1_team_x/srv/Example.idl
-- Installing: /home/pcht/dev/comp0250_s26_labs/install/cw1_team_x/share/cw1_team_x/srv/Example.srv
-- Installing: /home/pcht/dev/comp0250_s26_labs/install/cw1_team_x/share/cw1_team_x/srv/Example_Request.msg
-- Installing: /home/pcht/dev/comp0250_s26_labs/install/cw1_team_x/share/cw1_team_x/srv/Example_Response.msg
-- Installing: /home/pcht/dev/comp0250_s26_labs/install/cw1_team_x/lib/libcw1_team_x_cw1_class_lib.so
-- Set runtime path of "/home/pcht/dev/comp0250_s26_labs/install/cw1_team_x/lib/libcw1_team_x_cw1_class_lib.so" to ""
-- Installing: /home/pcht/dev/comp0250_s26_labs/install/cw1_team_x/lib/cw1_team_x/cw1_solution_node
-- Set runtime path of "/home/pcht/dev/comp0250_s26_labs/install/cw1_team_x/lib/cw1_team_x/cw1_solution_node" to ""
-- Installing: /home/pcht/dev/comp0250_s26_labs/install/cw1_team_x/share/cw1_team_x/launch
-- Installing: /home/pcht/dev/comp0250_s26_labs/install/cw1_team_x/share/cw1_team_x/launch/run_solution.launch.py
-- Installing: /home/pcht/dev/comp0250_s26_labs/install/cw1_team_x/share/ament_index/resource_index/package_run_dependencies/cw1_team_x
-- Installing: /home/pcht/dev/comp0250_s26_labs/install/cw1_team_x/share/ament_index/resource_index/parent_prefix_path/cw1_team_x
-- Installing: /home/pcht/dev/comp0250_s26_labs/install/cw1_team_x/share/cw1_team_x/environment/ament_prefix_path.sh
-- Installing: /home/pcht/dev/comp0250_s26_labs/install/cw1_team_x/share/cw1_team_x/environment/ament_prefix_path.dsv
-- Installing: /home/pcht/dev/comp0250_s26_labs/install/cw1_team_x/share/cw1_team_x/environment/path.sh
-- Installing: /home/pcht/dev/comp0250_s26_labs/install/cw1_team_x/share/cw1_team_x/environment/path.dsv
-- Installing: /home/pcht/dev/comp0250_s26_labs/install/cw1_team_x/share/cw1_team_x/local_setup.bash
-- Installing: /home/pcht/dev/comp0250_s26_labs/install/cw1_team_x/share/cw1_team_x/local_setup.sh
-- Installing: /home/pcht/dev/comp0250_s26_labs/install/cw1_team_x/share/cw1_team_x/local_setup.zsh
-- Installing: /home/pcht/dev/comp0250_s26_labs/install/cw1_team_x/share/cw1_team_x/local_setup.dsv
-- Installing: /home/pcht/dev/comp0250_s26_labs/install/cw1_team_x/share/cw1_team_x/package.dsv
-- Installing: /home/pcht/dev/comp0250_s26_labs/install/cw1_team_x/share/ament_index/resource_index/packages/cw1_team_x
-- Installing: /home/pcht/dev/comp0250_s26_labs/install/cw1_team_x/share/cw1_team_x/cmake/export_cw1_team_x__rosidl_generator_cExport.cmake
-- Installing: /home/pcht/dev/comp0250_s26_labs/install/cw1_team_x/share/cw1_team_x/cmake/export_cw1_team_x__rosidl_generator_cExport-release.cmake
-- Installing: /home/pcht/dev/comp0250_s26_labs/install/cw1_team_x/share/cw1_team_x/cmake/export_cw1_team_x__rosidl_typesupport_fastrtps_cExport.cmake
-- Installing: /home/pcht/dev/comp0250_s26_labs/install/cw1_team_x/share/cw1_team_x/cmake/export_cw1_team_x__rosidl_typesupport_fastrtps_cExport-release.cmake
-- Installing: /home/pcht/dev/comp0250_s26_labs/install/cw1_team_x/share/cw1_team_x/cmake/cw1_team_x__rosidl_typesupport_introspection_cExport.cmake
-- Installing: /home/pcht/dev/comp0250_s26_labs/install/cw1_team_x/share/cw1_team_x/cmake/cw1_team_x__rosidl_typesupport_introspection_cExport-release.cmake
-- Installing: /home/pcht/dev/comp0250_s26_labs/install/cw1_team_x/share/cw1_team_x/cmake/cw1_team_x__rosidl_typesupport_cExport.cmake
-- Installing: /home/pcht/dev/comp0250_s26_labs/install/cw1_team_x/share/cw1_team_x/cmake/cw1_team_x__rosidl_typesupport_cExport-release.cmake
-- Installing: /home/pcht/dev/comp0250_s26_labs/install/cw1_team_x/share/cw1_team_x/cmake/export_cw1_team_x__rosidl_generator_cppExport.cmake
-- Installing: /home/pcht/dev/comp0250_s26_labs/install/cw1_team_x/share/cw1_team_x/cmake/export_cw1_team_x__rosidl_typesupport_fastrtps_cppExport.cmake
-- Installing: /home/pcht/dev/comp0250_s26_labs/install/cw1_team_x/share/cw1_team_x/cmake/export_cw1_team_x__rosidl_typesupport_fastrtps_cppExport-release.cmake
-- Installing: /home/pcht/dev/comp0250_s26_labs/install/cw1_team_x/share/cw1_team_x/cmake/cw1_team_x__rosidl_typesupport_introspection_cppExport.cmake
-- Installing: /home/pcht/dev/comp0250_s26_labs/install/cw1_team_x/share/cw1_team_x/cmake/cw1_team_x__rosidl_typesupport_introspection_cppExport-release.cmake
-- Installing: /home/pcht/dev/comp0250_s26_labs/install/cw1_team_x/share/cw1_team_x/cmake/cw1_team_x__rosidl_typesupport_cppExport.cmake
-- Installing: /home/pcht/dev/comp0250_s26_labs/install/cw1_team_x/share/cw1_team_x/cmake/cw1_team_x__rosidl_typesupport_cppExport-release.cmake
-- Installing: /home/pcht/dev/comp0250_s26_labs/install/cw1_team_x/share/cw1_team_x/cmake/export_cw1_team_x__rosidl_generator_pyExport.cmake
-- Installing: /home/pcht/dev/comp0250_s26_labs/install/cw1_team_x/share/cw1_team_x/cmake/export_cw1_team_x__rosidl_generator_pyExport-release.cmake
-- Installing: /home/pcht/dev/comp0250_s26_labs/install/cw1_team_x/share/cw1_team_x/cmake/rosidl_cmake-extras.cmake
-- Installing: /home/pcht/dev/comp0250_s26_labs/install/cw1_team_x/share/cw1_team_x/cmake/ament_cmake_export_dependencies-extras.cmake
-- Installing: /home/pcht/dev/comp0250_s26_labs/install/cw1_team_x/share/cw1_team_x/cmake/ament_cmake_export_include_directories-extras.cmake
-- Installing: /home/pcht/dev/comp0250_s26_labs/install/cw1_team_x/share/cw1_team_x/cmake/ament_cmake_export_libraries-extras.cmake
-- Installing: /home/pcht/dev/comp0250_s26_labs/install/cw1_team_x/share/cw1_team_x/cmake/ament_cmake_export_targets-extras.cmake
-- Installing: /home/pcht/dev/comp0250_s26_labs/install/cw1_team_x/share/cw1_team_x/cmake/rosidl_cmake_export_typesupport_targets-extras.cmake
-- Installing: /home/pcht/dev/comp0250_s26_labs/install/cw1_team_x/share/cw1_team_x/cmake/rosidl_cmake_export_typesupport_libraries-extras.cmake
-- Installing: /home/pcht/dev/comp0250_s26_labs/install/cw1_team_x/share/cw1_team_x/cmake/cw1_team_xConfig.cmake
-- Installing: /home/pcht/dev/comp0250_s26_labs/install/cw1_team_x/share/cw1_team_x/cmake/cw1_team_xConfig-version.cmake
-- Installing: /home/pcht/dev/comp0250_s26_labs/install/cw1_team_x/share/cw1_team_x/package.xml
