[0.148s] Invoking command in '/home/pcht/dev/comp0250_s26_labs/build/cw1_team_36': AMENT_PREFIX_PATH=/home/pcht/dev/comp0250_s26_labs/install/cw1_world_spawner:${AMENT_PREFIX_PATH} CMAKE_PREFIX_PATH=/home/pcht/dev/comp0250_s26_labs/install/cw1_world_spawner:/home/pcht/ws_moveit2/install/pilz_industrial_motion_planner_testutils:/home/pcht/ws_moveit2/install/moveit_runtime:/home/pcht/ws_moveit2/install/moveit2_tutorials:/home/pcht/ws_moveit2/install/moveit:/home/pcht/ws_moveit2/install/moveit_planners:/home/pcht/ws_moveit2/install/pilz_industrial_motion_planner:/home/pcht/ws_moveit2/install/mtc_tutorial:/home/pcht/ws_moveit2/install/moveit_visual_tools:/home/pcht/ws_moveit2/install/moveit_task_constructor_visualization:/home/pcht/ws_moveit2/install/moveit_task_constructor_demo:/home/pcht/ws_moveit2/install/moveit_task_constructor_capabilities:/home/pcht/ws_moveit2/install/moveit_task_constructor_core:/home/pcht/ws_moveit2/install/moveit_ros_control_interface:/home/pcht/ws_moveit2/install/moveit_plugins:/home/pcht/ws_moveit2/install/moveit_simple_controller_manager:/home/pcht/ws_moveit2/install/moveit_setup_assistant:/home/pcht/ws_moveit2/install/moveit_setup_srdf_plugins:/home/pcht/ws_moveit2/install/moveit_setup_core_plugins:/home/pcht/ws_moveit2/install/moveit_setup_controllers:/home/pcht/ws_moveit2/install/moveit_setup_app_plugins:/home/pcht/ws_moveit2/install/moveit_setup_framework:/home/pcht/ws_moveit2/install/moveit_servo:/home/pcht/ws_moveit2/install/moveit_ros:/home/pcht/ws_moveit2/install/moveit_ros_visualization:/home/pcht/ws_moveit2/install/moveit_py:/home/pcht/ws_moveit2/install/moveit_hybrid_planning:/home/pcht/ws_moveit2/install/moveit_ros_planning_interface:/home/pcht/ws_moveit2/install/moveit_ros_benchmarks:/home/pcht/ws_moveit2/install/moveit_ros_warehouse:/home/pcht/ws_moveit2/install/moveit_ros_robot_interaction:/home/pcht/ws_moveit2/install/moveit_ros_perception:/home/pcht/ws_moveit2/install/moveit_resources_prbt_pg70_support:/home/pcht/ws_moveit2/install/moveit_resources_prbt_moveit_config:/home/pcht/ws_moveit2/install/moveit_ros_move_group:/home/pcht/ws_moveit2/install/moveit_planners_ompl:/home/pcht/ws_moveit2/install/moveit_ros_planning:/home/pcht/ws_moveit2/install/moveit_ros_occupancy_map_monitor:/home/pcht/ws_moveit2/install/moveit_resources_prbt_ikfast_manipulator_plugin:/home/pcht/ws_moveit2/install/moveit_planners_chomp:/home/pcht/ws_moveit2/install/moveit_kinematics:/home/pcht/ws_moveit2/install/moveit_chomp_optimizer_adapter:/home/pcht/ws_moveit2/install/chomp_motion_planner:/home/pcht/ws_moveit2/install/moveit_core:/home/pcht/ws_moveit2/install/srdfdom:/home/pcht/ws_moveit2/install/rviz_marker_tools:/home/pcht/ws_moveit2/install/rosparam_shortcuts:/home/pcht/ws_moveit2/install/moveit_task_constructor_msgs:/home/pcht/ws_moveit2/install/moveit_resources_prbt_support:/home/pcht/ws_moveit2/install/moveit_resources:/home/pcht/ws_moveit2/install/moveit_resources_pr2_description:/home/pcht/ws_moveit2/install/moveit_resources_panda_moveit_config:/home/pcht/ws_moveit2/install/moveit_resources_panda_description:/home/pcht/ws_moveit2/install/moveit_resources_fanuc_moveit_config:/home/pcht/ws_moveit2/install/moveit_resources_fanuc_description:/home/pcht/ws_moveit2/install/moveit_common:/home/pcht/ws_moveit2/install/moveit_configs_utils:/home/pcht/ws_moveit2/install/launch_param_builder:/opt/ros/humble LD_LIBRARY_PATH=/home/pcht/dev/comp0250_s26_labs/install/cw1_world_spawner/lib:${LD_LIBRARY_PATH} PYTHONPATH=/home/pcht/dev/comp0250_s26_labs/install/cw1_world_spawner/local/lib/python3.10/dist-packages:${PYTHONPATH} /usr/bin/cmake --build /home/pcht/dev/comp0250_s26_labs/build/cw1_team_36 -- -j16 -l16
[0.233s] -- Found ament_cmake: 1.3.12 (/opt/ros/humble/share/ament_cmake/cmake)
[0.395s] -- Found rosidl_default_generators: 1.2.0 (/opt/ros/humble/share/rosidl_default_generators/cmake)
[0.436s] -- Using all available rosidl_typesupport_c: rosidl_typesupport_fastrtps_c;rosidl_typesupport_introspection_c
[0.444s] -- Found rosidl_adapter: 3.1.8 (/opt/ros/humble/share/rosidl_adapter/cmake)
[0.916s] -- Using all available rosidl_typesupport_cpp: rosidl_typesupport_fastrtps_cpp;rosidl_typesupport_introspection_cpp
[0.949s] -- Found rclcpp: 16.0.17 (/opt/ros/humble/share/rclcpp/cmake)
[1.015s] -- Found rmw_implementation_cmake: 6.1.2 (/opt/ros/humble/share/rmw_implementation_cmake/cmake)
[1.019s] -- Found rmw_fastrtps_cpp: 6.2.9 (/opt/ros/humble/share/rmw_fastrtps_cpp/cmake)
[13.491s] -- Using RMW implementation 'rmw_fastrtps_cpp' as default
[13.608s] -- Found geometry_msgs: 4.9.0 (/opt/ros/humble/share/geometry_msgs/cmake)
[13.631s] -- Found sensor_msgs: 4.9.0 (/opt/ros/humble/share/sensor_msgs/cmake)
[13.657s] -- Found moveit_core: 2.5.9 (/home/pcht/ws_moveit2/install/moveit_core/share/moveit_core/cmake)
[13.765s] -- Found Boost: /usr/lib/x86_64-linux-gnu/cmake/Boost-1.74.0/BoostConfig.cmake (found version "1.74.0") found components: chrono date_time filesystem iostreams program_options regex serialization system thread 
[15.105s] -- Found parameter_traits: 0.6.0 (/opt/ros/humble/share/parameter_traits/cmake)
[15.115s] -- Found rclcpp_lifecycle: 16.0.17 (/opt/ros/humble/share/rclcpp_lifecycle/cmake)
[15.145s] -- Found Boost: /usr/lib/x86_64-linux-gnu/cmake/Boost-1.74.0/BoostConfig.cmake (found version "1.74.0") found components: filesystem 
[18.421s] -- library: /usr/lib/x86_64-linux-gnu/libcurl.so
[18.471s] -- Ensuring Eigen3 include directory is part of orocos-kdl CMake target
[21.731s] -- Found moveit_ros_planning_interface: 2.5.9 (/home/pcht/ws_moveit2/install/moveit_ros_planning_interface/share/moveit_ros_planning_interface/cmake)
[21.736s] -- Found Boost: /usr/lib/x86_64-linux-gnu/cmake/Boost-1.74.0/BoostConfig.cmake (found version "1.74.0") found components: date_time filesystem program_options system thread 
[21.747s] -- Found Boost: /usr/lib/x86_64-linux-gnu/cmake/Boost-1.74.0/BoostConfig.cmake (found version "1.74.0") found components: system filesystem date_time program_options thread chrono 
[21.773s] -- Found Boost: /usr/lib/x86_64-linux-gnu/cmake/Boost-1.74.0/BoostConfig.cmake (found version "1.74.0") found components: thread system filesystem regex date_time program_options 
[21.791s] -- Found Boost: /usr/lib/x86_64-linux-gnu/cmake/Boost-1.74.0/BoostConfig.cmake (found version "1.74.0") found components: system filesystem date_time program_options thread 
[21.819s] -- Found pcl_ros: 2.4.5 (/opt/ros/humble/share/pcl_ros/cmake)
[21.861s] -- Eigen found (include: /usr/include/eigen3, version: 3.4.0)
[25.210s] -- FLANN found (include: /usr/include, lib: /usr/lib/x86_64-linux-gnu/libflann_cpp.so)
[30.526s] -- OpenNI found (version: 1.5.4.0, include: /usr/include/ni, lib: /usr/lib/libOpenNI.so;libusb::libusb)
[30.534s] -- OpenNI2 found (version: 2.2.0.33, include: /usr/include/openni2, lib: /usr/lib/x86_64-linux-gnu/libOpenNI2.so;libusb::libusb)
[33.140s] -- Eigen found (include: /usr/include/eigen3, version: 3.4.0)
[33.148s] -- OpenNI found (version: 1.5.4.0, include: /usr/include/ni, lib: /usr/lib/libOpenNI.so;libusb::libusb)
[33.154s] -- OpenNI2 found (version: 2.2.0.33, include: /usr/include/openni2, lib: /usr/lib/x86_64-linux-gnu/libOpenNI2.so;libusb::libusb)
[35.752s] -- Found Qhull version 8.0.2
[38.348s] -- OpenNI found (version: 1.5.4.0, include: /usr/include/ni, lib: /usr/lib/libOpenNI.so;libusb::libusb)
[40.938s] -- Found cw1_world_spawner: 0.1.0 (/home/pcht/dev/comp0250_s26_labs/install/cw1_world_spawner/share/cw1_world_spawner/cmake)
[41.212s] -- Found ament_cmake_ros: 0.10.0 (/opt/ros/humble/share/ament_cmake_ros/cmake)
[41.433s] -- Using all available rosidl_typesupport_c: rosidl_typesupport_fastrtps_c;rosidl_typesupport_introspection_c
[41.718s] -- Using all available rosidl_typesupport_cpp: rosidl_typesupport_fastrtps_cpp;rosidl_typesupport_introspection_cpp
[41.743s] -- Found python_cmake_module: 0.10.0 (/opt/ros/humble/share/python_cmake_module/cmake)
[41.766s] -- Using PYTHON_EXECUTABLE: /usr/bin/python3
[41.766s] -- Using PYTHON_INCLUDE_DIRS: /usr/include/python3.10
[41.766s] -- Using PYTHON_LIBRARIES: /usr/lib/x86_64-linux-gnu/libpython3.10.so
[41.905s] -- Found ament_lint_auto: 0.12.14 (/opt/ros/humble/share/ament_lint_auto/cmake)
[41.928s] -- Added test 'cppcheck' to perform static code analysis on C / C++ code
[41.929s] -- Configured cppcheck include dirs: /home/pcht/dev/comp0250_s26_labs/courseworks/cw1_team_36/include
[41.929s] -- Configured cppcheck exclude dirs and/or files: 
[41.929s] -- Added test 'flake8' to check Python code syntax and style conventions
[41.930s] -- Added test 'lint_cmake' to check CMake code style
[41.930s] -- Added test 'pep257' to check Python code against some of the docstring style conventions in PEP 257
[41.931s] -- Added test 'uncrustify' to check C / C++ code style
[41.931s] -- Configured uncrustify additional arguments: 
[41.931s] -- Added test 'xmllint' to check XML markup files
[41.933s] -- Configuring done
[42.099s] -- Generating done
[42.130s] -- Build files have been written to: /home/pcht/dev/comp0250_s26_labs/build/cw1_team_36
[42.185s] Consolidate compiler generated dependencies of target cw1_team_36__rosidl_generator_c
[42.200s] [ 11%] Built target cw1_team_36__rosidl_generator_c
[42.200s] [  8%] Built target cw1_team_36__cpp
[42.215s] [ 11%] Built target ament_cmake_python_copy_cw1_team_36
[42.217s] Consolidate compiler generated dependencies of target cw1_team_36__rosidl_typesupport_introspection_c
[42.218s] Consolidate compiler generated dependencies of target cw1_team_36__rosidl_typesupport_c
[42.218s] Consolidate compiler generated dependencies of target cw1_team_36__rosidl_typesupport_introspection_cpp
[42.219s] Consolidate compiler generated dependencies of target cw1_team_36__rosidl_typesupport_cpp
[42.219s] Consolidate compiler generated dependencies of target cw1_team_36__rosidl_typesupport_fastrtps_c
[42.220s] Consolidate compiler generated dependencies of target cw1_team_36__rosidl_typesupport_fastrtps_cpp
[42.238s] [ 20%] Built target cw1_team_36__rosidl_typesupport_c
[42.238s] [ 37%] Built target cw1_team_36__rosidl_typesupport_fastrtps_c
[42.239s] [ 37%] Built target cw1_team_36__rosidl_typesupport_cpp
[42.239s] [ 45%] Built target cw1_team_36__rosidl_typesupport_introspection_cpp
[42.239s] [ 54%] Built target cw1_team_36__rosidl_typesupport_introspection_c
[42.240s] [ 62%] Built target cw1_team_36__rosidl_typesupport_fastrtps_cpp
[42.263s] Consolidate compiler generated dependencies of target cw1_team_36_cw1_class_lib
[42.273s] [ 62%] Built target cw1_team_36
[42.291s] [ 65%] Building CXX object CMakeFiles/cw1_team_36_cw1_class_lib.dir/src/cw1_class.cpp.o
[42.304s] [ 68%] Built target cw1_team_36__py
[42.320s] Consolidate compiler generated dependencies of target cw1_team_36__rosidl_generator_py
[42.339s] [ 74%] Built target cw1_team_36__rosidl_generator_py
[42.356s] Consolidate compiler generated dependencies of target cw1_team_36__rosidl_typesupport_introspection_c__pyext
[42.356s] Consolidate compiler generated dependencies of target cw1_team_36__rosidl_typesupport_c__pyext
[42.356s] Consolidate compiler generated dependencies of target cw1_team_36__rosidl_typesupport_fastrtps_c__pyext
[42.373s] [ 80%] Built target cw1_team_36__rosidl_typesupport_c__pyext
[42.373s] [ 85%] Built target cw1_team_36__rosidl_typesupport_fastrtps_c__pyext
[42.373s] [ 91%] Built target cw1_team_36__rosidl_typesupport_introspection_c__pyext
[42.451s] running egg_info
[42.451s] writing cw1_team_36.egg-info/PKG-INFO
[42.451s] writing dependency_links to cw1_team_36.egg-info/dependency_links.txt
[42.452s] writing top-level names to cw1_team_36.egg-info/top_level.txt
[42.455s] reading manifest file 'cw1_team_36.egg-info/SOURCES.txt'
[42.456s] writing manifest file 'cw1_team_36.egg-info/SOURCES.txt'
[42.486s] [ 91%] Built target ament_cmake_python_build_cw1_team_36_egg
[50.373s] /home/pcht/dev/comp0250_s26_labs/courseworks/cw1_team_36/src/cw1_class.cpp: In member function ‘void cw1::t1_callback(std::shared_ptr<cw1_world_spawner::srv::Task1Service_Request_<std::allocator<void> > >, std::shared_ptr<cw1_world_spawner::srv::Task1Service_Response_<std::allocator<void> > >)’:
[50.374s] /home/pcht/dev/comp0250_s26_labs/courseworks/cw1_team_36/src/cw1_class.cpp:409:28: warning: variable ‘place’ set but not used [-Wunused-but-set-variable]
[50.374s]   409 |   geometry_msgs::msg::Pose place = pre_place;
[50.374s]       |                            ^~~~~
[50.374s] /home/pcht/dev/comp0250_s26_labs/courseworks/cw1_team_36/src/cw1_class.cpp:413:28: warning: variable ‘retreat’ set but not used [-Wunused-but-set-variable]
[50.374s]   413 |   geometry_msgs::msg::Pose retreat = pre_place;
[50.374s]       |                            ^~~~~~~
[65.796s] [ 94%] Linking CXX shared library libcw1_team_36_cw1_class_lib.so
[66.636s] [ 94%] Built target cw1_team_36_cw1_class_lib
[66.658s] Consolidate compiler generated dependencies of target cw1_solution_node
[66.678s] [ 97%] Building CXX object CMakeFiles/cw1_solution_node.dir/src/cw1_node.cpp.o
[74.248s] [100%] Linking CXX executable cw1_solution_node
[74.862s] [100%] Built target cw1_solution_node
[74.876s] Invoked command in '/home/pcht/dev/comp0250_s26_labs/build/cw1_team_36' returned '0': AMENT_PREFIX_PATH=/home/pcht/dev/comp0250_s26_labs/install/cw1_world_spawner:${AMENT_PREFIX_PATH} CMAKE_PREFIX_PATH=/home/pcht/dev/comp0250_s26_labs/install/cw1_world_spawner:/home/pcht/ws_moveit2/install/pilz_industrial_motion_planner_testutils:/home/pcht/ws_moveit2/install/moveit_runtime:/home/pcht/ws_moveit2/install/moveit2_tutorials:/home/pcht/ws_moveit2/install/moveit:/home/pcht/ws_moveit2/install/moveit_planners:/home/pcht/ws_moveit2/install/pilz_industrial_motion_planner:/home/pcht/ws_moveit2/install/mtc_tutorial:/home/pcht/ws_moveit2/install/moveit_visual_tools:/home/pcht/ws_moveit2/install/moveit_task_constructor_visualization:/home/pcht/ws_moveit2/install/moveit_task_constructor_demo:/home/pcht/ws_moveit2/install/moveit_task_constructor_capabilities:/home/pcht/ws_moveit2/install/moveit_task_constructor_core:/home/pcht/ws_moveit2/install/moveit_ros_control_interface:/home/pcht/ws_moveit2/install/moveit_plugins:/home/pcht/ws_moveit2/install/moveit_simple_controller_manager:/home/pcht/ws_moveit2/install/moveit_setup_assistant:/home/pcht/ws_moveit2/install/moveit_setup_srdf_plugins:/home/pcht/ws_moveit2/install/moveit_setup_core_plugins:/home/pcht/ws_moveit2/install/moveit_setup_controllers:/home/pcht/ws_moveit2/install/moveit_setup_app_plugins:/home/pcht/ws_moveit2/install/moveit_setup_framework:/home/pcht/ws_moveit2/install/moveit_servo:/home/pcht/ws_moveit2/install/moveit_ros:/home/pcht/ws_moveit2/install/moveit_ros_visualization:/home/pcht/ws_moveit2/install/moveit_py:/home/pcht/ws_moveit2/install/moveit_hybrid_planning:/home/pcht/ws_moveit2/install/moveit_ros_planning_interface:/home/pcht/ws_moveit2/install/moveit_ros_benchmarks:/home/pcht/ws_moveit2/install/moveit_ros_warehouse:/home/pcht/ws_moveit2/install/moveit_ros_robot_interaction:/home/pcht/ws_moveit2/install/moveit_ros_perception:/home/pcht/ws_moveit2/install/moveit_resources_prbt_pg70_support:/home/pcht/ws_moveit2/install/moveit_resources_prbt_moveit_config:/home/pcht/ws_moveit2/install/moveit_ros_move_group:/home/pcht/ws_moveit2/install/moveit_planners_ompl:/home/pcht/ws_moveit2/install/moveit_ros_planning:/home/pcht/ws_moveit2/install/moveit_ros_occupancy_map_monitor:/home/pcht/ws_moveit2/install/moveit_resources_prbt_ikfast_manipulator_plugin:/home/pcht/ws_moveit2/install/moveit_planners_chomp:/home/pcht/ws_moveit2/install/moveit_kinematics:/home/pcht/ws_moveit2/install/moveit_chomp_optimizer_adapter:/home/pcht/ws_moveit2/install/chomp_motion_planner:/home/pcht/ws_moveit2/install/moveit_core:/home/pcht/ws_moveit2/install/srdfdom:/home/pcht/ws_moveit2/install/rviz_marker_tools:/home/pcht/ws_moveit2/install/rosparam_shortcuts:/home/pcht/ws_moveit2/install/moveit_task_constructor_msgs:/home/pcht/ws_moveit2/install/moveit_resources_prbt_support:/home/pcht/ws_moveit2/install/moveit_resources:/home/pcht/ws_moveit2/install/moveit_resources_pr2_description:/home/pcht/ws_moveit2/install/moveit_resources_panda_moveit_config:/home/pcht/ws_moveit2/install/moveit_resources_panda_description:/home/pcht/ws_moveit2/install/moveit_resources_fanuc_moveit_config:/home/pcht/ws_moveit2/install/moveit_resources_fanuc_description:/home/pcht/ws_moveit2/install/moveit_common:/home/pcht/ws_moveit2/install/moveit_configs_utils:/home/pcht/ws_moveit2/install/launch_param_builder:/opt/ros/humble LD_LIBRARY_PATH=/home/pcht/dev/comp0250_s26_labs/install/cw1_world_spawner/lib:${LD_LIBRARY_PATH} PYTHONPATH=/home/pcht/dev/comp0250_s26_labs/install/cw1_world_spawner/local/lib/python3.10/dist-packages:${PYTHONPATH} /usr/bin/cmake --build /home/pcht/dev/comp0250_s26_labs/build/cw1_team_36 -- -j16 -l16
[74.890s] Invoking command in '/home/pcht/dev/comp0250_s26_labs/build/cw1_team_36': AMENT_PREFIX_PATH=/home/pcht/dev/comp0250_s26_labs/install/cw1_world_spawner:${AMENT_PREFIX_PATH} CMAKE_PREFIX_PATH=/home/pcht/dev/comp0250_s26_labs/install/cw1_world_spawner:/home/pcht/ws_moveit2/install/pilz_industrial_motion_planner_testutils:/home/pcht/ws_moveit2/install/moveit_runtime:/home/pcht/ws_moveit2/install/moveit2_tutorials:/home/pcht/ws_moveit2/install/moveit:/home/pcht/ws_moveit2/install/moveit_planners:/home/pcht/ws_moveit2/install/pilz_industrial_motion_planner:/home/pcht/ws_moveit2/install/mtc_tutorial:/home/pcht/ws_moveit2/install/moveit_visual_tools:/home/pcht/ws_moveit2/install/moveit_task_constructor_visualization:/home/pcht/ws_moveit2/install/moveit_task_constructor_demo:/home/pcht/ws_moveit2/install/moveit_task_constructor_capabilities:/home/pcht/ws_moveit2/install/moveit_task_constructor_core:/home/pcht/ws_moveit2/install/moveit_ros_control_interface:/home/pcht/ws_moveit2/install/moveit_plugins:/home/pcht/ws_moveit2/install/moveit_simple_controller_manager:/home/pcht/ws_moveit2/install/moveit_setup_assistant:/home/pcht/ws_moveit2/install/moveit_setup_srdf_plugins:/home/pcht/ws_moveit2/install/moveit_setup_core_plugins:/home/pcht/ws_moveit2/install/moveit_setup_controllers:/home/pcht/ws_moveit2/install/moveit_setup_app_plugins:/home/pcht/ws_moveit2/install/moveit_setup_framework:/home/pcht/ws_moveit2/install/moveit_servo:/home/pcht/ws_moveit2/install/moveit_ros:/home/pcht/ws_moveit2/install/moveit_ros_visualization:/home/pcht/ws_moveit2/install/moveit_py:/home/pcht/ws_moveit2/install/moveit_hybrid_planning:/home/pcht/ws_moveit2/install/moveit_ros_planning_interface:/home/pcht/ws_moveit2/install/moveit_ros_benchmarks:/home/pcht/ws_moveit2/install/moveit_ros_warehouse:/home/pcht/ws_moveit2/install/moveit_ros_robot_interaction:/home/pcht/ws_moveit2/install/moveit_ros_perception:/home/pcht/ws_moveit2/install/moveit_resources_prbt_pg70_support:/home/pcht/ws_moveit2/install/moveit_resources_prbt_moveit_config:/home/pcht/ws_moveit2/install/moveit_ros_move_group:/home/pcht/ws_moveit2/install/moveit_planners_ompl:/home/pcht/ws_moveit2/install/moveit_ros_planning:/home/pcht/ws_moveit2/install/moveit_ros_occupancy_map_monitor:/home/pcht/ws_moveit2/install/moveit_resources_prbt_ikfast_manipulator_plugin:/home/pcht/ws_moveit2/install/moveit_planners_chomp:/home/pcht/ws_moveit2/install/moveit_kinematics:/home/pcht/ws_moveit2/install/moveit_chomp_optimizer_adapter:/home/pcht/ws_moveit2/install/chomp_motion_planner:/home/pcht/ws_moveit2/install/moveit_core:/home/pcht/ws_moveit2/install/srdfdom:/home/pcht/ws_moveit2/install/rviz_marker_tools:/home/pcht/ws_moveit2/install/rosparam_shortcuts:/home/pcht/ws_moveit2/install/moveit_task_constructor_msgs:/home/pcht/ws_moveit2/install/moveit_resources_prbt_support:/home/pcht/ws_moveit2/install/moveit_resources:/home/pcht/ws_moveit2/install/moveit_resources_pr2_description:/home/pcht/ws_moveit2/install/moveit_resources_panda_moveit_config:/home/pcht/ws_moveit2/install/moveit_resources_panda_description:/home/pcht/ws_moveit2/install/moveit_resources_fanuc_moveit_config:/home/pcht/ws_moveit2/install/moveit_resources_fanuc_description:/home/pcht/ws_moveit2/install/moveit_common:/home/pcht/ws_moveit2/install/moveit_configs_utils:/home/pcht/ws_moveit2/install/launch_param_builder:/opt/ros/humble LD_LIBRARY_PATH=/home/pcht/dev/comp0250_s26_labs/install/cw1_world_spawner/lib:${LD_LIBRARY_PATH} PYTHONPATH=/home/pcht/dev/comp0250_s26_labs/install/cw1_world_spawner/local/lib/python3.10/dist-packages:${PYTHONPATH} /usr/bin/cmake --install /home/pcht/dev/comp0250_s26_labs/build/cw1_team_36
[74.901s] -- Install configuration: "Release"
[74.901s] -- Up-to-date: /home/pcht/dev/comp0250_s26_labs/install/cw1_team_36/share/ament_index/resource_index/rosidl_interfaces/cw1_team_36
[74.901s] -- Up-to-date: /home/pcht/dev/comp0250_s26_labs/install/cw1_team_36/include/cw1_team_36/cw1_team_36
[74.901s] -- Up-to-date: /home/pcht/dev/comp0250_s26_labs/install/cw1_team_36/include/cw1_team_36/cw1_team_36/msg
[74.901s] -- Up-to-date: /home/pcht/dev/comp0250_s26_labs/install/cw1_team_36/include/cw1_team_36/cw1_team_36/msg/rosidl_generator_c__visibility_control.h
[74.901s] -- Up-to-date: /home/pcht/dev/comp0250_s26_labs/install/cw1_team_36/include/cw1_team_36/cw1_team_36/srv
[74.901s] -- Up-to-date: /home/pcht/dev/comp0250_s26_labs/install/cw1_team_36/include/cw1_team_36/cw1_team_36/srv/detail
[74.901s] -- Up-to-date: /home/pcht/dev/comp0250_s26_labs/install/cw1_team_36/include/cw1_team_36/cw1_team_36/srv/detail/example__type_support.h
[74.901s] -- Up-to-date: /home/pcht/dev/comp0250_s26_labs/install/cw1_team_36/include/cw1_team_36/cw1_team_36/srv/detail/example__functions.c
[74.901s] -- Up-to-date: /home/pcht/dev/comp0250_s26_labs/install/cw1_team_36/include/cw1_team_36/cw1_team_36/srv/detail/example__struct.h
[74.901s] -- Up-to-date: /home/pcht/dev/comp0250_s26_labs/install/cw1_team_36/include/cw1_team_36/cw1_team_36/srv/detail/example__functions.h
[74.901s] -- Up-to-date: /home/pcht/dev/comp0250_s26_labs/install/cw1_team_36/include/cw1_team_36/cw1_team_36/srv/example.h
[74.901s] -- Up-to-date: /home/pcht/dev/comp0250_s26_labs/install/cw1_team_36/share/cw1_team_36/environment/library_path.sh
[74.901s] -- Installing: /home/pcht/dev/comp0250_s26_labs/install/cw1_team_36/share/cw1_team_36/environment/library_path.dsv
[74.903s] -- Up-to-date: /home/pcht/dev/comp0250_s26_labs/install/cw1_team_36/lib/libcw1_team_36__rosidl_generator_c.so
[74.903s] -- Up-to-date: /home/pcht/dev/comp0250_s26_labs/install/cw1_team_36/include/cw1_team_36/cw1_team_36
[74.903s] -- Up-to-date: /home/pcht/dev/comp0250_s26_labs/install/cw1_team_36/include/cw1_team_36/cw1_team_36/msg
[74.903s] -- Up-to-date: /home/pcht/dev/comp0250_s26_labs/install/cw1_team_36/include/cw1_team_36/cw1_team_36/msg/rosidl_typesupport_fastrtps_c__visibility_control.h
[74.903s] -- Up-to-date: /home/pcht/dev/comp0250_s26_labs/install/cw1_team_36/include/cw1_team_36/cw1_team_36/srv
[74.903s] -- Up-to-date: /home/pcht/dev/comp0250_s26_labs/install/cw1_team_36/include/cw1_team_36/cw1_team_36/srv/detail
[74.903s] -- Up-to-date: /home/pcht/dev/comp0250_s26_labs/install/cw1_team_36/include/cw1_team_36/cw1_team_36/srv/detail/example__rosidl_typesupport_fastrtps_c.h
[74.904s] -- Up-to-date: /home/pcht/dev/comp0250_s26_labs/install/cw1_team_36/lib/libcw1_team_36__rosidl_typesupport_fastrtps_c.so
[74.904s] -- Up-to-date: /home/pcht/dev/comp0250_s26_labs/install/cw1_team_36/include/cw1_team_36/cw1_team_36
[74.904s] -- Up-to-date: /home/pcht/dev/comp0250_s26_labs/install/cw1_team_36/include/cw1_team_36/cw1_team_36/msg
[74.904s] -- Up-to-date: /home/pcht/dev/comp0250_s26_labs/install/cw1_team_36/include/cw1_team_36/cw1_team_36/msg/rosidl_typesupport_introspection_c__visibility_control.h
[74.904s] -- Up-to-date: /home/pcht/dev/comp0250_s26_labs/install/cw1_team_36/include/cw1_team_36/cw1_team_36/srv
[74.904s] -- Up-to-date: /home/pcht/dev/comp0250_s26_labs/install/cw1_team_36/include/cw1_team_36/cw1_team_36/srv/detail
[74.904s] -- Up-to-date: /home/pcht/dev/comp0250_s26_labs/install/cw1_team_36/include/cw1_team_36/cw1_team_36/srv/detail/example__rosidl_typesupport_introspection_c.h
[74.904s] -- Up-to-date: /home/pcht/dev/comp0250_s26_labs/install/cw1_team_36/include/cw1_team_36/cw1_team_36/srv/detail/example__type_support.c
[74.905s] -- Up-to-date: /home/pcht/dev/comp0250_s26_labs/install/cw1_team_36/lib/libcw1_team_36__rosidl_typesupport_introspection_c.so
[74.906s] -- Up-to-date: /home/pcht/dev/comp0250_s26_labs/install/cw1_team_36/lib/libcw1_team_36__rosidl_typesupport_c.so
[74.906s] -- Up-to-date: /home/pcht/dev/comp0250_s26_labs/install/cw1_team_36/include/cw1_team_36/cw1_team_36
[74.906s] -- Up-to-date: /home/pcht/dev/comp0250_s26_labs/install/cw1_team_36/include/cw1_team_36/cw1_team_36/msg
[74.906s] -- Up-to-date: /home/pcht/dev/comp0250_s26_labs/install/cw1_team_36/include/cw1_team_36/cw1_team_36/msg/rosidl_generator_cpp__visibility_control.hpp
[74.906s] -- Up-to-date: /home/pcht/dev/comp0250_s26_labs/install/cw1_team_36/include/cw1_team_36/cw1_team_36/srv
[74.906s] -- Up-to-date: /home/pcht/dev/comp0250_s26_labs/install/cw1_team_36/include/cw1_team_36/cw1_team_36/srv/example.hpp
[74.906s] -- Up-to-date: /home/pcht/dev/comp0250_s26_labs/install/cw1_team_36/include/cw1_team_36/cw1_team_36/srv/detail
[74.906s] -- Up-to-date: /home/pcht/dev/comp0250_s26_labs/install/cw1_team_36/include/cw1_team_36/cw1_team_36/srv/detail/example__struct.hpp
[74.906s] -- Up-to-date: /home/pcht/dev/comp0250_s26_labs/install/cw1_team_36/include/cw1_team_36/cw1_team_36/srv/detail/example__builder.hpp
[74.906s] -- Up-to-date: /home/pcht/dev/comp0250_s26_labs/install/cw1_team_36/include/cw1_team_36/cw1_team_36/srv/detail/example__type_support.hpp
[74.906s] -- Up-to-date: /home/pcht/dev/comp0250_s26_labs/install/cw1_team_36/include/cw1_team_36/cw1_team_36/srv/detail/example__traits.hpp
[74.906s] -- Up-to-date: /home/pcht/dev/comp0250_s26_labs/install/cw1_team_36/include/cw1_team_36/cw1_team_36
[74.906s] -- Up-to-date: /home/pcht/dev/comp0250_s26_labs/install/cw1_team_36/include/cw1_team_36/cw1_team_36/msg
[74.906s] -- Up-to-date: /home/pcht/dev/comp0250_s26_labs/install/cw1_team_36/include/cw1_team_36/cw1_team_36/msg/rosidl_typesupport_fastrtps_cpp__visibility_control.h
[74.906s] -- Up-to-date: /home/pcht/dev/comp0250_s26_labs/install/cw1_team_36/include/cw1_team_36/cw1_team_36/srv
[74.906s] -- Up-to-date: /home/pcht/dev/comp0250_s26_labs/install/cw1_team_36/include/cw1_team_36/cw1_team_36/srv/detail
[74.907s] -- Up-to-date: /home/pcht/dev/comp0250_s26_labs/install/cw1_team_36/include/cw1_team_36/cw1_team_36/srv/detail/dds_fastrtps
[74.907s] -- Up-to-date: /home/pcht/dev/comp0250_s26_labs/install/cw1_team_36/include/cw1_team_36/cw1_team_36/srv/detail/example__rosidl_typesupport_fastrtps_cpp.hpp
[74.907s] -- Up-to-date: /home/pcht/dev/comp0250_s26_labs/install/cw1_team_36/lib/libcw1_team_36__rosidl_typesupport_fastrtps_cpp.so
[74.907s] -- Up-to-date: /home/pcht/dev/comp0250_s26_labs/install/cw1_team_36/include/cw1_team_36/cw1_team_36
[74.907s] -- Up-to-date: /home/pcht/dev/comp0250_s26_labs/install/cw1_team_36/include/cw1_team_36/cw1_team_36/srv
[74.907s] -- Up-to-date: /home/pcht/dev/comp0250_s26_labs/install/cw1_team_36/include/cw1_team_36/cw1_team_36/srv/detail
[74.907s] -- Up-to-date: /home/pcht/dev/comp0250_s26_labs/install/cw1_team_36/include/cw1_team_36/cw1_team_36/srv/detail/example__type_support.cpp
[74.907s] -- Up-to-date: /home/pcht/dev/comp0250_s26_labs/install/cw1_team_36/include/cw1_team_36/cw1_team_36/srv/detail/example__rosidl_typesupport_introspection_cpp.hpp
[74.907s] -- Up-to-date: /home/pcht/dev/comp0250_s26_labs/install/cw1_team_36/lib/libcw1_team_36__rosidl_typesupport_introspection_cpp.so
[74.908s] -- Up-to-date: /home/pcht/dev/comp0250_s26_labs/install/cw1_team_36/lib/libcw1_team_36__rosidl_typesupport_cpp.so
[74.908s] -- Up-to-date: /home/pcht/dev/comp0250_s26_labs/install/cw1_team_36/share/cw1_team_36/environment/pythonpath.sh
[74.908s] -- Installing: /home/pcht/dev/comp0250_s26_labs/install/cw1_team_36/share/cw1_team_36/environment/pythonpath.dsv
[74.909s] -- Up-to-date: /home/pcht/dev/comp0250_s26_labs/install/cw1_team_36/local/lib/python3.10/dist-packages/cw1_team_36-0.1.0-py3.10.egg-info
[74.909s] -- Installing: /home/pcht/dev/comp0250_s26_labs/install/cw1_team_36/local/lib/python3.10/dist-packages/cw1_team_36-0.1.0-py3.10.egg-info/top_level.txt
[74.909s] -- Installing: /home/pcht/dev/comp0250_s26_labs/install/cw1_team_36/local/lib/python3.10/dist-packages/cw1_team_36-0.1.0-py3.10.egg-info/PKG-INFO
[74.909s] -- Installing: /home/pcht/dev/comp0250_s26_labs/install/cw1_team_36/local/lib/python3.10/dist-packages/cw1_team_36-0.1.0-py3.10.egg-info/dependency_links.txt
[74.909s] -- Installing: /home/pcht/dev/comp0250_s26_labs/install/cw1_team_36/local/lib/python3.10/dist-packages/cw1_team_36-0.1.0-py3.10.egg-info/SOURCES.txt
[74.909s] -- Up-to-date: /home/pcht/dev/comp0250_s26_labs/install/cw1_team_36/local/lib/python3.10/dist-packages/cw1_team_36
[74.909s] -- Up-to-date: /home/pcht/dev/comp0250_s26_labs/install/cw1_team_36/local/lib/python3.10/dist-packages/cw1_team_36/libcw1_team_36__rosidl_generator_py.so
[74.909s] -- Up-to-date: /home/pcht/dev/comp0250_s26_labs/install/cw1_team_36/local/lib/python3.10/dist-packages/cw1_team_36/cw1_team_36_s__rosidl_typesupport_introspection_c.cpython-310-x86_64-linux-gnu.so
[74.909s] -- Up-to-date: /home/pcht/dev/comp0250_s26_labs/install/cw1_team_36/local/lib/python3.10/dist-packages/cw1_team_36/cw1_team_36_s__rosidl_typesupport_c.cpython-310-x86_64-linux-gnu.so
[74.909s] -- Up-to-date: /home/pcht/dev/comp0250_s26_labs/install/cw1_team_36/local/lib/python3.10/dist-packages/cw1_team_36/cw1_team_36_s__rosidl_typesupport_fastrtps_c.cpython-310-x86_64-linux-gnu.so
[74.909s] -- Up-to-date: /home/pcht/dev/comp0250_s26_labs/install/cw1_team_36/local/lib/python3.10/dist-packages/cw1_team_36/_cw1_team_36_s.ep.rosidl_typesupport_c.c
[74.909s] -- Up-to-date: /home/pcht/dev/comp0250_s26_labs/install/cw1_team_36/local/lib/python3.10/dist-packages/cw1_team_36/_cw1_team_36_s.ep.rosidl_typesupport_introspection_c.c
[74.909s] -- Installing: /home/pcht/dev/comp0250_s26_labs/install/cw1_team_36/local/lib/python3.10/dist-packages/cw1_team_36/__init__.py
[74.910s] -- Up-to-date: /home/pcht/dev/comp0250_s26_labs/install/cw1_team_36/local/lib/python3.10/dist-packages/cw1_team_36/srv
[74.910s] -- Up-to-date: /home/pcht/dev/comp0250_s26_labs/install/cw1_team_36/local/lib/python3.10/dist-packages/cw1_team_36/srv/_example_s.c
[74.910s] -- Up-to-date: /home/pcht/dev/comp0250_s26_labs/install/cw1_team_36/local/lib/python3.10/dist-packages/cw1_team_36/srv/_example.py
[74.910s] -- Up-to-date: /home/pcht/dev/comp0250_s26_labs/install/cw1_team_36/local/lib/python3.10/dist-packages/cw1_team_36/srv/__init__.py
[74.910s] -- Up-to-date: /home/pcht/dev/comp0250_s26_labs/install/cw1_team_36/local/lib/python3.10/dist-packages/cw1_team_36/_cw1_team_36_s.ep.rosidl_typesupport_fastrtps_c.c
[74.946s] Listing '/home/pcht/dev/comp0250_s26_labs/install/cw1_team_36/local/lib/python3.10/dist-packages/cw1_team_36'...
[74.947s] Compiling '/home/pcht/dev/comp0250_s26_labs/install/cw1_team_36/local/lib/python3.10/dist-packages/cw1_team_36/__init__.py'...
[74.947s] Listing '/home/pcht/dev/comp0250_s26_labs/install/cw1_team_36/local/lib/python3.10/dist-packages/cw1_team_36/srv'...
[74.951s] -- Up-to-date: /home/pcht/dev/comp0250_s26_labs/install/cw1_team_36/local/lib/python3.10/dist-packages/cw1_team_36/cw1_team_36_s__rosidl_typesupport_fastrtps_c.cpython-310-x86_64-linux-gnu.so
[74.952s] -- Up-to-date: /home/pcht/dev/comp0250_s26_labs/install/cw1_team_36/local/lib/python3.10/dist-packages/cw1_team_36/cw1_team_36_s__rosidl_typesupport_introspection_c.cpython-310-x86_64-linux-gnu.so
[74.952s] -- Up-to-date: /home/pcht/dev/comp0250_s26_labs/install/cw1_team_36/local/lib/python3.10/dist-packages/cw1_team_36/cw1_team_36_s__rosidl_typesupport_c.cpython-310-x86_64-linux-gnu.so
[74.953s] -- Up-to-date: /home/pcht/dev/comp0250_s26_labs/install/cw1_team_36/lib/libcw1_team_36__rosidl_generator_py.so
[74.953s] -- Up-to-date: /home/pcht/dev/comp0250_s26_labs/install/cw1_team_36/share/cw1_team_36/srv/Example.idl
[74.953s] -- Up-to-date: /home/pcht/dev/comp0250_s26_labs/install/cw1_team_36/share/cw1_team_36/srv/Example.srv
[74.953s] -- Up-to-date: /home/pcht/dev/comp0250_s26_labs/install/cw1_team_36/share/cw1_team_36/srv/Example_Request.msg
[74.953s] -- Up-to-date: /home/pcht/dev/comp0250_s26_labs/install/cw1_team_36/share/cw1_team_36/srv/Example_Response.msg
[74.953s] -- Installing: /home/pcht/dev/comp0250_s26_labs/install/cw1_team_36/lib/libcw1_team_36_cw1_class_lib.so
[74.955s] -- Set runtime path of "/home/pcht/dev/comp0250_s26_labs/install/cw1_team_36/lib/libcw1_team_36_cw1_class_lib.so" to ""
[74.955s] -- Installing: /home/pcht/dev/comp0250_s26_labs/install/cw1_team_36/lib/cw1_team_36/cw1_solution_node
[74.956s] -- Set runtime path of "/home/pcht/dev/comp0250_s26_labs/install/cw1_team_36/lib/cw1_team_36/cw1_solution_node" to ""
[74.956s] -- Up-to-date: /home/pcht/dev/comp0250_s26_labs/install/cw1_team_36/share/cw1_team_36/launch
[74.956s] -- Up-to-date: /home/pcht/dev/comp0250_s26_labs/install/cw1_team_36/share/cw1_team_36/launch/run_solution.launch.py
[74.956s] -- Up-to-date: /home/pcht/dev/comp0250_s26_labs/install/cw1_team_36/share/ament_index/resource_index/package_run_dependencies/cw1_team_36
[74.956s] -- Up-to-date: /home/pcht/dev/comp0250_s26_labs/install/cw1_team_36/share/ament_index/resource_index/parent_prefix_path/cw1_team_36
[74.956s] -- Up-to-date: /home/pcht/dev/comp0250_s26_labs/install/cw1_team_36/share/cw1_team_36/environment/ament_prefix_path.sh
[74.956s] -- Installing: /home/pcht/dev/comp0250_s26_labs/install/cw1_team_36/share/cw1_team_36/environment/ament_prefix_path.dsv
[74.957s] -- Up-to-date: /home/pcht/dev/comp0250_s26_labs/install/cw1_team_36/share/cw1_team_36/environment/path.sh
[74.957s] -- Installing: /home/pcht/dev/comp0250_s26_labs/install/cw1_team_36/share/cw1_team_36/environment/path.dsv
[74.957s] -- Up-to-date: /home/pcht/dev/comp0250_s26_labs/install/cw1_team_36/share/cw1_team_36/local_setup.bash
[74.957s] -- Up-to-date: /home/pcht/dev/comp0250_s26_labs/install/cw1_team_36/share/cw1_team_36/local_setup.sh
[74.957s] -- Up-to-date: /home/pcht/dev/comp0250_s26_labs/install/cw1_team_36/share/cw1_team_36/local_setup.zsh
[74.957s] -- Installing: /home/pcht/dev/comp0250_s26_labs/install/cw1_team_36/share/cw1_team_36/local_setup.dsv
[74.957s] -- Installing: /home/pcht/dev/comp0250_s26_labs/install/cw1_team_36/share/cw1_team_36/package.dsv
[74.958s] -- Up-to-date: /home/pcht/dev/comp0250_s26_labs/install/cw1_team_36/share/ament_index/resource_index/packages/cw1_team_36
[74.958s] -- Up-to-date: /home/pcht/dev/comp0250_s26_labs/install/cw1_team_36/share/cw1_team_36/cmake/export_cw1_team_36__rosidl_generator_cExport.cmake
[74.958s] -- Up-to-date: /home/pcht/dev/comp0250_s26_labs/install/cw1_team_36/share/cw1_team_36/cmake/export_cw1_team_36__rosidl_generator_cExport-release.cmake
[74.958s] -- Up-to-date: /home/pcht/dev/comp0250_s26_labs/install/cw1_team_36/share/cw1_team_36/cmake/export_cw1_team_36__rosidl_typesupport_fastrtps_cExport.cmake
[74.958s] -- Up-to-date: /home/pcht/dev/comp0250_s26_labs/install/cw1_team_36/share/cw1_team_36/cmake/export_cw1_team_36__rosidl_typesupport_fastrtps_cExport-release.cmake
[74.958s] -- Up-to-date: /home/pcht/dev/comp0250_s26_labs/install/cw1_team_36/share/cw1_team_36/cmake/cw1_team_36__rosidl_typesupport_introspection_cExport.cmake
[74.958s] -- Up-to-date: /home/pcht/dev/comp0250_s26_labs/install/cw1_team_36/share/cw1_team_36/cmake/cw1_team_36__rosidl_typesupport_introspection_cExport-release.cmake
[74.958s] -- Up-to-date: /home/pcht/dev/comp0250_s26_labs/install/cw1_team_36/share/cw1_team_36/cmake/cw1_team_36__rosidl_typesupport_cExport.cmake
[74.958s] -- Up-to-date: /home/pcht/dev/comp0250_s26_labs/install/cw1_team_36/share/cw1_team_36/cmake/cw1_team_36__rosidl_typesupport_cExport-release.cmake
[74.958s] -- Up-to-date: /home/pcht/dev/comp0250_s26_labs/install/cw1_team_36/share/cw1_team_36/cmake/export_cw1_team_36__rosidl_generator_cppExport.cmake
[74.958s] -- Up-to-date: /home/pcht/dev/comp0250_s26_labs/install/cw1_team_36/share/cw1_team_36/cmake/export_cw1_team_36__rosidl_typesupport_fastrtps_cppExport.cmake
[74.958s] -- Up-to-date: /home/pcht/dev/comp0250_s26_labs/install/cw1_team_36/share/cw1_team_36/cmake/export_cw1_team_36__rosidl_typesupport_fastrtps_cppExport-release.cmake
[74.958s] -- Up-to-date: /home/pcht/dev/comp0250_s26_labs/install/cw1_team_36/share/cw1_team_36/cmake/cw1_team_36__rosidl_typesupport_introspection_cppExport.cmake
[74.959s] -- Up-to-date: /home/pcht/dev/comp0250_s26_labs/install/cw1_team_36/share/cw1_team_36/cmake/cw1_team_36__rosidl_typesupport_introspection_cppExport-release.cmake
[74.959s] -- Up-to-date: /home/pcht/dev/comp0250_s26_labs/install/cw1_team_36/share/cw1_team_36/cmake/cw1_team_36__rosidl_typesupport_cppExport.cmake
[74.959s] -- Up-to-date: /home/pcht/dev/comp0250_s26_labs/install/cw1_team_36/share/cw1_team_36/cmake/cw1_team_36__rosidl_typesupport_cppExport-release.cmake
[74.959s] -- Up-to-date: /home/pcht/dev/comp0250_s26_labs/install/cw1_team_36/share/cw1_team_36/cmake/export_cw1_team_36__rosidl_generator_pyExport.cmake
[74.960s] -- Up-to-date: /home/pcht/dev/comp0250_s26_labs/install/cw1_team_36/share/cw1_team_36/cmake/export_cw1_team_36__rosidl_generator_pyExport-release.cmake
[74.960s] -- Up-to-date: /home/pcht/dev/comp0250_s26_labs/install/cw1_team_36/share/cw1_team_36/cmake/rosidl_cmake-extras.cmake
[74.960s] -- Up-to-date: /home/pcht/dev/comp0250_s26_labs/install/cw1_team_36/share/cw1_team_36/cmake/ament_cmake_export_dependencies-extras.cmake
[74.960s] -- Up-to-date: /home/pcht/dev/comp0250_s26_labs/install/cw1_team_36/share/cw1_team_36/cmake/ament_cmake_export_include_directories-extras.cmake
[74.961s] -- Up-to-date: /home/pcht/dev/comp0250_s26_labs/install/cw1_team_36/share/cw1_team_36/cmake/ament_cmake_export_libraries-extras.cmake
[74.961s] -- Up-to-date: /home/pcht/dev/comp0250_s26_labs/install/cw1_team_36/share/cw1_team_36/cmake/ament_cmake_export_targets-extras.cmake
[74.961s] -- Up-to-date: /home/pcht/dev/comp0250_s26_labs/install/cw1_team_36/share/cw1_team_36/cmake/rosidl_cmake_export_typesupport_targets-extras.cmake
[74.961s] -- Up-to-date: /home/pcht/dev/comp0250_s26_labs/install/cw1_team_36/share/cw1_team_36/cmake/rosidl_cmake_export_typesupport_libraries-extras.cmake
[74.962s] -- Up-to-date: /home/pcht/dev/comp0250_s26_labs/install/cw1_team_36/share/cw1_team_36/cmake/cw1_team_36Config.cmake
[74.962s] -- Up-to-date: /home/pcht/dev/comp0250_s26_labs/install/cw1_team_36/share/cw1_team_36/cmake/cw1_team_36Config-version.cmake
[74.962s] -- Up-to-date: /home/pcht/dev/comp0250_s26_labs/install/cw1_team_36/share/cw1_team_36/package.xml
[74.962s] Invoked command in '/home/pcht/dev/comp0250_s26_labs/build/cw1_team_36' returned '0': AMENT_PREFIX_PATH=/home/pcht/dev/comp0250_s26_labs/install/cw1_world_spawner:${AMENT_PREFIX_PATH} CMAKE_PREFIX_PATH=/home/pcht/dev/comp0250_s26_labs/install/cw1_world_spawner:/home/pcht/ws_moveit2/install/pilz_industrial_motion_planner_testutils:/home/pcht/ws_moveit2/install/moveit_runtime:/home/pcht/ws_moveit2/install/moveit2_tutorials:/home/pcht/ws_moveit2/install/moveit:/home/pcht/ws_moveit2/install/moveit_planners:/home/pcht/ws_moveit2/install/pilz_industrial_motion_planner:/home/pcht/ws_moveit2/install/mtc_tutorial:/home/pcht/ws_moveit2/install/moveit_visual_tools:/home/pcht/ws_moveit2/install/moveit_task_constructor_visualization:/home/pcht/ws_moveit2/install/moveit_task_constructor_demo:/home/pcht/ws_moveit2/install/moveit_task_constructor_capabilities:/home/pcht/ws_moveit2/install/moveit_task_constructor_core:/home/pcht/ws_moveit2/install/moveit_ros_control_interface:/home/pcht/ws_moveit2/install/moveit_plugins:/home/pcht/ws_moveit2/install/moveit_simple_controller_manager:/home/pcht/ws_moveit2/install/moveit_setup_assistant:/home/pcht/ws_moveit2/install/moveit_setup_srdf_plugins:/home/pcht/ws_moveit2/install/moveit_setup_core_plugins:/home/pcht/ws_moveit2/install/moveit_setup_controllers:/home/pcht/ws_moveit2/install/moveit_setup_app_plugins:/home/pcht/ws_moveit2/install/moveit_setup_framework:/home/pcht/ws_moveit2/install/moveit_servo:/home/pcht/ws_moveit2/install/moveit_ros:/home/pcht/ws_moveit2/install/moveit_ros_visualization:/home/pcht/ws_moveit2/install/moveit_py:/home/pcht/ws_moveit2/install/moveit_hybrid_planning:/home/pcht/ws_moveit2/install/moveit_ros_planning_interface:/home/pcht/ws_moveit2/install/moveit_ros_benchmarks:/home/pcht/ws_moveit2/install/moveit_ros_warehouse:/home/pcht/ws_moveit2/install/moveit_ros_robot_interaction:/home/pcht/ws_moveit2/install/moveit_ros_perception:/home/pcht/ws_moveit2/install/moveit_resources_prbt_pg70_support:/home/pcht/ws_moveit2/install/moveit_resources_prbt_moveit_config:/home/pcht/ws_moveit2/install/moveit_ros_move_group:/home/pcht/ws_moveit2/install/moveit_planners_ompl:/home/pcht/ws_moveit2/install/moveit_ros_planning:/home/pcht/ws_moveit2/install/moveit_ros_occupancy_map_monitor:/home/pcht/ws_moveit2/install/moveit_resources_prbt_ikfast_manipulator_plugin:/home/pcht/ws_moveit2/install/moveit_planners_chomp:/home/pcht/ws_moveit2/install/moveit_kinematics:/home/pcht/ws_moveit2/install/moveit_chomp_optimizer_adapter:/home/pcht/ws_moveit2/install/chomp_motion_planner:/home/pcht/ws_moveit2/install/moveit_core:/home/pcht/ws_moveit2/install/srdfdom:/home/pcht/ws_moveit2/install/rviz_marker_tools:/home/pcht/ws_moveit2/install/rosparam_shortcuts:/home/pcht/ws_moveit2/install/moveit_task_constructor_msgs:/home/pcht/ws_moveit2/install/moveit_resources_prbt_support:/home/pcht/ws_moveit2/install/moveit_resources:/home/pcht/ws_moveit2/install/moveit_resources_pr2_description:/home/pcht/ws_moveit2/install/moveit_resources_panda_moveit_config:/home/pcht/ws_moveit2/install/moveit_resources_panda_description:/home/pcht/ws_moveit2/install/moveit_resources_fanuc_moveit_config:/home/pcht/ws_moveit2/install/moveit_resources_fanuc_description:/home/pcht/ws_moveit2/install/moveit_common:/home/pcht/ws_moveit2/install/moveit_configs_utils:/home/pcht/ws_moveit2/install/launch_param_builder:/opt/ros/humble LD_LIBRARY_PATH=/home/pcht/dev/comp0250_s26_labs/install/cw1_world_spawner/lib:${LD_LIBRARY_PATH} PYTHONPATH=/home/pcht/dev/comp0250_s26_labs/install/cw1_world_spawner/local/lib/python3.10/dist-packages:${PYTHONPATH} /usr/bin/cmake --install /home/pcht/dev/comp0250_s26_labs/build/cw1_team_36
