[0.204s] DEBUG:colcon:Command line arguments: ['/usr/bin/colcon', 'build', '--mixin', 'release', '--packages-select', 'cw1_team_36']
[0.204s] DEBUG:colcon:Parsed command line arguments: Namespace(log_base=None, log_level=None, verb_name='build', build_base='build', install_base='install', merge_install=False, symlink_install=False, test_result_base=None, continue_on_error=False, executor='parallel', parallel_workers=16, event_handlers=None, ignore_user_meta=False, metas=['./colcon.meta'], base_paths=['.'], packages_ignore=None, packages_ignore_regex=None, paths=None, packages_up_to=None, packages_up_to_regex=None, packages_above=None, packages_above_and_dependencies=None, packages_above_depth=None, packages_select_by_dep=None, packages_skip_by_dep=None, packages_skip_up_to=None, packages_select_build_failed=False, packages_skip_build_finished=False, packages_select_test_failures=False, packages_skip_test_passed=False, packages_select=['cw1_team_36'], packages_skip=None, packages_select_regex=None, packages_skip_regex=None, packages_start=None, packages_end=None, allow_overriding=[], cmake_args=['-DCMAKE_BUILD_TYPE=Release'], cmake_target=None, cmake_target_skip_unavailable=False, cmake_clean_cache=False, cmake_clean_first=False, cmake_force_configure=False, ament_cmake_args=None, catkin_cmake_args=None, catkin_skip_building_tests=False, mixin_files=None, mixin=['release'], verb_parser=<colcon_mixin.mixin.mixin_argument.MixinArgumentDecorator object at 0x7073806fc5b0>, verb_extension=<colcon_core.verb.build.BuildVerb object at 0x7073806cbb80>, main=<bound method BuildVerb.main of <colcon_core.verb.build.BuildVerb object at 0x7073806cbb80>>, mixin_verb=('build',))
[0.335s] Level 1:colcon.colcon_core.package_discovery:discover_packages(colcon_meta) check parameters
[0.335s] Level 1:colcon.colcon_core.package_discovery:discover_packages(recursive) check parameters
[0.335s] Level 1:colcon.colcon_core.package_discovery:discover_packages(ignore) check parameters
[0.335s] Level 1:colcon.colcon_core.package_discovery:discover_packages(path) check parameters
[0.336s] Level 1:colcon.colcon_core.package_discovery:discover_packages(colcon_meta) discover
[0.336s] Level 1:colcon.colcon_core.package_discovery:discover_packages(recursive) discover
[0.336s] INFO:colcon.colcon_core.package_discovery:Crawling recursively for packages in '/home/pcht/dev/comp0250_s26_labs'
[0.336s] Level 1:colcon.colcon_core.package_identification:_identify(.) by extensions ['ignore', 'ignore_ament_install']
[0.336s] Level 1:colcon.colcon_core.package_identification:_identify(.) by extension 'ignore'
[0.336s] Level 1:colcon.colcon_core.package_identification:_identify(.) by extension 'ignore_ament_install'
[0.336s] Level 1:colcon.colcon_core.package_identification:_identify(.) by extensions ['colcon_pkg']
[0.336s] Level 1:colcon.colcon_core.package_identification:_identify(.) by extension 'colcon_pkg'
[0.336s] Level 1:colcon.colcon_core.package_identification:_identify(.) by extensions ['colcon_meta']
[0.336s] Level 1:colcon.colcon_core.package_identification:_identify(.) by extension 'colcon_meta'
[0.336s] Level 1:colcon.colcon_core.package_identification:_identify(.) by extensions ['ros']
[0.336s] Level 1:colcon.colcon_core.package_identification:_identify(.) by extension 'ros'
[0.345s] Level 1:colcon.colcon_core.package_identification:_identify(.) by extensions ['cmake', 'python']
[0.345s] Level 1:colcon.colcon_core.package_identification:_identify(.) by extension 'cmake'
[0.345s] Level 1:colcon.colcon_core.package_identification:_identify(.) by extension 'python'
[0.345s] Level 1:colcon.colcon_core.package_identification:_identify(.) by extensions ['python_setup_py']
[0.345s] Level 1:colcon.colcon_core.package_identification:_identify(.) by extension 'python_setup_py'
[0.345s] Level 1:colcon.colcon_core.package_identification:_identify(build) by extensions ['ignore', 'ignore_ament_install']
[0.346s] Level 1:colcon.colcon_core.package_identification:_identify(build) by extension 'ignore'
[0.346s] Level 1:colcon.colcon_core.package_identification:_identify(build) ignored
[0.346s] Level 1:colcon.colcon_core.package_identification:_identify(courseworks) by extensions ['ignore', 'ignore_ament_install']
[0.346s] Level 1:colcon.colcon_core.package_identification:_identify(courseworks) by extension 'ignore'
[0.346s] Level 1:colcon.colcon_core.package_identification:_identify(courseworks) by extension 'ignore_ament_install'
[0.346s] Level 1:colcon.colcon_core.package_identification:_identify(courseworks) by extensions ['colcon_pkg']
[0.346s] Level 1:colcon.colcon_core.package_identification:_identify(courseworks) by extension 'colcon_pkg'
[0.346s] Level 1:colcon.colcon_core.package_identification:_identify(courseworks) by extensions ['colcon_meta']
[0.346s] Level 1:colcon.colcon_core.package_identification:_identify(courseworks) by extension 'colcon_meta'
[0.346s] Level 1:colcon.colcon_core.package_identification:_identify(courseworks) by extensions ['ros']
[0.346s] Level 1:colcon.colcon_core.package_identification:_identify(courseworks) by extension 'ros'
[0.346s] Level 1:colcon.colcon_core.package_identification:_identify(courseworks) by extensions ['cmake', 'python']
[0.346s] Level 1:colcon.colcon_core.package_identification:_identify(courseworks) by extension 'cmake'
[0.346s] Level 1:colcon.colcon_core.package_identification:_identify(courseworks) by extension 'python'
[0.346s] Level 1:colcon.colcon_core.package_identification:_identify(courseworks) by extensions ['python_setup_py']
[0.346s] Level 1:colcon.colcon_core.package_identification:_identify(courseworks) by extension 'python_setup_py'
[0.346s] Level 1:colcon.colcon_core.package_identification:_identify(courseworks/cw1_team_36) by extensions ['ignore', 'ignore_ament_install']
[0.346s] Level 1:colcon.colcon_core.package_identification:_identify(courseworks/cw1_team_36) by extension 'ignore'
[0.346s] Level 1:colcon.colcon_core.package_identification:_identify(courseworks/cw1_team_36) by extension 'ignore_ament_install'
[0.346s] Level 1:colcon.colcon_core.package_identification:_identify(courseworks/cw1_team_36) by extensions ['colcon_pkg']
[0.347s] Level 1:colcon.colcon_core.package_identification:_identify(courseworks/cw1_team_36) by extension 'colcon_pkg'
[0.347s] Level 1:colcon.colcon_core.package_identification:_identify(courseworks/cw1_team_36) by extensions ['colcon_meta']
[0.347s] Level 1:colcon.colcon_core.package_identification:_identify(courseworks/cw1_team_36) by extension 'colcon_meta'
[0.347s] Level 1:colcon.colcon_core.package_identification:_identify(courseworks/cw1_team_36) by extensions ['ros']
[0.347s] Level 1:colcon.colcon_core.package_identification:_identify(courseworks/cw1_team_36) by extension 'ros'
[0.349s] DEBUG:colcon.colcon_core.package_identification:Package 'courseworks/cw1_team_36' with type 'ros.ament_cmake' and name 'cw1_team_36'
[0.349s] Level 1:colcon.colcon_core.package_identification:_identify(courseworks/cw1_world_spawner) by extensions ['ignore', 'ignore_ament_install']
[0.349s] Level 1:colcon.colcon_core.package_identification:_identify(courseworks/cw1_world_spawner) by extension 'ignore'
[0.349s] Level 1:colcon.colcon_core.package_identification:_identify(courseworks/cw1_world_spawner) by extension 'ignore_ament_install'
[0.349s] Level 1:colcon.colcon_core.package_identification:_identify(courseworks/cw1_world_spawner) by extensions ['colcon_pkg']
[0.349s] Level 1:colcon.colcon_core.package_identification:_identify(courseworks/cw1_world_spawner) by extension 'colcon_pkg'
[0.349s] Level 1:colcon.colcon_core.package_identification:_identify(courseworks/cw1_world_spawner) by extensions ['colcon_meta']
[0.349s] Level 1:colcon.colcon_core.package_identification:_identify(courseworks/cw1_world_spawner) by extension 'colcon_meta'
[0.349s] Level 1:colcon.colcon_core.package_identification:_identify(courseworks/cw1_world_spawner) by extensions ['ros']
[0.350s] Level 1:colcon.colcon_core.package_identification:_identify(courseworks/cw1_world_spawner) by extension 'ros'
[0.350s] DEBUG:colcon.colcon_core.package_identification:Package 'courseworks/cw1_world_spawner' with type 'ros.ament_cmake' and name 'cw1_world_spawner'
[0.350s] Level 1:colcon.colcon_core.package_identification:_identify(courseworks/panda_description) by extensions ['ignore', 'ignore_ament_install']
[0.351s] Level 1:colcon.colcon_core.package_identification:_identify(courseworks/panda_description) by extension 'ignore'
[0.351s] Level 1:colcon.colcon_core.package_identification:_identify(courseworks/panda_description) by extension 'ignore_ament_install'
[0.351s] Level 1:colcon.colcon_core.package_identification:_identify(courseworks/panda_description) by extensions ['colcon_pkg']
[0.351s] Level 1:colcon.colcon_core.package_identification:_identify(courseworks/panda_description) by extension 'colcon_pkg'
[0.351s] Level 1:colcon.colcon_core.package_identification:_identify(courseworks/panda_description) by extensions ['colcon_meta']
[0.351s] Level 1:colcon.colcon_core.package_identification:_identify(courseworks/panda_description) by extension 'colcon_meta'
[0.351s] Level 1:colcon.colcon_core.package_identification:_identify(courseworks/panda_description) by extensions ['ros']
[0.351s] Level 1:colcon.colcon_core.package_identification:_identify(courseworks/panda_description) by extension 'ros'
[0.351s] DEBUG:colcon.colcon_core.package_identification:Package 'courseworks/panda_description' with type 'ros.ament_cmake' and name 'panda_description'
[0.351s] Level 1:colcon.colcon_core.package_identification:_identify(courseworks/panda_moveit_config) by extensions ['ignore', 'ignore_ament_install']
[0.351s] Level 1:colcon.colcon_core.package_identification:_identify(courseworks/panda_moveit_config) by extension 'ignore'
[0.351s] Level 1:colcon.colcon_core.package_identification:_identify(courseworks/panda_moveit_config) by extension 'ignore_ament_install'
[0.351s] Level 1:colcon.colcon_core.package_identification:_identify(courseworks/panda_moveit_config) by extensions ['colcon_pkg']
[0.351s] Level 1:colcon.colcon_core.package_identification:_identify(courseworks/panda_moveit_config) by extension 'colcon_pkg'
[0.351s] Level 1:colcon.colcon_core.package_identification:_identify(courseworks/panda_moveit_config) by extensions ['colcon_meta']
[0.351s] Level 1:colcon.colcon_core.package_identification:_identify(courseworks/panda_moveit_config) by extension 'colcon_meta'
[0.352s] Level 1:colcon.colcon_core.package_identification:_identify(courseworks/panda_moveit_config) by extensions ['ros']
[0.352s] Level 1:colcon.colcon_core.package_identification:_identify(courseworks/panda_moveit_config) by extension 'ros'
[0.352s] DEBUG:colcon.colcon_core.package_identification:Package 'courseworks/panda_moveit_config' with type 'ros.ament_cmake' and name 'panda_moveit_config'
[0.353s] Level 1:colcon.colcon_core.package_identification:_identify(courseworks/realsense_gazebo_plugin) by extensions ['ignore', 'ignore_ament_install']
[0.353s] Level 1:colcon.colcon_core.package_identification:_identify(courseworks/realsense_gazebo_plugin) by extension 'ignore'
[0.353s] Level 1:colcon.colcon_core.package_identification:_identify(courseworks/realsense_gazebo_plugin) by extension 'ignore_ament_install'
[0.353s] Level 1:colcon.colcon_core.package_identification:_identify(courseworks/realsense_gazebo_plugin) by extensions ['colcon_pkg']
[0.353s] Level 1:colcon.colcon_core.package_identification:_identify(courseworks/realsense_gazebo_plugin) by extension 'colcon_pkg'
[0.353s] Level 1:colcon.colcon_core.package_identification:_identify(courseworks/realsense_gazebo_plugin) by extensions ['colcon_meta']
[0.353s] Level 1:colcon.colcon_core.package_identification:_identify(courseworks/realsense_gazebo_plugin) by extension 'colcon_meta'
[0.353s] Level 1:colcon.colcon_core.package_identification:_identify(courseworks/realsense_gazebo_plugin) by extensions ['ros']
[0.353s] Level 1:colcon.colcon_core.package_identification:_identify(courseworks/realsense_gazebo_plugin) by extension 'ros'
[0.354s] DEBUG:colcon.colcon_core.package_identification:Package 'courseworks/realsense_gazebo_plugin' with type 'ros.ament_cmake' and name 'realsense_gazebo_plugin'
[0.354s] Level 1:colcon.colcon_core.package_identification:_identify(courseworks/rpl_panda_with_rs) by extensions ['ignore', 'ignore_ament_install']
[0.354s] Level 1:colcon.colcon_core.package_identification:_identify(courseworks/rpl_panda_with_rs) by extension 'ignore'
[0.354s] Level 1:colcon.colcon_core.package_identification:_identify(courseworks/rpl_panda_with_rs) by extension 'ignore_ament_install'
[0.354s] Level 1:colcon.colcon_core.package_identification:_identify(courseworks/rpl_panda_with_rs) by extensions ['colcon_pkg']
[0.354s] Level 1:colcon.colcon_core.package_identification:_identify(courseworks/rpl_panda_with_rs) by extension 'colcon_pkg'
[0.354s] Level 1:colcon.colcon_core.package_identification:_identify(courseworks/rpl_panda_with_rs) by extensions ['colcon_meta']
[0.354s] Level 1:colcon.colcon_core.package_identification:_identify(courseworks/rpl_panda_with_rs) by extension 'colcon_meta'
[0.354s] Level 1:colcon.colcon_core.package_identification:_identify(courseworks/rpl_panda_with_rs) by extensions ['ros']
[0.354s] Level 1:colcon.colcon_core.package_identification:_identify(courseworks/rpl_panda_with_rs) by extension 'ros'
[0.355s] DEBUG:colcon.colcon_core.package_identification:Package 'courseworks/rpl_panda_with_rs' with type 'ros.ament_cmake' and name 'rpl_panda_with_rs'
[0.355s] Level 1:colcon.colcon_core.package_identification:_identify(install) by extensions ['ignore', 'ignore_ament_install']
[0.356s] Level 1:colcon.colcon_core.package_identification:_identify(install) by extension 'ignore'
[0.356s] Level 1:colcon.colcon_core.package_identification:_identify(install) ignored
[0.356s] Level 1:colcon.colcon_core.package_identification:_identify(log) by extensions ['ignore', 'ignore_ament_install']
[0.356s] Level 1:colcon.colcon_core.package_identification:_identify(log) by extension 'ignore'
[0.356s] Level 1:colcon.colcon_core.package_identification:_identify(log) ignored
[0.356s] Level 1:colcon.colcon_core.package_identification:_identify(scripts) by extensions ['ignore', 'ignore_ament_install']
[0.356s] Level 1:colcon.colcon_core.package_identification:_identify(scripts) by extension 'ignore'
[0.356s] Level 1:colcon.colcon_core.package_identification:_identify(scripts) by extension 'ignore_ament_install'
[0.356s] Level 1:colcon.colcon_core.package_identification:_identify(scripts) by extensions ['colcon_pkg']
[0.356s] Level 1:colcon.colcon_core.package_identification:_identify(scripts) by extension 'colcon_pkg'
[0.356s] Level 1:colcon.colcon_core.package_identification:_identify(scripts) by extensions ['colcon_meta']
[0.356s] Level 1:colcon.colcon_core.package_identification:_identify(scripts) by extension 'colcon_meta'
[0.356s] Level 1:colcon.colcon_core.package_identification:_identify(scripts) by extensions ['ros']
[0.356s] Level 1:colcon.colcon_core.package_identification:_identify(scripts) by extension 'ros'
[0.356s] Level 1:colcon.colcon_core.package_identification:_identify(scripts) by extensions ['cmake', 'python']
[0.356s] Level 1:colcon.colcon_core.package_identification:_identify(scripts) by extension 'cmake'
[0.356s] Level 1:colcon.colcon_core.package_identification:_identify(scripts) by extension 'python'
[0.356s] Level 1:colcon.colcon_core.package_identification:_identify(scripts) by extensions ['python_setup_py']
[0.356s] Level 1:colcon.colcon_core.package_identification:_identify(scripts) by extension 'python_setup_py'
[0.356s] Level 1:colcon.colcon_core.package_discovery:discover_packages(recursive) using defaults
[0.356s] Level 1:colcon.colcon_core.package_discovery:discover_packages(ignore) discover
[0.356s] Level 1:colcon.colcon_core.package_discovery:discover_packages(ignore) using defaults
[0.356s] Level 1:colcon.colcon_core.package_discovery:discover_packages(path) discover
[0.356s] Level 1:colcon.colcon_core.package_discovery:discover_packages(path) using defaults
[0.382s] INFO:colcon.colcon_core.package_selection:Skipping not selected package 'cw1_world_spawner' in 'courseworks/cw1_world_spawner'
[0.382s] INFO:colcon.colcon_core.package_selection:Skipping not selected package 'panda_description' in 'courseworks/panda_description'
[0.383s] INFO:colcon.colcon_core.package_selection:Skipping not selected package 'panda_moveit_config' in 'courseworks/panda_moveit_config'
[0.383s] INFO:colcon.colcon_core.package_selection:Skipping not selected package 'realsense_gazebo_plugin' in 'courseworks/realsense_gazebo_plugin'
[0.383s] INFO:colcon.colcon_core.package_selection:Skipping not selected package 'rpl_panda_with_rs' in 'courseworks/rpl_panda_with_rs'
[0.383s] Level 1:colcon.colcon_core.package_discovery:discover_packages(prefix_path) check parameters
[0.383s] Level 1:colcon.colcon_core.package_discovery:discover_packages(prefix_path) discover
[0.387s] DEBUG:colcon.colcon_installed_package_information.package_discovery:Found 58 installed packages in /home/pcht/ws_moveit2/install
[0.388s] DEBUG:colcon.colcon_installed_package_information.package_discovery:Found 400 installed packages in /opt/ros/humble
[0.391s] Level 1:colcon.colcon_core.package_discovery:discover_packages(prefix_path) using defaults
[0.435s] Level 5:colcon.colcon_core.verb:set package 'cw1_team_36' build argument 'cmake_args' from command line to '['-DCMAKE_BUILD_TYPE=Release']'
[0.436s] Level 5:colcon.colcon_core.verb:set package 'cw1_team_36' build argument 'cmake_target' from command line to 'None'
[0.436s] Level 5:colcon.colcon_core.verb:set package 'cw1_team_36' build argument 'cmake_target_skip_unavailable' from command line to 'False'
[0.436s] Level 5:colcon.colcon_core.verb:set package 'cw1_team_36' build argument 'cmake_clean_cache' from command line to 'False'
[0.436s] Level 5:colcon.colcon_core.verb:set package 'cw1_team_36' build argument 'cmake_clean_first' from command line to 'False'
[0.436s] Level 5:colcon.colcon_core.verb:set package 'cw1_team_36' build argument 'cmake_force_configure' from command line to 'False'
[0.436s] Level 5:colcon.colcon_core.verb:set package 'cw1_team_36' build argument 'ament_cmake_args' from command line to 'None'
[0.436s] Level 5:colcon.colcon_core.verb:set package 'cw1_team_36' build argument 'catkin_cmake_args' from command line to 'None'
[0.436s] Level 5:colcon.colcon_core.verb:set package 'cw1_team_36' build argument 'catkin_skip_building_tests' from command line to 'False'
[0.436s] DEBUG:colcon.colcon_core.verb:Building package 'cw1_team_36' with the following arguments: {'ament_cmake_args': None, 'build_base': '/home/pcht/dev/comp0250_s26_labs/build/cw1_team_36', 'catkin_cmake_args': None, 'catkin_skip_building_tests': False, 'cmake_args': ['-DCMAKE_BUILD_TYPE=Release'], 'cmake_clean_cache': False, 'cmake_clean_first': False, 'cmake_force_configure': False, 'cmake_target': None, 'cmake_target_skip_unavailable': False, 'install_base': '/home/pcht/dev/comp0250_s26_labs/install/cw1_team_36', 'merge_install': False, 'path': '/home/pcht/dev/comp0250_s26_labs/courseworks/cw1_team_36', 'symlink_install': False, 'test_result_base': None}
[0.436s] INFO:colcon.colcon_core.executor:Executing jobs using 'parallel' executor
[0.438s] DEBUG:colcon.colcon_parallel_executor.executor.parallel:run_until_complete
[0.438s] INFO:colcon.colcon_ros.task.ament_cmake.build:Building ROS package in '/home/pcht/dev/comp0250_s26_labs/courseworks/cw1_team_36' with build type 'ament_cmake'
[0.438s] INFO:colcon.colcon_cmake.task.cmake.build:Building CMake package in '/home/pcht/dev/comp0250_s26_labs/courseworks/cw1_team_36'
[0.441s] INFO:colcon.colcon_core.plugin_system:Skipping extension 'colcon_core.shell.bat': Not used on non-Windows systems
[0.441s] INFO:colcon.colcon_core.shell:Skip shell extension 'powershell' for command environment: Not usable outside of PowerShell
[0.441s] DEBUG:colcon.colcon_core.shell:Skip shell extension 'dsv' for command environment
[0.586s] DEBUG:colcon.colcon_core.event_handler.log_command:Invoking command in '/home/pcht/dev/comp0250_s26_labs/build/cw1_team_36': AMENT_PREFIX_PATH=/home/pcht/dev/comp0250_s26_labs/install/cw1_world_spawner:${AMENT_PREFIX_PATH} CMAKE_PREFIX_PATH=/home/pcht/dev/comp0250_s26_labs/install/cw1_world_spawner:/home/pcht/ws_moveit2/install/pilz_industrial_motion_planner_testutils:/home/pcht/ws_moveit2/install/moveit_runtime:/home/pcht/ws_moveit2/install/moveit2_tutorials:/home/pcht/ws_moveit2/install/moveit:/home/pcht/ws_moveit2/install/moveit_planners:/home/pcht/ws_moveit2/install/pilz_industrial_motion_planner:/home/pcht/ws_moveit2/install/mtc_tutorial:/home/pcht/ws_moveit2/install/moveit_visual_tools:/home/pcht/ws_moveit2/install/moveit_task_constructor_visualization:/home/pcht/ws_moveit2/install/moveit_task_constructor_demo:/home/pcht/ws_moveit2/install/moveit_task_constructor_capabilities:/home/pcht/ws_moveit2/install/moveit_task_constructor_core:/home/pcht/ws_moveit2/install/moveit_ros_control_interface:/home/pcht/ws_moveit2/install/moveit_plugins:/home/pcht/ws_moveit2/install/moveit_simple_controller_manager:/home/pcht/ws_moveit2/install/moveit_setup_assistant:/home/pcht/ws_moveit2/install/moveit_setup_srdf_plugins:/home/pcht/ws_moveit2/install/moveit_setup_core_plugins:/home/pcht/ws_moveit2/install/moveit_setup_controllers:/home/pcht/ws_moveit2/install/moveit_setup_app_plugins:/home/pcht/ws_moveit2/install/moveit_setup_framework:/home/pcht/ws_moveit2/install/moveit_servo:/home/pcht/ws_moveit2/install/moveit_ros:/home/pcht/ws_moveit2/install/moveit_ros_visualization:/home/pcht/ws_moveit2/install/moveit_py:/home/pcht/ws_moveit2/install/moveit_hybrid_planning:/home/pcht/ws_moveit2/install/moveit_ros_planning_interface:/home/pcht/ws_moveit2/install/moveit_ros_benchmarks:/home/pcht/ws_moveit2/install/moveit_ros_warehouse:/home/pcht/ws_moveit2/install/moveit_ros_robot_interaction:/home/pcht/ws_moveit2/install/moveit_ros_perception:/home/pcht/ws_moveit2/install/moveit_resources_prbt_pg70_support:/home/pcht/ws_moveit2/install/moveit_resources_prbt_moveit_config:/home/pcht/ws_moveit2/install/moveit_ros_move_group:/home/pcht/ws_moveit2/install/moveit_planners_ompl:/home/pcht/ws_moveit2/install/moveit_ros_planning:/home/pcht/ws_moveit2/install/moveit_ros_occupancy_map_monitor:/home/pcht/ws_moveit2/install/moveit_resources_prbt_ikfast_manipulator_plugin:/home/pcht/ws_moveit2/install/moveit_planners_chomp:/home/pcht/ws_moveit2/install/moveit_kinematics:/home/pcht/ws_moveit2/install/moveit_chomp_optimizer_adapter:/home/pcht/ws_moveit2/install/chomp_motion_planner:/home/pcht/ws_moveit2/install/moveit_core:/home/pcht/ws_moveit2/install/srdfdom:/home/pcht/ws_moveit2/install/rviz_marker_tools:/home/pcht/ws_moveit2/install/rosparam_shortcuts:/home/pcht/ws_moveit2/install/moveit_task_constructor_msgs:/home/pcht/ws_moveit2/install/moveit_resources_prbt_support:/home/pcht/ws_moveit2/install/moveit_resources:/home/pcht/ws_moveit2/install/moveit_resources_pr2_description:/home/pcht/ws_moveit2/install/moveit_resources_panda_moveit_config:/home/pcht/ws_moveit2/install/moveit_resources_panda_description:/home/pcht/ws_moveit2/install/moveit_resources_fanuc_moveit_config:/home/pcht/ws_moveit2/install/moveit_resources_fanuc_description:/home/pcht/ws_moveit2/install/moveit_common:/home/pcht/ws_moveit2/install/moveit_configs_utils:/home/pcht/ws_moveit2/install/launch_param_builder:/opt/ros/humble LD_LIBRARY_PATH=/home/pcht/dev/comp0250_s26_labs/install/cw1_world_spawner/lib:${LD_LIBRARY_PATH} PYTHONPATH=/home/pcht/dev/comp0250_s26_labs/install/cw1_world_spawner/local/lib/python3.10/dist-packages:${PYTHONPATH} /usr/bin/cmake /home/pcht/dev/comp0250_s26_labs/courseworks/cw1_team_36 -DCMAKE_BUILD_TYPE=Release -DCMAKE_INSTALL_PREFIX=/home/pcht/dev/comp0250_s26_labs/install/cw1_team_36
[46.464s] DEBUG:colcon.colcon_core.event_handler.log_command:Invoked command in '/home/pcht/dev/comp0250_s26_labs/build/cw1_team_36' returned '0': AMENT_PREFIX_PATH=/home/pcht/dev/comp0250_s26_labs/install/cw1_world_spawner:${AMENT_PREFIX_PATH} CMAKE_PREFIX_PATH=/home/pcht/dev/comp0250_s26_labs/install/cw1_world_spawner:/home/pcht/ws_moveit2/install/pilz_industrial_motion_planner_testutils:/home/pcht/ws_moveit2/install/moveit_runtime:/home/pcht/ws_moveit2/install/moveit2_tutorials:/home/pcht/ws_moveit2/install/moveit:/home/pcht/ws_moveit2/install/moveit_planners:/home/pcht/ws_moveit2/install/pilz_industrial_motion_planner:/home/pcht/ws_moveit2/install/mtc_tutorial:/home/pcht/ws_moveit2/install/moveit_visual_tools:/home/pcht/ws_moveit2/install/moveit_task_constructor_visualization:/home/pcht/ws_moveit2/install/moveit_task_constructor_demo:/home/pcht/ws_moveit2/install/moveit_task_constructor_capabilities:/home/pcht/ws_moveit2/install/moveit_task_constructor_core:/home/pcht/ws_moveit2/install/moveit_ros_control_interface:/home/pcht/ws_moveit2/install/moveit_plugins:/home/pcht/ws_moveit2/install/moveit_simple_controller_manager:/home/pcht/ws_moveit2/install/moveit_setup_assistant:/home/pcht/ws_moveit2/install/moveit_setup_srdf_plugins:/home/pcht/ws_moveit2/install/moveit_setup_core_plugins:/home/pcht/ws_moveit2/install/moveit_setup_controllers:/home/pcht/ws_moveit2/install/moveit_setup_app_plugins:/home/pcht/ws_moveit2/install/moveit_setup_framework:/home/pcht/ws_moveit2/install/moveit_servo:/home/pcht/ws_moveit2/install/moveit_ros:/home/pcht/ws_moveit2/install/moveit_ros_visualization:/home/pcht/ws_moveit2/install/moveit_py:/home/pcht/ws_moveit2/install/moveit_hybrid_planning:/home/pcht/ws_moveit2/install/moveit_ros_planning_interface:/home/pcht/ws_moveit2/install/moveit_ros_benchmarks:/home/pcht/ws_moveit2/install/moveit_ros_warehouse:/home/pcht/ws_moveit2/install/moveit_ros_robot_interaction:/home/pcht/ws_moveit2/install/moveit_ros_perception:/home/pcht/ws_moveit2/install/moveit_resources_prbt_pg70_support:/home/pcht/ws_moveit2/install/moveit_resources_prbt_moveit_config:/home/pcht/ws_moveit2/install/moveit_ros_move_group:/home/pcht/ws_moveit2/install/moveit_planners_ompl:/home/pcht/ws_moveit2/install/moveit_ros_planning:/home/pcht/ws_moveit2/install/moveit_ros_occupancy_map_monitor:/home/pcht/ws_moveit2/install/moveit_resources_prbt_ikfast_manipulator_plugin:/home/pcht/ws_moveit2/install/moveit_planners_chomp:/home/pcht/ws_moveit2/install/moveit_kinematics:/home/pcht/ws_moveit2/install/moveit_chomp_optimizer_adapter:/home/pcht/ws_moveit2/install/chomp_motion_planner:/home/pcht/ws_moveit2/install/moveit_core:/home/pcht/ws_moveit2/install/srdfdom:/home/pcht/ws_moveit2/install/rviz_marker_tools:/home/pcht/ws_moveit2/install/rosparam_shortcuts:/home/pcht/ws_moveit2/install/moveit_task_constructor_msgs:/home/pcht/ws_moveit2/install/moveit_resources_prbt_support:/home/pcht/ws_moveit2/install/moveit_resources:/home/pcht/ws_moveit2/install/moveit_resources_pr2_description:/home/pcht/ws_moveit2/install/moveit_resources_panda_moveit_config:/home/pcht/ws_moveit2/install/moveit_resources_panda_description:/home/pcht/ws_moveit2/install/moveit_resources_fanuc_moveit_config:/home/pcht/ws_moveit2/install/moveit_resources_fanuc_description:/home/pcht/ws_moveit2/install/moveit_common:/home/pcht/ws_moveit2/install/moveit_configs_utils:/home/pcht/ws_moveit2/install/launch_param_builder:/opt/ros/humble LD_LIBRARY_PATH=/home/pcht/dev/comp0250_s26_labs/install/cw1_world_spawner/lib:${LD_LIBRARY_PATH} PYTHONPATH=/home/pcht/dev/comp0250_s26_labs/install/cw1_world_spawner/local/lib/python3.10/dist-packages:${PYTHONPATH} /usr/bin/cmake /home/pcht/dev/comp0250_s26_labs/courseworks/cw1_team_36 -DCMAKE_BUILD_TYPE=Release -DCMAKE_INSTALL_PREFIX=/home/pcht/dev/comp0250_s26_labs/install/cw1_team_36
[46.467s] DEBUG:colcon.colcon_core.event_handler.log_command:Invoking command in '/home/pcht/dev/comp0250_s26_labs/build/cw1_team_36': AMENT_PREFIX_PATH=/home/pcht/dev/comp0250_s26_labs/install/cw1_world_spawner:${AMENT_PREFIX_PATH} CMAKE_PREFIX_PATH=/home/pcht/dev/comp0250_s26_labs/install/cw1_world_spawner:/home/pcht/ws_moveit2/install/pilz_industrial_motion_planner_testutils:/home/pcht/ws_moveit2/install/moveit_runtime:/home/pcht/ws_moveit2/install/moveit2_tutorials:/home/pcht/ws_moveit2/install/moveit:/home/pcht/ws_moveit2/install/moveit_planners:/home/pcht/ws_moveit2/install/pilz_industrial_motion_planner:/home/pcht/ws_moveit2/install/mtc_tutorial:/home/pcht/ws_moveit2/install/moveit_visual_tools:/home/pcht/ws_moveit2/install/moveit_task_constructor_visualization:/home/pcht/ws_moveit2/install/moveit_task_constructor_demo:/home/pcht/ws_moveit2/install/moveit_task_constructor_capabilities:/home/pcht/ws_moveit2/install/moveit_task_constructor_core:/home/pcht/ws_moveit2/install/moveit_ros_control_interface:/home/pcht/ws_moveit2/install/moveit_plugins:/home/pcht/ws_moveit2/install/moveit_simple_controller_manager:/home/pcht/ws_moveit2/install/moveit_setup_assistant:/home/pcht/ws_moveit2/install/moveit_setup_srdf_plugins:/home/pcht/ws_moveit2/install/moveit_setup_core_plugins:/home/pcht/ws_moveit2/install/moveit_setup_controllers:/home/pcht/ws_moveit2/install/moveit_setup_app_plugins:/home/pcht/ws_moveit2/install/moveit_setup_framework:/home/pcht/ws_moveit2/install/moveit_servo:/home/pcht/ws_moveit2/install/moveit_ros:/home/pcht/ws_moveit2/install/moveit_ros_visualization:/home/pcht/ws_moveit2/install/moveit_py:/home/pcht/ws_moveit2/install/moveit_hybrid_planning:/home/pcht/ws_moveit2/install/moveit_ros_planning_interface:/home/pcht/ws_moveit2/install/moveit_ros_benchmarks:/home/pcht/ws_moveit2/install/moveit_ros_warehouse:/home/pcht/ws_moveit2/install/moveit_ros_robot_interaction:/home/pcht/ws_moveit2/install/moveit_ros_perception:/home/pcht/ws_moveit2/install/moveit_resources_prbt_pg70_support:/home/pcht/ws_moveit2/install/moveit_resources_prbt_moveit_config:/home/pcht/ws_moveit2/install/moveit_ros_move_group:/home/pcht/ws_moveit2/install/moveit_planners_ompl:/home/pcht/ws_moveit2/install/moveit_ros_planning:/home/pcht/ws_moveit2/install/moveit_ros_occupancy_map_monitor:/home/pcht/ws_moveit2/install/moveit_resources_prbt_ikfast_manipulator_plugin:/home/pcht/ws_moveit2/install/moveit_planners_chomp:/home/pcht/ws_moveit2/install/moveit_kinematics:/home/pcht/ws_moveit2/install/moveit_chomp_optimizer_adapter:/home/pcht/ws_moveit2/install/chomp_motion_planner:/home/pcht/ws_moveit2/install/moveit_core:/home/pcht/ws_moveit2/install/srdfdom:/home/pcht/ws_moveit2/install/rviz_marker_tools:/home/pcht/ws_moveit2/install/rosparam_shortcuts:/home/pcht/ws_moveit2/install/moveit_task_constructor_msgs:/home/pcht/ws_moveit2/install/moveit_resources_prbt_support:/home/pcht/ws_moveit2/install/moveit_resources:/home/pcht/ws_moveit2/install/moveit_resources_pr2_description:/home/pcht/ws_moveit2/install/moveit_resources_panda_moveit_config:/home/pcht/ws_moveit2/install/moveit_resources_panda_description:/home/pcht/ws_moveit2/install/moveit_resources_fanuc_moveit_config:/home/pcht/ws_moveit2/install/moveit_resources_fanuc_description:/home/pcht/ws_moveit2/install/moveit_common:/home/pcht/ws_moveit2/install/moveit_configs_utils:/home/pcht/ws_moveit2/install/launch_param_builder:/opt/ros/humble LD_LIBRARY_PATH=/home/pcht/dev/comp0250_s26_labs/install/cw1_world_spawner/lib:${LD_LIBRARY_PATH} PYTHONPATH=/home/pcht/dev/comp0250_s26_labs/install/cw1_world_spawner/local/lib/python3.10/dist-packages:${PYTHONPATH} /usr/bin/cmake --build /home/pcht/dev/comp0250_s26_labs/build/cw1_team_36 -- -j16 -l16
[75.853s] DEBUG:colcon.colcon_core.event_handler.log_command:Invoked command in '/home/pcht/dev/comp0250_s26_labs/build/cw1_team_36' returned '0': AMENT_PREFIX_PATH=/home/pcht/dev/comp0250_s26_labs/install/cw1_world_spawner:${AMENT_PREFIX_PATH} CMAKE_PREFIX_PATH=/home/pcht/dev/comp0250_s26_labs/install/cw1_world_spawner:/home/pcht/ws_moveit2/install/pilz_industrial_motion_planner_testutils:/home/pcht/ws_moveit2/install/moveit_runtime:/home/pcht/ws_moveit2/install/moveit2_tutorials:/home/pcht/ws_moveit2/install/moveit:/home/pcht/ws_moveit2/install/moveit_planners:/home/pcht/ws_moveit2/install/pilz_industrial_motion_planner:/home/pcht/ws_moveit2/install/mtc_tutorial:/home/pcht/ws_moveit2/install/moveit_visual_tools:/home/pcht/ws_moveit2/install/moveit_task_constructor_visualization:/home/pcht/ws_moveit2/install/moveit_task_constructor_demo:/home/pcht/ws_moveit2/install/moveit_task_constructor_capabilities:/home/pcht/ws_moveit2/install/moveit_task_constructor_core:/home/pcht/ws_moveit2/install/moveit_ros_control_interface:/home/pcht/ws_moveit2/install/moveit_plugins:/home/pcht/ws_moveit2/install/moveit_simple_controller_manager:/home/pcht/ws_moveit2/install/moveit_setup_assistant:/home/pcht/ws_moveit2/install/moveit_setup_srdf_plugins:/home/pcht/ws_moveit2/install/moveit_setup_core_plugins:/home/pcht/ws_moveit2/install/moveit_setup_controllers:/home/pcht/ws_moveit2/install/moveit_setup_app_plugins:/home/pcht/ws_moveit2/install/moveit_setup_framework:/home/pcht/ws_moveit2/install/moveit_servo:/home/pcht/ws_moveit2/install/moveit_ros:/home/pcht/ws_moveit2/install/moveit_ros_visualization:/home/pcht/ws_moveit2/install/moveit_py:/home/pcht/ws_moveit2/install/moveit_hybrid_planning:/home/pcht/ws_moveit2/install/moveit_ros_planning_interface:/home/pcht/ws_moveit2/install/moveit_ros_benchmarks:/home/pcht/ws_moveit2/install/moveit_ros_warehouse:/home/pcht/ws_moveit2/install/moveit_ros_robot_interaction:/home/pcht/ws_moveit2/install/moveit_ros_perception:/home/pcht/ws_moveit2/install/moveit_resources_prbt_pg70_support:/home/pcht/ws_moveit2/install/moveit_resources_prbt_moveit_config:/home/pcht/ws_moveit2/install/moveit_ros_move_group:/home/pcht/ws_moveit2/install/moveit_planners_ompl:/home/pcht/ws_moveit2/install/moveit_ros_planning:/home/pcht/ws_moveit2/install/moveit_ros_occupancy_map_monitor:/home/pcht/ws_moveit2/install/moveit_resources_prbt_ikfast_manipulator_plugin:/home/pcht/ws_moveit2/install/moveit_planners_chomp:/home/pcht/ws_moveit2/install/moveit_kinematics:/home/pcht/ws_moveit2/install/moveit_chomp_optimizer_adapter:/home/pcht/ws_moveit2/install/chomp_motion_planner:/home/pcht/ws_moveit2/install/moveit_core:/home/pcht/ws_moveit2/install/srdfdom:/home/pcht/ws_moveit2/install/rviz_marker_tools:/home/pcht/ws_moveit2/install/rosparam_shortcuts:/home/pcht/ws_moveit2/install/moveit_task_constructor_msgs:/home/pcht/ws_moveit2/install/moveit_resources_prbt_support:/home/pcht/ws_moveit2/install/moveit_resources:/home/pcht/ws_moveit2/install/moveit_resources_pr2_description:/home/pcht/ws_moveit2/install/moveit_resources_panda_moveit_config:/home/pcht/ws_moveit2/install/moveit_resources_panda_description:/home/pcht/ws_moveit2/install/moveit_resources_fanuc_moveit_config:/home/pcht/ws_moveit2/install/moveit_resources_fanuc_description:/home/pcht/ws_moveit2/install/moveit_common:/home/pcht/ws_moveit2/install/moveit_configs_utils:/home/pcht/ws_moveit2/install/launch_param_builder:/opt/ros/humble LD_LIBRARY_PATH=/home/pcht/dev/comp0250_s26_labs/install/cw1_world_spawner/lib:${LD_LIBRARY_PATH} PYTHONPATH=/home/pcht/dev/comp0250_s26_labs/install/cw1_world_spawner/local/lib/python3.10/dist-packages:${PYTHONPATH} /usr/bin/cmake --build /home/pcht/dev/comp0250_s26_labs/build/cw1_team_36 -- -j16 -l16
[75.865s] DEBUG:colcon.colcon_core.event_handler.log_command:Invoking command in '/home/pcht/dev/comp0250_s26_labs/build/cw1_team_36': AMENT_PREFIX_PATH=/home/pcht/dev/comp0250_s26_labs/install/cw1_world_spawner:${AMENT_PREFIX_PATH} CMAKE_PREFIX_PATH=/home/pcht/dev/comp0250_s26_labs/install/cw1_world_spawner:/home/pcht/ws_moveit2/install/pilz_industrial_motion_planner_testutils:/home/pcht/ws_moveit2/install/moveit_runtime:/home/pcht/ws_moveit2/install/moveit2_tutorials:/home/pcht/ws_moveit2/install/moveit:/home/pcht/ws_moveit2/install/moveit_planners:/home/pcht/ws_moveit2/install/pilz_industrial_motion_planner:/home/pcht/ws_moveit2/install/mtc_tutorial:/home/pcht/ws_moveit2/install/moveit_visual_tools:/home/pcht/ws_moveit2/install/moveit_task_constructor_visualization:/home/pcht/ws_moveit2/install/moveit_task_constructor_demo:/home/pcht/ws_moveit2/install/moveit_task_constructor_capabilities:/home/pcht/ws_moveit2/install/moveit_task_constructor_core:/home/pcht/ws_moveit2/install/moveit_ros_control_interface:/home/pcht/ws_moveit2/install/moveit_plugins:/home/pcht/ws_moveit2/install/moveit_simple_controller_manager:/home/pcht/ws_moveit2/install/moveit_setup_assistant:/home/pcht/ws_moveit2/install/moveit_setup_srdf_plugins:/home/pcht/ws_moveit2/install/moveit_setup_core_plugins:/home/pcht/ws_moveit2/install/moveit_setup_controllers:/home/pcht/ws_moveit2/install/moveit_setup_app_plugins:/home/pcht/ws_moveit2/install/moveit_setup_framework:/home/pcht/ws_moveit2/install/moveit_servo:/home/pcht/ws_moveit2/install/moveit_ros:/home/pcht/ws_moveit2/install/moveit_ros_visualization:/home/pcht/ws_moveit2/install/moveit_py:/home/pcht/ws_moveit2/install/moveit_hybrid_planning:/home/pcht/ws_moveit2/install/moveit_ros_planning_interface:/home/pcht/ws_moveit2/install/moveit_ros_benchmarks:/home/pcht/ws_moveit2/install/moveit_ros_warehouse:/home/pcht/ws_moveit2/install/moveit_ros_robot_interaction:/home/pcht/ws_moveit2/install/moveit_ros_perception:/home/pcht/ws_moveit2/install/moveit_resources_prbt_pg70_support:/home/pcht/ws_moveit2/install/moveit_resources_prbt_moveit_config:/home/pcht/ws_moveit2/install/moveit_ros_move_group:/home/pcht/ws_moveit2/install/moveit_planners_ompl:/home/pcht/ws_moveit2/install/moveit_ros_planning:/home/pcht/ws_moveit2/install/moveit_ros_occupancy_map_monitor:/home/pcht/ws_moveit2/install/moveit_resources_prbt_ikfast_manipulator_plugin:/home/pcht/ws_moveit2/install/moveit_planners_chomp:/home/pcht/ws_moveit2/install/moveit_kinematics:/home/pcht/ws_moveit2/install/moveit_chomp_optimizer_adapter:/home/pcht/ws_moveit2/install/chomp_motion_planner:/home/pcht/ws_moveit2/install/moveit_core:/home/pcht/ws_moveit2/install/srdfdom:/home/pcht/ws_moveit2/install/rviz_marker_tools:/home/pcht/ws_moveit2/install/rosparam_shortcuts:/home/pcht/ws_moveit2/install/moveit_task_constructor_msgs:/home/pcht/ws_moveit2/install/moveit_resources_prbt_support:/home/pcht/ws_moveit2/install/moveit_resources:/home/pcht/ws_moveit2/install/moveit_resources_pr2_description:/home/pcht/ws_moveit2/install/moveit_resources_panda_moveit_config:/home/pcht/ws_moveit2/install/moveit_resources_panda_description:/home/pcht/ws_moveit2/install/moveit_resources_fanuc_moveit_config:/home/pcht/ws_moveit2/install/moveit_resources_fanuc_description:/home/pcht/ws_moveit2/install/moveit_common:/home/pcht/ws_moveit2/install/moveit_configs_utils:/home/pcht/ws_moveit2/install/launch_param_builder:/opt/ros/humble LD_LIBRARY_PATH=/home/pcht/dev/comp0250_s26_labs/install/cw1_world_spawner/lib:${LD_LIBRARY_PATH} PYTHONPATH=/home/pcht/dev/comp0250_s26_labs/install/cw1_world_spawner/local/lib/python3.10/dist-packages:${PYTHONPATH} /usr/bin/cmake --install /home/pcht/dev/comp0250_s26_labs/build/cw1_team_36
[75.933s] Level 1:colcon.colcon_core.environment:create_environment_scripts_only(cw1_team_36)
[75.933s] DEBUG:colcon.colcon_core.event_handler.log_command:Invoked command in '/home/pcht/dev/comp0250_s26_labs/build/cw1_team_36' returned '0': AMENT_PREFIX_PATH=/home/pcht/dev/comp0250_s26_labs/install/cw1_world_spawner:${AMENT_PREFIX_PATH} CMAKE_PREFIX_PATH=/home/pcht/dev/comp0250_s26_labs/install/cw1_world_spawner:/home/pcht/ws_moveit2/install/pilz_industrial_motion_planner_testutils:/home/pcht/ws_moveit2/install/moveit_runtime:/home/pcht/ws_moveit2/install/moveit2_tutorials:/home/pcht/ws_moveit2/install/moveit:/home/pcht/ws_moveit2/install/moveit_planners:/home/pcht/ws_moveit2/install/pilz_industrial_motion_planner:/home/pcht/ws_moveit2/install/mtc_tutorial:/home/pcht/ws_moveit2/install/moveit_visual_tools:/home/pcht/ws_moveit2/install/moveit_task_constructor_visualization:/home/pcht/ws_moveit2/install/moveit_task_constructor_demo:/home/pcht/ws_moveit2/install/moveit_task_constructor_capabilities:/home/pcht/ws_moveit2/install/moveit_task_constructor_core:/home/pcht/ws_moveit2/install/moveit_ros_control_interface:/home/pcht/ws_moveit2/install/moveit_plugins:/home/pcht/ws_moveit2/install/moveit_simple_controller_manager:/home/pcht/ws_moveit2/install/moveit_setup_assistant:/home/pcht/ws_moveit2/install/moveit_setup_srdf_plugins:/home/pcht/ws_moveit2/install/moveit_setup_core_plugins:/home/pcht/ws_moveit2/install/moveit_setup_controllers:/home/pcht/ws_moveit2/install/moveit_setup_app_plugins:/home/pcht/ws_moveit2/install/moveit_setup_framework:/home/pcht/ws_moveit2/install/moveit_servo:/home/pcht/ws_moveit2/install/moveit_ros:/home/pcht/ws_moveit2/install/moveit_ros_visualization:/home/pcht/ws_moveit2/install/moveit_py:/home/pcht/ws_moveit2/install/moveit_hybrid_planning:/home/pcht/ws_moveit2/install/moveit_ros_planning_interface:/home/pcht/ws_moveit2/install/moveit_ros_benchmarks:/home/pcht/ws_moveit2/install/moveit_ros_warehouse:/home/pcht/ws_moveit2/install/moveit_ros_robot_interaction:/home/pcht/ws_moveit2/install/moveit_ros_perception:/home/pcht/ws_moveit2/install/moveit_resources_prbt_pg70_support:/home/pcht/ws_moveit2/install/moveit_resources_prbt_moveit_config:/home/pcht/ws_moveit2/install/moveit_ros_move_group:/home/pcht/ws_moveit2/install/moveit_planners_ompl:/home/pcht/ws_moveit2/install/moveit_ros_planning:/home/pcht/ws_moveit2/install/moveit_ros_occupancy_map_monitor:/home/pcht/ws_moveit2/install/moveit_resources_prbt_ikfast_manipulator_plugin:/home/pcht/ws_moveit2/install/moveit_planners_chomp:/home/pcht/ws_moveit2/install/moveit_kinematics:/home/pcht/ws_moveit2/install/moveit_chomp_optimizer_adapter:/home/pcht/ws_moveit2/install/chomp_motion_planner:/home/pcht/ws_moveit2/install/moveit_core:/home/pcht/ws_moveit2/install/srdfdom:/home/pcht/ws_moveit2/install/rviz_marker_tools:/home/pcht/ws_moveit2/install/rosparam_shortcuts:/home/pcht/ws_moveit2/install/moveit_task_constructor_msgs:/home/pcht/ws_moveit2/install/moveit_resources_prbt_support:/home/pcht/ws_moveit2/install/moveit_resources:/home/pcht/ws_moveit2/install/moveit_resources_pr2_description:/home/pcht/ws_moveit2/install/moveit_resources_panda_moveit_config:/home/pcht/ws_moveit2/install/moveit_resources_panda_description:/home/pcht/ws_moveit2/install/moveit_resources_fanuc_moveit_config:/home/pcht/ws_moveit2/install/moveit_resources_fanuc_description:/home/pcht/ws_moveit2/install/moveit_common:/home/pcht/ws_moveit2/install/moveit_configs_utils:/home/pcht/ws_moveit2/install/launch_param_builder:/opt/ros/humble LD_LIBRARY_PATH=/home/pcht/dev/comp0250_s26_labs/install/cw1_world_spawner/lib:${LD_LIBRARY_PATH} PYTHONPATH=/home/pcht/dev/comp0250_s26_labs/install/cw1_world_spawner/local/lib/python3.10/dist-packages:${PYTHONPATH} /usr/bin/cmake --install /home/pcht/dev/comp0250_s26_labs/build/cw1_team_36
[75.935s] Level 1:colcon.colcon_core.environment:checking '/home/pcht/dev/comp0250_s26_labs/install/cw1_team_36' for CMake module files
[75.936s] Level 1:colcon.colcon_core.environment:checking '/home/pcht/dev/comp0250_s26_labs/install/cw1_team_36' for CMake config files
[75.936s] Level 1:colcon.colcon_core.shell:create_environment_hook('cw1_team_36', 'cmake_prefix_path')
[75.936s] INFO:colcon.colcon_core.shell:Creating environment hook '/home/pcht/dev/comp0250_s26_labs/install/cw1_team_36/share/cw1_team_36/hook/cmake_prefix_path.ps1'
[75.937s] INFO:colcon.colcon_core.shell:Creating environment descriptor '/home/pcht/dev/comp0250_s26_labs/install/cw1_team_36/share/cw1_team_36/hook/cmake_prefix_path.dsv'
[75.937s] INFO:colcon.colcon_core.shell:Creating environment hook '/home/pcht/dev/comp0250_s26_labs/install/cw1_team_36/share/cw1_team_36/hook/cmake_prefix_path.sh'
[75.938s] Level 1:colcon.colcon_core.environment:checking '/home/pcht/dev/comp0250_s26_labs/install/cw1_team_36/lib'
[75.938s] Level 1:colcon.colcon_core.shell:create_environment_hook('cw1_team_36', 'ld_library_path_lib')
[75.938s] INFO:colcon.colcon_core.shell:Creating environment hook '/home/pcht/dev/comp0250_s26_labs/install/cw1_team_36/share/cw1_team_36/hook/ld_library_path_lib.ps1'
[75.939s] INFO:colcon.colcon_core.shell:Creating environment descriptor '/home/pcht/dev/comp0250_s26_labs/install/cw1_team_36/share/cw1_team_36/hook/ld_library_path_lib.dsv'
[75.939s] INFO:colcon.colcon_core.shell:Creating environment hook '/home/pcht/dev/comp0250_s26_labs/install/cw1_team_36/share/cw1_team_36/hook/ld_library_path_lib.sh'
[75.939s] Level 1:colcon.colcon_core.environment:checking '/home/pcht/dev/comp0250_s26_labs/install/cw1_team_36/bin'
[75.939s] Level 1:colcon.colcon_core.environment:checking '/home/pcht/dev/comp0250_s26_labs/install/cw1_team_36/lib/pkgconfig/cw1_team_36.pc'
[75.940s] Level 1:colcon.colcon_core.environment:checking '/home/pcht/dev/comp0250_s26_labs/install/cw1_team_36/lib/python3.10/site-packages'
[75.940s] Level 1:colcon.colcon_core.environment:checking '/home/pcht/dev/comp0250_s26_labs/install/cw1_team_36/bin'
[75.940s] INFO:colcon.colcon_core.shell:Creating package script '/home/pcht/dev/comp0250_s26_labs/install/cw1_team_36/share/cw1_team_36/package.ps1'
[75.941s] INFO:colcon.colcon_core.shell:Creating package descriptor '/home/pcht/dev/comp0250_s26_labs/install/cw1_team_36/share/cw1_team_36/package.dsv'
[75.941s] INFO:colcon.colcon_core.shell:Creating package script '/home/pcht/dev/comp0250_s26_labs/install/cw1_team_36/share/cw1_team_36/package.sh'
[75.942s] INFO:colcon.colcon_core.shell:Creating package script '/home/pcht/dev/comp0250_s26_labs/install/cw1_team_36/share/cw1_team_36/package.bash'
[75.942s] INFO:colcon.colcon_core.shell:Creating package script '/home/pcht/dev/comp0250_s26_labs/install/cw1_team_36/share/cw1_team_36/package.zsh'
[75.943s] Level 1:colcon.colcon_core.environment:create_file_with_runtime_dependencies(/home/pcht/dev/comp0250_s26_labs/install/cw1_team_36/share/colcon-core/packages/cw1_team_36)
[75.944s] Level 1:colcon.colcon_core.environment:create_environment_scripts_only(cw1_team_36)
[75.944s] Level 1:colcon.colcon_core.environment:checking '/home/pcht/dev/comp0250_s26_labs/install/cw1_team_36' for CMake module files
[75.944s] Level 1:colcon.colcon_core.environment:checking '/home/pcht/dev/comp0250_s26_labs/install/cw1_team_36' for CMake config files
[75.945s] Level 1:colcon.colcon_core.shell:create_environment_hook('cw1_team_36', 'cmake_prefix_path')
[75.945s] INFO:colcon.colcon_core.shell:Creating environment hook '/home/pcht/dev/comp0250_s26_labs/install/cw1_team_36/share/cw1_team_36/hook/cmake_prefix_path.ps1'
[75.945s] INFO:colcon.colcon_core.shell:Creating environment descriptor '/home/pcht/dev/comp0250_s26_labs/install/cw1_team_36/share/cw1_team_36/hook/cmake_prefix_path.dsv'
[75.945s] INFO:colcon.colcon_core.shell:Creating environment hook '/home/pcht/dev/comp0250_s26_labs/install/cw1_team_36/share/cw1_team_36/hook/cmake_prefix_path.sh'
[75.946s] Level 1:colcon.colcon_core.environment:checking '/home/pcht/dev/comp0250_s26_labs/install/cw1_team_36/lib'
[75.946s] Level 1:colcon.colcon_core.shell:create_environment_hook('cw1_team_36', 'ld_library_path_lib')
[75.946s] INFO:colcon.colcon_core.shell:Creating environment hook '/home/pcht/dev/comp0250_s26_labs/install/cw1_team_36/share/cw1_team_36/hook/ld_library_path_lib.ps1'
[75.946s] INFO:colcon.colcon_core.shell:Creating environment descriptor '/home/pcht/dev/comp0250_s26_labs/install/cw1_team_36/share/cw1_team_36/hook/ld_library_path_lib.dsv'
[75.947s] INFO:colcon.colcon_core.shell:Creating environment hook '/home/pcht/dev/comp0250_s26_labs/install/cw1_team_36/share/cw1_team_36/hook/ld_library_path_lib.sh'
[75.947s] Level 1:colcon.colcon_core.environment:checking '/home/pcht/dev/comp0250_s26_labs/install/cw1_team_36/bin'
[75.947s] Level 1:colcon.colcon_core.environment:checking '/home/pcht/dev/comp0250_s26_labs/install/cw1_team_36/lib/pkgconfig/cw1_team_36.pc'
[75.947s] Level 1:colcon.colcon_core.environment:checking '/home/pcht/dev/comp0250_s26_labs/install/cw1_team_36/lib/python3.10/site-packages'
[75.947s] Level 1:colcon.colcon_core.environment:checking '/home/pcht/dev/comp0250_s26_labs/install/cw1_team_36/bin'
[75.947s] INFO:colcon.colcon_core.shell:Creating package script '/home/pcht/dev/comp0250_s26_labs/install/cw1_team_36/share/cw1_team_36/package.ps1'
[75.948s] INFO:colcon.colcon_core.shell:Creating package descriptor '/home/pcht/dev/comp0250_s26_labs/install/cw1_team_36/share/cw1_team_36/package.dsv'
[75.948s] INFO:colcon.colcon_core.shell:Creating package script '/home/pcht/dev/comp0250_s26_labs/install/cw1_team_36/share/cw1_team_36/package.sh'
[75.949s] INFO:colcon.colcon_core.shell:Creating package script '/home/pcht/dev/comp0250_s26_labs/install/cw1_team_36/share/cw1_team_36/package.bash'
[75.949s] INFO:colcon.colcon_core.shell:Creating package script '/home/pcht/dev/comp0250_s26_labs/install/cw1_team_36/share/cw1_team_36/package.zsh'
[75.949s] Level 1:colcon.colcon_core.environment:create_file_with_runtime_dependencies(/home/pcht/dev/comp0250_s26_labs/install/cw1_team_36/share/colcon-core/packages/cw1_team_36)
[75.950s] DEBUG:colcon.colcon_parallel_executor.executor.parallel:closing loop
[75.950s] DEBUG:colcon.colcon_parallel_executor.executor.parallel:loop closed
[75.950s] DEBUG:colcon.colcon_parallel_executor.executor.parallel:run_until_complete finished with '0'
[75.950s] DEBUG:colcon.colcon_core.event_reactor:joining thread
[76.004s] INFO:colcon.colcon_core.plugin_system:Skipping extension 'colcon_notification.desktop_notification.notify_send': Could not find 'notify-send'
[76.004s] INFO:colcon.colcon_core.plugin_system:Skipping extension 'colcon_notification.desktop_notification.terminal_notifier': Not used on non-Darwin systems
[76.004s] INFO:colcon.colcon_core.plugin_system:Skipping extension 'colcon_notification.desktop_notification.win32': Not used on non-Windows systems
[76.004s] INFO:colcon.colcon_notification.desktop_notification:Sending desktop notification using 'notify2'
[79.017s] DEBUG:colcon.colcon_notification.desktop_notification.notify2:Failed to initialize notify2: org.freedesktop.DBus.Error.NoServer: Failed to connect to socket /tmp/dbus-Yl7LrbLCWD: Connection refused
[79.017s] DEBUG:colcon.colcon_core.event_reactor:joined thread
[79.017s] INFO:colcon.colcon_core.shell:Creating prefix script '/home/pcht/dev/comp0250_s26_labs/install/local_setup.ps1'
[79.019s] INFO:colcon.colcon_core.shell:Creating prefix util module '/home/pcht/dev/comp0250_s26_labs/install/_local_setup_util_ps1.py'
[79.020s] INFO:colcon.colcon_core.shell:Creating prefix chain script '/home/pcht/dev/comp0250_s26_labs/install/setup.ps1'
[79.022s] INFO:colcon.colcon_core.shell:Creating prefix script '/home/pcht/dev/comp0250_s26_labs/install/local_setup.sh'
[79.022s] INFO:colcon.colcon_core.shell:Creating prefix util module '/home/pcht/dev/comp0250_s26_labs/install/_local_setup_util_sh.py'
[79.023s] INFO:colcon.colcon_core.shell:Creating prefix chain script '/home/pcht/dev/comp0250_s26_labs/install/setup.sh'
[79.025s] INFO:colcon.colcon_core.shell:Creating prefix script '/home/pcht/dev/comp0250_s26_labs/install/local_setup.bash'
[79.025s] INFO:colcon.colcon_core.shell:Creating prefix chain script '/home/pcht/dev/comp0250_s26_labs/install/setup.bash'
[79.027s] INFO:colcon.colcon_core.shell:Creating prefix script '/home/pcht/dev/comp0250_s26_labs/install/local_setup.zsh'
[79.028s] INFO:colcon.colcon_core.shell:Creating prefix chain script '/home/pcht/dev/comp0250_s26_labs/install/setup.zsh'
