[0.183s] DEBUG:colcon:Command line arguments: ['/usr/bin/colcon', 'build', '--mixin', 'release']
[0.183s] DEBUG:colcon:Parsed command line arguments: Namespace(log_base=None, log_level=None, verb_name='build', build_base='build', install_base='install', merge_install=False, symlink_install=False, test_result_base=None, continue_on_error=False, executor='parallel', parallel_workers=16, event_handlers=None, ignore_user_meta=False, metas=['./colcon.meta'], base_paths=['.'], packages_ignore=None, packages_ignore_regex=None, paths=None, packages_up_to=None, packages_up_to_regex=None, packages_above=None, packages_above_and_dependencies=None, packages_above_depth=None, packages_select_by_dep=None, packages_skip_by_dep=None, packages_skip_up_to=None, packages_select_build_failed=False, packages_skip_build_finished=False, packages_select_test_failures=False, packages_skip_test_passed=False, packages_select=None, packages_skip=None, packages_select_regex=None, packages_skip_regex=None, packages_start=None, packages_end=None, allow_overriding=[], cmake_args=['-DCMAKE_BUILD_TYPE=Release'], cmake_target=None, cmake_target_skip_unavailable=False, cmake_clean_cache=False, cmake_clean_first=False, cmake_force_configure=False, ament_cmake_args=None, catkin_cmake_args=None, catkin_skip_building_tests=False, mixin_files=None, mixin=['release'], verb_parser=<colcon_mixin.mixin.mixin_argument.MixinArgumentDecorator object at 0x76b869723790>, verb_extension=<colcon_core.verb.build.BuildVerb object at 0x76b869722da0>, main=<bound method BuildVerb.main of <colcon_core.verb.build.BuildVerb object at 0x76b869722da0>>, mixin_verb=('build',))
[0.301s] Level 1:colcon.colcon_core.package_discovery:discover_packages(colcon_meta) check parameters
[0.301s] Level 1:colcon.colcon_core.package_discovery:discover_packages(recursive) check parameters
[0.301s] Level 1:colcon.colcon_core.package_discovery:discover_packages(ignore) check parameters
[0.301s] Level 1:colcon.colcon_core.package_discovery:discover_packages(path) check parameters
[0.301s] Level 1:colcon.colcon_core.package_discovery:discover_packages(colcon_meta) discover
[0.301s] Level 1:colcon.colcon_core.package_discovery:discover_packages(recursive) discover
[0.301s] INFO:colcon.colcon_core.package_discovery:Crawling recursively for packages in '/home/pcht/dev/comp0250_s26_labs'
[0.301s] Level 1:colcon.colcon_core.package_identification:_identify(.) by extensions ['ignore', 'ignore_ament_install']
[0.301s] Level 1:colcon.colcon_core.package_identification:_identify(.) by extension 'ignore'
[0.301s] Level 1:colcon.colcon_core.package_identification:_identify(.) by extension 'ignore_ament_install'
[0.302s] Level 1:colcon.colcon_core.package_identification:_identify(.) by extensions ['colcon_pkg']
[0.302s] Level 1:colcon.colcon_core.package_identification:_identify(.) by extension 'colcon_pkg'
[0.302s] Level 1:colcon.colcon_core.package_identification:_identify(.) by extensions ['colcon_meta']
[0.302s] Level 1:colcon.colcon_core.package_identification:_identify(.) by extension 'colcon_meta'
[0.302s] Level 1:colcon.colcon_core.package_identification:_identify(.) by extensions ['ros']
[0.302s] Level 1:colcon.colcon_core.package_identification:_identify(.) by extension 'ros'
[0.309s] Level 1:colcon.colcon_core.package_identification:_identify(.) by extensions ['cmake', 'python']
[0.309s] Level 1:colcon.colcon_core.package_identification:_identify(.) by extension 'cmake'
[0.309s] Level 1:colcon.colcon_core.package_identification:_identify(.) by extension 'python'
[0.309s] Level 1:colcon.colcon_core.package_identification:_identify(.) by extensions ['python_setup_py']
[0.309s] Level 1:colcon.colcon_core.package_identification:_identify(.) by extension 'python_setup_py'
[0.309s] Level 1:colcon.colcon_core.package_identification:_identify(build) by extensions ['ignore', 'ignore_ament_install']
[0.309s] Level 1:colcon.colcon_core.package_identification:_identify(build) by extension 'ignore'
[0.310s] Level 1:colcon.colcon_core.package_identification:_identify(build) ignored
[0.310s] Level 1:colcon.colcon_core.package_identification:_identify(courseworks) by extensions ['ignore', 'ignore_ament_install']
[0.310s] Level 1:colcon.colcon_core.package_identification:_identify(courseworks) by extension 'ignore'
[0.310s] Level 1:colcon.colcon_core.package_identification:_identify(courseworks) by extension 'ignore_ament_install'
[0.310s] Level 1:colcon.colcon_core.package_identification:_identify(courseworks) by extensions ['colcon_pkg']
[0.310s] Level 1:colcon.colcon_core.package_identification:_identify(courseworks) by extension 'colcon_pkg'
[0.310s] Level 1:colcon.colcon_core.package_identification:_identify(courseworks) by extensions ['colcon_meta']
[0.310s] Level 1:colcon.colcon_core.package_identification:_identify(courseworks) by extension 'colcon_meta'
[0.310s] Level 1:colcon.colcon_core.package_identification:_identify(courseworks) by extensions ['ros']
[0.310s] Level 1:colcon.colcon_core.package_identification:_identify(courseworks) by extension 'ros'
[0.310s] Level 1:colcon.colcon_core.package_identification:_identify(courseworks) by extensions ['cmake', 'python']
[0.310s] Level 1:colcon.colcon_core.package_identification:_identify(courseworks) by extension 'cmake'
[0.310s] Level 1:colcon.colcon_core.package_identification:_identify(courseworks) by extension 'python'
[0.310s] Level 1:colcon.colcon_core.package_identification:_identify(courseworks) by extensions ['python_setup_py']
[0.310s] Level 1:colcon.colcon_core.package_identification:_identify(courseworks) by extension 'python_setup_py'
[0.310s] Level 1:colcon.colcon_core.package_identification:_identify(courseworks/cw1_team_x) by extensions ['ignore', 'ignore_ament_install']
[0.310s] Level 1:colcon.colcon_core.package_identification:_identify(courseworks/cw1_team_x) by extension 'ignore'
[0.310s] Level 1:colcon.colcon_core.package_identification:_identify(courseworks/cw1_team_x) by extension 'ignore_ament_install'
[0.310s] Level 1:colcon.colcon_core.package_identification:_identify(courseworks/cw1_team_x) by extensions ['colcon_pkg']
[0.310s] Level 1:colcon.colcon_core.package_identification:_identify(courseworks/cw1_team_x) by extension 'colcon_pkg'
[0.310s] Level 1:colcon.colcon_core.package_identification:_identify(courseworks/cw1_team_x) by extensions ['colcon_meta']
[0.310s] Level 1:colcon.colcon_core.package_identification:_identify(courseworks/cw1_team_x) by extension 'colcon_meta'
[0.310s] Level 1:colcon.colcon_core.package_identification:_identify(courseworks/cw1_team_x) by extensions ['ros']
[0.310s] Level 1:colcon.colcon_core.package_identification:_identify(courseworks/cw1_team_x) by extension 'ros'
[0.313s] DEBUG:colcon.colcon_core.package_identification:Package 'courseworks/cw1_team_x' with type 'ros.ament_cmake' and name 'cw1_team_x'
[0.313s] Level 1:colcon.colcon_core.package_identification:_identify(courseworks/cw1_world_spawner) by extensions ['ignore', 'ignore_ament_install']
[0.313s] Level 1:colcon.colcon_core.package_identification:_identify(courseworks/cw1_world_spawner) by extension 'ignore'
[0.313s] Level 1:colcon.colcon_core.package_identification:_identify(courseworks/cw1_world_spawner) by extension 'ignore_ament_install'
[0.313s] Level 1:colcon.colcon_core.package_identification:_identify(courseworks/cw1_world_spawner) by extensions ['colcon_pkg']
[0.313s] Level 1:colcon.colcon_core.package_identification:_identify(courseworks/cw1_world_spawner) by extension 'colcon_pkg'
[0.314s] Level 1:colcon.colcon_core.package_identification:_identify(courseworks/cw1_world_spawner) by extensions ['colcon_meta']
[0.314s] Level 1:colcon.colcon_core.package_identification:_identify(courseworks/cw1_world_spawner) by extension 'colcon_meta'
[0.314s] Level 1:colcon.colcon_core.package_identification:_identify(courseworks/cw1_world_spawner) by extensions ['ros']
[0.314s] Level 1:colcon.colcon_core.package_identification:_identify(courseworks/cw1_world_spawner) by extension 'ros'
[0.314s] DEBUG:colcon.colcon_core.package_identification:Package 'courseworks/cw1_world_spawner' with type 'ros.ament_cmake' and name 'cw1_world_spawner'
[0.314s] Level 1:colcon.colcon_core.package_identification:_identify(courseworks/panda_description) by extensions ['ignore', 'ignore_ament_install']
[0.314s] Level 1:colcon.colcon_core.package_identification:_identify(courseworks/panda_description) by extension 'ignore'
[0.314s] Level 1:colcon.colcon_core.package_identification:_identify(courseworks/panda_description) by extension 'ignore_ament_install'
[0.314s] Level 1:colcon.colcon_core.package_identification:_identify(courseworks/panda_description) by extensions ['colcon_pkg']
[0.314s] Level 1:colcon.colcon_core.package_identification:_identify(courseworks/panda_description) by extension 'colcon_pkg'
[0.315s] Level 1:colcon.colcon_core.package_identification:_identify(courseworks/panda_description) by extensions ['colcon_meta']
[0.315s] Level 1:colcon.colcon_core.package_identification:_identify(courseworks/panda_description) by extension 'colcon_meta'
[0.315s] Level 1:colcon.colcon_core.package_identification:_identify(courseworks/panda_description) by extensions ['ros']
[0.315s] Level 1:colcon.colcon_core.package_identification:_identify(courseworks/panda_description) by extension 'ros'
[0.315s] DEBUG:colcon.colcon_core.package_identification:Package 'courseworks/panda_description' with type 'ros.ament_cmake' and name 'panda_description'
[0.315s] Level 1:colcon.colcon_core.package_identification:_identify(courseworks/panda_moveit_config) by extensions ['ignore', 'ignore_ament_install']
[0.315s] Level 1:colcon.colcon_core.package_identification:_identify(courseworks/panda_moveit_config) by extension 'ignore'
[0.315s] Level 1:colcon.colcon_core.package_identification:_identify(courseworks/panda_moveit_config) by extension 'ignore_ament_install'
[0.315s] Level 1:colcon.colcon_core.package_identification:_identify(courseworks/panda_moveit_config) by extensions ['colcon_pkg']
[0.315s] Level 1:colcon.colcon_core.package_identification:_identify(courseworks/panda_moveit_config) by extension 'colcon_pkg'
[0.315s] Level 1:colcon.colcon_core.package_identification:_identify(courseworks/panda_moveit_config) by extensions ['colcon_meta']
[0.315s] Level 1:colcon.colcon_core.package_identification:_identify(courseworks/panda_moveit_config) by extension 'colcon_meta'
[0.315s] Level 1:colcon.colcon_core.package_identification:_identify(courseworks/panda_moveit_config) by extensions ['ros']
[0.315s] Level 1:colcon.colcon_core.package_identification:_identify(courseworks/panda_moveit_config) by extension 'ros'
[0.316s] DEBUG:colcon.colcon_core.package_identification:Package 'courseworks/panda_moveit_config' with type 'ros.ament_cmake' and name 'panda_moveit_config'
[0.316s] Level 1:colcon.colcon_core.package_identification:_identify(courseworks/realsense_gazebo_plugin) by extensions ['ignore', 'ignore_ament_install']
[0.316s] Level 1:colcon.colcon_core.package_identification:_identify(courseworks/realsense_gazebo_plugin) by extension 'ignore'
[0.316s] Level 1:colcon.colcon_core.package_identification:_identify(courseworks/realsense_gazebo_plugin) by extension 'ignore_ament_install'
[0.316s] Level 1:colcon.colcon_core.package_identification:_identify(courseworks/realsense_gazebo_plugin) by extensions ['colcon_pkg']
[0.316s] Level 1:colcon.colcon_core.package_identification:_identify(courseworks/realsense_gazebo_plugin) by extension 'colcon_pkg'
[0.316s] Level 1:colcon.colcon_core.package_identification:_identify(courseworks/realsense_gazebo_plugin) by extensions ['colcon_meta']
[0.316s] Level 1:colcon.colcon_core.package_identification:_identify(courseworks/realsense_gazebo_plugin) by extension 'colcon_meta'
[0.317s] Level 1:colcon.colcon_core.package_identification:_identify(courseworks/realsense_gazebo_plugin) by extensions ['ros']
[0.317s] Level 1:colcon.colcon_core.package_identification:_identify(courseworks/realsense_gazebo_plugin) by extension 'ros'
[0.317s] DEBUG:colcon.colcon_core.package_identification:Package 'courseworks/realsense_gazebo_plugin' with type 'ros.ament_cmake' and name 'realsense_gazebo_plugin'
[0.317s] Level 1:colcon.colcon_core.package_identification:_identify(courseworks/rpl_panda_with_rs) by extensions ['ignore', 'ignore_ament_install']
[0.317s] Level 1:colcon.colcon_core.package_identification:_identify(courseworks/rpl_panda_with_rs) by extension 'ignore'
[0.317s] Level 1:colcon.colcon_core.package_identification:_identify(courseworks/rpl_panda_with_rs) by extension 'ignore_ament_install'
[0.317s] Level 1:colcon.colcon_core.package_identification:_identify(courseworks/rpl_panda_with_rs) by extensions ['colcon_pkg']
[0.317s] Level 1:colcon.colcon_core.package_identification:_identify(courseworks/rpl_panda_with_rs) by extension 'colcon_pkg'
[0.317s] Level 1:colcon.colcon_core.package_identification:_identify(courseworks/rpl_panda_with_rs) by extensions ['colcon_meta']
[0.317s] Level 1:colcon.colcon_core.package_identification:_identify(courseworks/rpl_panda_with_rs) by extension 'colcon_meta'
[0.317s] Level 1:colcon.colcon_core.package_identification:_identify(courseworks/rpl_panda_with_rs) by extensions ['ros']
[0.318s] Level 1:colcon.colcon_core.package_identification:_identify(courseworks/rpl_panda_with_rs) by extension 'ros'
[0.318s] DEBUG:colcon.colcon_core.package_identification:Package 'courseworks/rpl_panda_with_rs' with type 'ros.ament_cmake' and name 'rpl_panda_with_rs'
[0.318s] Level 1:colcon.colcon_core.package_identification:_identify(install) by extensions ['ignore', 'ignore_ament_install']
[0.318s] Level 1:colcon.colcon_core.package_identification:_identify(install) by extension 'ignore'
[0.318s] Level 1:colcon.colcon_core.package_identification:_identify(install) ignored
[0.318s] Level 1:colcon.colcon_core.package_identification:_identify(log) by extensions ['ignore', 'ignore_ament_install']
[0.318s] Level 1:colcon.colcon_core.package_identification:_identify(log) by extension 'ignore'
[0.318s] Level 1:colcon.colcon_core.package_identification:_identify(log) ignored
[0.318s] Level 1:colcon.colcon_core.package_discovery:discover_packages(recursive) using defaults
[0.319s] Level 1:colcon.colcon_core.package_discovery:discover_packages(ignore) discover
[0.319s] Level 1:colcon.colcon_core.package_discovery:discover_packages(ignore) using defaults
[0.319s] Level 1:colcon.colcon_core.package_discovery:discover_packages(path) discover
[0.319s] Level 1:colcon.colcon_core.package_discovery:discover_packages(path) using defaults
[0.342s] Level 1:colcon.colcon_core.package_discovery:discover_packages(prefix_path) check parameters
[0.342s] Level 1:colcon.colcon_core.package_discovery:discover_packages(prefix_path) discover
[0.345s] DEBUG:colcon.colcon_installed_package_information.package_discovery:Found 58 installed packages in /home/pcht/ws_moveit2/install
[0.346s] DEBUG:colcon.colcon_installed_package_information.package_discovery:Found 371 installed packages in /opt/ros/humble
[0.348s] Level 1:colcon.colcon_core.package_discovery:discover_packages(prefix_path) using defaults
[0.384s] Level 5:colcon.colcon_core.verb:set package 'cw1_world_spawner' build argument 'cmake_args' from command line to '['-DCMAKE_BUILD_TYPE=Release']'
[0.384s] Level 5:colcon.colcon_core.verb:set package 'cw1_world_spawner' build argument 'cmake_target' from command line to 'None'
[0.384s] Level 5:colcon.colcon_core.verb:set package 'cw1_world_spawner' build argument 'cmake_target_skip_unavailable' from command line to 'False'
[0.384s] Level 5:colcon.colcon_core.verb:set package 'cw1_world_spawner' build argument 'cmake_clean_cache' from command line to 'False'
[0.384s] Level 5:colcon.colcon_core.verb:set package 'cw1_world_spawner' build argument 'cmake_clean_first' from command line to 'False'
[0.385s] Level 5:colcon.colcon_core.verb:set package 'cw1_world_spawner' build argument 'cmake_force_configure' from command line to 'False'
[0.385s] Level 5:colcon.colcon_core.verb:set package 'cw1_world_spawner' build argument 'ament_cmake_args' from command line to 'None'
[0.385s] Level 5:colcon.colcon_core.verb:set package 'cw1_world_spawner' build argument 'catkin_cmake_args' from command line to 'None'
[0.385s] Level 5:colcon.colcon_core.verb:set package 'cw1_world_spawner' build argument 'catkin_skip_building_tests' from command line to 'False'
[0.385s] DEBUG:colcon.colcon_core.verb:Building package 'cw1_world_spawner' with the following arguments: {'ament_cmake_args': None, 'build_base': '/home/pcht/dev/comp0250_s26_labs/build/cw1_world_spawner', 'catkin_cmake_args': None, 'catkin_skip_building_tests': False, 'cmake_args': ['-DCMAKE_BUILD_TYPE=Release'], 'cmake_clean_cache': False, 'cmake_clean_first': False, 'cmake_force_configure': False, 'cmake_target': None, 'cmake_target_skip_unavailable': False, 'install_base': '/home/pcht/dev/comp0250_s26_labs/install/cw1_world_spawner', 'merge_install': False, 'path': '/home/pcht/dev/comp0250_s26_labs/courseworks/cw1_world_spawner', 'symlink_install': False, 'test_result_base': None}
[0.385s] Level 5:colcon.colcon_core.verb:set package 'panda_description' build argument 'cmake_args' from command line to '['-DCMAKE_BUILD_TYPE=Release']'
[0.385s] Level 5:colcon.colcon_core.verb:set package 'panda_description' build argument 'cmake_target' from command line to 'None'
[0.385s] Level 5:colcon.colcon_core.verb:set package 'panda_description' build argument 'cmake_target_skip_unavailable' from command line to 'False'
[0.385s] Level 5:colcon.colcon_core.verb:set package 'panda_description' build argument 'cmake_clean_cache' from command line to 'False'
[0.385s] Level 5:colcon.colcon_core.verb:set package 'panda_description' build argument 'cmake_clean_first' from command line to 'False'
[0.385s] Level 5:colcon.colcon_core.verb:set package 'panda_description' build argument 'cmake_force_configure' from command line to 'False'
[0.385s] Level 5:colcon.colcon_core.verb:set package 'panda_description' build argument 'ament_cmake_args' from command line to 'None'
[0.385s] Level 5:colcon.colcon_core.verb:set package 'panda_description' build argument 'catkin_cmake_args' from command line to 'None'
[0.385s] Level 5:colcon.colcon_core.verb:set package 'panda_description' build argument 'catkin_skip_building_tests' from command line to 'False'
[0.385s] DEBUG:colcon.colcon_core.verb:Building package 'panda_description' with the following arguments: {'ament_cmake_args': None, 'build_base': '/home/pcht/dev/comp0250_s26_labs/build/panda_description', 'catkin_cmake_args': None, 'catkin_skip_building_tests': False, 'cmake_args': ['-DCMAKE_BUILD_TYPE=Release'], 'cmake_clean_cache': False, 'cmake_clean_first': False, 'cmake_force_configure': False, 'cmake_target': None, 'cmake_target_skip_unavailable': False, 'install_base': '/home/pcht/dev/comp0250_s26_labs/install/panda_description', 'merge_install': False, 'path': '/home/pcht/dev/comp0250_s26_labs/courseworks/panda_description', 'symlink_install': False, 'test_result_base': None}
[0.386s] Level 5:colcon.colcon_core.verb:set package 'panda_moveit_config' build argument 'cmake_args' from command line to '['-DCMAKE_BUILD_TYPE=Release']'
[0.386s] Level 5:colcon.colcon_core.verb:set package 'panda_moveit_config' build argument 'cmake_target' from command line to 'None'
[0.386s] Level 5:colcon.colcon_core.verb:set package 'panda_moveit_config' build argument 'cmake_target_skip_unavailable' from command line to 'False'
[0.386s] Level 5:colcon.colcon_core.verb:set package 'panda_moveit_config' build argument 'cmake_clean_cache' from command line to 'False'
[0.386s] Level 5:colcon.colcon_core.verb:set package 'panda_moveit_config' build argument 'cmake_clean_first' from command line to 'False'
[0.386s] Level 5:colcon.colcon_core.verb:set package 'panda_moveit_config' build argument 'cmake_force_configure' from command line to 'False'
[0.386s] Level 5:colcon.colcon_core.verb:set package 'panda_moveit_config' build argument 'ament_cmake_args' from command line to 'None'
[0.386s] Level 5:colcon.colcon_core.verb:set package 'panda_moveit_config' build argument 'catkin_cmake_args' from command line to 'None'
[0.386s] Level 5:colcon.colcon_core.verb:set package 'panda_moveit_config' build argument 'catkin_skip_building_tests' from command line to 'False'
[0.386s] DEBUG:colcon.colcon_core.verb:Building package 'panda_moveit_config' with the following arguments: {'ament_cmake_args': None, 'build_base': '/home/pcht/dev/comp0250_s26_labs/build/panda_moveit_config', 'catkin_cmake_args': None, 'catkin_skip_building_tests': False, 'cmake_args': ['-DCMAKE_BUILD_TYPE=Release'], 'cmake_clean_cache': False, 'cmake_clean_first': False, 'cmake_force_configure': False, 'cmake_target': None, 'cmake_target_skip_unavailable': False, 'install_base': '/home/pcht/dev/comp0250_s26_labs/install/panda_moveit_config', 'merge_install': False, 'path': '/home/pcht/dev/comp0250_s26_labs/courseworks/panda_moveit_config', 'symlink_install': False, 'test_result_base': None}
[0.386s] Level 5:colcon.colcon_core.verb:set package 'realsense_gazebo_plugin' build argument 'cmake_args' from command line to '['-DCMAKE_BUILD_TYPE=Release']'
[0.386s] Level 5:colcon.colcon_core.verb:set package 'realsense_gazebo_plugin' build argument 'cmake_target' from command line to 'None'
[0.386s] Level 5:colcon.colcon_core.verb:set package 'realsense_gazebo_plugin' build argument 'cmake_target_skip_unavailable' from command line to 'False'
[0.386s] Level 5:colcon.colcon_core.verb:set package 'realsense_gazebo_plugin' build argument 'cmake_clean_cache' from command line to 'False'
[0.386s] Level 5:colcon.colcon_core.verb:set package 'realsense_gazebo_plugin' build argument 'cmake_clean_first' from command line to 'False'
[0.386s] Level 5:colcon.colcon_core.verb:set package 'realsense_gazebo_plugin' build argument 'cmake_force_configure' from command line to 'False'
[0.386s] Level 5:colcon.colcon_core.verb:set package 'realsense_gazebo_plugin' build argument 'ament_cmake_args' from command line to 'None'
[0.386s] Level 5:colcon.colcon_core.verb:set package 'realsense_gazebo_plugin' build argument 'catkin_cmake_args' from command line to 'None'
[0.386s] Level 5:colcon.colcon_core.verb:set package 'realsense_gazebo_plugin' build argument 'catkin_skip_building_tests' from command line to 'False'
[0.386s] DEBUG:colcon.colcon_core.verb:Building package 'realsense_gazebo_plugin' with the following arguments: {'ament_cmake_args': None, 'build_base': '/home/pcht/dev/comp0250_s26_labs/build/realsense_gazebo_plugin', 'catkin_cmake_args': None, 'catkin_skip_building_tests': False, 'cmake_args': ['-DCMAKE_BUILD_TYPE=Release'], 'cmake_clean_cache': False, 'cmake_clean_first': False, 'cmake_force_configure': False, 'cmake_target': None, 'cmake_target_skip_unavailable': False, 'install_base': '/home/pcht/dev/comp0250_s26_labs/install/realsense_gazebo_plugin', 'merge_install': False, 'path': '/home/pcht/dev/comp0250_s26_labs/courseworks/realsense_gazebo_plugin', 'symlink_install': False, 'test_result_base': None}
[0.387s] Level 5:colcon.colcon_core.verb:set package 'cw1_team_x' build argument 'cmake_args' from command line to '['-DCMAKE_BUILD_TYPE=Release']'
[0.387s] Level 5:colcon.colcon_core.verb:set package 'cw1_team_x' build argument 'cmake_target' from command line to 'None'
[0.387s] Level 5:colcon.colcon_core.verb:set package 'cw1_team_x' build argument 'cmake_target_skip_unavailable' from command line to 'False'
[0.387s] Level 5:colcon.colcon_core.verb:set package 'cw1_team_x' build argument 'cmake_clean_cache' from command line to 'False'
[0.387s] Level 5:colcon.colcon_core.verb:set package 'cw1_team_x' build argument 'cmake_clean_first' from command line to 'False'
[0.387s] Level 5:colcon.colcon_core.verb:set package 'cw1_team_x' build argument 'cmake_force_configure' from command line to 'False'
[0.387s] Level 5:colcon.colcon_core.verb:set package 'cw1_team_x' build argument 'ament_cmake_args' from command line to 'None'
[0.387s] Level 5:colcon.colcon_core.verb:set package 'cw1_team_x' build argument 'catkin_cmake_args' from command line to 'None'
[0.387s] Level 5:colcon.colcon_core.verb:set package 'cw1_team_x' build argument 'catkin_skip_building_tests' from command line to 'False'
[0.387s] DEBUG:colcon.colcon_core.verb:Building package 'cw1_team_x' with the following arguments: {'ament_cmake_args': None, 'build_base': '/home/pcht/dev/comp0250_s26_labs/build/cw1_team_x', 'catkin_cmake_args': None, 'catkin_skip_building_tests': False, 'cmake_args': ['-DCMAKE_BUILD_TYPE=Release'], 'cmake_clean_cache': False, 'cmake_clean_first': False, 'cmake_force_configure': False, 'cmake_target': None, 'cmake_target_skip_unavailable': False, 'install_base': '/home/pcht/dev/comp0250_s26_labs/install/cw1_team_x', 'merge_install': False, 'path': '/home/pcht/dev/comp0250_s26_labs/courseworks/cw1_team_x', 'symlink_install': False, 'test_result_base': None}
[0.387s] Level 5:colcon.colcon_core.verb:set package 'rpl_panda_with_rs' build argument 'cmake_args' from command line to '['-DCMAKE_BUILD_TYPE=Release']'
[0.387s] Level 5:colcon.colcon_core.verb:set package 'rpl_panda_with_rs' build argument 'cmake_target' from command line to 'None'
[0.387s] Level 5:colcon.colcon_core.verb:set package 'rpl_panda_with_rs' build argument 'cmake_target_skip_unavailable' from command line to 'False'
[0.387s] Level 5:colcon.colcon_core.verb:set package 'rpl_panda_with_rs' build argument 'cmake_clean_cache' from command line to 'False'
[0.387s] Level 5:colcon.colcon_core.verb:set package 'rpl_panda_with_rs' build argument 'cmake_clean_first' from command line to 'False'
[0.387s] Level 5:colcon.colcon_core.verb:set package 'rpl_panda_with_rs' build argument 'cmake_force_configure' from command line to 'False'
[0.387s] Level 5:colcon.colcon_core.verb:set package 'rpl_panda_with_rs' build argument 'ament_cmake_args' from command line to 'None'
[0.387s] Level 5:colcon.colcon_core.verb:set package 'rpl_panda_with_rs' build argument 'catkin_cmake_args' from command line to 'None'
[0.387s] Level 5:colcon.colcon_core.verb:set package 'rpl_panda_with_rs' build argument 'catkin_skip_building_tests' from command line to 'False'
[0.387s] DEBUG:colcon.colcon_core.verb:Building package 'rpl_panda_with_rs' with the following arguments: {'ament_cmake_args': None, 'build_base': '/home/pcht/dev/comp0250_s26_labs/build/rpl_panda_with_rs', 'catkin_cmake_args': None, 'catkin_skip_building_tests': False, 'cmake_args': ['-DCMAKE_BUILD_TYPE=Release'], 'cmake_clean_cache': False, 'cmake_clean_first': False, 'cmake_force_configure': False, 'cmake_target': None, 'cmake_target_skip_unavailable': False, 'install_base': '/home/pcht/dev/comp0250_s26_labs/install/rpl_panda_with_rs', 'merge_install': False, 'path': '/home/pcht/dev/comp0250_s26_labs/courseworks/rpl_panda_with_rs', 'symlink_install': False, 'test_result_base': None}
[0.387s] INFO:colcon.colcon_core.executor:Executing jobs using 'parallel' executor
[0.388s] DEBUG:colcon.colcon_parallel_executor.executor.parallel:run_until_complete
[0.389s] INFO:colcon.colcon_ros.task.ament_cmake.build:Building ROS package in '/home/pcht/dev/comp0250_s26_labs/courseworks/cw1_world_spawner' with build type 'ament_cmake'
[0.389s] INFO:colcon.colcon_cmake.task.cmake.build:Building CMake package in '/home/pcht/dev/comp0250_s26_labs/courseworks/cw1_world_spawner'
[0.391s] INFO:colcon.colcon_core.plugin_system:Skipping extension 'colcon_core.shell.bat': Not used on non-Windows systems
[0.391s] INFO:colcon.colcon_core.shell:Skip shell extension 'powershell' for command environment: Not usable outside of PowerShell
[0.391s] DEBUG:colcon.colcon_core.shell:Skip shell extension 'dsv' for command environment
[0.396s] INFO:colcon.colcon_ros.task.ament_cmake.build:Building ROS package in '/home/pcht/dev/comp0250_s26_labs/courseworks/panda_moveit_config' with build type 'ament_cmake'
[0.397s] INFO:colcon.colcon_cmake.task.cmake.build:Building CMake package in '/home/pcht/dev/comp0250_s26_labs/courseworks/panda_moveit_config'
[0.397s] INFO:colcon.colcon_core.shell:Skip shell extension 'powershell' for command environment: Not usable outside of PowerShell
[0.397s] DEBUG:colcon.colcon_core.shell:Skip shell extension 'dsv' for command environment
[0.402s] INFO:colcon.colcon_ros.task.ament_cmake.build:Building ROS package in '/home/pcht/dev/comp0250_s26_labs/courseworks/realsense_gazebo_plugin' with build type 'ament_cmake'
[0.402s] INFO:colcon.colcon_cmake.task.cmake.build:Building CMake package in '/home/pcht/dev/comp0250_s26_labs/courseworks/realsense_gazebo_plugin'
[0.402s] INFO:colcon.colcon_core.shell:Skip shell extension 'powershell' for command environment: Not usable outside of PowerShell
[0.402s] DEBUG:colcon.colcon_core.shell:Skip shell extension 'dsv' for command environment
[0.407s] INFO:colcon.colcon_ros.task.ament_cmake.build:Building ROS package in '/home/pcht/dev/comp0250_s26_labs/courseworks/panda_description' with build type 'ament_cmake'
[0.407s] INFO:colcon.colcon_cmake.task.cmake.build:Building CMake package in '/home/pcht/dev/comp0250_s26_labs/courseworks/panda_description'
[0.407s] INFO:colcon.colcon_core.shell:Skip shell extension 'powershell' for command environment: Not usable outside of PowerShell
[0.407s] DEBUG:colcon.colcon_core.shell:Skip shell extension 'dsv' for command environment
[0.417s] DEBUG:colcon.colcon_core.event_handler.log_command:Invoking command in '/home/pcht/dev/comp0250_s26_labs/build/cw1_world_spawner': CMAKE_PREFIX_PATH=${CMAKE_PREFIX_PATH}:/home/pcht/ws_moveit2/install/moveit_configs_utils:/home/pcht/ws_moveit2/install/launch_param_builder:/opt/ros/humble /usr/bin/cmake --build /home/pcht/dev/comp0250_s26_labs/build/cw1_world_spawner -- -j16 -l16
[0.420s] DEBUG:colcon.colcon_core.event_handler.log_command:Invoking command in '/home/pcht/dev/comp0250_s26_labs/build/panda_moveit_config': CMAKE_PREFIX_PATH=${CMAKE_PREFIX_PATH}:/home/pcht/ws_moveit2/install/moveit_configs_utils:/home/pcht/ws_moveit2/install/launch_param_builder:/opt/ros/humble /usr/bin/cmake --build /home/pcht/dev/comp0250_s26_labs/build/panda_moveit_config -- -j16 -l16
[0.425s] DEBUG:colcon.colcon_core.event_handler.log_command:Invoking command in '/home/pcht/dev/comp0250_s26_labs/build/realsense_gazebo_plugin': CMAKE_PREFIX_PATH=${CMAKE_PREFIX_PATH}:/home/pcht/ws_moveit2/install/moveit_configs_utils:/home/pcht/ws_moveit2/install/launch_param_builder:/opt/ros/humble /usr/bin/cmake /home/pcht/dev/comp0250_s26_labs/courseworks/realsense_gazebo_plugin -DCMAKE_BUILD_TYPE=Release -DCMAKE_INSTALL_PREFIX=/home/pcht/dev/comp0250_s26_labs/install/realsense_gazebo_plugin
[0.428s] DEBUG:colcon.colcon_core.event_handler.log_command:Invoking command in '/home/pcht/dev/comp0250_s26_labs/build/panda_description': CMAKE_PREFIX_PATH=${CMAKE_PREFIX_PATH}:/home/pcht/ws_moveit2/install/moveit_configs_utils:/home/pcht/ws_moveit2/install/launch_param_builder:/opt/ros/humble /usr/bin/cmake --build /home/pcht/dev/comp0250_s26_labs/build/panda_description -- -j16 -l16
[0.465s] DEBUG:colcon.colcon_core.event_handler.log_command:Invoked command in '/home/pcht/dev/comp0250_s26_labs/build/panda_moveit_config' returned '0': CMAKE_PREFIX_PATH=${CMAKE_PREFIX_PATH}:/home/pcht/ws_moveit2/install/moveit_configs_utils:/home/pcht/ws_moveit2/install/launch_param_builder:/opt/ros/humble /usr/bin/cmake --build /home/pcht/dev/comp0250_s26_labs/build/panda_moveit_config -- -j16 -l16
[0.477s] DEBUG:colcon.colcon_core.event_handler.log_command:Invoking command in '/home/pcht/dev/comp0250_s26_labs/build/panda_moveit_config': CMAKE_PREFIX_PATH=${CMAKE_PREFIX_PATH}:/home/pcht/ws_moveit2/install/moveit_configs_utils:/home/pcht/ws_moveit2/install/launch_param_builder:/opt/ros/humble /usr/bin/cmake --install /home/pcht/dev/comp0250_s26_labs/build/panda_moveit_config
[0.479s] DEBUG:colcon.colcon_core.event_handler.log_command:Invoked command in '/home/pcht/dev/comp0250_s26_labs/build/panda_description' returned '0': CMAKE_PREFIX_PATH=${CMAKE_PREFIX_PATH}:/home/pcht/ws_moveit2/install/moveit_configs_utils:/home/pcht/ws_moveit2/install/launch_param_builder:/opt/ros/humble /usr/bin/cmake --build /home/pcht/dev/comp0250_s26_labs/build/panda_description -- -j16 -l16
[0.481s] DEBUG:colcon.colcon_core.event_handler.log_command:Invoking command in '/home/pcht/dev/comp0250_s26_labs/build/panda_description': CMAKE_PREFIX_PATH=${CMAKE_PREFIX_PATH}:/home/pcht/ws_moveit2/install/moveit_configs_utils:/home/pcht/ws_moveit2/install/launch_param_builder:/opt/ros/humble /usr/bin/cmake --install /home/pcht/dev/comp0250_s26_labs/build/panda_description
[0.497s] Level 1:colcon.colcon_core.environment:create_environment_scripts_only(panda_moveit_config)
[0.515s] DEBUG:colcon.colcon_core.event_handler.log_command:Invoked command in '/home/pcht/dev/comp0250_s26_labs/build/panda_moveit_config' returned '0': CMAKE_PREFIX_PATH=${CMAKE_PREFIX_PATH}:/home/pcht/ws_moveit2/install/moveit_configs_utils:/home/pcht/ws_moveit2/install/launch_param_builder:/opt/ros/humble /usr/bin/cmake --install /home/pcht/dev/comp0250_s26_labs/build/panda_moveit_config
[0.517s] Level 1:colcon.colcon_core.environment:checking '/home/pcht/dev/comp0250_s26_labs/install/panda_moveit_config' for CMake module files
[0.518s] Level 1:colcon.colcon_core.environment:checking '/home/pcht/dev/comp0250_s26_labs/install/panda_moveit_config' for CMake config files
[0.518s] Level 1:colcon.colcon_core.shell:create_environment_hook('panda_moveit_config', 'cmake_prefix_path')
[0.519s] INFO:colcon.colcon_core.shell:Creating environment hook '/home/pcht/dev/comp0250_s26_labs/install/panda_moveit_config/share/panda_moveit_config/hook/cmake_prefix_path.ps1'
[0.520s] INFO:colcon.colcon_core.shell:Creating environment descriptor '/home/pcht/dev/comp0250_s26_labs/install/panda_moveit_config/share/panda_moveit_config/hook/cmake_prefix_path.dsv'
[0.520s] INFO:colcon.colcon_core.shell:Creating environment hook '/home/pcht/dev/comp0250_s26_labs/install/panda_moveit_config/share/panda_moveit_config/hook/cmake_prefix_path.sh'
[0.521s] Level 1:colcon.colcon_core.environment:checking '/home/pcht/dev/comp0250_s26_labs/install/panda_moveit_config/bin'
[0.521s] Level 1:colcon.colcon_core.environment:checking '/home/pcht/dev/comp0250_s26_labs/install/panda_moveit_config/lib/pkgconfig/panda_moveit_config.pc'
[0.521s] Level 1:colcon.colcon_core.environment:checking '/home/pcht/dev/comp0250_s26_labs/install/panda_moveit_config/lib/python3.10/site-packages'
[0.522s] Level 1:colcon.colcon_core.environment:checking '/home/pcht/dev/comp0250_s26_labs/install/panda_moveit_config/bin'
[0.522s] INFO:colcon.colcon_core.shell:Creating package script '/home/pcht/dev/comp0250_s26_labs/install/panda_moveit_config/share/panda_moveit_config/package.ps1'
[0.523s] INFO:colcon.colcon_core.shell:Creating package descriptor '/home/pcht/dev/comp0250_s26_labs/install/panda_moveit_config/share/panda_moveit_config/package.dsv'
[0.524s] INFO:colcon.colcon_core.shell:Creating package script '/home/pcht/dev/comp0250_s26_labs/install/panda_moveit_config/share/panda_moveit_config/package.sh'
[0.524s] INFO:colcon.colcon_core.shell:Creating package script '/home/pcht/dev/comp0250_s26_labs/install/panda_moveit_config/share/panda_moveit_config/package.bash'
[0.525s] INFO:colcon.colcon_core.shell:Creating package script '/home/pcht/dev/comp0250_s26_labs/install/panda_moveit_config/share/panda_moveit_config/package.zsh'
[0.526s] Level 1:colcon.colcon_core.environment:create_file_with_runtime_dependencies(/home/pcht/dev/comp0250_s26_labs/install/panda_moveit_config/share/colcon-core/packages/panda_moveit_config)
[0.527s] Level 1:colcon.colcon_core.environment:create_environment_scripts_only(panda_moveit_config)
[0.527s] Level 1:colcon.colcon_core.environment:checking '/home/pcht/dev/comp0250_s26_labs/install/panda_moveit_config' for CMake module files
[0.527s] Level 1:colcon.colcon_core.environment:checking '/home/pcht/dev/comp0250_s26_labs/install/panda_moveit_config' for CMake config files
[0.528s] Level 1:colcon.colcon_core.shell:create_environment_hook('panda_moveit_config', 'cmake_prefix_path')
[0.528s] INFO:colcon.colcon_core.shell:Creating environment hook '/home/pcht/dev/comp0250_s26_labs/install/panda_moveit_config/share/panda_moveit_config/hook/cmake_prefix_path.ps1'
[0.528s] INFO:colcon.colcon_core.shell:Creating environment descriptor '/home/pcht/dev/comp0250_s26_labs/install/panda_moveit_config/share/panda_moveit_config/hook/cmake_prefix_path.dsv'
[0.528s] INFO:colcon.colcon_core.shell:Creating environment hook '/home/pcht/dev/comp0250_s26_labs/install/panda_moveit_config/share/panda_moveit_config/hook/cmake_prefix_path.sh'
[0.529s] Level 1:colcon.colcon_core.environment:checking '/home/pcht/dev/comp0250_s26_labs/install/panda_moveit_config/bin'
[0.529s] Level 1:colcon.colcon_core.environment:checking '/home/pcht/dev/comp0250_s26_labs/install/panda_moveit_config/lib/pkgconfig/panda_moveit_config.pc'
[0.529s] Level 1:colcon.colcon_core.environment:checking '/home/pcht/dev/comp0250_s26_labs/install/panda_moveit_config/lib/python3.10/site-packages'
[0.529s] Level 1:colcon.colcon_core.environment:checking '/home/pcht/dev/comp0250_s26_labs/install/panda_moveit_config/bin'
[0.530s] INFO:colcon.colcon_core.shell:Creating package script '/home/pcht/dev/comp0250_s26_labs/install/panda_moveit_config/share/panda_moveit_config/package.ps1'
[0.531s] INFO:colcon.colcon_core.shell:Creating package descriptor '/home/pcht/dev/comp0250_s26_labs/install/panda_moveit_config/share/panda_moveit_config/package.dsv'
[0.532s] INFO:colcon.colcon_core.shell:Creating package script '/home/pcht/dev/comp0250_s26_labs/install/panda_moveit_config/share/panda_moveit_config/package.sh'
[0.533s] INFO:colcon.colcon_core.shell:Creating package script '/home/pcht/dev/comp0250_s26_labs/install/panda_moveit_config/share/panda_moveit_config/package.bash'
[0.533s] INFO:colcon.colcon_core.shell:Creating package script '/home/pcht/dev/comp0250_s26_labs/install/panda_moveit_config/share/panda_moveit_config/package.zsh'
[0.534s] Level 1:colcon.colcon_core.environment:create_file_with_runtime_dependencies(/home/pcht/dev/comp0250_s26_labs/install/panda_moveit_config/share/colcon-core/packages/panda_moveit_config)
[0.536s] Level 1:colcon.colcon_core.environment:create_environment_scripts_only(panda_description)
[0.537s] Level 1:colcon.colcon_core.environment:checking '/home/pcht/dev/comp0250_s26_labs/install/panda_description' for CMake module files
[0.537s] DEBUG:colcon.colcon_core.event_handler.log_command:Invoked command in '/home/pcht/dev/comp0250_s26_labs/build/panda_description' returned '0': CMAKE_PREFIX_PATH=${CMAKE_PREFIX_PATH}:/home/pcht/ws_moveit2/install/moveit_configs_utils:/home/pcht/ws_moveit2/install/launch_param_builder:/opt/ros/humble /usr/bin/cmake --install /home/pcht/dev/comp0250_s26_labs/build/panda_description
[0.538s] Level 1:colcon.colcon_core.environment:checking '/home/pcht/dev/comp0250_s26_labs/install/panda_description' for CMake config files
[0.539s] Level 1:colcon.colcon_core.shell:create_environment_hook('panda_description', 'cmake_prefix_path')
[0.539s] INFO:colcon.colcon_core.shell:Creating environment hook '/home/pcht/dev/comp0250_s26_labs/install/panda_description/share/panda_description/hook/cmake_prefix_path.ps1'
[0.540s] INFO:colcon.colcon_core.shell:Creating environment descriptor '/home/pcht/dev/comp0250_s26_labs/install/panda_description/share/panda_description/hook/cmake_prefix_path.dsv'
[0.540s] INFO:colcon.colcon_core.shell:Creating environment hook '/home/pcht/dev/comp0250_s26_labs/install/panda_description/share/panda_description/hook/cmake_prefix_path.sh'
[0.540s] Level 1:colcon.colcon_core.environment:checking '/home/pcht/dev/comp0250_s26_labs/install/panda_description/bin'
[0.540s] Level 1:colcon.colcon_core.environment:checking '/home/pcht/dev/comp0250_s26_labs/install/panda_description/lib/pkgconfig/panda_description.pc'
[0.541s] Level 1:colcon.colcon_core.environment:checking '/home/pcht/dev/comp0250_s26_labs/install/panda_description/lib/python3.10/site-packages'
[0.541s] Level 1:colcon.colcon_core.environment:checking '/home/pcht/dev/comp0250_s26_labs/install/panda_description/bin'
[0.541s] INFO:colcon.colcon_core.shell:Creating package script '/home/pcht/dev/comp0250_s26_labs/install/panda_description/share/panda_description/package.ps1'
[0.541s] INFO:colcon.colcon_core.shell:Creating package descriptor '/home/pcht/dev/comp0250_s26_labs/install/panda_description/share/panda_description/package.dsv'
[0.542s] INFO:colcon.colcon_core.shell:Creating package script '/home/pcht/dev/comp0250_s26_labs/install/panda_description/share/panda_description/package.sh'
[0.542s] INFO:colcon.colcon_core.shell:Creating package script '/home/pcht/dev/comp0250_s26_labs/install/panda_description/share/panda_description/package.bash'
[0.543s] INFO:colcon.colcon_core.shell:Creating package script '/home/pcht/dev/comp0250_s26_labs/install/panda_description/share/panda_description/package.zsh'
[0.543s] Level 1:colcon.colcon_core.environment:create_file_with_runtime_dependencies(/home/pcht/dev/comp0250_s26_labs/install/panda_description/share/colcon-core/packages/panda_description)
[0.544s] Level 1:colcon.colcon_core.environment:create_environment_scripts_only(panda_description)
[0.544s] Level 1:colcon.colcon_core.environment:checking '/home/pcht/dev/comp0250_s26_labs/install/panda_description' for CMake module files
[0.544s] Level 1:colcon.colcon_core.environment:checking '/home/pcht/dev/comp0250_s26_labs/install/panda_description' for CMake config files
[0.545s] Level 1:colcon.colcon_core.shell:create_environment_hook('panda_description', 'cmake_prefix_path')
[0.545s] INFO:colcon.colcon_core.shell:Creating environment hook '/home/pcht/dev/comp0250_s26_labs/install/panda_description/share/panda_description/hook/cmake_prefix_path.ps1'
[0.545s] INFO:colcon.colcon_core.shell:Creating environment descriptor '/home/pcht/dev/comp0250_s26_labs/install/panda_description/share/panda_description/hook/cmake_prefix_path.dsv'
[0.545s] INFO:colcon.colcon_core.shell:Creating environment hook '/home/pcht/dev/comp0250_s26_labs/install/panda_description/share/panda_description/hook/cmake_prefix_path.sh'
[0.546s] Level 1:colcon.colcon_core.environment:checking '/home/pcht/dev/comp0250_s26_labs/install/panda_description/bin'
[0.546s] Level 1:colcon.colcon_core.environment:checking '/home/pcht/dev/comp0250_s26_labs/install/panda_description/lib/pkgconfig/panda_description.pc'
[0.546s] Level 1:colcon.colcon_core.environment:checking '/home/pcht/dev/comp0250_s26_labs/install/panda_description/lib/python3.10/site-packages'
[0.546s] Level 1:colcon.colcon_core.environment:checking '/home/pcht/dev/comp0250_s26_labs/install/panda_description/bin'
[0.546s] INFO:colcon.colcon_core.shell:Creating package script '/home/pcht/dev/comp0250_s26_labs/install/panda_description/share/panda_description/package.ps1'
[0.547s] INFO:colcon.colcon_core.shell:Creating package descriptor '/home/pcht/dev/comp0250_s26_labs/install/panda_description/share/panda_description/package.dsv'
[0.547s] INFO:colcon.colcon_core.shell:Creating package script '/home/pcht/dev/comp0250_s26_labs/install/panda_description/share/panda_description/package.sh'
[0.547s] INFO:colcon.colcon_core.shell:Creating package script '/home/pcht/dev/comp0250_s26_labs/install/panda_description/share/panda_description/package.bash'
[0.547s] INFO:colcon.colcon_core.shell:Creating package script '/home/pcht/dev/comp0250_s26_labs/install/panda_description/share/panda_description/package.zsh'
[0.548s] Level 1:colcon.colcon_core.environment:create_file_with_runtime_dependencies(/home/pcht/dev/comp0250_s26_labs/install/panda_description/share/colcon-core/packages/panda_description)
[0.768s] DEBUG:colcon.colcon_core.event_handler.log_command:Invoked command in '/home/pcht/dev/comp0250_s26_labs/build/cw1_world_spawner' returned '0': CMAKE_PREFIX_PATH=${CMAKE_PREFIX_PATH}:/home/pcht/ws_moveit2/install/moveit_configs_utils:/home/pcht/ws_moveit2/install/launch_param_builder:/opt/ros/humble /usr/bin/cmake --build /home/pcht/dev/comp0250_s26_labs/build/cw1_world_spawner -- -j16 -l16
[0.770s] DEBUG:colcon.colcon_core.event_handler.log_command:Invoking command in '/home/pcht/dev/comp0250_s26_labs/build/cw1_world_spawner': CMAKE_PREFIX_PATH=${CMAKE_PREFIX_PATH}:/home/pcht/ws_moveit2/install/moveit_configs_utils:/home/pcht/ws_moveit2/install/launch_param_builder:/opt/ros/humble /usr/bin/cmake --install /home/pcht/dev/comp0250_s26_labs/build/cw1_world_spawner
[0.895s] Level 1:colcon.colcon_core.environment:create_environment_scripts_only(cw1_world_spawner)
[0.895s] DEBUG:colcon.colcon_core.event_handler.log_command:Invoked command in '/home/pcht/dev/comp0250_s26_labs/build/cw1_world_spawner' returned '0': CMAKE_PREFIX_PATH=${CMAKE_PREFIX_PATH}:/home/pcht/ws_moveit2/install/moveit_configs_utils:/home/pcht/ws_moveit2/install/launch_param_builder:/opt/ros/humble /usr/bin/cmake --install /home/pcht/dev/comp0250_s26_labs/build/cw1_world_spawner
[0.895s] Level 1:colcon.colcon_core.environment:checking '/home/pcht/dev/comp0250_s26_labs/install/cw1_world_spawner' for CMake module files
[0.896s] Level 1:colcon.colcon_core.environment:checking '/home/pcht/dev/comp0250_s26_labs/install/cw1_world_spawner' for CMake config files
[0.897s] Level 1:colcon.colcon_core.shell:create_environment_hook('cw1_world_spawner', 'cmake_prefix_path')
[0.897s] INFO:colcon.colcon_core.shell:Creating environment hook '/home/pcht/dev/comp0250_s26_labs/install/cw1_world_spawner/share/cw1_world_spawner/hook/cmake_prefix_path.ps1'
[0.897s] INFO:colcon.colcon_core.shell:Creating environment descriptor '/home/pcht/dev/comp0250_s26_labs/install/cw1_world_spawner/share/cw1_world_spawner/hook/cmake_prefix_path.dsv'
[0.897s] INFO:colcon.colcon_core.shell:Creating environment hook '/home/pcht/dev/comp0250_s26_labs/install/cw1_world_spawner/share/cw1_world_spawner/hook/cmake_prefix_path.sh'
[0.898s] Level 1:colcon.colcon_core.environment:checking '/home/pcht/dev/comp0250_s26_labs/install/cw1_world_spawner/lib'
[0.898s] Level 1:colcon.colcon_core.shell:create_environment_hook('cw1_world_spawner', 'ld_library_path_lib')
[0.898s] INFO:colcon.colcon_core.shell:Creating environment hook '/home/pcht/dev/comp0250_s26_labs/install/cw1_world_spawner/share/cw1_world_spawner/hook/ld_library_path_lib.ps1'
[0.899s] INFO:colcon.colcon_core.shell:Creating environment descriptor '/home/pcht/dev/comp0250_s26_labs/install/cw1_world_spawner/share/cw1_world_spawner/hook/ld_library_path_lib.dsv'
[0.899s] INFO:colcon.colcon_core.shell:Creating environment hook '/home/pcht/dev/comp0250_s26_labs/install/cw1_world_spawner/share/cw1_world_spawner/hook/ld_library_path_lib.sh'
[0.899s] Level 1:colcon.colcon_core.environment:checking '/home/pcht/dev/comp0250_s26_labs/install/cw1_world_spawner/bin'
[0.899s] Level 1:colcon.colcon_core.environment:checking '/home/pcht/dev/comp0250_s26_labs/install/cw1_world_spawner/lib/pkgconfig/cw1_world_spawner.pc'
[0.900s] Level 1:colcon.colcon_core.environment:checking '/home/pcht/dev/comp0250_s26_labs/install/cw1_world_spawner/lib/python3.10/site-packages'
[0.900s] Level 1:colcon.colcon_core.environment:checking '/home/pcht/dev/comp0250_s26_labs/install/cw1_world_spawner/bin'
[0.900s] INFO:colcon.colcon_core.shell:Creating package script '/home/pcht/dev/comp0250_s26_labs/install/cw1_world_spawner/share/cw1_world_spawner/package.ps1'
[0.901s] INFO:colcon.colcon_core.shell:Creating package descriptor '/home/pcht/dev/comp0250_s26_labs/install/cw1_world_spawner/share/cw1_world_spawner/package.dsv'
[0.901s] INFO:colcon.colcon_core.shell:Creating package script '/home/pcht/dev/comp0250_s26_labs/install/cw1_world_spawner/share/cw1_world_spawner/package.sh'
[0.902s] INFO:colcon.colcon_core.shell:Creating package script '/home/pcht/dev/comp0250_s26_labs/install/cw1_world_spawner/share/cw1_world_spawner/package.bash'
[0.902s] INFO:colcon.colcon_core.shell:Creating package script '/home/pcht/dev/comp0250_s26_labs/install/cw1_world_spawner/share/cw1_world_spawner/package.zsh'
[0.902s] Level 1:colcon.colcon_core.environment:create_file_with_runtime_dependencies(/home/pcht/dev/comp0250_s26_labs/install/cw1_world_spawner/share/colcon-core/packages/cw1_world_spawner)
[0.903s] Level 1:colcon.colcon_core.environment:create_environment_scripts_only(cw1_world_spawner)
[0.903s] Level 1:colcon.colcon_core.environment:checking '/home/pcht/dev/comp0250_s26_labs/install/cw1_world_spawner' for CMake module files
[0.905s] Level 1:colcon.colcon_core.environment:checking '/home/pcht/dev/comp0250_s26_labs/install/cw1_world_spawner' for CMake config files
[0.906s] Level 1:colcon.colcon_core.shell:create_environment_hook('cw1_world_spawner', 'cmake_prefix_path')
[0.906s] INFO:colcon.colcon_core.shell:Creating environment hook '/home/pcht/dev/comp0250_s26_labs/install/cw1_world_spawner/share/cw1_world_spawner/hook/cmake_prefix_path.ps1'
[0.907s] INFO:colcon.colcon_core.shell:Creating environment descriptor '/home/pcht/dev/comp0250_s26_labs/install/cw1_world_spawner/share/cw1_world_spawner/hook/cmake_prefix_path.dsv'
[0.908s] INFO:colcon.colcon_core.shell:Creating environment hook '/home/pcht/dev/comp0250_s26_labs/install/cw1_world_spawner/share/cw1_world_spawner/hook/cmake_prefix_path.sh'
[0.910s] Level 1:colcon.colcon_core.environment:checking '/home/pcht/dev/comp0250_s26_labs/install/cw1_world_spawner/lib'
[0.910s] Level 1:colcon.colcon_core.shell:create_environment_hook('cw1_world_spawner', 'ld_library_path_lib')
[0.910s] INFO:colcon.colcon_core.shell:Creating environment hook '/home/pcht/dev/comp0250_s26_labs/install/cw1_world_spawner/share/cw1_world_spawner/hook/ld_library_path_lib.ps1'
[0.911s] INFO:colcon.colcon_core.shell:Creating environment descriptor '/home/pcht/dev/comp0250_s26_labs/install/cw1_world_spawner/share/cw1_world_spawner/hook/ld_library_path_lib.dsv'
[0.911s] INFO:colcon.colcon_core.shell:Creating environment hook '/home/pcht/dev/comp0250_s26_labs/install/cw1_world_spawner/share/cw1_world_spawner/hook/ld_library_path_lib.sh'
[0.912s] Level 1:colcon.colcon_core.environment:checking '/home/pcht/dev/comp0250_s26_labs/install/cw1_world_spawner/bin'
[0.912s] Level 1:colcon.colcon_core.environment:checking '/home/pcht/dev/comp0250_s26_labs/install/cw1_world_spawner/lib/pkgconfig/cw1_world_spawner.pc'
[0.912s] Level 1:colcon.colcon_core.environment:checking '/home/pcht/dev/comp0250_s26_labs/install/cw1_world_spawner/lib/python3.10/site-packages'
[0.912s] Level 1:colcon.colcon_core.environment:checking '/home/pcht/dev/comp0250_s26_labs/install/cw1_world_spawner/bin'
[0.913s] INFO:colcon.colcon_core.shell:Creating package script '/home/pcht/dev/comp0250_s26_labs/install/cw1_world_spawner/share/cw1_world_spawner/package.ps1'
[0.914s] INFO:colcon.colcon_core.shell:Creating package descriptor '/home/pcht/dev/comp0250_s26_labs/install/cw1_world_spawner/share/cw1_world_spawner/package.dsv'
[0.915s] INFO:colcon.colcon_core.shell:Creating package script '/home/pcht/dev/comp0250_s26_labs/install/cw1_world_spawner/share/cw1_world_spawner/package.sh'
[0.915s] INFO:colcon.colcon_core.shell:Creating package script '/home/pcht/dev/comp0250_s26_labs/install/cw1_world_spawner/share/cw1_world_spawner/package.bash'
[0.915s] INFO:colcon.colcon_core.shell:Creating package script '/home/pcht/dev/comp0250_s26_labs/install/cw1_world_spawner/share/cw1_world_spawner/package.zsh'
[0.916s] Level 1:colcon.colcon_core.environment:create_file_with_runtime_dependencies(/home/pcht/dev/comp0250_s26_labs/install/cw1_world_spawner/share/colcon-core/packages/cw1_world_spawner)
[0.916s] INFO:colcon.colcon_ros.task.ament_cmake.build:Building ROS package in '/home/pcht/dev/comp0250_s26_labs/courseworks/cw1_team_x' with build type 'ament_cmake'
[0.917s] INFO:colcon.colcon_cmake.task.cmake.build:Building CMake package in '/home/pcht/dev/comp0250_s26_labs/courseworks/cw1_team_x'
[0.917s] INFO:colcon.colcon_core.shell:Skip shell extension 'powershell' for command environment: Not usable outside of PowerShell
[0.917s] DEBUG:colcon.colcon_core.shell:Skip shell extension 'dsv' for command environment
[1.073s] DEBUG:colcon.colcon_core.event_handler.log_command:Invoking command in '/home/pcht/dev/comp0250_s26_labs/build/cw1_team_x': AMENT_PREFIX_PATH=/home/pcht/dev/comp0250_s26_labs/install/cw1_world_spawner:${AMENT_PREFIX_PATH} CMAKE_PREFIX_PATH=/home/pcht/dev/comp0250_s26_labs/install/cw1_world_spawner:/home/pcht/ws_moveit2/install/pilz_industrial_motion_planner_testutils:/home/pcht/ws_moveit2/install/moveit_runtime:/home/pcht/ws_moveit2/install/moveit2_tutorials:/home/pcht/ws_moveit2/install/moveit:/home/pcht/ws_moveit2/install/moveit_planners:/home/pcht/ws_moveit2/install/pilz_industrial_motion_planner:/home/pcht/ws_moveit2/install/mtc_tutorial:/home/pcht/ws_moveit2/install/moveit_visual_tools:/home/pcht/ws_moveit2/install/moveit_task_constructor_visualization:/home/pcht/ws_moveit2/install/moveit_task_constructor_demo:/home/pcht/ws_moveit2/install/moveit_task_constructor_capabilities:/home/pcht/ws_moveit2/install/moveit_task_constructor_core:/home/pcht/ws_moveit2/install/moveit_ros_control_interface:/home/pcht/ws_moveit2/install/moveit_plugins:/home/pcht/ws_moveit2/install/moveit_simple_controller_manager:/home/pcht/ws_moveit2/install/moveit_setup_assistant:/home/pcht/ws_moveit2/install/moveit_setup_srdf_plugins:/home/pcht/ws_moveit2/install/moveit_setup_core_plugins:/home/pcht/ws_moveit2/install/moveit_setup_controllers:/home/pcht/ws_moveit2/install/moveit_setup_app_plugins:/home/pcht/ws_moveit2/install/moveit_setup_framework:/home/pcht/ws_moveit2/install/moveit_servo:/home/pcht/ws_moveit2/install/moveit_ros:/home/pcht/ws_moveit2/install/moveit_ros_visualization:/home/pcht/ws_moveit2/install/moveit_py:/home/pcht/ws_moveit2/install/moveit_hybrid_planning:/home/pcht/ws_moveit2/install/moveit_ros_planning_interface:/home/pcht/ws_moveit2/install/moveit_ros_benchmarks:/home/pcht/ws_moveit2/install/moveit_ros_warehouse:/home/pcht/ws_moveit2/install/moveit_ros_robot_interaction:/home/pcht/ws_moveit2/install/moveit_ros_perception:/home/pcht/ws_moveit2/install/moveit_resources_prbt_pg70_support:/home/pcht/ws_moveit2/install/moveit_resources_prbt_moveit_config:/home/pcht/ws_moveit2/install/moveit_ros_move_group:/home/pcht/ws_moveit2/install/moveit_planners_ompl:/home/pcht/ws_moveit2/install/moveit_ros_planning:/home/pcht/ws_moveit2/install/moveit_ros_occupancy_map_monitor:/home/pcht/ws_moveit2/install/moveit_resources_prbt_ikfast_manipulator_plugin:/home/pcht/ws_moveit2/install/moveit_planners_chomp:/home/pcht/ws_moveit2/install/moveit_kinematics:/home/pcht/ws_moveit2/install/moveit_chomp_optimizer_adapter:/home/pcht/ws_moveit2/install/chomp_motion_planner:/home/pcht/ws_moveit2/install/moveit_core:/home/pcht/ws_moveit2/install/srdfdom:/home/pcht/ws_moveit2/install/rviz_marker_tools:/home/pcht/ws_moveit2/install/rosparam_shortcuts:/home/pcht/ws_moveit2/install/moveit_task_constructor_msgs:/home/pcht/ws_moveit2/install/moveit_resources_prbt_support:/home/pcht/ws_moveit2/install/moveit_resources:/home/pcht/ws_moveit2/install/moveit_resources_pr2_description:/home/pcht/ws_moveit2/install/moveit_resources_panda_moveit_config:/home/pcht/ws_moveit2/install/moveit_resources_panda_description:/home/pcht/ws_moveit2/install/moveit_resources_fanuc_moveit_config:/home/pcht/ws_moveit2/install/moveit_resources_fanuc_description:/home/pcht/ws_moveit2/install/moveit_common:/home/pcht/ws_moveit2/install/moveit_configs_utils:/home/pcht/ws_moveit2/install/launch_param_builder:/opt/ros/humble LD_LIBRARY_PATH=/home/pcht/dev/comp0250_s26_labs/install/cw1_world_spawner/lib:${LD_LIBRARY_PATH} PYTHONPATH=/home/pcht/dev/comp0250_s26_labs/install/cw1_world_spawner/local/lib/python3.10/dist-packages:${PYTHONPATH} /usr/bin/cmake --build /home/pcht/dev/comp0250_s26_labs/build/cw1_team_x -- -j16 -l16
[1.412s] DEBUG:colcon.colcon_core.event_handler.log_command:Invoked command in '/home/pcht/dev/comp0250_s26_labs/build/cw1_team_x' returned '0': AMENT_PREFIX_PATH=/home/pcht/dev/comp0250_s26_labs/install/cw1_world_spawner:${AMENT_PREFIX_PATH} CMAKE_PREFIX_PATH=/home/pcht/dev/comp0250_s26_labs/install/cw1_world_spawner:/home/pcht/ws_moveit2/install/pilz_industrial_motion_planner_testutils:/home/pcht/ws_moveit2/install/moveit_runtime:/home/pcht/ws_moveit2/install/moveit2_tutorials:/home/pcht/ws_moveit2/install/moveit:/home/pcht/ws_moveit2/install/moveit_planners:/home/pcht/ws_moveit2/install/pilz_industrial_motion_planner:/home/pcht/ws_moveit2/install/mtc_tutorial:/home/pcht/ws_moveit2/install/moveit_visual_tools:/home/pcht/ws_moveit2/install/moveit_task_constructor_visualization:/home/pcht/ws_moveit2/install/moveit_task_constructor_demo:/home/pcht/ws_moveit2/install/moveit_task_constructor_capabilities:/home/pcht/ws_moveit2/install/moveit_task_constructor_core:/home/pcht/ws_moveit2/install/moveit_ros_control_interface:/home/pcht/ws_moveit2/install/moveit_plugins:/home/pcht/ws_moveit2/install/moveit_simple_controller_manager:/home/pcht/ws_moveit2/install/moveit_setup_assistant:/home/pcht/ws_moveit2/install/moveit_setup_srdf_plugins:/home/pcht/ws_moveit2/install/moveit_setup_core_plugins:/home/pcht/ws_moveit2/install/moveit_setup_controllers:/home/pcht/ws_moveit2/install/moveit_setup_app_plugins:/home/pcht/ws_moveit2/install/moveit_setup_framework:/home/pcht/ws_moveit2/install/moveit_servo:/home/pcht/ws_moveit2/install/moveit_ros:/home/pcht/ws_moveit2/install/moveit_ros_visualization:/home/pcht/ws_moveit2/install/moveit_py:/home/pcht/ws_moveit2/install/moveit_hybrid_planning:/home/pcht/ws_moveit2/install/moveit_ros_planning_interface:/home/pcht/ws_moveit2/install/moveit_ros_benchmarks:/home/pcht/ws_moveit2/install/moveit_ros_warehouse:/home/pcht/ws_moveit2/install/moveit_ros_robot_interaction:/home/pcht/ws_moveit2/install/moveit_ros_perception:/home/pcht/ws_moveit2/install/moveit_resources_prbt_pg70_support:/home/pcht/ws_moveit2/install/moveit_resources_prbt_moveit_config:/home/pcht/ws_moveit2/install/moveit_ros_move_group:/home/pcht/ws_moveit2/install/moveit_planners_ompl:/home/pcht/ws_moveit2/install/moveit_ros_planning:/home/pcht/ws_moveit2/install/moveit_ros_occupancy_map_monitor:/home/pcht/ws_moveit2/install/moveit_resources_prbt_ikfast_manipulator_plugin:/home/pcht/ws_moveit2/install/moveit_planners_chomp:/home/pcht/ws_moveit2/install/moveit_kinematics:/home/pcht/ws_moveit2/install/moveit_chomp_optimizer_adapter:/home/pcht/ws_moveit2/install/chomp_motion_planner:/home/pcht/ws_moveit2/install/moveit_core:/home/pcht/ws_moveit2/install/srdfdom:/home/pcht/ws_moveit2/install/rviz_marker_tools:/home/pcht/ws_moveit2/install/rosparam_shortcuts:/home/pcht/ws_moveit2/install/moveit_task_constructor_msgs:/home/pcht/ws_moveit2/install/moveit_resources_prbt_support:/home/pcht/ws_moveit2/install/moveit_resources:/home/pcht/ws_moveit2/install/moveit_resources_pr2_description:/home/pcht/ws_moveit2/install/moveit_resources_panda_moveit_config:/home/pcht/ws_moveit2/install/moveit_resources_panda_description:/home/pcht/ws_moveit2/install/moveit_resources_fanuc_moveit_config:/home/pcht/ws_moveit2/install/moveit_resources_fanuc_description:/home/pcht/ws_moveit2/install/moveit_common:/home/pcht/ws_moveit2/install/moveit_configs_utils:/home/pcht/ws_moveit2/install/launch_param_builder:/opt/ros/humble LD_LIBRARY_PATH=/home/pcht/dev/comp0250_s26_labs/install/cw1_world_spawner/lib:${LD_LIBRARY_PATH} PYTHONPATH=/home/pcht/dev/comp0250_s26_labs/install/cw1_world_spawner/local/lib/python3.10/dist-packages:${PYTHONPATH} /usr/bin/cmake --build /home/pcht/dev/comp0250_s26_labs/build/cw1_team_x -- -j16 -l16
[1.414s] DEBUG:colcon.colcon_core.event_handler.log_command:Invoking command in '/home/pcht/dev/comp0250_s26_labs/build/cw1_team_x': AMENT_PREFIX_PATH=/home/pcht/dev/comp0250_s26_labs/install/cw1_world_spawner:${AMENT_PREFIX_PATH} CMAKE_PREFIX_PATH=/home/pcht/dev/comp0250_s26_labs/install/cw1_world_spawner:/home/pcht/ws_moveit2/install/pilz_industrial_motion_planner_testutils:/home/pcht/ws_moveit2/install/moveit_runtime:/home/pcht/ws_moveit2/install/moveit2_tutorials:/home/pcht/ws_moveit2/install/moveit:/home/pcht/ws_moveit2/install/moveit_planners:/home/pcht/ws_moveit2/install/pilz_industrial_motion_planner:/home/pcht/ws_moveit2/install/mtc_tutorial:/home/pcht/ws_moveit2/install/moveit_visual_tools:/home/pcht/ws_moveit2/install/moveit_task_constructor_visualization:/home/pcht/ws_moveit2/install/moveit_task_constructor_demo:/home/pcht/ws_moveit2/install/moveit_task_constructor_capabilities:/home/pcht/ws_moveit2/install/moveit_task_constructor_core:/home/pcht/ws_moveit2/install/moveit_ros_control_interface:/home/pcht/ws_moveit2/install/moveit_plugins:/home/pcht/ws_moveit2/install/moveit_simple_controller_manager:/home/pcht/ws_moveit2/install/moveit_setup_assistant:/home/pcht/ws_moveit2/install/moveit_setup_srdf_plugins:/home/pcht/ws_moveit2/install/moveit_setup_core_plugins:/home/pcht/ws_moveit2/install/moveit_setup_controllers:/home/pcht/ws_moveit2/install/moveit_setup_app_plugins:/home/pcht/ws_moveit2/install/moveit_setup_framework:/home/pcht/ws_moveit2/install/moveit_servo:/home/pcht/ws_moveit2/install/moveit_ros:/home/pcht/ws_moveit2/install/moveit_ros_visualization:/home/pcht/ws_moveit2/install/moveit_py:/home/pcht/ws_moveit2/install/moveit_hybrid_planning:/home/pcht/ws_moveit2/install/moveit_ros_planning_interface:/home/pcht/ws_moveit2/install/moveit_ros_benchmarks:/home/pcht/ws_moveit2/install/moveit_ros_warehouse:/home/pcht/ws_moveit2/install/moveit_ros_robot_interaction:/home/pcht/ws_moveit2/install/moveit_ros_perception:/home/pcht/ws_moveit2/install/moveit_resources_prbt_pg70_support:/home/pcht/ws_moveit2/install/moveit_resources_prbt_moveit_config:/home/pcht/ws_moveit2/install/moveit_ros_move_group:/home/pcht/ws_moveit2/install/moveit_planners_ompl:/home/pcht/ws_moveit2/install/moveit_ros_planning:/home/pcht/ws_moveit2/install/moveit_ros_occupancy_map_monitor:/home/pcht/ws_moveit2/install/moveit_resources_prbt_ikfast_manipulator_plugin:/home/pcht/ws_moveit2/install/moveit_planners_chomp:/home/pcht/ws_moveit2/install/moveit_kinematics:/home/pcht/ws_moveit2/install/moveit_chomp_optimizer_adapter:/home/pcht/ws_moveit2/install/chomp_motion_planner:/home/pcht/ws_moveit2/install/moveit_core:/home/pcht/ws_moveit2/install/srdfdom:/home/pcht/ws_moveit2/install/rviz_marker_tools:/home/pcht/ws_moveit2/install/rosparam_shortcuts:/home/pcht/ws_moveit2/install/moveit_task_constructor_msgs:/home/pcht/ws_moveit2/install/moveit_resources_prbt_support:/home/pcht/ws_moveit2/install/moveit_resources:/home/pcht/ws_moveit2/install/moveit_resources_pr2_description:/home/pcht/ws_moveit2/install/moveit_resources_panda_moveit_config:/home/pcht/ws_moveit2/install/moveit_resources_panda_description:/home/pcht/ws_moveit2/install/moveit_resources_fanuc_moveit_config:/home/pcht/ws_moveit2/install/moveit_resources_fanuc_description:/home/pcht/ws_moveit2/install/moveit_common:/home/pcht/ws_moveit2/install/moveit_configs_utils:/home/pcht/ws_moveit2/install/launch_param_builder:/opt/ros/humble LD_LIBRARY_PATH=/home/pcht/dev/comp0250_s26_labs/install/cw1_world_spawner/lib:${LD_LIBRARY_PATH} PYTHONPATH=/home/pcht/dev/comp0250_s26_labs/install/cw1_world_spawner/local/lib/python3.10/dist-packages:${PYTHONPATH} /usr/bin/cmake --install /home/pcht/dev/comp0250_s26_labs/build/cw1_team_x
[1.483s] Level 1:colcon.colcon_core.environment:create_environment_scripts_only(cw1_team_x)
[1.484s] Level 1:colcon.colcon_core.environment:checking '/home/pcht/dev/comp0250_s26_labs/install/cw1_team_x' for CMake module files
[1.484s] DEBUG:colcon.colcon_core.event_handler.log_command:Invoked command in '/home/pcht/dev/comp0250_s26_labs/build/cw1_team_x' returned '0': AMENT_PREFIX_PATH=/home/pcht/dev/comp0250_s26_labs/install/cw1_world_spawner:${AMENT_PREFIX_PATH} CMAKE_PREFIX_PATH=/home/pcht/dev/comp0250_s26_labs/install/cw1_world_spawner:/home/pcht/ws_moveit2/install/pilz_industrial_motion_planner_testutils:/home/pcht/ws_moveit2/install/moveit_runtime:/home/pcht/ws_moveit2/install/moveit2_tutorials:/home/pcht/ws_moveit2/install/moveit:/home/pcht/ws_moveit2/install/moveit_planners:/home/pcht/ws_moveit2/install/pilz_industrial_motion_planner:/home/pcht/ws_moveit2/install/mtc_tutorial:/home/pcht/ws_moveit2/install/moveit_visual_tools:/home/pcht/ws_moveit2/install/moveit_task_constructor_visualization:/home/pcht/ws_moveit2/install/moveit_task_constructor_demo:/home/pcht/ws_moveit2/install/moveit_task_constructor_capabilities:/home/pcht/ws_moveit2/install/moveit_task_constructor_core:/home/pcht/ws_moveit2/install/moveit_ros_control_interface:/home/pcht/ws_moveit2/install/moveit_plugins:/home/pcht/ws_moveit2/install/moveit_simple_controller_manager:/home/pcht/ws_moveit2/install/moveit_setup_assistant:/home/pcht/ws_moveit2/install/moveit_setup_srdf_plugins:/home/pcht/ws_moveit2/install/moveit_setup_core_plugins:/home/pcht/ws_moveit2/install/moveit_setup_controllers:/home/pcht/ws_moveit2/install/moveit_setup_app_plugins:/home/pcht/ws_moveit2/install/moveit_setup_framework:/home/pcht/ws_moveit2/install/moveit_servo:/home/pcht/ws_moveit2/install/moveit_ros:/home/pcht/ws_moveit2/install/moveit_ros_visualization:/home/pcht/ws_moveit2/install/moveit_py:/home/pcht/ws_moveit2/install/moveit_hybrid_planning:/home/pcht/ws_moveit2/install/moveit_ros_planning_interface:/home/pcht/ws_moveit2/install/moveit_ros_benchmarks:/home/pcht/ws_moveit2/install/moveit_ros_warehouse:/home/pcht/ws_moveit2/install/moveit_ros_robot_interaction:/home/pcht/ws_moveit2/install/moveit_ros_perception:/home/pcht/ws_moveit2/install/moveit_resources_prbt_pg70_support:/home/pcht/ws_moveit2/install/moveit_resources_prbt_moveit_config:/home/pcht/ws_moveit2/install/moveit_ros_move_group:/home/pcht/ws_moveit2/install/moveit_planners_ompl:/home/pcht/ws_moveit2/install/moveit_ros_planning:/home/pcht/ws_moveit2/install/moveit_ros_occupancy_map_monitor:/home/pcht/ws_moveit2/install/moveit_resources_prbt_ikfast_manipulator_plugin:/home/pcht/ws_moveit2/install/moveit_planners_chomp:/home/pcht/ws_moveit2/install/moveit_kinematics:/home/pcht/ws_moveit2/install/moveit_chomp_optimizer_adapter:/home/pcht/ws_moveit2/install/chomp_motion_planner:/home/pcht/ws_moveit2/install/moveit_core:/home/pcht/ws_moveit2/install/srdfdom:/home/pcht/ws_moveit2/install/rviz_marker_tools:/home/pcht/ws_moveit2/install/rosparam_shortcuts:/home/pcht/ws_moveit2/install/moveit_task_constructor_msgs:/home/pcht/ws_moveit2/install/moveit_resources_prbt_support:/home/pcht/ws_moveit2/install/moveit_resources:/home/pcht/ws_moveit2/install/moveit_resources_pr2_description:/home/pcht/ws_moveit2/install/moveit_resources_panda_moveit_config:/home/pcht/ws_moveit2/install/moveit_resources_panda_description:/home/pcht/ws_moveit2/install/moveit_resources_fanuc_moveit_config:/home/pcht/ws_moveit2/install/moveit_resources_fanuc_description:/home/pcht/ws_moveit2/install/moveit_common:/home/pcht/ws_moveit2/install/moveit_configs_utils:/home/pcht/ws_moveit2/install/launch_param_builder:/opt/ros/humble LD_LIBRARY_PATH=/home/pcht/dev/comp0250_s26_labs/install/cw1_world_spawner/lib:${LD_LIBRARY_PATH} PYTHONPATH=/home/pcht/dev/comp0250_s26_labs/install/cw1_world_spawner/local/lib/python3.10/dist-packages:${PYTHONPATH} /usr/bin/cmake --install /home/pcht/dev/comp0250_s26_labs/build/cw1_team_x
[1.484s] Level 1:colcon.colcon_core.environment:checking '/home/pcht/dev/comp0250_s26_labs/install/cw1_team_x' for CMake config files
[1.485s] Level 1:colcon.colcon_core.shell:create_environment_hook('cw1_team_x', 'cmake_prefix_path')
[1.485s] INFO:colcon.colcon_core.shell:Creating environment hook '/home/pcht/dev/comp0250_s26_labs/install/cw1_team_x/share/cw1_team_x/hook/cmake_prefix_path.ps1'
[1.485s] INFO:colcon.colcon_core.shell:Creating environment descriptor '/home/pcht/dev/comp0250_s26_labs/install/cw1_team_x/share/cw1_team_x/hook/cmake_prefix_path.dsv'
[1.486s] INFO:colcon.colcon_core.shell:Creating environment hook '/home/pcht/dev/comp0250_s26_labs/install/cw1_team_x/share/cw1_team_x/hook/cmake_prefix_path.sh'
[1.486s] Level 1:colcon.colcon_core.environment:checking '/home/pcht/dev/comp0250_s26_labs/install/cw1_team_x/lib'
[1.486s] Level 1:colcon.colcon_core.shell:create_environment_hook('cw1_team_x', 'ld_library_path_lib')
[1.486s] INFO:colcon.colcon_core.shell:Creating environment hook '/home/pcht/dev/comp0250_s26_labs/install/cw1_team_x/share/cw1_team_x/hook/ld_library_path_lib.ps1'
[1.487s] INFO:colcon.colcon_core.shell:Creating environment descriptor '/home/pcht/dev/comp0250_s26_labs/install/cw1_team_x/share/cw1_team_x/hook/ld_library_path_lib.dsv'
[1.487s] INFO:colcon.colcon_core.shell:Creating environment hook '/home/pcht/dev/comp0250_s26_labs/install/cw1_team_x/share/cw1_team_x/hook/ld_library_path_lib.sh'
[1.487s] Level 1:colcon.colcon_core.environment:checking '/home/pcht/dev/comp0250_s26_labs/install/cw1_team_x/bin'
[1.487s] Level 1:colcon.colcon_core.environment:checking '/home/pcht/dev/comp0250_s26_labs/install/cw1_team_x/lib/pkgconfig/cw1_team_x.pc'
[1.487s] Level 1:colcon.colcon_core.environment:checking '/home/pcht/dev/comp0250_s26_labs/install/cw1_team_x/lib/python3.10/site-packages'
[1.488s] Level 1:colcon.colcon_core.environment:checking '/home/pcht/dev/comp0250_s26_labs/install/cw1_team_x/bin'
[1.488s] INFO:colcon.colcon_core.shell:Creating package script '/home/pcht/dev/comp0250_s26_labs/install/cw1_team_x/share/cw1_team_x/package.ps1'
[1.488s] INFO:colcon.colcon_core.shell:Creating package descriptor '/home/pcht/dev/comp0250_s26_labs/install/cw1_team_x/share/cw1_team_x/package.dsv'
[1.489s] INFO:colcon.colcon_core.shell:Creating package script '/home/pcht/dev/comp0250_s26_labs/install/cw1_team_x/share/cw1_team_x/package.sh'
[1.489s] INFO:colcon.colcon_core.shell:Creating package script '/home/pcht/dev/comp0250_s26_labs/install/cw1_team_x/share/cw1_team_x/package.bash'
[1.489s] INFO:colcon.colcon_core.shell:Creating package script '/home/pcht/dev/comp0250_s26_labs/install/cw1_team_x/share/cw1_team_x/package.zsh'
[1.490s] Level 1:colcon.colcon_core.environment:create_file_with_runtime_dependencies(/home/pcht/dev/comp0250_s26_labs/install/cw1_team_x/share/colcon-core/packages/cw1_team_x)
[1.491s] Level 1:colcon.colcon_core.environment:create_environment_scripts_only(cw1_team_x)
[1.491s] Level 1:colcon.colcon_core.environment:checking '/home/pcht/dev/comp0250_s26_labs/install/cw1_team_x' for CMake module files
[1.491s] Level 1:colcon.colcon_core.environment:checking '/home/pcht/dev/comp0250_s26_labs/install/cw1_team_x' for CMake config files
[1.492s] Level 1:colcon.colcon_core.shell:create_environment_hook('cw1_team_x', 'cmake_prefix_path')
[1.492s] INFO:colcon.colcon_core.shell:Creating environment hook '/home/pcht/dev/comp0250_s26_labs/install/cw1_team_x/share/cw1_team_x/hook/cmake_prefix_path.ps1'
[1.492s] INFO:colcon.colcon_core.shell:Creating environment descriptor '/home/pcht/dev/comp0250_s26_labs/install/cw1_team_x/share/cw1_team_x/hook/cmake_prefix_path.dsv'
[1.492s] INFO:colcon.colcon_core.shell:Creating environment hook '/home/pcht/dev/comp0250_s26_labs/install/cw1_team_x/share/cw1_team_x/hook/cmake_prefix_path.sh'
[1.493s] Level 1:colcon.colcon_core.environment:checking '/home/pcht/dev/comp0250_s26_labs/install/cw1_team_x/lib'
[1.493s] Level 1:colcon.colcon_core.shell:create_environment_hook('cw1_team_x', 'ld_library_path_lib')
[1.493s] INFO:colcon.colcon_core.shell:Creating environment hook '/home/pcht/dev/comp0250_s26_labs/install/cw1_team_x/share/cw1_team_x/hook/ld_library_path_lib.ps1'
[1.493s] INFO:colcon.colcon_core.shell:Creating environment descriptor '/home/pcht/dev/comp0250_s26_labs/install/cw1_team_x/share/cw1_team_x/hook/ld_library_path_lib.dsv'
[1.493s] INFO:colcon.colcon_core.shell:Creating environment hook '/home/pcht/dev/comp0250_s26_labs/install/cw1_team_x/share/cw1_team_x/hook/ld_library_path_lib.sh'
[1.494s] Level 1:colcon.colcon_core.environment:checking '/home/pcht/dev/comp0250_s26_labs/install/cw1_team_x/bin'
[1.494s] Level 1:colcon.colcon_core.environment:checking '/home/pcht/dev/comp0250_s26_labs/install/cw1_team_x/lib/pkgconfig/cw1_team_x.pc'
[1.494s] Level 1:colcon.colcon_core.environment:checking '/home/pcht/dev/comp0250_s26_labs/install/cw1_team_x/lib/python3.10/site-packages'
[1.494s] Level 1:colcon.colcon_core.environment:checking '/home/pcht/dev/comp0250_s26_labs/install/cw1_team_x/bin'
[1.494s] INFO:colcon.colcon_core.shell:Creating package script '/home/pcht/dev/comp0250_s26_labs/install/cw1_team_x/share/cw1_team_x/package.ps1'
[1.495s] INFO:colcon.colcon_core.shell:Creating package descriptor '/home/pcht/dev/comp0250_s26_labs/install/cw1_team_x/share/cw1_team_x/package.dsv'
[1.495s] INFO:colcon.colcon_core.shell:Creating package script '/home/pcht/dev/comp0250_s26_labs/install/cw1_team_x/share/cw1_team_x/package.sh'
[1.496s] INFO:colcon.colcon_core.shell:Creating package script '/home/pcht/dev/comp0250_s26_labs/install/cw1_team_x/share/cw1_team_x/package.bash'
[1.496s] INFO:colcon.colcon_core.shell:Creating package script '/home/pcht/dev/comp0250_s26_labs/install/cw1_team_x/share/cw1_team_x/package.zsh'
[1.496s] Level 1:colcon.colcon_core.environment:create_file_with_runtime_dependencies(/home/pcht/dev/comp0250_s26_labs/install/cw1_team_x/share/colcon-core/packages/cw1_team_x)
[55.834s] DEBUG:colcon.colcon_core.event_handler.log_command:Invoked command in '/home/pcht/dev/comp0250_s26_labs/build/realsense_gazebo_plugin' returned '1': CMAKE_PREFIX_PATH=${CMAKE_PREFIX_PATH}:/home/pcht/ws_moveit2/install/moveit_configs_utils:/home/pcht/ws_moveit2/install/launch_param_builder:/opt/ros/humble /usr/bin/cmake /home/pcht/dev/comp0250_s26_labs/courseworks/realsense_gazebo_plugin -DCMAKE_BUILD_TYPE=Release -DCMAKE_INSTALL_PREFIX=/home/pcht/dev/comp0250_s26_labs/install/realsense_gazebo_plugin
[55.848s] Level 1:colcon.colcon_core.environment:create_environment_scripts_only(realsense_gazebo_plugin)
[55.849s] Level 1:colcon.colcon_core.environment:checking '/home/pcht/dev/comp0250_s26_labs/install/realsense_gazebo_plugin' for CMake module files
[55.849s] Level 1:colcon.colcon_core.environment:checking '/home/pcht/dev/comp0250_s26_labs/install/realsense_gazebo_plugin' for CMake config files
[55.849s] Level 1:colcon.colcon_core.environment:checking '/home/pcht/dev/comp0250_s26_labs/install/realsense_gazebo_plugin/bin'
[55.849s] Level 1:colcon.colcon_core.environment:checking '/home/pcht/dev/comp0250_s26_labs/install/realsense_gazebo_plugin/lib/pkgconfig/realsense_gazebo_plugin.pc'
[55.850s] Level 1:colcon.colcon_core.environment:checking '/home/pcht/dev/comp0250_s26_labs/install/realsense_gazebo_plugin/lib/python3.10/site-packages'
[55.850s] Level 1:colcon.colcon_core.environment:checking '/home/pcht/dev/comp0250_s26_labs/install/realsense_gazebo_plugin/bin'
[55.850s] INFO:colcon.colcon_core.shell:Creating package script '/home/pcht/dev/comp0250_s26_labs/install/realsense_gazebo_plugin/share/realsense_gazebo_plugin/package.ps1'
[55.850s] INFO:colcon.colcon_core.shell:Creating package descriptor '/home/pcht/dev/comp0250_s26_labs/install/realsense_gazebo_plugin/share/realsense_gazebo_plugin/package.dsv'
[55.851s] INFO:colcon.colcon_core.shell:Creating package script '/home/pcht/dev/comp0250_s26_labs/install/realsense_gazebo_plugin/share/realsense_gazebo_plugin/package.sh'
[55.851s] INFO:colcon.colcon_core.shell:Creating package script '/home/pcht/dev/comp0250_s26_labs/install/realsense_gazebo_plugin/share/realsense_gazebo_plugin/package.bash'
[55.851s] INFO:colcon.colcon_core.shell:Creating package script '/home/pcht/dev/comp0250_s26_labs/install/realsense_gazebo_plugin/share/realsense_gazebo_plugin/package.zsh'
[55.852s] Level 1:colcon.colcon_core.environment:create_file_with_runtime_dependencies(/home/pcht/dev/comp0250_s26_labs/install/realsense_gazebo_plugin/share/colcon-core/packages/realsense_gazebo_plugin)
[55.862s] DEBUG:colcon.colcon_parallel_executor.executor.parallel:closing loop
[55.862s] DEBUG:colcon.colcon_parallel_executor.executor.parallel:loop closed
[55.862s] DEBUG:colcon.colcon_parallel_executor.executor.parallel:run_until_complete finished with '1'
[55.862s] DEBUG:colcon.colcon_core.event_reactor:joining thread
[55.912s] INFO:colcon.colcon_core.plugin_system:Skipping extension 'colcon_notification.desktop_notification.notify_send': Could not find 'notify-send'
[55.912s] INFO:colcon.colcon_core.plugin_system:Skipping extension 'colcon_notification.desktop_notification.terminal_notifier': Not used on non-Darwin systems
[55.912s] INFO:colcon.colcon_core.plugin_system:Skipping extension 'colcon_notification.desktop_notification.win32': Not used on non-Windows systems
[55.912s] INFO:colcon.colcon_notification.desktop_notification:Sending desktop notification using 'notify2'
[55.919s] DEBUG:colcon.colcon_notification.desktop_notification.notify2:Failed to initialize notify2: org.freedesktop.DBus.Error.ServiceUnknown: The name org.freedesktop.Notifications was not provided by any .service files
[55.919s] DEBUG:colcon.colcon_core.event_reactor:joined thread
[55.920s] INFO:colcon.colcon_core.shell:Creating prefix script '/home/pcht/dev/comp0250_s26_labs/install/local_setup.ps1'
[55.921s] INFO:colcon.colcon_core.shell:Creating prefix util module '/home/pcht/dev/comp0250_s26_labs/install/_local_setup_util_ps1.py'
[55.922s] INFO:colcon.colcon_core.shell:Creating prefix chain script '/home/pcht/dev/comp0250_s26_labs/install/setup.ps1'
[55.924s] INFO:colcon.colcon_core.shell:Creating prefix script '/home/pcht/dev/comp0250_s26_labs/install/local_setup.sh'
[55.925s] INFO:colcon.colcon_core.shell:Creating prefix util module '/home/pcht/dev/comp0250_s26_labs/install/_local_setup_util_sh.py'
[55.925s] INFO:colcon.colcon_core.shell:Creating prefix chain script '/home/pcht/dev/comp0250_s26_labs/install/setup.sh'
[55.927s] INFO:colcon.colcon_core.shell:Creating prefix script '/home/pcht/dev/comp0250_s26_labs/install/local_setup.bash'
[55.927s] INFO:colcon.colcon_core.shell:Creating prefix chain script '/home/pcht/dev/comp0250_s26_labs/install/setup.bash'
[55.929s] INFO:colcon.colcon_core.shell:Creating prefix script '/home/pcht/dev/comp0250_s26_labs/install/local_setup.zsh'
[55.930s] INFO:colcon.colcon_core.shell:Creating prefix chain script '/home/pcht/dev/comp0250_s26_labs/install/setup.zsh'
