[0.172s] Invoking command in '/home/pcht/dev/comp0250_s26_labs/build/cw1_team_x': AMENT_PREFIX_PATH=/home/pcht/dev/comp0250_s26_labs/install/cw1_world_spawner:${AMENT_PREFIX_PATH} CMAKE_PREFIX_PATH=/home/pcht/dev/comp0250_s26_labs/install/cw1_world_spawner:/home/pcht/ws_moveit2/install/pilz_industrial_motion_planner_testutils:/home/pcht/ws_moveit2/install/moveit_runtime:/home/pcht/ws_moveit2/install/moveit2_tutorials:/home/pcht/ws_moveit2/install/moveit:/home/pcht/ws_moveit2/install/moveit_planners:/home/pcht/ws_moveit2/install/pilz_industrial_motion_planner:/home/pcht/ws_moveit2/install/mtc_tutorial:/home/pcht/ws_moveit2/install/moveit_visual_tools:/home/pcht/ws_moveit2/install/moveit_task_constructor_visualization:/home/pcht/ws_moveit2/install/moveit_task_constructor_demo:/home/pcht/ws_moveit2/install/moveit_task_constructor_capabilities:/home/pcht/ws_moveit2/install/moveit_task_constructor_core:/home/pcht/ws_moveit2/install/moveit_ros_control_interface:/home/pcht/ws_moveit2/install/moveit_plugins:/home/pcht/ws_moveit2/install/moveit_simple_controller_manager:/home/pcht/ws_moveit2/install/moveit_setup_assistant:/home/pcht/ws_moveit2/install/moveit_setup_srdf_plugins:/home/pcht/ws_moveit2/install/moveit_setup_core_plugins:/home/pcht/ws_moveit2/install/moveit_setup_controllers:/home/pcht/ws_moveit2/install/moveit_setup_app_plugins:/home/pcht/ws_moveit2/install/moveit_setup_framework:/home/pcht/ws_moveit2/install/moveit_servo:/home/pcht/ws_moveit2/install/moveit_ros:/home/pcht/ws_moveit2/install/moveit_ros_visualization:/home/pcht/ws_moveit2/install/moveit_py:/home/pcht/ws_moveit2/install/moveit_hybrid_planning:/home/pcht/ws_moveit2/install/moveit_ros_planning_interface:/home/pcht/ws_moveit2/install/moveit_ros_benchmarks:/home/pcht/ws_moveit2/install/moveit_ros_warehouse:/home/pcht/ws_moveit2/install/moveit_ros_robot_interaction:/home/pcht/ws_moveit2/install/moveit_ros_perception:/home/pcht/ws_moveit2/install/moveit_resources_prbt_pg70_support:/home/pcht/ws_moveit2/install/moveit_resources_prbt_moveit_config:/home/pcht/ws_moveit2/install/moveit_ros_move_group:/home/pcht/ws_moveit2/install/moveit_planners_ompl:/home/pcht/ws_moveit2/install/moveit_ros_planning:/home/pcht/ws_moveit2/install/moveit_ros_occupancy_map_monitor:/home/pcht/ws_moveit2/install/moveit_resources_prbt_ikfast_manipulator_plugin:/home/pcht/ws_moveit2/install/moveit_planners_chomp:/home/pcht/ws_moveit2/install/moveit_kinematics:/home/pcht/ws_moveit2/install/moveit_chomp_optimizer_adapter:/home/pcht/ws_moveit2/install/chomp_motion_planner:/home/pcht/ws_moveit2/install/moveit_core:/home/pcht/ws_moveit2/install/srdfdom:/home/pcht/ws_moveit2/install/rviz_marker_tools:/home/pcht/ws_moveit2/install/rosparam_shortcuts:/home/pcht/ws_moveit2/install/moveit_task_constructor_msgs:/home/pcht/ws_moveit2/install/moveit_resources_prbt_support:/home/pcht/ws_moveit2/install/moveit_resources:/home/pcht/ws_moveit2/install/moveit_resources_pr2_description:/home/pcht/ws_moveit2/install/moveit_resources_panda_moveit_config:/home/pcht/ws_moveit2/install/moveit_resources_panda_description:/home/pcht/ws_moveit2/install/moveit_resources_fanuc_moveit_config:/home/pcht/ws_moveit2/install/moveit_resources_fanuc_description:/home/pcht/ws_moveit2/install/moveit_common:/home/pcht/ws_moveit2/install/moveit_configs_utils:/home/pcht/ws_moveit2/install/launch_param_builder:/opt/ros/humble LD_LIBRARY_PATH=/home/pcht/dev/comp0250_s26_labs/install/cw1_world_spawner/lib:${LD_LIBRARY_PATH} PYTHONPATH=/home/pcht/dev/comp0250_s26_labs/install/cw1_world_spawner/local/lib/python3.10/dist-packages:${PYTHONPATH} /usr/bin/cmake /home/pcht/dev/comp0250_s26_labs/courseworks/cw1_team_x -DCMAKE_BUILD_TYPE=Release -DCMAKE_INSTALL_PREFIX=/home/pcht/dev/comp0250_s26_labs/install/cw1_team_x
[0.408s] -- The C compiler identification is GNU 11.4.0
[1.055s] -- The CXX compiler identification is GNU 11.4.0
[1.476s] -- Detecting C compiler ABI info
[1.690s] -- Detecting C compiler ABI info - done
[1.695s] -- Check for working C compiler: /usr/bin/cc - skipped
[1.695s] -- Detecting C compile features
[1.695s] -- Detecting C compile features - done
[1.697s] -- Detecting CXX compiler ABI info
[1.922s] -- Detecting CXX compiler ABI info - done
[1.927s] -- Check for working CXX compiler: /usr/bin/c++ - skipped
[1.927s] -- Detecting CXX compile features
[1.927s] -- Detecting CXX compile features - done
[1.933s] -- Found ament_cmake: 1.3.12 (/opt/ros/humble/share/ament_cmake/cmake)
[2.076s] -- Found Python3: /usr/bin/python3 (found version "3.10.12") found components: Interpreter 
[2.197s] -- Found rosidl_default_generators: 1.2.0 (/opt/ros/humble/share/rosidl_default_generators/cmake)
[2.208s] -- Using all available rosidl_typesupport_c: rosidl_typesupport_fastrtps_c;rosidl_typesupport_introspection_c
[2.223s] -- Found rosidl_adapter: 3.1.8 (/opt/ros/humble/share/rosidl_adapter/cmake)
[2.700s] -- Using all available rosidl_typesupport_cpp: rosidl_typesupport_fastrtps_cpp;rosidl_typesupport_introspection_cpp
[2.748s] -- Found rclcpp: 16.0.17 (/opt/ros/humble/share/rclcpp/cmake)
[2.829s] -- Found rmw_implementation_cmake: 6.1.2 (/opt/ros/humble/share/rmw_implementation_cmake/cmake)
[2.837s] -- Found rmw_fastrtps_cpp: 6.2.9 (/opt/ros/humble/share/rmw_fastrtps_cpp/cmake)
[6.262s] -- Found OpenSSL: /usr/lib/x86_64-linux-gnu/libcrypto.so (found version "3.0.2")  
[9.742s] -- Found FastRTPS: /opt/ros/humble/include  
[15.874s] -- Using RMW implementation 'rmw_fastrtps_cpp' as default
[15.890s] -- Looking for pthread.h
[16.107s] -- Looking for pthread.h - found
[16.107s] -- Performing Test CMAKE_HAVE_LIBC_PTHREAD
[16.321s] -- Performing Test CMAKE_HAVE_LIBC_PTHREAD - Success
[16.322s] -- Found Threads: TRUE  
[16.391s] -- Found geometry_msgs: 4.9.0 (/opt/ros/humble/share/geometry_msgs/cmake)
[16.409s] -- Found sensor_msgs: 4.9.0 (/opt/ros/humble/share/sensor_msgs/cmake)
[16.436s] -- Found moveit_core: 2.5.9 (/home/pcht/ws_moveit2/install/moveit_core/share/moveit_core/cmake)
[16.514s] -- Found Boost: /usr/lib/x86_64-linux-gnu/cmake/Boost-1.74.0/BoostConfig.cmake (found version "1.74.0") found components: chrono date_time filesystem iostreams program_options regex serialization system thread 
[18.253s] -- Found parameter_traits: 0.6.0 (/opt/ros/humble/share/parameter_traits/cmake)
[18.281s] -- Found rclcpp_lifecycle: 16.0.17 (/opt/ros/humble/share/rclcpp_lifecycle/cmake)
[18.321s] -- Found Boost: /usr/lib/x86_64-linux-gnu/cmake/Boost-1.74.0/BoostConfig.cmake (found version "1.74.0") found components: filesystem 
[21.553s] -- library: /usr/lib/x86_64-linux-gnu/libcurl.so
[21.693s] -- Found Eigen3: TRUE (found version "3.4.0") 
[21.693s] -- Ensuring Eigen3 include directory is part of orocos-kdl CMake target
[25.053s] -- Found moveit_ros_planning_interface: 2.5.9 (/home/pcht/ws_moveit2/install/moveit_ros_planning_interface/share/moveit_ros_planning_interface/cmake)
[25.058s] -- Found Boost: /usr/lib/x86_64-linux-gnu/cmake/Boost-1.74.0/BoostConfig.cmake (found version "1.74.0") found components: date_time filesystem program_options system thread 
[25.073s] -- Found Boost: /usr/lib/x86_64-linux-gnu/cmake/Boost-1.74.0/BoostConfig.cmake (found version "1.74.0") found components: system filesystem date_time program_options thread chrono 
[25.108s] -- Found Boost: /usr/lib/x86_64-linux-gnu/cmake/Boost-1.74.0/BoostConfig.cmake (found version "1.74.0") found components: thread system filesystem regex date_time program_options 
[25.135s] -- Found Boost: /usr/lib/x86_64-linux-gnu/cmake/Boost-1.74.0/BoostConfig.cmake (found version "1.74.0") found components: system filesystem date_time program_options thread 
[25.173s] -- Found pcl_ros: 2.4.5 (/opt/ros/humble/share/pcl_ros/cmake)
[25.222s] -- Checking for module 'eigen3'
[25.241s] --   Found eigen3, version 3.4.0
[25.285s] -- Found Eigen: /usr/include/eigen3 (Required is at least version "3.1") 
[25.285s] -- Eigen found (include: /usr/include/eigen3, version: 3.4.0)
[28.180s] -- Checking for module 'flann'
[28.201s] --   Found flann, version 1.9.1
[28.636s] -- Found FLANN: /usr/lib/x86_64-linux-gnu/libflann_cpp.so  
[28.636s] -- FLANN found (include: /usr/include, lib: /usr/lib/x86_64-linux-gnu/libflann_cpp.so)
[35.268s] -- Checking for module 'libusb-1.0'
[35.290s] --   Found libusb-1.0, version 1.0.25
[35.431s] -- Found libusb: /usr/lib/x86_64-linux-gnu/libusb-1.0.so  
[35.432s] -- OpenNI found (version: 1.5.4.0, include: /usr/include/ni, lib: /usr/lib/libOpenNI.so;libusb::libusb)
[35.691s] -- OpenNI2 found (version: 2.2.0.33, include: /usr/include/openni2, lib: /usr/lib/x86_64-linux-gnu/libOpenNI2.so;libusb::libusb)
[38.308s] -- Eigen found (include: /usr/include/eigen3, version: 3.4.0)
[38.315s] -- OpenNI found (version: 1.5.4.0, include: /usr/include/ni, lib: /usr/lib/libOpenNI.so;libusb::libusb)
[38.321s] -- OpenNI2 found (version: 2.2.0.33, include: /usr/include/openni2, lib: /usr/lib/x86_64-linux-gnu/libOpenNI2.so;libusb::libusb)
[40.970s] -- Found Qhull version 8.0.2
[43.730s] -- OpenNI found (version: 1.5.4.0, include: /usr/include/ni, lib: /usr/lib/libOpenNI.so;libusb::libusb)
[46.411s] -- Found PCL_COMMON: /usr/lib/x86_64-linux-gnu/libpcl_common.so  
[46.412s] -- Found PCL_KDTREE: /usr/lib/x86_64-linux-gnu/libpcl_kdtree.so  
[46.412s] -- Found PCL_OCTREE: /usr/lib/x86_64-linux-gnu/libpcl_octree.so  
[46.413s] -- Found PCL_SEARCH: /usr/lib/x86_64-linux-gnu/libpcl_search.so  
[46.414s] -- Found PCL_SAMPLE_CONSENSUS: /usr/lib/x86_64-linux-gnu/libpcl_sample_consensus.so  
[46.414s] -- Found PCL_FILTERS: /usr/lib/x86_64-linux-gnu/libpcl_filters.so  
[46.415s] -- Found PCL_2D: /usr/include/pcl-1.12  
[46.415s] -- Found PCL_GEOMETRY: /usr/include/pcl-1.12  
[46.416s] -- Found PCL_IO: /usr/lib/x86_64-linux-gnu/libpcl_io.so  
[46.416s] -- Found PCL_FEATURES: /usr/lib/x86_64-linux-gnu/libpcl_features.so  
[46.417s] -- Found PCL_ML: /usr/lib/x86_64-linux-gnu/libpcl_ml.so  
[46.418s] -- Found PCL_SEGMENTATION: /usr/lib/x86_64-linux-gnu/libpcl_segmentation.so  
[46.418s] -- Found PCL_VISUALIZATION: /usr/lib/x86_64-linux-gnu/libpcl_visualization.so  
[46.419s] -- Found PCL_SURFACE: /usr/lib/x86_64-linux-gnu/libpcl_surface.so  
[46.420s] -- Found PCL_REGISTRATION: /usr/lib/x86_64-linux-gnu/libpcl_registration.so  
[46.421s] -- Found PCL_KEYPOINTS: /usr/lib/x86_64-linux-gnu/libpcl_keypoints.so  
[46.421s] -- Found PCL_TRACKING: /usr/lib/x86_64-linux-gnu/libpcl_tracking.so  
[46.422s] -- Found PCL_RECOGNITION: /usr/lib/x86_64-linux-gnu/libpcl_recognition.so  
[46.423s] -- Found PCL_STEREO: /usr/lib/x86_64-linux-gnu/libpcl_stereo.so  
[46.423s] -- Found PCL_APPS: /usr/lib/x86_64-linux-gnu/libpcl_apps.so  
[46.424s] -- Found PCL_IN_HAND_SCANNER: /usr/include/pcl-1.12  
[46.424s] -- Found PCL_MODELER: /usr/include/pcl-1.12  
[46.428s] -- Found PCL_POINT_CLOUD_EDITOR: /usr/include/pcl-1.12  
[46.429s] -- Found PCL_OUTOFCORE: /usr/lib/x86_64-linux-gnu/libpcl_outofcore.so  
[46.429s] -- Found PCL_PEOPLE: /usr/lib/x86_64-linux-gnu/libpcl_people.so  
[46.446s] -- Found cw1_world_spawner: 0.1.0 (/home/pcht/dev/comp0250_s26_labs/install/cw1_world_spawner/share/cw1_world_spawner/cmake)
[46.710s] -- Found ament_cmake_ros: 0.10.0 (/opt/ros/humble/share/ament_cmake_ros/cmake)
[46.940s] -- Using all available rosidl_typesupport_c: rosidl_typesupport_fastrtps_c;rosidl_typesupport_introspection_c
[47.217s] -- Using all available rosidl_typesupport_cpp: rosidl_typesupport_fastrtps_cpp;rosidl_typesupport_introspection_cpp
[47.390s] -- Found PythonInterp: /usr/bin/python3 (found suitable version "3.10.12", minimum required is "3.6") 
[47.395s] -- Found python_cmake_module: 0.10.0 (/opt/ros/humble/share/python_cmake_module/cmake)
[47.946s] -- Found PythonLibs: /usr/lib/x86_64-linux-gnu/libpython3.10.so (found suitable version "3.10.12", minimum required is "3.5") 
[47.946s] -- Using PYTHON_EXECUTABLE: /usr/bin/python3
[47.946s] -- Using PYTHON_INCLUDE_DIRS: /usr/include/python3.10
[47.946s] -- Using PYTHON_LIBRARIES: /usr/lib/x86_64-linux-gnu/libpython3.10.so
[47.966s] -- Found PythonExtra: .so  
[48.196s] -- Found ament_lint_auto: 0.12.14 (/opt/ros/humble/share/ament_lint_auto/cmake)
[48.238s] -- Added test 'cppcheck' to perform static code analysis on C / C++ code
[48.240s] -- Configured cppcheck include dirs: /home/pcht/dev/comp0250_s26_labs/courseworks/cw1_team_x/include
[48.240s] -- Configured cppcheck exclude dirs and/or files: 
[48.241s] -- Added test 'flake8' to check Python code syntax and style conventions
[48.242s] -- Added test 'lint_cmake' to check CMake code style
[48.244s] -- Added test 'pep257' to check Python code against some of the docstring style conventions in PEP 257
[48.245s] -- Added test 'uncrustify' to check C / C++ code style
[48.245s] -- Configured uncrustify additional arguments: 
[48.246s] -- Added test 'xmllint' to check XML markup files
[48.250s] -- Configuring done
[48.438s] -- Generating done
[48.468s] -- Build files have been written to: /home/pcht/dev/comp0250_s26_labs/build/cw1_team_x
[48.493s] Invoked command in '/home/pcht/dev/comp0250_s26_labs/build/cw1_team_x' returned '0': AMENT_PREFIX_PATH=/home/pcht/dev/comp0250_s26_labs/install/cw1_world_spawner:${AMENT_PREFIX_PATH} CMAKE_PREFIX_PATH=/home/pcht/dev/comp0250_s26_labs/install/cw1_world_spawner:/home/pcht/ws_moveit2/install/pilz_industrial_motion_planner_testutils:/home/pcht/ws_moveit2/install/moveit_runtime:/home/pcht/ws_moveit2/install/moveit2_tutorials:/home/pcht/ws_moveit2/install/moveit:/home/pcht/ws_moveit2/install/moveit_planners:/home/pcht/ws_moveit2/install/pilz_industrial_motion_planner:/home/pcht/ws_moveit2/install/mtc_tutorial:/home/pcht/ws_moveit2/install/moveit_visual_tools:/home/pcht/ws_moveit2/install/moveit_task_constructor_visualization:/home/pcht/ws_moveit2/install/moveit_task_constructor_demo:/home/pcht/ws_moveit2/install/moveit_task_constructor_capabilities:/home/pcht/ws_moveit2/install/moveit_task_constructor_core:/home/pcht/ws_moveit2/install/moveit_ros_control_interface:/home/pcht/ws_moveit2/install/moveit_plugins:/home/pcht/ws_moveit2/install/moveit_simple_controller_manager:/home/pcht/ws_moveit2/install/moveit_setup_assistant:/home/pcht/ws_moveit2/install/moveit_setup_srdf_plugins:/home/pcht/ws_moveit2/install/moveit_setup_core_plugins:/home/pcht/ws_moveit2/install/moveit_setup_controllers:/home/pcht/ws_moveit2/install/moveit_setup_app_plugins:/home/pcht/ws_moveit2/install/moveit_setup_framework:/home/pcht/ws_moveit2/install/moveit_servo:/home/pcht/ws_moveit2/install/moveit_ros:/home/pcht/ws_moveit2/install/moveit_ros_visualization:/home/pcht/ws_moveit2/install/moveit_py:/home/pcht/ws_moveit2/install/moveit_hybrid_planning:/home/pcht/ws_moveit2/install/moveit_ros_planning_interface:/home/pcht/ws_moveit2/install/moveit_ros_benchmarks:/home/pcht/ws_moveit2/install/moveit_ros_warehouse:/home/pcht/ws_moveit2/install/moveit_ros_robot_interaction:/home/pcht/ws_moveit2/install/moveit_ros_perception:/home/pcht/ws_moveit2/install/moveit_resources_prbt_pg70_support:/home/pcht/ws_moveit2/install/moveit_resources_prbt_moveit_config:/home/pcht/ws_moveit2/install/moveit_ros_move_group:/home/pcht/ws_moveit2/install/moveit_planners_ompl:/home/pcht/ws_moveit2/install/moveit_ros_planning:/home/pcht/ws_moveit2/install/moveit_ros_occupancy_map_monitor:/home/pcht/ws_moveit2/install/moveit_resources_prbt_ikfast_manipulator_plugin:/home/pcht/ws_moveit2/install/moveit_planners_chomp:/home/pcht/ws_moveit2/install/moveit_kinematics:/home/pcht/ws_moveit2/install/moveit_chomp_optimizer_adapter:/home/pcht/ws_moveit2/install/chomp_motion_planner:/home/pcht/ws_moveit2/install/moveit_core:/home/pcht/ws_moveit2/install/srdfdom:/home/pcht/ws_moveit2/install/rviz_marker_tools:/home/pcht/ws_moveit2/install/rosparam_shortcuts:/home/pcht/ws_moveit2/install/moveit_task_constructor_msgs:/home/pcht/ws_moveit2/install/moveit_resources_prbt_support:/home/pcht/ws_moveit2/install/moveit_resources:/home/pcht/ws_moveit2/install/moveit_resources_pr2_description:/home/pcht/ws_moveit2/install/moveit_resources_panda_moveit_config:/home/pcht/ws_moveit2/install/moveit_resources_panda_description:/home/pcht/ws_moveit2/install/moveit_resources_fanuc_moveit_config:/home/pcht/ws_moveit2/install/moveit_resources_fanuc_description:/home/pcht/ws_moveit2/install/moveit_common:/home/pcht/ws_moveit2/install/moveit_configs_utils:/home/pcht/ws_moveit2/install/launch_param_builder:/opt/ros/humble LD_LIBRARY_PATH=/home/pcht/dev/comp0250_s26_labs/install/cw1_world_spawner/lib:${LD_LIBRARY_PATH} PYTHONPATH=/home/pcht/dev/comp0250_s26_labs/install/cw1_world_spawner/local/lib/python3.10/dist-packages:${PYTHONPATH} /usr/bin/cmake /home/pcht/dev/comp0250_s26_labs/courseworks/cw1_team_x -DCMAKE_BUILD_TYPE=Release -DCMAKE_INSTALL_PREFIX=/home/pcht/dev/comp0250_s26_labs/install/cw1_team_x
[48.495s] Invoking command in '/home/pcht/dev/comp0250_s26_labs/build/cw1_team_x': AMENT_PREFIX_PATH=/home/pcht/dev/comp0250_s26_labs/install/cw1_world_spawner:${AMENT_PREFIX_PATH} CMAKE_PREFIX_PATH=/home/pcht/dev/comp0250_s26_labs/install/cw1_world_spawner:/home/pcht/ws_moveit2/install/pilz_industrial_motion_planner_testutils:/home/pcht/ws_moveit2/install/moveit_runtime:/home/pcht/ws_moveit2/install/moveit2_tutorials:/home/pcht/ws_moveit2/install/moveit:/home/pcht/ws_moveit2/install/moveit_planners:/home/pcht/ws_moveit2/install/pilz_industrial_motion_planner:/home/pcht/ws_moveit2/install/mtc_tutorial:/home/pcht/ws_moveit2/install/moveit_visual_tools:/home/pcht/ws_moveit2/install/moveit_task_constructor_visualization:/home/pcht/ws_moveit2/install/moveit_task_constructor_demo:/home/pcht/ws_moveit2/install/moveit_task_constructor_capabilities:/home/pcht/ws_moveit2/install/moveit_task_constructor_core:/home/pcht/ws_moveit2/install/moveit_ros_control_interface:/home/pcht/ws_moveit2/install/moveit_plugins:/home/pcht/ws_moveit2/install/moveit_simple_controller_manager:/home/pcht/ws_moveit2/install/moveit_setup_assistant:/home/pcht/ws_moveit2/install/moveit_setup_srdf_plugins:/home/pcht/ws_moveit2/install/moveit_setup_core_plugins:/home/pcht/ws_moveit2/install/moveit_setup_controllers:/home/pcht/ws_moveit2/install/moveit_setup_app_plugins:/home/pcht/ws_moveit2/install/moveit_setup_framework:/home/pcht/ws_moveit2/install/moveit_servo:/home/pcht/ws_moveit2/install/moveit_ros:/home/pcht/ws_moveit2/install/moveit_ros_visualization:/home/pcht/ws_moveit2/install/moveit_py:/home/pcht/ws_moveit2/install/moveit_hybrid_planning:/home/pcht/ws_moveit2/install/moveit_ros_planning_interface:/home/pcht/ws_moveit2/install/moveit_ros_benchmarks:/home/pcht/ws_moveit2/install/moveit_ros_warehouse:/home/pcht/ws_moveit2/install/moveit_ros_robot_interaction:/home/pcht/ws_moveit2/install/moveit_ros_perception:/home/pcht/ws_moveit2/install/moveit_resources_prbt_pg70_support:/home/pcht/ws_moveit2/install/moveit_resources_prbt_moveit_config:/home/pcht/ws_moveit2/install/moveit_ros_move_group:/home/pcht/ws_moveit2/install/moveit_planners_ompl:/home/pcht/ws_moveit2/install/moveit_ros_planning:/home/pcht/ws_moveit2/install/moveit_ros_occupancy_map_monitor:/home/pcht/ws_moveit2/install/moveit_resources_prbt_ikfast_manipulator_plugin:/home/pcht/ws_moveit2/install/moveit_planners_chomp:/home/pcht/ws_moveit2/install/moveit_kinematics:/home/pcht/ws_moveit2/install/moveit_chomp_optimizer_adapter:/home/pcht/ws_moveit2/install/chomp_motion_planner:/home/pcht/ws_moveit2/install/moveit_core:/home/pcht/ws_moveit2/install/srdfdom:/home/pcht/ws_moveit2/install/rviz_marker_tools:/home/pcht/ws_moveit2/install/rosparam_shortcuts:/home/pcht/ws_moveit2/install/moveit_task_constructor_msgs:/home/pcht/ws_moveit2/install/moveit_resources_prbt_support:/home/pcht/ws_moveit2/install/moveit_resources:/home/pcht/ws_moveit2/install/moveit_resources_pr2_description:/home/pcht/ws_moveit2/install/moveit_resources_panda_moveit_config:/home/pcht/ws_moveit2/install/moveit_resources_panda_description:/home/pcht/ws_moveit2/install/moveit_resources_fanuc_moveit_config:/home/pcht/ws_moveit2/install/moveit_resources_fanuc_description:/home/pcht/ws_moveit2/install/moveit_common:/home/pcht/ws_moveit2/install/moveit_configs_utils:/home/pcht/ws_moveit2/install/launch_param_builder:/opt/ros/humble LD_LIBRARY_PATH=/home/pcht/dev/comp0250_s26_labs/install/cw1_world_spawner/lib:${LD_LIBRARY_PATH} PYTHONPATH=/home/pcht/dev/comp0250_s26_labs/install/cw1_world_spawner/local/lib/python3.10/dist-packages:${PYTHONPATH} /usr/bin/cmake --build /home/pcht/dev/comp0250_s26_labs/build/cw1_team_x -- -j16 -l16
[48.549s] [  2%] [34m[1mGenerating C code for ROS interfaces[0m
[48.566s] [  5%] [34m[1mGenerating C++ code for ROS interfaces[0m
[48.574s] [  5%] Built target ament_cmake_python_copy_cw1_team_x
[48.779s] running egg_info
[48.779s] creating cw1_team_x.egg-info
[48.780s] writing cw1_team_x.egg-info/PKG-INFO
[48.780s] writing dependency_links to cw1_team_x.egg-info/dependency_links.txt
[48.780s] writing top-level names to cw1_team_x.egg-info/top_level.txt
[48.780s] writing manifest file 'cw1_team_x.egg-info/SOURCES.txt'
[48.781s] reading manifest file 'cw1_team_x.egg-info/SOURCES.txt'
[48.782s] writing manifest file 'cw1_team_x.egg-info/SOURCES.txt'
[48.813s] [  5%] Built target ament_cmake_python_build_cw1_team_x_egg
[48.815s] [  8%] [32mBuilding C object CMakeFiles/cw1_team_x__rosidl_generator_c.dir/rosidl_generator_c/cw1_team_x/srv/detail/example__functions.c.o[0m
[48.815s] [  8%] Built target cw1_team_x__cpp
[48.830s] [ 11%] [34m[1mGenerating C++ type support dispatch for ROS interfaces[0m
[48.830s] [ 14%] [34m[1mGenerating C++ type support for eProsima Fast-RTPS[0m
[48.831s] [ 17%] [34m[1mGenerating C++ introspection for ROS interfaces[0m
[48.970s] [ 20%] [32m[1mLinking C shared library libcw1_team_x__rosidl_generator_c.so[0m
[49.085s] [ 22%] [32mBuilding CXX object CMakeFiles/cw1_team_x__rosidl_typesupport_cpp.dir/rosidl_typesupport_cpp/cw1_team_x/srv/example__type_support.cpp.o[0m
[49.096s] [ 25%] [32mBuilding CXX object CMakeFiles/cw1_team_x__rosidl_typesupport_introspection_cpp.dir/rosidl_typesupport_introspection_cpp/cw1_team_x/srv/detail/example__type_support.cpp.o[0m
[49.110s] [ 28%] [32mBuilding CXX object CMakeFiles/cw1_team_x__rosidl_typesupport_fastrtps_cpp.dir/rosidl_typesupport_fastrtps_cpp/cw1_team_x/srv/detail/dds_fastrtps/example__type_support.cpp.o[0m
[49.173s] [ 28%] Built target cw1_team_x__rosidl_generator_c
[49.188s] [ 34%] [34m[1mGenerating C type support dispatch for ROS interfaces[0m
[49.188s] [ 34%] [34m[1mGenerating C introspection for ROS interfaces[0m
[49.193s] [ 37%] [34m[1mGenerating C type support for eProsima Fast-RTPS[0m
[49.361s] [ 40%] [32m[1mLinking CXX shared library libcw1_team_x__rosidl_typesupport_cpp.so[0m
[49.444s] [ 42%] [32mBuilding CXX object CMakeFiles/cw1_team_x__rosidl_typesupport_c.dir/rosidl_typesupport_c/cw1_team_x/srv/example__type_support.cpp.o[0m
[49.469s] [ 45%] [32mBuilding C object CMakeFiles/cw1_team_x__rosidl_typesupport_introspection_c.dir/rosidl_typesupport_introspection_c/cw1_team_x/srv/detail/example__type_support.c.o[0m
[49.480s] [ 48%] [32m[1mLinking CXX shared library libcw1_team_x__rosidl_typesupport_c.so[0m
[49.497s] [ 51%] [32mBuilding CXX object CMakeFiles/cw1_team_x__rosidl_typesupport_fastrtps_c.dir/rosidl_typesupport_fastrtps_c/cw1_team_x/srv/detail/example__type_support_c.cpp.o[0m
[49.536s] [ 54%] [32m[1mLinking C shared library libcw1_team_x__rosidl_typesupport_introspection_c.so[0m
[49.575s] [ 54%] Built target cw1_team_x__rosidl_typesupport_cpp
[49.600s] [ 57%] [32m[1mLinking CXX shared library libcw1_team_x__rosidl_typesupport_introspection_cpp.so[0m
[49.608s] [ 60%] [32mBuilding CXX object CMakeFiles/cw1_team_x_cw1_class_lib.dir/src/cw1_class.cpp.o[0m
[49.613s] [ 62%] [32m[1mLinking CXX shared library libcw1_team_x__rosidl_typesupport_fastrtps_cpp.so[0m
[49.712s] [ 62%] Built target cw1_team_x__rosidl_typesupport_c
[49.745s] [ 62%] Built target cw1_team_x__rosidl_typesupport_introspection_c
[49.807s] [ 62%] Built target cw1_team_x__rosidl_typesupport_introspection_cpp
[49.852s] [ 62%] Built target cw1_team_x__rosidl_typesupport_fastrtps_cpp
[49.861s] [ 65%] [32m[1mLinking CXX shared library libcw1_team_x__rosidl_typesupport_fastrtps_c.so[0m
[50.070s] [ 65%] Built target cw1_team_x__rosidl_typesupport_fastrtps_c
[50.098s] [ 65%] Built target cw1_team_x
[50.124s] [ 68%] [34m[1mGenerating Python code for ROS interfaces[0m
[50.444s] [ 68%] Built target cw1_team_x__py
[50.472s] [ 71%] [32mBuilding C object CMakeFiles/cw1_team_x__rosidl_generator_py.dir/rosidl_generator_py/cw1_team_x/srv/_example_s.c.o[0m
[50.614s] [ 74%] [32m[1mLinking C shared library rosidl_generator_py/cw1_team_x/libcw1_team_x__rosidl_generator_py.so[0m
[50.817s] [ 74%] Built target cw1_team_x__rosidl_generator_py
[50.845s] [ 77%] [32mBuilding C object CMakeFiles/cw1_team_x__rosidl_typesupport_fastrtps_c__pyext.dir/rosidl_generator_py/cw1_team_x/_cw1_team_x_s.ep.rosidl_typesupport_fastrtps_c.c.o[0m
[50.845s] [ 80%] [32mBuilding C object CMakeFiles/cw1_team_x__rosidl_typesupport_introspection_c__pyext.dir/rosidl_generator_py/cw1_team_x/_cw1_team_x_s.ep.rosidl_typesupport_introspection_c.c.o[0m
[50.847s] [ 82%] [32mBuilding C object CMakeFiles/cw1_team_x__rosidl_typesupport_c__pyext.dir/rosidl_generator_py/cw1_team_x/_cw1_team_x_s.ep.rosidl_typesupport_c.c.o[0m
[50.974s] [ 85%] [32m[1mLinking C shared library rosidl_generator_py/cw1_team_x/cw1_team_x_s__rosidl_typesupport_introspection_c.cpython-310-x86_64-linux-gnu.so[0m
[50.974s] [ 88%] [32m[1mLinking C shared library rosidl_generator_py/cw1_team_x/cw1_team_x_s__rosidl_typesupport_c.cpython-310-x86_64-linux-gnu.so[0m
[50.978s] [ 91%] [32m[1mLinking C shared library rosidl_generator_py/cw1_team_x/cw1_team_x_s__rosidl_typesupport_fastrtps_c.cpython-310-x86_64-linux-gnu.so[0m
[51.110s] [ 91%] Built target cw1_team_x__rosidl_typesupport_introspection_c__pyext
[51.110s] [ 91%] Built target cw1_team_x__rosidl_typesupport_fastrtps_c__pyext
[51.110s] [ 91%] Built target cw1_team_x__rosidl_typesupport_c__pyext
[63.504s] [ 94%] [32m[1mLinking CXX shared library libcw1_team_x_cw1_class_lib.so[0m
[64.394s] [ 94%] Built target cw1_team_x_cw1_class_lib
[64.424s] [ 97%] [32mBuilding CXX object CMakeFiles/cw1_solution_node.dir/src/cw1_node.cpp.o[0m
[67.600s] [100%] [32m[1mLinking CXX executable cw1_solution_node[0m
[68.123s] [100%] Built target cw1_solution_node
