[0.275s] Invoking command in '/home/pcht/dev/comp0250_s26_labs/build/cw1_team_36': AMENT_PREFIX_PATH=/home/pcht/dev/comp0250_s26_labs/install/cw1_world_spawner:${AMENT_PREFIX_PATH} CMAKE_PREFIX_PATH=/home/pcht/dev/comp0250_s26_labs/install/cw1_world_spawner:/home/pcht/ws_moveit2/install/pilz_industrial_motion_planner_testutils:/home/pcht/ws_moveit2/install/moveit_runtime:/home/pcht/ws_moveit2/install/moveit2_tutorials:/home/pcht/ws_moveit2/install/moveit:/home/pcht/ws_moveit2/install/moveit_planners:/home/pcht/ws_moveit2/install/pilz_industrial_motion_planner:/home/pcht/ws_moveit2/install/mtc_tutorial:/home/pcht/ws_moveit2/install/moveit_visual_tools:/home/pcht/ws_moveit2/install/moveit_task_constructor_visualization:/home/pcht/ws_moveit2/install/moveit_task_constructor_demo:/home/pcht/ws_moveit2/install/moveit_task_constructor_capabilities:/home/pcht/ws_moveit2/install/moveit_task_constructor_core:/home/pcht/ws_moveit2/install/moveit_ros_control_interface:/home/pcht/ws_moveit2/install/moveit_plugins:/home/pcht/ws_moveit2/install/moveit_simple_controller_manager:/home/pcht/ws_moveit2/install/moveit_setup_assistant:/home/pcht/ws_moveit2/install/moveit_setup_srdf_plugins:/home/pcht/ws_moveit2/install/moveit_setup_core_plugins:/home/pcht/ws_moveit2/install/moveit_setup_controllers:/home/pcht/ws_moveit2/install/moveit_setup_app_plugins:/home/pcht/ws_moveit2/install/moveit_setup_framework:/home/pcht/ws_moveit2/install/moveit_servo:/home/pcht/ws_moveit2/install/moveit_ros:/home/pcht/ws_moveit2/install/moveit_ros_visualization:/home/pcht/ws_moveit2/install/moveit_py:/home/pcht/ws_moveit2/install/moveit_hybrid_planning:/home/pcht/ws_moveit2/install/moveit_ros_planning_interface:/home/pcht/ws_moveit2/install/moveit_ros_benchmarks:/home/pcht/ws_moveit2/install/moveit_ros_warehouse:/home/pcht/ws_moveit2/install/moveit_ros_robot_interaction:/home/pcht/ws_moveit2/install/moveit_ros_perception:/home/pcht/ws_moveit2/install/moveit_resources_prbt_pg70_support:/home/pcht/ws_moveit2/install/moveit_resources_prbt_moveit_config:/home/pcht/ws_moveit2/install/moveit_ros_move_group:/home/pcht/ws_moveit2/install/moveit_planners_ompl:/home/pcht/ws_moveit2/install/moveit_ros_planning:/home/pcht/ws_moveit2/install/moveit_ros_occupancy_map_monitor:/home/pcht/ws_moveit2/install/moveit_resources_prbt_ikfast_manipulator_plugin:/home/pcht/ws_moveit2/install/moveit_planners_chomp:/home/pcht/ws_moveit2/install/moveit_kinematics:/home/pcht/ws_moveit2/install/moveit_chomp_optimizer_adapter:/home/pcht/ws_moveit2/install/chomp_motion_planner:/home/pcht/ws_moveit2/install/moveit_core:/home/pcht/ws_moveit2/install/srdfdom:/home/pcht/ws_moveit2/install/rviz_marker_tools:/home/pcht/ws_moveit2/install/rosparam_shortcuts:/home/pcht/ws_moveit2/install/moveit_task_constructor_msgs:/home/pcht/ws_moveit2/install/moveit_resources_prbt_support:/home/pcht/ws_moveit2/install/moveit_resources:/home/pcht/ws_moveit2/install/moveit_resources_pr2_description:/home/pcht/ws_moveit2/install/moveit_resources_panda_moveit_config:/home/pcht/ws_moveit2/install/moveit_resources_panda_description:/home/pcht/ws_moveit2/install/moveit_resources_fanuc_moveit_config:/home/pcht/ws_moveit2/install/moveit_resources_fanuc_description:/home/pcht/ws_moveit2/install/moveit_common:/home/pcht/ws_moveit2/install/moveit_configs_utils:/home/pcht/ws_moveit2/install/launch_param_builder:/opt/ros/humble LD_LIBRARY_PATH=/home/pcht/dev/comp0250_s26_labs/install/cw1_world_spawner/lib:${LD_LIBRARY_PATH} PYTHONPATH=/home/pcht/dev/comp0250_s26_labs/install/cw1_world_spawner/local/lib/python3.10/dist-packages:${PYTHONPATH} /usr/bin/cmake --build /home/pcht/dev/comp0250_s26_labs/build/cw1_team_36 -- -j16 -l16
[0.389s] [  8%] Built target cw1_team_36__rosidl_generator_c
[0.389s] [ 11%] Built target cw1_team_36__cpp
[0.410s] [ 11%] Built target ament_cmake_python_copy_cw1_team_36
[0.445s] [ 51%] Built target cw1_team_36__rosidl_typesupport_c
[0.445s] [ 54%] Built target cw1_team_36__rosidl_typesupport_introspection_cpp
[0.446s] [ 51%] Built target cw1_team_36__rosidl_typesupport_introspection_c
[0.446s] [ 54%] Built target cw1_team_36__rosidl_typesupport_cpp
[0.447s] [ 54%] Built target cw1_team_36__rosidl_typesupport_fastrtps_c
[0.452s] [ 62%] Built target cw1_team_36__rosidl_typesupport_fastrtps_cpp
[0.491s] Consolidate compiler generated dependencies of target cw1_team_36_cw1_class_lib
[0.504s] [ 62%] Built target cw1_team_36
[0.525s] [ 65%] Building CXX object CMakeFiles/cw1_team_36_cw1_class_lib.dir/src/cw1_class.cpp.o
[0.559s] [ 68%] Built target cw1_team_36__py
[0.614s] [ 74%] Built target cw1_team_36__rosidl_generator_py
[0.663s] [ 82%] Built target cw1_team_36__rosidl_typesupport_fastrtps_c__pyext
[0.664s] [ 85%] Built target cw1_team_36__rosidl_typesupport_introspection_c__pyext
[0.664s] [ 91%] Built target cw1_team_36__rosidl_typesupport_c__pyext
[0.779s] running egg_info
[0.781s] writing cw1_team_36.egg-info/PKG-INFO
[0.781s] writing dependency_links to cw1_team_36.egg-info/dependency_links.txt
[0.782s] writing top-level names to cw1_team_36.egg-info/top_level.txt
[0.788s] reading manifest file 'cw1_team_36.egg-info/SOURCES.txt'
[0.790s] writing manifest file 'cw1_team_36.egg-info/SOURCES.txt'
[0.868s] [ 91%] Built target ament_cmake_python_build_cw1_team_36_egg
[39.303s] [ 94%] Linking CXX shared library libcw1_team_36_cw1_class_lib.so
[40.062s] [ 94%] Built target cw1_team_36_cw1_class_lib
[40.113s] [ 97%] Linking CXX executable cw1_solution_node
[41.101s] [100%] Built target cw1_solution_node
[41.141s] Invoked command in '/home/pcht/dev/comp0250_s26_labs/build/cw1_team_36' returned '0': AMENT_PREFIX_PATH=/home/pcht/dev/comp0250_s26_labs/install/cw1_world_spawner:${AMENT_PREFIX_PATH} CMAKE_PREFIX_PATH=/home/pcht/dev/comp0250_s26_labs/install/cw1_world_spawner:/home/pcht/ws_moveit2/install/pilz_industrial_motion_planner_testutils:/home/pcht/ws_moveit2/install/moveit_runtime:/home/pcht/ws_moveit2/install/moveit2_tutorials:/home/pcht/ws_moveit2/install/moveit:/home/pcht/ws_moveit2/install/moveit_planners:/home/pcht/ws_moveit2/install/pilz_industrial_motion_planner:/home/pcht/ws_moveit2/install/mtc_tutorial:/home/pcht/ws_moveit2/install/moveit_visual_tools:/home/pcht/ws_moveit2/install/moveit_task_constructor_visualization:/home/pcht/ws_moveit2/install/moveit_task_constructor_demo:/home/pcht/ws_moveit2/install/moveit_task_constructor_capabilities:/home/pcht/ws_moveit2/install/moveit_task_constructor_core:/home/pcht/ws_moveit2/install/moveit_ros_control_interface:/home/pcht/ws_moveit2/install/moveit_plugins:/home/pcht/ws_moveit2/install/moveit_simple_controller_manager:/home/pcht/ws_moveit2/install/moveit_setup_assistant:/home/pcht/ws_moveit2/install/moveit_setup_srdf_plugins:/home/pcht/ws_moveit2/install/moveit_setup_core_plugins:/home/pcht/ws_moveit2/install/moveit_setup_controllers:/home/pcht/ws_moveit2/install/moveit_setup_app_plugins:/home/pcht/ws_moveit2/install/moveit_setup_framework:/home/pcht/ws_moveit2/install/moveit_servo:/home/pcht/ws_moveit2/install/moveit_ros:/home/pcht/ws_moveit2/install/moveit_ros_visualization:/home/pcht/ws_moveit2/install/moveit_py:/home/pcht/ws_moveit2/install/moveit_hybrid_planning:/home/pcht/ws_moveit2/install/moveit_ros_planning_interface:/home/pcht/ws_moveit2/install/moveit_ros_benchmarks:/home/pcht/ws_moveit2/install/moveit_ros_warehouse:/home/pcht/ws_moveit2/install/moveit_ros_robot_interaction:/home/pcht/ws_moveit2/install/moveit_ros_perception:/home/pcht/ws_moveit2/install/moveit_resources_prbt_pg70_support:/home/pcht/ws_moveit2/install/moveit_resources_prbt_moveit_config:/home/pcht/ws_moveit2/install/moveit_ros_move_group:/home/pcht/ws_moveit2/install/moveit_planners_ompl:/home/pcht/ws_moveit2/install/moveit_ros_planning:/home/pcht/ws_moveit2/install/moveit_ros_occupancy_map_monitor:/home/pcht/ws_moveit2/install/moveit_resources_prbt_ikfast_manipulator_plugin:/home/pcht/ws_moveit2/install/moveit_planners_chomp:/home/pcht/ws_moveit2/install/moveit_kinematics:/home/pcht/ws_moveit2/install/moveit_chomp_optimizer_adapter:/home/pcht/ws_moveit2/install/chomp_motion_planner:/home/pcht/ws_moveit2/install/moveit_core:/home/pcht/ws_moveit2/install/srdfdom:/home/pcht/ws_moveit2/install/rviz_marker_tools:/home/pcht/ws_moveit2/install/rosparam_shortcuts:/home/pcht/ws_moveit2/install/moveit_task_constructor_msgs:/home/pcht/ws_moveit2/install/moveit_resources_prbt_support:/home/pcht/ws_moveit2/install/moveit_resources:/home/pcht/ws_moveit2/install/moveit_resources_pr2_description:/home/pcht/ws_moveit2/install/moveit_resources_panda_moveit_config:/home/pcht/ws_moveit2/install/moveit_resources_panda_description:/home/pcht/ws_moveit2/install/moveit_resources_fanuc_moveit_config:/home/pcht/ws_moveit2/install/moveit_resources_fanuc_description:/home/pcht/ws_moveit2/install/moveit_common:/home/pcht/ws_moveit2/install/moveit_configs_utils:/home/pcht/ws_moveit2/install/launch_param_builder:/opt/ros/humble LD_LIBRARY_PATH=/home/pcht/dev/comp0250_s26_labs/install/cw1_world_spawner/lib:${LD_LIBRARY_PATH} PYTHONPATH=/home/pcht/dev/comp0250_s26_labs/install/cw1_world_spawner/local/lib/python3.10/dist-packages:${PYTHONPATH} /usr/bin/cmake --build /home/pcht/dev/comp0250_s26_labs/build/cw1_team_36 -- -j16 -l16
[41.155s] Invoking command in '/home/pcht/dev/comp0250_s26_labs/build/cw1_team_36': AMENT_PREFIX_PATH=/home/pcht/dev/comp0250_s26_labs/install/cw1_world_spawner:${AMENT_PREFIX_PATH} CMAKE_PREFIX_PATH=/home/pcht/dev/comp0250_s26_labs/install/cw1_world_spawner:/home/pcht/ws_moveit2/install/pilz_industrial_motion_planner_testutils:/home/pcht/ws_moveit2/install/moveit_runtime:/home/pcht/ws_moveit2/install/moveit2_tutorials:/home/pcht/ws_moveit2/install/moveit:/home/pcht/ws_moveit2/install/moveit_planners:/home/pcht/ws_moveit2/install/pilz_industrial_motion_planner:/home/pcht/ws_moveit2/install/mtc_tutorial:/home/pcht/ws_moveit2/install/moveit_visual_tools:/home/pcht/ws_moveit2/install/moveit_task_constructor_visualization:/home/pcht/ws_moveit2/install/moveit_task_constructor_demo:/home/pcht/ws_moveit2/install/moveit_task_constructor_capabilities:/home/pcht/ws_moveit2/install/moveit_task_constructor_core:/home/pcht/ws_moveit2/install/moveit_ros_control_interface:/home/pcht/ws_moveit2/install/moveit_plugins:/home/pcht/ws_moveit2/install/moveit_simple_controller_manager:/home/pcht/ws_moveit2/install/moveit_setup_assistant:/home/pcht/ws_moveit2/install/moveit_setup_srdf_plugins:/home/pcht/ws_moveit2/install/moveit_setup_core_plugins:/home/pcht/ws_moveit2/install/moveit_setup_controllers:/home/pcht/ws_moveit2/install/moveit_setup_app_plugins:/home/pcht/ws_moveit2/install/moveit_setup_framework:/home/pcht/ws_moveit2/install/moveit_servo:/home/pcht/ws_moveit2/install/moveit_ros:/home/pcht/ws_moveit2/install/moveit_ros_visualization:/home/pcht/ws_moveit2/install/moveit_py:/home/pcht/ws_moveit2/install/moveit_hybrid_planning:/home/pcht/ws_moveit2/install/moveit_ros_planning_interface:/home/pcht/ws_moveit2/install/moveit_ros_benchmarks:/home/pcht/ws_moveit2/install/moveit_ros_warehouse:/home/pcht/ws_moveit2/install/moveit_ros_robot_interaction:/home/pcht/ws_moveit2/install/moveit_ros_perception:/home/pcht/ws_moveit2/install/moveit_resources_prbt_pg70_support:/home/pcht/ws_moveit2/install/moveit_resources_prbt_moveit_config:/home/pcht/ws_moveit2/install/moveit_ros_move_group:/home/pcht/ws_moveit2/install/moveit_planners_ompl:/home/pcht/ws_moveit2/install/moveit_ros_planning:/home/pcht/ws_moveit2/install/moveit_ros_occupancy_map_monitor:/home/pcht/ws_moveit2/install/moveit_resources_prbt_ikfast_manipulator_plugin:/home/pcht/ws_moveit2/install/moveit_planners_chomp:/home/pcht/ws_moveit2/install/moveit_kinematics:/home/pcht/ws_moveit2/install/moveit_chomp_optimizer_adapter:/home/pcht/ws_moveit2/install/chomp_motion_planner:/home/pcht/ws_moveit2/install/moveit_core:/home/pcht/ws_moveit2/install/srdfdom:/home/pcht/ws_moveit2/install/rviz_marker_tools:/home/pcht/ws_moveit2/install/rosparam_shortcuts:/home/pcht/ws_moveit2/install/moveit_task_constructor_msgs:/home/pcht/ws_moveit2/install/moveit_resources_prbt_support:/home/pcht/ws_moveit2/install/moveit_resources:/home/pcht/ws_moveit2/install/moveit_resources_pr2_description:/home/pcht/ws_moveit2/install/moveit_resources_panda_moveit_config:/home/pcht/ws_moveit2/install/moveit_resources_panda_description:/home/pcht/ws_moveit2/install/moveit_resources_fanuc_moveit_config:/home/pcht/ws_moveit2/install/moveit_resources_fanuc_description:/home/pcht/ws_moveit2/install/moveit_common:/home/pcht/ws_moveit2/install/moveit_configs_utils:/home/pcht/ws_moveit2/install/launch_param_builder:/opt/ros/humble LD_LIBRARY_PATH=/home/pcht/dev/comp0250_s26_labs/install/cw1_world_spawner/lib:${LD_LIBRARY_PATH} PYTHONPATH=/home/pcht/dev/comp0250_s26_labs/install/cw1_world_spawner/local/lib/python3.10/dist-packages:${PYTHONPATH} /usr/bin/cmake --install /home/pcht/dev/comp0250_s26_labs/build/cw1_team_36
[41.171s] -- Install configuration: "Release"
[41.171s] -- Up-to-date: /home/pcht/dev/comp0250_s26_labs/install/cw1_team_36/share/ament_index/resource_index/rosidl_interfaces/cw1_team_36
[41.172s] -- Up-to-date: /home/pcht/dev/comp0250_s26_labs/install/cw1_team_36/include/cw1_team_36/cw1_team_36
[41.172s] -- Up-to-date: /home/pcht/dev/comp0250_s26_labs/install/cw1_team_36/include/cw1_team_36/cw1_team_36/msg
[41.173s] -- Up-to-date: /home/pcht/dev/comp0250_s26_labs/install/cw1_team_36/include/cw1_team_36/cw1_team_36/msg/rosidl_generator_c__visibility_control.h
[41.173s] -- Up-to-date: /home/pcht/dev/comp0250_s26_labs/install/cw1_team_36/include/cw1_team_36/cw1_team_36/srv
[41.173s] -- Up-to-date: /home/pcht/dev/comp0250_s26_labs/install/cw1_team_36/include/cw1_team_36/cw1_team_36/srv/detail
[41.173s] -- Up-to-date: /home/pcht/dev/comp0250_s26_labs/install/cw1_team_36/include/cw1_team_36/cw1_team_36/srv/detail/example__type_support.h
[41.173s] -- Up-to-date: /home/pcht/dev/comp0250_s26_labs/install/cw1_team_36/include/cw1_team_36/cw1_team_36/srv/detail/example__functions.c
[41.173s] -- Up-to-date: /home/pcht/dev/comp0250_s26_labs/install/cw1_team_36/include/cw1_team_36/cw1_team_36/srv/detail/example__struct.h
[41.174s] -- Up-to-date: /home/pcht/dev/comp0250_s26_labs/install/cw1_team_36/include/cw1_team_36/cw1_team_36/srv/detail/example__functions.h
[41.174s] -- Up-to-date: /home/pcht/dev/comp0250_s26_labs/install/cw1_team_36/include/cw1_team_36/cw1_team_36/srv/example.h
[41.174s] -- Up-to-date: /home/pcht/dev/comp0250_s26_labs/install/cw1_team_36/share/cw1_team_36/environment/library_path.sh
[41.174s] -- Up-to-date: /home/pcht/dev/comp0250_s26_labs/install/cw1_team_36/share/cw1_team_36/environment/library_path.dsv
[41.175s] -- Up-to-date: /home/pcht/dev/comp0250_s26_labs/install/cw1_team_36/lib/libcw1_team_36__rosidl_generator_c.so
[41.175s] -- Up-to-date: /home/pcht/dev/comp0250_s26_labs/install/cw1_team_36/include/cw1_team_36/cw1_team_36
[41.175s] -- Up-to-date: /home/pcht/dev/comp0250_s26_labs/install/cw1_team_36/include/cw1_team_36/cw1_team_36/msg
[41.175s] -- Up-to-date: /home/pcht/dev/comp0250_s26_labs/install/cw1_team_36/include/cw1_team_36/cw1_team_36/msg/rosidl_typesupport_fastrtps_c__visibility_control.h
[41.175s] -- Up-to-date: /home/pcht/dev/comp0250_s26_labs/install/cw1_team_36/include/cw1_team_36/cw1_team_36/srv
[41.175s] -- Up-to-date: /home/pcht/dev/comp0250_s26_labs/install/cw1_team_36/include/cw1_team_36/cw1_team_36/srv/detail
[41.175s] -- Up-to-date: /home/pcht/dev/comp0250_s26_labs/install/cw1_team_36/include/cw1_team_36/cw1_team_36/srv/detail/example__rosidl_typesupport_fastrtps_c.h
[41.175s] -- Up-to-date: /home/pcht/dev/comp0250_s26_labs/install/cw1_team_36/lib/libcw1_team_36__rosidl_typesupport_fastrtps_c.so
[41.175s] -- Up-to-date: /home/pcht/dev/comp0250_s26_labs/install/cw1_team_36/include/cw1_team_36/cw1_team_36
[41.175s] -- Up-to-date: /home/pcht/dev/comp0250_s26_labs/install/cw1_team_36/include/cw1_team_36/cw1_team_36/msg
[41.175s] -- Up-to-date: /home/pcht/dev/comp0250_s26_labs/install/cw1_team_36/include/cw1_team_36/cw1_team_36/msg/rosidl_typesupport_introspection_c__visibility_control.h
[41.175s] -- Up-to-date: /home/pcht/dev/comp0250_s26_labs/install/cw1_team_36/include/cw1_team_36/cw1_team_36/srv
[41.175s] -- Up-to-date: /home/pcht/dev/comp0250_s26_labs/install/cw1_team_36/include/cw1_team_36/cw1_team_36/srv/detail
[41.175s] -- Up-to-date: /home/pcht/dev/comp0250_s26_labs/install/cw1_team_36/include/cw1_team_36/cw1_team_36/srv/detail/example__rosidl_typesupport_introspection_c.h
[41.175s] -- Up-to-date: /home/pcht/dev/comp0250_s26_labs/install/cw1_team_36/include/cw1_team_36/cw1_team_36/srv/detail/example__type_support.c
[41.175s] -- Up-to-date: /home/pcht/dev/comp0250_s26_labs/install/cw1_team_36/lib/libcw1_team_36__rosidl_typesupport_introspection_c.so
[41.175s] -- Up-to-date: /home/pcht/dev/comp0250_s26_labs/install/cw1_team_36/lib/libcw1_team_36__rosidl_typesupport_c.so
[41.175s] -- Up-to-date: /home/pcht/dev/comp0250_s26_labs/install/cw1_team_36/include/cw1_team_36/cw1_team_36
[41.175s] -- Up-to-date: /home/pcht/dev/comp0250_s26_labs/install/cw1_team_36/include/cw1_team_36/cw1_team_36/msg
[41.175s] -- Up-to-date: /home/pcht/dev/comp0250_s26_labs/install/cw1_team_36/include/cw1_team_36/cw1_team_36/msg/rosidl_generator_cpp__visibility_control.hpp
[41.175s] -- Up-to-date: /home/pcht/dev/comp0250_s26_labs/install/cw1_team_36/include/cw1_team_36/cw1_team_36/srv
[41.176s] -- Up-to-date: /home/pcht/dev/comp0250_s26_labs/install/cw1_team_36/include/cw1_team_36/cw1_team_36/srv/example.hpp
[41.176s] -- Up-to-date: /home/pcht/dev/comp0250_s26_labs/install/cw1_team_36/include/cw1_team_36/cw1_team_36/srv/detail
[41.176s] -- Up-to-date: /home/pcht/dev/comp0250_s26_labs/install/cw1_team_36/include/cw1_team_36/cw1_team_36/srv/detail/example__struct.hpp
[41.176s] -- Up-to-date: /home/pcht/dev/comp0250_s26_labs/install/cw1_team_36/include/cw1_team_36/cw1_team_36/srv/detail/example__builder.hpp
[41.176s] -- Up-to-date: /home/pcht/dev/comp0250_s26_labs/install/cw1_team_36/include/cw1_team_36/cw1_team_36/srv/detail/example__type_support.hpp
[41.176s] -- Up-to-date: /home/pcht/dev/comp0250_s26_labs/install/cw1_team_36/include/cw1_team_36/cw1_team_36/srv/detail/example__traits.hpp
[41.176s] -- Up-to-date: /home/pcht/dev/comp0250_s26_labs/install/cw1_team_36/include/cw1_team_36/cw1_team_36
[41.176s] -- Up-to-date: /home/pcht/dev/comp0250_s26_labs/install/cw1_team_36/include/cw1_team_36/cw1_team_36/msg
[41.176s] -- Up-to-date: /home/pcht/dev/comp0250_s26_labs/install/cw1_team_36/include/cw1_team_36/cw1_team_36/msg/rosidl_typesupport_fastrtps_cpp__visibility_control.h
[41.176s] -- Up-to-date: /home/pcht/dev/comp0250_s26_labs/install/cw1_team_36/include/cw1_team_36/cw1_team_36/srv
[41.176s] -- Up-to-date: /home/pcht/dev/comp0250_s26_labs/install/cw1_team_36/include/cw1_team_36/cw1_team_36/srv/detail
[41.176s] -- Up-to-date: /home/pcht/dev/comp0250_s26_labs/install/cw1_team_36/include/cw1_team_36/cw1_team_36/srv/detail/dds_fastrtps
[41.176s] -- Up-to-date: /home/pcht/dev/comp0250_s26_labs/install/cw1_team_36/include/cw1_team_36/cw1_team_36/srv/detail/example__rosidl_typesupport_fastrtps_cpp.hpp
[41.176s] -- Up-to-date: /home/pcht/dev/comp0250_s26_labs/install/cw1_team_36/lib/libcw1_team_36__rosidl_typesupport_fastrtps_cpp.so
[41.176s] -- Up-to-date: /home/pcht/dev/comp0250_s26_labs/install/cw1_team_36/include/cw1_team_36/cw1_team_36
[41.176s] -- Up-to-date: /home/pcht/dev/comp0250_s26_labs/install/cw1_team_36/include/cw1_team_36/cw1_team_36/srv
[41.176s] -- Up-to-date: /home/pcht/dev/comp0250_s26_labs/install/cw1_team_36/include/cw1_team_36/cw1_team_36/srv/detail
[41.176s] -- Up-to-date: /home/pcht/dev/comp0250_s26_labs/install/cw1_team_36/include/cw1_team_36/cw1_team_36/srv/detail/example__type_support.cpp
[41.176s] -- Up-to-date: /home/pcht/dev/comp0250_s26_labs/install/cw1_team_36/include/cw1_team_36/cw1_team_36/srv/detail/example__rosidl_typesupport_introspection_cpp.hpp
[41.176s] -- Up-to-date: /home/pcht/dev/comp0250_s26_labs/install/cw1_team_36/lib/libcw1_team_36__rosidl_typesupport_introspection_cpp.so
[41.176s] -- Up-to-date: /home/pcht/dev/comp0250_s26_labs/install/cw1_team_36/lib/libcw1_team_36__rosidl_typesupport_cpp.so
[41.176s] -- Up-to-date: /home/pcht/dev/comp0250_s26_labs/install/cw1_team_36/share/cw1_team_36/environment/pythonpath.sh
[41.176s] -- Up-to-date: /home/pcht/dev/comp0250_s26_labs/install/cw1_team_36/share/cw1_team_36/environment/pythonpath.dsv
[41.176s] -- Up-to-date: /home/pcht/dev/comp0250_s26_labs/install/cw1_team_36/local/lib/python3.10/dist-packages/cw1_team_36-0.1.0-py3.10.egg-info
[41.176s] -- Installing: /home/pcht/dev/comp0250_s26_labs/install/cw1_team_36/local/lib/python3.10/dist-packages/cw1_team_36-0.1.0-py3.10.egg-info/top_level.txt
[41.176s] -- Installing: /home/pcht/dev/comp0250_s26_labs/install/cw1_team_36/local/lib/python3.10/dist-packages/cw1_team_36-0.1.0-py3.10.egg-info/PKG-INFO
[41.176s] -- Installing: /home/pcht/dev/comp0250_s26_labs/install/cw1_team_36/local/lib/python3.10/dist-packages/cw1_team_36-0.1.0-py3.10.egg-info/dependency_links.txt
[41.177s] -- Installing: /home/pcht/dev/comp0250_s26_labs/install/cw1_team_36/local/lib/python3.10/dist-packages/cw1_team_36-0.1.0-py3.10.egg-info/SOURCES.txt
[41.177s] -- Up-to-date: /home/pcht/dev/comp0250_s26_labs/install/cw1_team_36/local/lib/python3.10/dist-packages/cw1_team_36
[41.177s] -- Up-to-date: /home/pcht/dev/comp0250_s26_labs/install/cw1_team_36/local/lib/python3.10/dist-packages/cw1_team_36/libcw1_team_36__rosidl_generator_py.so
[41.177s] -- Up-to-date: /home/pcht/dev/comp0250_s26_labs/install/cw1_team_36/local/lib/python3.10/dist-packages/cw1_team_36/cw1_team_36_s__rosidl_typesupport_introspection_c.cpython-310-x86_64-linux-gnu.so
[41.177s] -- Up-to-date: /home/pcht/dev/comp0250_s26_labs/install/cw1_team_36/local/lib/python3.10/dist-packages/cw1_team_36/cw1_team_36_s__rosidl_typesupport_c.cpython-310-x86_64-linux-gnu.so
[41.177s] -- Up-to-date: /home/pcht/dev/comp0250_s26_labs/install/cw1_team_36/local/lib/python3.10/dist-packages/cw1_team_36/cw1_team_36_s__rosidl_typesupport_fastrtps_c.cpython-310-x86_64-linux-gnu.so
[41.177s] -- Up-to-date: /home/pcht/dev/comp0250_s26_labs/install/cw1_team_36/local/lib/python3.10/dist-packages/cw1_team_36/_cw1_team_36_s.ep.rosidl_typesupport_c.c
[41.177s] -- Up-to-date: /home/pcht/dev/comp0250_s26_labs/install/cw1_team_36/local/lib/python3.10/dist-packages/cw1_team_36/_cw1_team_36_s.ep.rosidl_typesupport_introspection_c.c
[41.177s] -- Up-to-date: /home/pcht/dev/comp0250_s26_labs/install/cw1_team_36/local/lib/python3.10/dist-packages/cw1_team_36/__init__.py
[41.177s] -- Up-to-date: /home/pcht/dev/comp0250_s26_labs/install/cw1_team_36/local/lib/python3.10/dist-packages/cw1_team_36/srv
[41.177s] -- Up-to-date: /home/pcht/dev/comp0250_s26_labs/install/cw1_team_36/local/lib/python3.10/dist-packages/cw1_team_36/srv/_example_s.c
[41.177s] -- Up-to-date: /home/pcht/dev/comp0250_s26_labs/install/cw1_team_36/local/lib/python3.10/dist-packages/cw1_team_36/srv/_example.py
[41.177s] -- Up-to-date: /home/pcht/dev/comp0250_s26_labs/install/cw1_team_36/local/lib/python3.10/dist-packages/cw1_team_36/srv/__init__.py
[41.177s] -- Up-to-date: /home/pcht/dev/comp0250_s26_labs/install/cw1_team_36/local/lib/python3.10/dist-packages/cw1_team_36/_cw1_team_36_s.ep.rosidl_typesupport_fastrtps_c.c
[41.218s] Listing '/home/pcht/dev/comp0250_s26_labs/install/cw1_team_36/local/lib/python3.10/dist-packages/cw1_team_36'...
[41.218s] Listing '/home/pcht/dev/comp0250_s26_labs/install/cw1_team_36/local/lib/python3.10/dist-packages/cw1_team_36/srv'...
[41.223s] -- Up-to-date: /home/pcht/dev/comp0250_s26_labs/install/cw1_team_36/local/lib/python3.10/dist-packages/cw1_team_36/cw1_team_36_s__rosidl_typesupport_fastrtps_c.cpython-310-x86_64-linux-gnu.so
[41.223s] -- Up-to-date: /home/pcht/dev/comp0250_s26_labs/install/cw1_team_36/local/lib/python3.10/dist-packages/cw1_team_36/cw1_team_36_s__rosidl_typesupport_introspection_c.cpython-310-x86_64-linux-gnu.so
[41.224s] -- Up-to-date: /home/pcht/dev/comp0250_s26_labs/install/cw1_team_36/local/lib/python3.10/dist-packages/cw1_team_36/cw1_team_36_s__rosidl_typesupport_c.cpython-310-x86_64-linux-gnu.so
[41.224s] -- Up-to-date: /home/pcht/dev/comp0250_s26_labs/install/cw1_team_36/lib/libcw1_team_36__rosidl_generator_py.so
[41.224s] -- Up-to-date: /home/pcht/dev/comp0250_s26_labs/install/cw1_team_36/share/cw1_team_36/srv/Example.idl
[41.224s] -- Up-to-date: /home/pcht/dev/comp0250_s26_labs/install/cw1_team_36/share/cw1_team_36/srv/Example.srv
[41.224s] -- Up-to-date: /home/pcht/dev/comp0250_s26_labs/install/cw1_team_36/share/cw1_team_36/srv/Example_Request.msg
[41.224s] -- Up-to-date: /home/pcht/dev/comp0250_s26_labs/install/cw1_team_36/share/cw1_team_36/srv/Example_Response.msg
[41.224s] -- Installing: /home/pcht/dev/comp0250_s26_labs/install/cw1_team_36/lib/libcw1_team_36_cw1_class_lib.so
[41.227s] -- Set runtime path of "/home/pcht/dev/comp0250_s26_labs/install/cw1_team_36/lib/libcw1_team_36_cw1_class_lib.so" to ""
[41.227s] -- Installing: /home/pcht/dev/comp0250_s26_labs/install/cw1_team_36/lib/cw1_team_36/cw1_solution_node
[41.227s] -- Set runtime path of "/home/pcht/dev/comp0250_s26_labs/install/cw1_team_36/lib/cw1_team_36/cw1_solution_node" to ""
[41.228s] -- Up-to-date: /home/pcht/dev/comp0250_s26_labs/install/cw1_team_36/share/cw1_team_36/launch
[41.228s] -- Up-to-date: /home/pcht/dev/comp0250_s26_labs/install/cw1_team_36/share/cw1_team_36/launch/run_solution.launch.py
[41.228s] -- Up-to-date: /home/pcht/dev/comp0250_s26_labs/install/cw1_team_36/share/ament_index/resource_index/package_run_dependencies/cw1_team_36
[41.228s] -- Up-to-date: /home/pcht/dev/comp0250_s26_labs/install/cw1_team_36/share/ament_index/resource_index/parent_prefix_path/cw1_team_36
[41.228s] -- Up-to-date: /home/pcht/dev/comp0250_s26_labs/install/cw1_team_36/share/cw1_team_36/environment/ament_prefix_path.sh
[41.228s] -- Up-to-date: /home/pcht/dev/comp0250_s26_labs/install/cw1_team_36/share/cw1_team_36/environment/ament_prefix_path.dsv
[41.228s] -- Up-to-date: /home/pcht/dev/comp0250_s26_labs/install/cw1_team_36/share/cw1_team_36/environment/path.sh
[41.229s] -- Up-to-date: /home/pcht/dev/comp0250_s26_labs/install/cw1_team_36/share/cw1_team_36/environment/path.dsv
[41.229s] -- Up-to-date: /home/pcht/dev/comp0250_s26_labs/install/cw1_team_36/share/cw1_team_36/local_setup.bash
[41.229s] -- Up-to-date: /home/pcht/dev/comp0250_s26_labs/install/cw1_team_36/share/cw1_team_36/local_setup.sh
[41.229s] -- Up-to-date: /home/pcht/dev/comp0250_s26_labs/install/cw1_team_36/share/cw1_team_36/local_setup.zsh
[41.230s] -- Up-to-date: /home/pcht/dev/comp0250_s26_labs/install/cw1_team_36/share/cw1_team_36/local_setup.dsv
[41.230s] -- Installing: /home/pcht/dev/comp0250_s26_labs/install/cw1_team_36/share/cw1_team_36/package.dsv
[41.230s] -- Up-to-date: /home/pcht/dev/comp0250_s26_labs/install/cw1_team_36/share/ament_index/resource_index/packages/cw1_team_36
[41.230s] -- Up-to-date: /home/pcht/dev/comp0250_s26_labs/install/cw1_team_36/share/cw1_team_36/cmake/export_cw1_team_36__rosidl_generator_cExport.cmake
[41.230s] -- Up-to-date: /home/pcht/dev/comp0250_s26_labs/install/cw1_team_36/share/cw1_team_36/cmake/export_cw1_team_36__rosidl_generator_cExport-release.cmake
[41.231s] -- Up-to-date: /home/pcht/dev/comp0250_s26_labs/install/cw1_team_36/share/cw1_team_36/cmake/export_cw1_team_36__rosidl_typesupport_fastrtps_cExport.cmake
[41.231s] -- Up-to-date: /home/pcht/dev/comp0250_s26_labs/install/cw1_team_36/share/cw1_team_36/cmake/export_cw1_team_36__rosidl_typesupport_fastrtps_cExport-release.cmake
[41.231s] -- Up-to-date: /home/pcht/dev/comp0250_s26_labs/install/cw1_team_36/share/cw1_team_36/cmake/cw1_team_36__rosidl_typesupport_introspection_cExport.cmake
[41.231s] -- Up-to-date: /home/pcht/dev/comp0250_s26_labs/install/cw1_team_36/share/cw1_team_36/cmake/cw1_team_36__rosidl_typesupport_introspection_cExport-release.cmake
[41.231s] -- Up-to-date: /home/pcht/dev/comp0250_s26_labs/install/cw1_team_36/share/cw1_team_36/cmake/cw1_team_36__rosidl_typesupport_cExport.cmake
[41.231s] -- Up-to-date: /home/pcht/dev/comp0250_s26_labs/install/cw1_team_36/share/cw1_team_36/cmake/cw1_team_36__rosidl_typesupport_cExport-release.cmake
[41.231s] -- Up-to-date: /home/pcht/dev/comp0250_s26_labs/install/cw1_team_36/share/cw1_team_36/cmake/export_cw1_team_36__rosidl_generator_cppExport.cmake
[41.231s] -- Up-to-date: /home/pcht/dev/comp0250_s26_labs/install/cw1_team_36/share/cw1_team_36/cmake/export_cw1_team_36__rosidl_typesupport_fastrtps_cppExport.cmake
[41.231s] -- Up-to-date: /home/pcht/dev/comp0250_s26_labs/install/cw1_team_36/share/cw1_team_36/cmake/export_cw1_team_36__rosidl_typesupport_fastrtps_cppExport-release.cmake
[41.231s] -- Up-to-date: /home/pcht/dev/comp0250_s26_labs/install/cw1_team_36/share/cw1_team_36/cmake/cw1_team_36__rosidl_typesupport_introspection_cppExport.cmake
[41.231s] -- Up-to-date: /home/pcht/dev/comp0250_s26_labs/install/cw1_team_36/share/cw1_team_36/cmake/cw1_team_36__rosidl_typesupport_introspection_cppExport-release.cmake
[41.232s] -- Up-to-date: /home/pcht/dev/comp0250_s26_labs/install/cw1_team_36/share/cw1_team_36/cmake/cw1_team_36__rosidl_typesupport_cppExport.cmake
[41.232s] -- Up-to-date: /home/pcht/dev/comp0250_s26_labs/install/cw1_team_36/share/cw1_team_36/cmake/cw1_team_36__rosidl_typesupport_cppExport-release.cmake
[41.232s] -- Up-to-date: /home/pcht/dev/comp0250_s26_labs/install/cw1_team_36/share/cw1_team_36/cmake/export_cw1_team_36__rosidl_generator_pyExport.cmake
[41.232s] -- Up-to-date: /home/pcht/dev/comp0250_s26_labs/install/cw1_team_36/share/cw1_team_36/cmake/export_cw1_team_36__rosidl_generator_pyExport-release.cmake
[41.232s] -- Up-to-date: /home/pcht/dev/comp0250_s26_labs/install/cw1_team_36/share/cw1_team_36/cmake/rosidl_cmake-extras.cmake
[41.232s] -- Up-to-date: /home/pcht/dev/comp0250_s26_labs/install/cw1_team_36/share/cw1_team_36/cmake/ament_cmake_export_dependencies-extras.cmake
[41.233s] -- Up-to-date: /home/pcht/dev/comp0250_s26_labs/install/cw1_team_36/share/cw1_team_36/cmake/ament_cmake_export_include_directories-extras.cmake
[41.233s] -- Up-to-date: /home/pcht/dev/comp0250_s26_labs/install/cw1_team_36/share/cw1_team_36/cmake/ament_cmake_export_libraries-extras.cmake
[41.233s] -- Up-to-date: /home/pcht/dev/comp0250_s26_labs/install/cw1_team_36/share/cw1_team_36/cmake/ament_cmake_export_targets-extras.cmake
[41.233s] -- Up-to-date: /home/pcht/dev/comp0250_s26_labs/install/cw1_team_36/share/cw1_team_36/cmake/rosidl_cmake_export_typesupport_targets-extras.cmake
[41.233s] -- Up-to-date: /home/pcht/dev/comp0250_s26_labs/install/cw1_team_36/share/cw1_team_36/cmake/rosidl_cmake_export_typesupport_libraries-extras.cmake
[41.234s] -- Up-to-date: /home/pcht/dev/comp0250_s26_labs/install/cw1_team_36/share/cw1_team_36/cmake/cw1_team_36Config.cmake
[41.235s] -- Up-to-date: /home/pcht/dev/comp0250_s26_labs/install/cw1_team_36/share/cw1_team_36/cmake/cw1_team_36Config-version.cmake
[41.235s] -- Up-to-date: /home/pcht/dev/comp0250_s26_labs/install/cw1_team_36/share/cw1_team_36/package.xml
[41.235s] Invoked command in '/home/pcht/dev/comp0250_s26_labs/build/cw1_team_36' returned '0': AMENT_PREFIX_PATH=/home/pcht/dev/comp0250_s26_labs/install/cw1_world_spawner:${AMENT_PREFIX_PATH} CMAKE_PREFIX_PATH=/home/pcht/dev/comp0250_s26_labs/install/cw1_world_spawner:/home/pcht/ws_moveit2/install/pilz_industrial_motion_planner_testutils:/home/pcht/ws_moveit2/install/moveit_runtime:/home/pcht/ws_moveit2/install/moveit2_tutorials:/home/pcht/ws_moveit2/install/moveit:/home/pcht/ws_moveit2/install/moveit_planners:/home/pcht/ws_moveit2/install/pilz_industrial_motion_planner:/home/pcht/ws_moveit2/install/mtc_tutorial:/home/pcht/ws_moveit2/install/moveit_visual_tools:/home/pcht/ws_moveit2/install/moveit_task_constructor_visualization:/home/pcht/ws_moveit2/install/moveit_task_constructor_demo:/home/pcht/ws_moveit2/install/moveit_task_constructor_capabilities:/home/pcht/ws_moveit2/install/moveit_task_constructor_core:/home/pcht/ws_moveit2/install/moveit_ros_control_interface:/home/pcht/ws_moveit2/install/moveit_plugins:/home/pcht/ws_moveit2/install/moveit_simple_controller_manager:/home/pcht/ws_moveit2/install/moveit_setup_assistant:/home/pcht/ws_moveit2/install/moveit_setup_srdf_plugins:/home/pcht/ws_moveit2/install/moveit_setup_core_plugins:/home/pcht/ws_moveit2/install/moveit_setup_controllers:/home/pcht/ws_moveit2/install/moveit_setup_app_plugins:/home/pcht/ws_moveit2/install/moveit_setup_framework:/home/pcht/ws_moveit2/install/moveit_servo:/home/pcht/ws_moveit2/install/moveit_ros:/home/pcht/ws_moveit2/install/moveit_ros_visualization:/home/pcht/ws_moveit2/install/moveit_py:/home/pcht/ws_moveit2/install/moveit_hybrid_planning:/home/pcht/ws_moveit2/install/moveit_ros_planning_interface:/home/pcht/ws_moveit2/install/moveit_ros_benchmarks:/home/pcht/ws_moveit2/install/moveit_ros_warehouse:/home/pcht/ws_moveit2/install/moveit_ros_robot_interaction:/home/pcht/ws_moveit2/install/moveit_ros_perception:/home/pcht/ws_moveit2/install/moveit_resources_prbt_pg70_support:/home/pcht/ws_moveit2/install/moveit_resources_prbt_moveit_config:/home/pcht/ws_moveit2/install/moveit_ros_move_group:/home/pcht/ws_moveit2/install/moveit_planners_ompl:/home/pcht/ws_moveit2/install/moveit_ros_planning:/home/pcht/ws_moveit2/install/moveit_ros_occupancy_map_monitor:/home/pcht/ws_moveit2/install/moveit_resources_prbt_ikfast_manipulator_plugin:/home/pcht/ws_moveit2/install/moveit_planners_chomp:/home/pcht/ws_moveit2/install/moveit_kinematics:/home/pcht/ws_moveit2/install/moveit_chomp_optimizer_adapter:/home/pcht/ws_moveit2/install/chomp_motion_planner:/home/pcht/ws_moveit2/install/moveit_core:/home/pcht/ws_moveit2/install/srdfdom:/home/pcht/ws_moveit2/install/rviz_marker_tools:/home/pcht/ws_moveit2/install/rosparam_shortcuts:/home/pcht/ws_moveit2/install/moveit_task_constructor_msgs:/home/pcht/ws_moveit2/install/moveit_resources_prbt_support:/home/pcht/ws_moveit2/install/moveit_resources:/home/pcht/ws_moveit2/install/moveit_resources_pr2_description:/home/pcht/ws_moveit2/install/moveit_resources_panda_moveit_config:/home/pcht/ws_moveit2/install/moveit_resources_panda_description:/home/pcht/ws_moveit2/install/moveit_resources_fanuc_moveit_config:/home/pcht/ws_moveit2/install/moveit_resources_fanuc_description:/home/pcht/ws_moveit2/install/moveit_common:/home/pcht/ws_moveit2/install/moveit_configs_utils:/home/pcht/ws_moveit2/install/launch_param_builder:/opt/ros/humble LD_LIBRARY_PATH=/home/pcht/dev/comp0250_s26_labs/install/cw1_world_spawner/lib:${LD_LIBRARY_PATH} PYTHONPATH=/home/pcht/dev/comp0250_s26_labs/install/cw1_world_spawner/local/lib/python3.10/dist-packages:${PYTHONPATH} /usr/bin/cmake --install /home/pcht/dev/comp0250_s26_labs/build/cw1_team_36
