[0.025s] Invoking command in '/home/pcht/dev/comp0250_s26_labs/build/panda_description': CMAKE_PREFIX_PATH=${CMAKE_PREFIX_PATH}:/home/pcht/ws_moveit2/install/moveit_configs_utils:/home/pcht/ws_moveit2/install/launch_param_builder:/opt/ros/humble /usr/bin/cmake /home/pcht/dev/comp0250_s26_labs/courseworks/panda_description -DCMAKE_BUILD_TYPE=Release -DCMAKE_INSTALL_PREFIX=/home/pcht/dev/comp0250_s26_labs/install/panda_description
[0.331s] -- The C compiler identification is GNU 11.4.0
[1.036s] -- The CXX compiler identification is GNU 11.4.0
[1.476s] -- Detecting C compiler ABI info
[1.649s] -- Detecting C compiler ABI info - done
[1.654s] -- Check for working C compiler: /usr/bin/cc - skipped
[1.654s] -- Detecting C compile features
[1.654s] -- Detecting C compile features - done
[1.656s] -- Detecting CXX compiler ABI info
[1.871s] -- Detecting CXX compiler ABI info - done
[1.876s] -- Check for working CXX compiler: /usr/bin/c++ - skipped
[1.876s] -- Detecting CXX compile features
[1.876s] -- Detecting CXX compile features - done
[1.882s] -- Found ament_cmake: 1.3.12 (/opt/ros/humble/share/ament_cmake/cmake)
[2.039s] -- Found Python3: /usr/bin/python3 (found version "3.10.12") found components: Interpreter 
[2.222s] -- Configuring done
[2.225s] -- Generating done
[2.226s] -- Build files have been written to: /home/pcht/dev/comp0250_s26_labs/build/panda_description
[2.230s] Invoked command in '/home/pcht/dev/comp0250_s26_labs/build/panda_description' returned '0': CMAKE_PREFIX_PATH=${CMAKE_PREFIX_PATH}:/home/pcht/ws_moveit2/install/moveit_configs_utils:/home/pcht/ws_moveit2/install/launch_param_builder:/opt/ros/humble /usr/bin/cmake /home/pcht/dev/comp0250_s26_labs/courseworks/panda_description -DCMAKE_BUILD_TYPE=Release -DCMAKE_INSTALL_PREFIX=/home/pcht/dev/comp0250_s26_labs/install/panda_description
[2.232s] Invoking command in '/home/pcht/dev/comp0250_s26_labs/build/panda_description': CMAKE_PREFIX_PATH=${CMAKE_PREFIX_PATH}:/home/pcht/ws_moveit2/install/moveit_configs_utils:/home/pcht/ws_moveit2/install/launch_param_builder:/opt/ros/humble /usr/bin/cmake --build /home/pcht/dev/comp0250_s26_labs/build/panda_description -- -j16 -l16
[2.278s] Invoked command in '/home/pcht/dev/comp0250_s26_labs/build/panda_description' returned '0': CMAKE_PREFIX_PATH=${CMAKE_PREFIX_PATH}:/home/pcht/ws_moveit2/install/moveit_configs_utils:/home/pcht/ws_moveit2/install/launch_param_builder:/opt/ros/humble /usr/bin/cmake --build /home/pcht/dev/comp0250_s26_labs/build/panda_description -- -j16 -l16
[2.280s] Invoking command in '/home/pcht/dev/comp0250_s26_labs/build/panda_description': CMAKE_PREFIX_PATH=${CMAKE_PREFIX_PATH}:/home/pcht/ws_moveit2/install/moveit_configs_utils:/home/pcht/ws_moveit2/install/launch_param_builder:/opt/ros/humble /usr/bin/cmake --install /home/pcht/dev/comp0250_s26_labs/build/panda_description
[2.288s] -- Install configuration: "Release"
[2.288s] -- Installing: /home/pcht/dev/comp0250_s26_labs/install/panda_description/share/panda_description/config
[2.289s] -- Installing: /home/pcht/dev/comp0250_s26_labs/install/panda_description/share/panda_description/config/panda_control.yaml
[2.289s] -- Installing: /home/pcht/dev/comp0250_s26_labs/install/panda_description/share/panda_description/meshes
[2.289s] -- Installing: /home/pcht/dev/comp0250_s26_labs/install/panda_description/share/panda_description/meshes/visual
[2.289s] -- Installing: /home/pcht/dev/comp0250_s26_labs/install/panda_description/share/panda_description/meshes/visual/link4.dae
[2.290s] -- Installing: /home/pcht/dev/comp0250_s26_labs/install/panda_description/share/panda_description/meshes/visual/finger.dae
[2.290s] -- Installing: /home/pcht/dev/comp0250_s26_labs/install/panda_description/share/panda_description/meshes/visual/link7.dae
[2.291s] -- Installing: /home/pcht/dev/comp0250_s26_labs/install/panda_description/share/panda_description/meshes/visual/link0.dae
[2.292s] -- Installing: /home/pcht/dev/comp0250_s26_labs/install/panda_description/share/panda_description/meshes/visual/hand.dae
[2.293s] -- Installing: /home/pcht/dev/comp0250_s26_labs/install/panda_description/share/panda_description/meshes/visual/link3.dae
[2.293s] -- Installing: /home/pcht/dev/comp0250_s26_labs/install/panda_description/share/panda_description/meshes/visual/link2.dae
[2.294s] -- Installing: /home/pcht/dev/comp0250_s26_labs/install/panda_description/share/panda_description/meshes/visual/link6.dae
[2.295s] -- Installing: /home/pcht/dev/comp0250_s26_labs/install/panda_description/share/panda_description/meshes/visual/link1.dae
[2.296s] -- Installing: /home/pcht/dev/comp0250_s26_labs/install/panda_description/share/panda_description/meshes/visual/link5.dae
[2.297s] -- Installing: /home/pcht/dev/comp0250_s26_labs/install/panda_description/share/panda_description/meshes/collision
[2.297s] -- Installing: /home/pcht/dev/comp0250_s26_labs/install/panda_description/share/panda_description/meshes/collision/link4.stl
[2.298s] -- Installing: /home/pcht/dev/comp0250_s26_labs/install/panda_description/share/panda_description/meshes/collision/link6.stl
[2.298s] -- Installing: /home/pcht/dev/comp0250_s26_labs/install/panda_description/share/panda_description/meshes/collision/link5.stl
[2.298s] -- Installing: /home/pcht/dev/comp0250_s26_labs/install/panda_description/share/panda_description/meshes/collision/link3.stl
[2.298s] -- Installing: /home/pcht/dev/comp0250_s26_labs/install/panda_description/share/panda_description/meshes/collision/link7.stl
[2.298s] -- Installing: /home/pcht/dev/comp0250_s26_labs/install/panda_description/share/panda_description/meshes/collision/finger.stl
[2.299s] -- Installing: /home/pcht/dev/comp0250_s26_labs/install/panda_description/share/panda_description/meshes/collision/link0.stl
[2.299s] -- Installing: /home/pcht/dev/comp0250_s26_labs/install/panda_description/share/panda_description/meshes/collision/hand.stl
[2.299s] -- Installing: /home/pcht/dev/comp0250_s26_labs/install/panda_description/share/panda_description/meshes/collision/link1.stl
[2.299s] -- Installing: /home/pcht/dev/comp0250_s26_labs/install/panda_description/share/panda_description/meshes/collision/link2.stl
[2.299s] -- Installing: /home/pcht/dev/comp0250_s26_labs/install/panda_description/share/panda_description/rviz
[2.299s] -- Installing: /home/pcht/dev/comp0250_s26_labs/install/panda_description/share/panda_description/rviz/urdf.rviz
[2.299s] -- Installing: /home/pcht/dev/comp0250_s26_labs/install/panda_description/share/panda_description/sdf
[2.300s] -- Installing: /home/pcht/dev/comp0250_s26_labs/install/panda_description/share/panda_description/sdf/empty_panda.world
[2.300s] -- Installing: /home/pcht/dev/comp0250_s26_labs/install/panda_description/share/panda_description/sdf/empty_panda_noShadow.world
[2.300s] -- Installing: /home/pcht/dev/comp0250_s26_labs/install/panda_description/share/panda_description/srdf
[2.300s] -- Installing: /home/pcht/dev/comp0250_s26_labs/install/panda_description/share/panda_description/srdf/panda_with_rs.srdf.xacro
[2.300s] -- Installing: /home/pcht/dev/comp0250_s26_labs/install/panda_description/share/panda_description/urdf
[2.300s] -- Installing: /home/pcht/dev/comp0250_s26_labs/install/panda_description/share/panda_description/urdf/panda_arm_hand.urdf.xacro
[2.300s] -- Installing: /home/pcht/dev/comp0250_s26_labs/install/panda_description/share/panda_description/urdf/panda_with_rs.urdf.xacro
[2.300s] -- Installing: /home/pcht/dev/comp0250_s26_labs/install/panda_description/share/panda_description/xacro
[2.301s] -- Installing: /home/pcht/dev/comp0250_s26_labs/install/panda_description/share/panda_description/xacro/panda.control.xacro
[2.301s] -- Installing: /home/pcht/dev/comp0250_s26_labs/install/panda_description/share/panda_description/xacro/panda.gazebo.xacro
[2.301s] -- Installing: /home/pcht/dev/comp0250_s26_labs/install/panda_description/share/panda_description/xacro/hand.xacro
[2.301s] -- Installing: /home/pcht/dev/comp0250_s26_labs/install/panda_description/share/panda_description/xacro/panda_arm.xacro
[2.301s] -- Installing: /home/pcht/dev/comp0250_s26_labs/install/panda_description/share/panda_description/xacro/panda.transmission.xacro
[2.301s] -- Installing: /home/pcht/dev/comp0250_s26_labs/install/panda_description/share/panda_description/launch
[2.301s] -- Installing: /home/pcht/dev/comp0250_s26_labs/install/panda_description/share/panda_description/launch/description.launch.py
[2.302s] -- Installing: /home/pcht/dev/comp0250_s26_labs/install/panda_description/share/ament_index/resource_index/package_run_dependencies/panda_description
[2.302s] -- Installing: /home/pcht/dev/comp0250_s26_labs/install/panda_description/share/ament_index/resource_index/parent_prefix_path/panda_description
[2.302s] -- Installing: /home/pcht/dev/comp0250_s26_labs/install/panda_description/share/panda_description/environment/ament_prefix_path.sh
[2.303s] -- Installing: /home/pcht/dev/comp0250_s26_labs/install/panda_description/share/panda_description/environment/ament_prefix_path.dsv
[2.303s] -- Installing: /home/pcht/dev/comp0250_s26_labs/install/panda_description/share/panda_description/environment/path.sh
[2.303s] -- Installing: /home/pcht/dev/comp0250_s26_labs/install/panda_description/share/panda_description/environment/path.dsv
[2.303s] -- Installing: /home/pcht/dev/comp0250_s26_labs/install/panda_description/share/panda_description/local_setup.bash
[2.303s] -- Installing: /home/pcht/dev/comp0250_s26_labs/install/panda_description/share/panda_description/local_setup.sh
[2.303s] -- Installing: /home/pcht/dev/comp0250_s26_labs/install/panda_description/share/panda_description/local_setup.zsh
[2.303s] -- Installing: /home/pcht/dev/comp0250_s26_labs/install/panda_description/share/panda_description/local_setup.dsv
[2.303s] -- Installing: /home/pcht/dev/comp0250_s26_labs/install/panda_description/share/panda_description/package.dsv
[2.303s] -- Installing: /home/pcht/dev/comp0250_s26_labs/install/panda_description/share/ament_index/resource_index/packages/panda_description
[2.304s] -- Installing: /home/pcht/dev/comp0250_s26_labs/install/panda_description/share/panda_description/cmake/panda_descriptionConfig.cmake
[2.304s] -- Installing: /home/pcht/dev/comp0250_s26_labs/install/panda_description/share/panda_description/cmake/panda_descriptionConfig-version.cmake
[2.304s] -- Installing: /home/pcht/dev/comp0250_s26_labs/install/panda_description/share/panda_description/package.xml
[2.306s] Invoked command in '/home/pcht/dev/comp0250_s26_labs/build/panda_description' returned '0': CMAKE_PREFIX_PATH=${CMAKE_PREFIX_PATH}:/home/pcht/ws_moveit2/install/moveit_configs_utils:/home/pcht/ws_moveit2/install/launch_param_builder:/opt/ros/humble /usr/bin/cmake --install /home/pcht/dev/comp0250_s26_labs/build/panda_description
