[0.138s] Invoking command in '/home/pcht/dev/comp0250_s26_labs/build/cw1_team_36': CMAKE_PREFIX_PATH=/home/pcht/dev/comp0250_s26_labs/install/cw1_world_spawner:/home/pcht/dev/comp0250_s26_labs/install/rpl_panda_with_rs:/home/pcht/dev/comp0250_s26_labs/install/realsense_gazebo_plugin:/home/pcht/dev/comp0250_s26_labs/install/panda_moveit_config:/home/pcht/dev/comp0250_s26_labs/install/panda_description:/home/pcht/dev/comp0250_s26_labs/install/cw1_team_x:/home/pcht/dev/comp0250_s26_labs/install/cw1_team_36:/home/pcht/ws_moveit2/install/pilz_industrial_motion_planner_testutils:/home/pcht/ws_moveit2/install/moveit_runtime:/home/pcht/ws_moveit2/install/moveit2_tutorials:/home/pcht/ws_moveit2/install/moveit:/home/pcht/ws_moveit2/install/moveit_planners:/home/pcht/ws_moveit2/install/pilz_industrial_motion_planner:/home/pcht/ws_moveit2/install/mtc_tutorial:/home/pcht/ws_moveit2/install/moveit_visual_tools:/home/pcht/ws_moveit2/install/moveit_task_constructor_visualization:/home/pcht/ws_moveit2/install/moveit_task_constructor_demo:/home/pcht/ws_moveit2/install/moveit_task_constructor_capabilities:/home/pcht/ws_moveit2/install/moveit_task_constructor_core:/home/pcht/ws_moveit2/install/moveit_ros_control_interface:/home/pcht/ws_moveit2/install/moveit_plugins:/home/pcht/ws_moveit2/install/moveit_simple_controller_manager:/home/pcht/ws_moveit2/install/moveit_setup_assistant:/home/pcht/ws_moveit2/install/moveit_setup_srdf_plugins:/home/pcht/ws_moveit2/install/moveit_setup_core_plugins:/home/pcht/ws_moveit2/install/moveit_setup_controllers:/home/pcht/ws_moveit2/install/moveit_setup_app_plugins:/home/pcht/ws_moveit2/install/moveit_setup_framework:/home/pcht/ws_moveit2/install/moveit_servo:/home/pcht/ws_moveit2/install/moveit_ros:/home/pcht/ws_moveit2/install/moveit_ros_visualization:/home/pcht/ws_moveit2/install/moveit_py:/home/pcht/ws_moveit2/install/moveit_hybrid_planning:/home/pcht/ws_moveit2/install/moveit_ros_planning_interface:/home/pcht/ws_moveit2/install/moveit_ros_benchmarks:/home/pcht/ws_moveit2/install/moveit_ros_warehouse:/home/pcht/ws_moveit2/install/moveit_ros_robot_interaction:/home/pcht/ws_moveit2/install/moveit_ros_perception:/home/pcht/ws_moveit2/install/moveit_resources_prbt_pg70_support:/home/pcht/ws_moveit2/install/moveit_resources_prbt_moveit_config:/home/pcht/ws_moveit2/install/moveit_ros_move_group:/home/pcht/ws_moveit2/install/moveit_planners_ompl:/home/pcht/ws_moveit2/install/moveit_ros_planning:/home/pcht/ws_moveit2/install/moveit_ros_occupancy_map_monitor:/home/pcht/ws_moveit2/install/moveit_resources_prbt_ikfast_manipulator_plugin:/home/pcht/ws_moveit2/install/moveit_planners_chomp:/home/pcht/ws_moveit2/install/moveit_kinematics:/home/pcht/ws_moveit2/install/moveit_chomp_optimizer_adapter:/home/pcht/ws_moveit2/install/chomp_motion_planner:/home/pcht/ws_moveit2/install/moveit_core:/home/pcht/ws_moveit2/install/srdfdom:/home/pcht/ws_moveit2/install/rviz_marker_tools:/home/pcht/ws_moveit2/install/rosparam_shortcuts:/home/pcht/ws_moveit2/install/moveit_task_constructor_msgs:/home/pcht/ws_moveit2/install/moveit_resources_prbt_support:/home/pcht/ws_moveit2/install/moveit_resources:/home/pcht/ws_moveit2/install/moveit_resources_pr2_description:/home/pcht/ws_moveit2/install/moveit_resources_panda_moveit_config:/home/pcht/ws_moveit2/install/moveit_resources_panda_description:/home/pcht/ws_moveit2/install/moveit_resources_fanuc_moveit_config:/home/pcht/ws_moveit2/install/moveit_resources_fanuc_description:/home/pcht/ws_moveit2/install/moveit_common:/home/pcht/ws_moveit2/install/moveit_configs_utils:/home/pcht/ws_moveit2/install/launch_param_builder:/opt/ros/humble LD_LIBRARY_PATH=/home/pcht/dev/comp0250_s26_labs/install/cw1_world_spawner/lib:/home/pcht/dev/comp0250_s26_labs/install/realsense_gazebo_plugin/lib:/home/pcht/dev/comp0250_s26_labs/install/cw1_team_x/lib:/home/pcht/dev/comp0250_s26_labs/install/cw1_team_36/lib:/home/pcht/ws_moveit2/install/pilz_industrial_motion_planner_testutils/lib:/home/pcht/ws_moveit2/install/pilz_industrial_motion_planner/lib:/home/pcht/ws_moveit2/install/moveit_visual_tools/lib:/home/pcht/ws_moveit2/install/moveit_task_constructor_visualization/lib:/home/pcht/ws_moveit2/install/moveit_task_constructor_demo/lib:/home/pcht/ws_moveit2/install/moveit_task_constructor_capabilities/lib:/home/pcht/ws_moveit2/install/moveit_task_constructor_core/lib:/home/pcht/ws_moveit2/install/moveit_ros_control_interface/lib:/home/pcht/ws_moveit2/install/moveit_simple_controller_manager/lib:/home/pcht/ws_moveit2/install/moveit_setup_assistant/lib:/home/pcht/ws_moveit2/install/moveit_setup_srdf_plugins/lib:/home/pcht/ws_moveit2/install/moveit_setup_core_plugins/lib:/home/pcht/ws_moveit2/install/moveit_setup_controllers/lib:/home/pcht/ws_moveit2/install/moveit_setup_app_plugins/lib:/home/pcht/ws_moveit2/install/moveit_setup_framework/lib:/home/pcht/ws_moveit2/install/moveit_servo/lib:/home/pcht/ws_moveit2/install/moveit_ros_visualization/lib:/home/pcht/ws_moveit2/install/moveit_py/lib:/home/pcht/ws_moveit2/install/moveit_hybrid_planning/lib:/home/pcht/ws_moveit2/install/moveit_ros_planning_interface/lib:/home/pcht/ws_moveit2/install/moveit_ros_benchmarks/lib:/home/pcht/ws_moveit2/install/moveit_ros_warehouse/lib:/home/pcht/ws_moveit2/install/moveit_ros_robot_interaction/lib:/home/pcht/ws_moveit2/install/moveit_ros_perception/lib:/home/pcht/ws_moveit2/install/moveit_ros_move_group/lib:/home/pcht/ws_moveit2/install/moveit_planners_ompl/lib:/home/pcht/ws_moveit2/install/moveit_ros_planning/lib:/home/pcht/ws_moveit2/install/moveit_ros_occupancy_map_monitor/lib:/home/pcht/ws_moveit2/install/moveit_resources_prbt_ikfast_manipulator_plugin/lib:/home/pcht/ws_moveit2/install/moveit_planners_chomp/lib:/home/pcht/ws_moveit2/install/moveit_kinematics/lib:/home/pcht/ws_moveit2/install/moveit_chomp_optimizer_adapter/lib:/home/pcht/ws_moveit2/install/chomp_motion_planner/lib:/home/pcht/ws_moveit2/install/moveit_core/lib:/home/pcht/ws_moveit2/install/srdfdom/lib:/home/pcht/ws_moveit2/install/rviz_marker_tools/lib:/home/pcht/ws_moveit2/install/rosparam_shortcuts/lib:/home/pcht/ws_moveit2/install/moveit_task_constructor_msgs/lib:/usr/lib/x86_64-linux-gnu/gazebo-11/plugins:/opt/ros/humble/opt/rviz_ogre_vendor/lib:/opt/ros/humble/lib/x86_64-linux-gnu:/opt/ros/humble/lib:/home/pcht/dev/Quadruped-PyMPC/quadruped_pympc/acados/lib:/home/pcht/dev/Quadruped-PyMPC/quadruped_pympc/acados/lib /usr/bin/cmake --build /home/pcht/dev/comp0250_s26_labs/build/cw1_team_36 -- -j16 -l16
[0.204s] [  2%] Built target cw1_team_36__cpp
[0.204s] [ 11%] Built target cw1_team_36__rosidl_generator_c
[0.215s] [ 11%] Built target ament_cmake_python_copy_cw1_team_36
[0.234s] [ 20%] Built target cw1_team_36__rosidl_typesupport_fastrtps_cpp
[0.234s] [ 28%] Built target cw1_team_36__rosidl_typesupport_cpp
[0.238s] [ 37%] Built target cw1_team_36__rosidl_typesupport_introspection_cpp
[0.249s] [ 45%] Built target cw1_team_36__rosidl_typesupport_fastrtps_c
[0.249s] [ 54%] Built target cw1_team_36__rosidl_typesupport_c
[0.249s] [ 62%] Built target cw1_team_36__rosidl_typesupport_introspection_c
[0.255s] [35m[1mConsolidate compiler generated dependencies of target cw1_team_36_cw1_class_lib[0m
[0.278s] [ 62%] Built target cw1_team_36
[0.281s] [ 68%] Built target cw1_team_36_cw1_class_lib
[0.306s] [ 71%] Built target cw1_team_36__py
[0.318s] [ 77%] Built target cw1_solution_node
[0.336s] [ 82%] Built target cw1_team_36__rosidl_generator_py
[0.365s] [100%] Built target cw1_team_36__rosidl_typesupport_fastrtps_c__pyext
[0.365s] [100%] Built target cw1_team_36__rosidl_typesupport_introspection_c__pyext
[0.366s] [100%] Built target cw1_team_36__rosidl_typesupport_c__pyext
[0.420s] running egg_info
[0.421s] writing cw1_team_36.egg-info/PKG-INFO
[0.421s] writing dependency_links to cw1_team_36.egg-info/dependency_links.txt
[0.421s] writing top-level names to cw1_team_36.egg-info/top_level.txt
[0.423s] reading manifest file 'cw1_team_36.egg-info/SOURCES.txt'
[0.423s] writing manifest file 'cw1_team_36.egg-info/SOURCES.txt'
[0.451s] [100%] Built target ament_cmake_python_build_cw1_team_36_egg
[0.466s] Invoked command in '/home/pcht/dev/comp0250_s26_labs/build/cw1_team_36' returned '0': CMAKE_PREFIX_PATH=/home/pcht/dev/comp0250_s26_labs/install/cw1_world_spawner:/home/pcht/dev/comp0250_s26_labs/install/rpl_panda_with_rs:/home/pcht/dev/comp0250_s26_labs/install/realsense_gazebo_plugin:/home/pcht/dev/comp0250_s26_labs/install/panda_moveit_config:/home/pcht/dev/comp0250_s26_labs/install/panda_description:/home/pcht/dev/comp0250_s26_labs/install/cw1_team_x:/home/pcht/dev/comp0250_s26_labs/install/cw1_team_36:/home/pcht/ws_moveit2/install/pilz_industrial_motion_planner_testutils:/home/pcht/ws_moveit2/install/moveit_runtime:/home/pcht/ws_moveit2/install/moveit2_tutorials:/home/pcht/ws_moveit2/install/moveit:/home/pcht/ws_moveit2/install/moveit_planners:/home/pcht/ws_moveit2/install/pilz_industrial_motion_planner:/home/pcht/ws_moveit2/install/mtc_tutorial:/home/pcht/ws_moveit2/install/moveit_visual_tools:/home/pcht/ws_moveit2/install/moveit_task_constructor_visualization:/home/pcht/ws_moveit2/install/moveit_task_constructor_demo:/home/pcht/ws_moveit2/install/moveit_task_constructor_capabilities:/home/pcht/ws_moveit2/install/moveit_task_constructor_core:/home/pcht/ws_moveit2/install/moveit_ros_control_interface:/home/pcht/ws_moveit2/install/moveit_plugins:/home/pcht/ws_moveit2/install/moveit_simple_controller_manager:/home/pcht/ws_moveit2/install/moveit_setup_assistant:/home/pcht/ws_moveit2/install/moveit_setup_srdf_plugins:/home/pcht/ws_moveit2/install/moveit_setup_core_plugins:/home/pcht/ws_moveit2/install/moveit_setup_controllers:/home/pcht/ws_moveit2/install/moveit_setup_app_plugins:/home/pcht/ws_moveit2/install/moveit_setup_framework:/home/pcht/ws_moveit2/install/moveit_servo:/home/pcht/ws_moveit2/install/moveit_ros:/home/pcht/ws_moveit2/install/moveit_ros_visualization:/home/pcht/ws_moveit2/install/moveit_py:/home/pcht/ws_moveit2/install/moveit_hybrid_planning:/home/pcht/ws_moveit2/install/moveit_ros_planning_interface:/home/pcht/ws_moveit2/install/moveit_ros_benchmarks:/home/pcht/ws_moveit2/install/moveit_ros_warehouse:/home/pcht/ws_moveit2/install/moveit_ros_robot_interaction:/home/pcht/ws_moveit2/install/moveit_ros_perception:/home/pcht/ws_moveit2/install/moveit_resources_prbt_pg70_support:/home/pcht/ws_moveit2/install/moveit_resources_prbt_moveit_config:/home/pcht/ws_moveit2/install/moveit_ros_move_group:/home/pcht/ws_moveit2/install/moveit_planners_ompl:/home/pcht/ws_moveit2/install/moveit_ros_planning:/home/pcht/ws_moveit2/install/moveit_ros_occupancy_map_monitor:/home/pcht/ws_moveit2/install/moveit_resources_prbt_ikfast_manipulator_plugin:/home/pcht/ws_moveit2/install/moveit_planners_chomp:/home/pcht/ws_moveit2/install/moveit_kinematics:/home/pcht/ws_moveit2/install/moveit_chomp_optimizer_adapter:/home/pcht/ws_moveit2/install/chomp_motion_planner:/home/pcht/ws_moveit2/install/moveit_core:/home/pcht/ws_moveit2/install/srdfdom:/home/pcht/ws_moveit2/install/rviz_marker_tools:/home/pcht/ws_moveit2/install/rosparam_shortcuts:/home/pcht/ws_moveit2/install/moveit_task_constructor_msgs:/home/pcht/ws_moveit2/install/moveit_resources_prbt_support:/home/pcht/ws_moveit2/install/moveit_resources:/home/pcht/ws_moveit2/install/moveit_resources_pr2_description:/home/pcht/ws_moveit2/install/moveit_resources_panda_moveit_config:/home/pcht/ws_moveit2/install/moveit_resources_panda_description:/home/pcht/ws_moveit2/install/moveit_resources_fanuc_moveit_config:/home/pcht/ws_moveit2/install/moveit_resources_fanuc_description:/home/pcht/ws_moveit2/install/moveit_common:/home/pcht/ws_moveit2/install/moveit_configs_utils:/home/pcht/ws_moveit2/install/launch_param_builder:/opt/ros/humble LD_LIBRARY_PATH=/home/pcht/dev/comp0250_s26_labs/install/cw1_world_spawner/lib:/home/pcht/dev/comp0250_s26_labs/install/realsense_gazebo_plugin/lib:/home/pcht/dev/comp0250_s26_labs/install/cw1_team_x/lib:/home/pcht/dev/comp0250_s26_labs/install/cw1_team_36/lib:/home/pcht/ws_moveit2/install/pilz_industrial_motion_planner_testutils/lib:/home/pcht/ws_moveit2/install/pilz_industrial_motion_planner/lib:/home/pcht/ws_moveit2/install/moveit_visual_tools/lib:/home/pcht/ws_moveit2/install/moveit_task_constructor_visualization/lib:/home/pcht/ws_moveit2/install/moveit_task_constructor_demo/lib:/home/pcht/ws_moveit2/install/moveit_task_constructor_capabilities/lib:/home/pcht/ws_moveit2/install/moveit_task_constructor_core/lib:/home/pcht/ws_moveit2/install/moveit_ros_control_interface/lib:/home/pcht/ws_moveit2/install/moveit_simple_controller_manager/lib:/home/pcht/ws_moveit2/install/moveit_setup_assistant/lib:/home/pcht/ws_moveit2/install/moveit_setup_srdf_plugins/lib:/home/pcht/ws_moveit2/install/moveit_setup_core_plugins/lib:/home/pcht/ws_moveit2/install/moveit_setup_controllers/lib:/home/pcht/ws_moveit2/install/moveit_setup_app_plugins/lib:/home/pcht/ws_moveit2/install/moveit_setup_framework/lib:/home/pcht/ws_moveit2/install/moveit_servo/lib:/home/pcht/ws_moveit2/install/moveit_ros_visualization/lib:/home/pcht/ws_moveit2/install/moveit_py/lib:/home/pcht/ws_moveit2/install/moveit_hybrid_planning/lib:/home/pcht/ws_moveit2/install/moveit_ros_planning_interface/lib:/home/pcht/ws_moveit2/install/moveit_ros_benchmarks/lib:/home/pcht/ws_moveit2/install/moveit_ros_warehouse/lib:/home/pcht/ws_moveit2/install/moveit_ros_robot_interaction/lib:/home/pcht/ws_moveit2/install/moveit_ros_perception/lib:/home/pcht/ws_moveit2/install/moveit_ros_move_group/lib:/home/pcht/ws_moveit2/install/moveit_planners_ompl/lib:/home/pcht/ws_moveit2/install/moveit_ros_planning/lib:/home/pcht/ws_moveit2/install/moveit_ros_occupancy_map_monitor/lib:/home/pcht/ws_moveit2/install/moveit_resources_prbt_ikfast_manipulator_plugin/lib:/home/pcht/ws_moveit2/install/moveit_planners_chomp/lib:/home/pcht/ws_moveit2/install/moveit_kinematics/lib:/home/pcht/ws_moveit2/install/moveit_chomp_optimizer_adapter/lib:/home/pcht/ws_moveit2/install/chomp_motion_planner/lib:/home/pcht/ws_moveit2/install/moveit_core/lib:/home/pcht/ws_moveit2/install/srdfdom/lib:/home/pcht/ws_moveit2/install/rviz_marker_tools/lib:/home/pcht/ws_moveit2/install/rosparam_shortcuts/lib:/home/pcht/ws_moveit2/install/moveit_task_constructor_msgs/lib:/usr/lib/x86_64-linux-gnu/gazebo-11/plugins:/opt/ros/humble/opt/rviz_ogre_vendor/lib:/opt/ros/humble/lib/x86_64-linux-gnu:/opt/ros/humble/lib:/home/pcht/dev/Quadruped-PyMPC/quadruped_pympc/acados/lib:/home/pcht/dev/Quadruped-PyMPC/quadruped_pympc/acados/lib /usr/bin/cmake --build /home/pcht/dev/comp0250_s26_labs/build/cw1_team_36 -- -j16 -l16
[0.479s] Invoking command in '/home/pcht/dev/comp0250_s26_labs/build/cw1_team_36': CMAKE_PREFIX_PATH=/home/pcht/dev/comp0250_s26_labs/install/cw1_world_spawner:/home/pcht/dev/comp0250_s26_labs/install/rpl_panda_with_rs:/home/pcht/dev/comp0250_s26_labs/install/realsense_gazebo_plugin:/home/pcht/dev/comp0250_s26_labs/install/panda_moveit_config:/home/pcht/dev/comp0250_s26_labs/install/panda_description:/home/pcht/dev/comp0250_s26_labs/install/cw1_team_x:/home/pcht/dev/comp0250_s26_labs/install/cw1_team_36:/home/pcht/ws_moveit2/install/pilz_industrial_motion_planner_testutils:/home/pcht/ws_moveit2/install/moveit_runtime:/home/pcht/ws_moveit2/install/moveit2_tutorials:/home/pcht/ws_moveit2/install/moveit:/home/pcht/ws_moveit2/install/moveit_planners:/home/pcht/ws_moveit2/install/pilz_industrial_motion_planner:/home/pcht/ws_moveit2/install/mtc_tutorial:/home/pcht/ws_moveit2/install/moveit_visual_tools:/home/pcht/ws_moveit2/install/moveit_task_constructor_visualization:/home/pcht/ws_moveit2/install/moveit_task_constructor_demo:/home/pcht/ws_moveit2/install/moveit_task_constructor_capabilities:/home/pcht/ws_moveit2/install/moveit_task_constructor_core:/home/pcht/ws_moveit2/install/moveit_ros_control_interface:/home/pcht/ws_moveit2/install/moveit_plugins:/home/pcht/ws_moveit2/install/moveit_simple_controller_manager:/home/pcht/ws_moveit2/install/moveit_setup_assistant:/home/pcht/ws_moveit2/install/moveit_setup_srdf_plugins:/home/pcht/ws_moveit2/install/moveit_setup_core_plugins:/home/pcht/ws_moveit2/install/moveit_setup_controllers:/home/pcht/ws_moveit2/install/moveit_setup_app_plugins:/home/pcht/ws_moveit2/install/moveit_setup_framework:/home/pcht/ws_moveit2/install/moveit_servo:/home/pcht/ws_moveit2/install/moveit_ros:/home/pcht/ws_moveit2/install/moveit_ros_visualization:/home/pcht/ws_moveit2/install/moveit_py:/home/pcht/ws_moveit2/install/moveit_hybrid_planning:/home/pcht/ws_moveit2/install/moveit_ros_planning_interface:/home/pcht/ws_moveit2/install/moveit_ros_benchmarks:/home/pcht/ws_moveit2/install/moveit_ros_warehouse:/home/pcht/ws_moveit2/install/moveit_ros_robot_interaction:/home/pcht/ws_moveit2/install/moveit_ros_perception:/home/pcht/ws_moveit2/install/moveit_resources_prbt_pg70_support:/home/pcht/ws_moveit2/install/moveit_resources_prbt_moveit_config:/home/pcht/ws_moveit2/install/moveit_ros_move_group:/home/pcht/ws_moveit2/install/moveit_planners_ompl:/home/pcht/ws_moveit2/install/moveit_ros_planning:/home/pcht/ws_moveit2/install/moveit_ros_occupancy_map_monitor:/home/pcht/ws_moveit2/install/moveit_resources_prbt_ikfast_manipulator_plugin:/home/pcht/ws_moveit2/install/moveit_planners_chomp:/home/pcht/ws_moveit2/install/moveit_kinematics:/home/pcht/ws_moveit2/install/moveit_chomp_optimizer_adapter:/home/pcht/ws_moveit2/install/chomp_motion_planner:/home/pcht/ws_moveit2/install/moveit_core:/home/pcht/ws_moveit2/install/srdfdom:/home/pcht/ws_moveit2/install/rviz_marker_tools:/home/pcht/ws_moveit2/install/rosparam_shortcuts:/home/pcht/ws_moveit2/install/moveit_task_constructor_msgs:/home/pcht/ws_moveit2/install/moveit_resources_prbt_support:/home/pcht/ws_moveit2/install/moveit_resources:/home/pcht/ws_moveit2/install/moveit_resources_pr2_description:/home/pcht/ws_moveit2/install/moveit_resources_panda_moveit_config:/home/pcht/ws_moveit2/install/moveit_resources_panda_description:/home/pcht/ws_moveit2/install/moveit_resources_fanuc_moveit_config:/home/pcht/ws_moveit2/install/moveit_resources_fanuc_description:/home/pcht/ws_moveit2/install/moveit_common:/home/pcht/ws_moveit2/install/moveit_configs_utils:/home/pcht/ws_moveit2/install/launch_param_builder:/opt/ros/humble LD_LIBRARY_PATH=/home/pcht/dev/comp0250_s26_labs/install/cw1_world_spawner/lib:/home/pcht/dev/comp0250_s26_labs/install/realsense_gazebo_plugin/lib:/home/pcht/dev/comp0250_s26_labs/install/cw1_team_x/lib:/home/pcht/dev/comp0250_s26_labs/install/cw1_team_36/lib:/home/pcht/ws_moveit2/install/pilz_industrial_motion_planner_testutils/lib:/home/pcht/ws_moveit2/install/pilz_industrial_motion_planner/lib:/home/pcht/ws_moveit2/install/moveit_visual_tools/lib:/home/pcht/ws_moveit2/install/moveit_task_constructor_visualization/lib:/home/pcht/ws_moveit2/install/moveit_task_constructor_demo/lib:/home/pcht/ws_moveit2/install/moveit_task_constructor_capabilities/lib:/home/pcht/ws_moveit2/install/moveit_task_constructor_core/lib:/home/pcht/ws_moveit2/install/moveit_ros_control_interface/lib:/home/pcht/ws_moveit2/install/moveit_simple_controller_manager/lib:/home/pcht/ws_moveit2/install/moveit_setup_assistant/lib:/home/pcht/ws_moveit2/install/moveit_setup_srdf_plugins/lib:/home/pcht/ws_moveit2/install/moveit_setup_core_plugins/lib:/home/pcht/ws_moveit2/install/moveit_setup_controllers/lib:/home/pcht/ws_moveit2/install/moveit_setup_app_plugins/lib:/home/pcht/ws_moveit2/install/moveit_setup_framework/lib:/home/pcht/ws_moveit2/install/moveit_servo/lib:/home/pcht/ws_moveit2/install/moveit_ros_visualization/lib:/home/pcht/ws_moveit2/install/moveit_py/lib:/home/pcht/ws_moveit2/install/moveit_hybrid_planning/lib:/home/pcht/ws_moveit2/install/moveit_ros_planning_interface/lib:/home/pcht/ws_moveit2/install/moveit_ros_benchmarks/lib:/home/pcht/ws_moveit2/install/moveit_ros_warehouse/lib:/home/pcht/ws_moveit2/install/moveit_ros_robot_interaction/lib:/home/pcht/ws_moveit2/install/moveit_ros_perception/lib:/home/pcht/ws_moveit2/install/moveit_ros_move_group/lib:/home/pcht/ws_moveit2/install/moveit_planners_ompl/lib:/home/pcht/ws_moveit2/install/moveit_ros_planning/lib:/home/pcht/ws_moveit2/install/moveit_ros_occupancy_map_monitor/lib:/home/pcht/ws_moveit2/install/moveit_resources_prbt_ikfast_manipulator_plugin/lib:/home/pcht/ws_moveit2/install/moveit_planners_chomp/lib:/home/pcht/ws_moveit2/install/moveit_kinematics/lib:/home/pcht/ws_moveit2/install/moveit_chomp_optimizer_adapter/lib:/home/pcht/ws_moveit2/install/chomp_motion_planner/lib:/home/pcht/ws_moveit2/install/moveit_core/lib:/home/pcht/ws_moveit2/install/srdfdom/lib:/home/pcht/ws_moveit2/install/rviz_marker_tools/lib:/home/pcht/ws_moveit2/install/rosparam_shortcuts/lib:/home/pcht/ws_moveit2/install/moveit_task_constructor_msgs/lib:/usr/lib/x86_64-linux-gnu/gazebo-11/plugins:/opt/ros/humble/opt/rviz_ogre_vendor/lib:/opt/ros/humble/lib/x86_64-linux-gnu:/opt/ros/humble/lib:/home/pcht/dev/Quadruped-PyMPC/quadruped_pympc/acados/lib:/home/pcht/dev/Quadruped-PyMPC/quadruped_pympc/acados/lib /usr/bin/cmake --install /home/pcht/dev/comp0250_s26_labs/build/cw1_team_36
[0.489s] -- Install configuration: "Release"
[0.489s] -- Up-to-date: /home/pcht/dev/comp0250_s26_labs/install/cw1_team_36/share/ament_index/resource_index/rosidl_interfaces/cw1_team_36
[0.489s] -- Up-to-date: /home/pcht/dev/comp0250_s26_labs/install/cw1_team_36/include/cw1_team_36/cw1_team_36
[0.489s] -- Up-to-date: /home/pcht/dev/comp0250_s26_labs/install/cw1_team_36/include/cw1_team_36/cw1_team_36/msg
[0.489s] -- Up-to-date: /home/pcht/dev/comp0250_s26_labs/install/cw1_team_36/include/cw1_team_36/cw1_team_36/msg/rosidl_generator_c__visibility_control.h
[0.489s] -- Up-to-date: /home/pcht/dev/comp0250_s26_labs/install/cw1_team_36/include/cw1_team_36/cw1_team_36/srv
[0.489s] -- Up-to-date: /home/pcht/dev/comp0250_s26_labs/install/cw1_team_36/include/cw1_team_36/cw1_team_36/srv/detail
[0.489s] -- Up-to-date: /home/pcht/dev/comp0250_s26_labs/install/cw1_team_36/include/cw1_team_36/cw1_team_36/srv/detail/example__type_support.h
[0.490s] -- Up-to-date: /home/pcht/dev/comp0250_s26_labs/install/cw1_team_36/include/cw1_team_36/cw1_team_36/srv/detail/example__functions.c
[0.490s] -- Up-to-date: /home/pcht/dev/comp0250_s26_labs/install/cw1_team_36/include/cw1_team_36/cw1_team_36/srv/detail/example__struct.h
[0.490s] -- Up-to-date: /home/pcht/dev/comp0250_s26_labs/install/cw1_team_36/include/cw1_team_36/cw1_team_36/srv/detail/example__functions.h
[0.490s] -- Up-to-date: /home/pcht/dev/comp0250_s26_labs/install/cw1_team_36/include/cw1_team_36/cw1_team_36/srv/example.h
[0.490s] -- Up-to-date: /home/pcht/dev/comp0250_s26_labs/install/cw1_team_36/share/cw1_team_36/environment/library_path.sh
[0.490s] -- Up-to-date: /home/pcht/dev/comp0250_s26_labs/install/cw1_team_36/share/cw1_team_36/environment/library_path.dsv
[0.490s] -- Up-to-date: /home/pcht/dev/comp0250_s26_labs/install/cw1_team_36/lib/libcw1_team_36__rosidl_generator_c.so
[0.490s] -- Up-to-date: /home/pcht/dev/comp0250_s26_labs/install/cw1_team_36/include/cw1_team_36/cw1_team_36
[0.490s] -- Up-to-date: /home/pcht/dev/comp0250_s26_labs/install/cw1_team_36/include/cw1_team_36/cw1_team_36/msg
[0.490s] -- Up-to-date: /home/pcht/dev/comp0250_s26_labs/install/cw1_team_36/include/cw1_team_36/cw1_team_36/msg/rosidl_typesupport_fastrtps_c__visibility_control.h
[0.490s] -- Up-to-date: /home/pcht/dev/comp0250_s26_labs/install/cw1_team_36/include/cw1_team_36/cw1_team_36/srv
[0.490s] -- Up-to-date: /home/pcht/dev/comp0250_s26_labs/install/cw1_team_36/include/cw1_team_36/cw1_team_36/srv/detail
[0.491s] -- Up-to-date: /home/pcht/dev/comp0250_s26_labs/install/cw1_team_36/include/cw1_team_36/cw1_team_36/srv/detail/example__rosidl_typesupport_fastrtps_c.h
[0.491s] -- Up-to-date: /home/pcht/dev/comp0250_s26_labs/install/cw1_team_36/lib/libcw1_team_36__rosidl_typesupport_fastrtps_c.so
[0.491s] -- Up-to-date: /home/pcht/dev/comp0250_s26_labs/install/cw1_team_36/include/cw1_team_36/cw1_team_36
[0.491s] -- Up-to-date: /home/pcht/dev/comp0250_s26_labs/install/cw1_team_36/include/cw1_team_36/cw1_team_36/msg
[0.491s] -- Up-to-date: /home/pcht/dev/comp0250_s26_labs/install/cw1_team_36/include/cw1_team_36/cw1_team_36/msg/rosidl_typesupport_introspection_c__visibility_control.h
[0.491s] -- Up-to-date: /home/pcht/dev/comp0250_s26_labs/install/cw1_team_36/include/cw1_team_36/cw1_team_36/srv
[0.491s] -- Up-to-date: /home/pcht/dev/comp0250_s26_labs/install/cw1_team_36/include/cw1_team_36/cw1_team_36/srv/detail
[0.491s] -- Up-to-date: /home/pcht/dev/comp0250_s26_labs/install/cw1_team_36/include/cw1_team_36/cw1_team_36/srv/detail/example__rosidl_typesupport_introspection_c.h
[0.491s] -- Up-to-date: /home/pcht/dev/comp0250_s26_labs/install/cw1_team_36/include/cw1_team_36/cw1_team_36/srv/detail/example__type_support.c
[0.492s] -- Up-to-date: /home/pcht/dev/comp0250_s26_labs/install/cw1_team_36/lib/libcw1_team_36__rosidl_typesupport_introspection_c.so
[0.492s] -- Up-to-date: /home/pcht/dev/comp0250_s26_labs/install/cw1_team_36/lib/libcw1_team_36__rosidl_typesupport_c.so
[0.492s] -- Up-to-date: /home/pcht/dev/comp0250_s26_labs/install/cw1_team_36/include/cw1_team_36/cw1_team_36
[0.492s] -- Up-to-date: /home/pcht/dev/comp0250_s26_labs/install/cw1_team_36/include/cw1_team_36/cw1_team_36/msg
[0.492s] -- Up-to-date: /home/pcht/dev/comp0250_s26_labs/install/cw1_team_36/include/cw1_team_36/cw1_team_36/msg/rosidl_generator_cpp__visibility_control.hpp
[0.492s] -- Up-to-date: /home/pcht/dev/comp0250_s26_labs/install/cw1_team_36/include/cw1_team_36/cw1_team_36/srv
[0.492s] -- Up-to-date: /home/pcht/dev/comp0250_s26_labs/install/cw1_team_36/include/cw1_team_36/cw1_team_36/srv/example.hpp
[0.492s] -- Up-to-date: /home/pcht/dev/comp0250_s26_labs/install/cw1_team_36/include/cw1_team_36/cw1_team_36/srv/detail
[0.492s] -- Up-to-date: /home/pcht/dev/comp0250_s26_labs/install/cw1_team_36/include/cw1_team_36/cw1_team_36/srv/detail/example__struct.hpp
[0.493s] -- Up-to-date: /home/pcht/dev/comp0250_s26_labs/install/cw1_team_36/include/cw1_team_36/cw1_team_36/srv/detail/example__builder.hpp
[0.493s] -- Up-to-date: /home/pcht/dev/comp0250_s26_labs/install/cw1_team_36/include/cw1_team_36/cw1_team_36/srv/detail/example__type_support.hpp
[0.493s] -- Up-to-date: /home/pcht/dev/comp0250_s26_labs/install/cw1_team_36/include/cw1_team_36/cw1_team_36/srv/detail/example__traits.hpp
[0.493s] -- Up-to-date: /home/pcht/dev/comp0250_s26_labs/install/cw1_team_36/include/cw1_team_36/cw1_team_36
[0.493s] -- Up-to-date: /home/pcht/dev/comp0250_s26_labs/install/cw1_team_36/include/cw1_team_36/cw1_team_36/msg
[0.493s] -- Up-to-date: /home/pcht/dev/comp0250_s26_labs/install/cw1_team_36/include/cw1_team_36/cw1_team_36/msg/rosidl_typesupport_fastrtps_cpp__visibility_control.h
[0.493s] -- Up-to-date: /home/pcht/dev/comp0250_s26_labs/install/cw1_team_36/include/cw1_team_36/cw1_team_36/srv
[0.493s] -- Up-to-date: /home/pcht/dev/comp0250_s26_labs/install/cw1_team_36/include/cw1_team_36/cw1_team_36/srv/detail
[0.494s] -- Up-to-date: /home/pcht/dev/comp0250_s26_labs/install/cw1_team_36/include/cw1_team_36/cw1_team_36/srv/detail/dds_fastrtps
[0.494s] -- Up-to-date: /home/pcht/dev/comp0250_s26_labs/install/cw1_team_36/include/cw1_team_36/cw1_team_36/srv/detail/example__rosidl_typesupport_fastrtps_cpp.hpp
[0.494s] -- Up-to-date: /home/pcht/dev/comp0250_s26_labs/install/cw1_team_36/lib/libcw1_team_36__rosidl_typesupport_fastrtps_cpp.so
[0.494s] -- Up-to-date: /home/pcht/dev/comp0250_s26_labs/install/cw1_team_36/include/cw1_team_36/cw1_team_36
[0.494s] -- Up-to-date: /home/pcht/dev/comp0250_s26_labs/install/cw1_team_36/include/cw1_team_36/cw1_team_36/srv
[0.494s] -- Up-to-date: /home/pcht/dev/comp0250_s26_labs/install/cw1_team_36/include/cw1_team_36/cw1_team_36/srv/detail
[0.494s] -- Up-to-date: /home/pcht/dev/comp0250_s26_labs/install/cw1_team_36/include/cw1_team_36/cw1_team_36/srv/detail/example__type_support.cpp
[0.494s] -- Up-to-date: /home/pcht/dev/comp0250_s26_labs/install/cw1_team_36/include/cw1_team_36/cw1_team_36/srv/detail/example__rosidl_typesupport_introspection_cpp.hpp
[0.494s] -- Up-to-date: /home/pcht/dev/comp0250_s26_labs/install/cw1_team_36/lib/libcw1_team_36__rosidl_typesupport_introspection_cpp.so
[0.494s] -- Up-to-date: /home/pcht/dev/comp0250_s26_labs/install/cw1_team_36/lib/libcw1_team_36__rosidl_typesupport_cpp.so
[0.494s] -- Up-to-date: /home/pcht/dev/comp0250_s26_labs/install/cw1_team_36/share/cw1_team_36/environment/pythonpath.sh
[0.494s] -- Up-to-date: /home/pcht/dev/comp0250_s26_labs/install/cw1_team_36/share/cw1_team_36/environment/pythonpath.dsv
[0.494s] -- Up-to-date: /home/pcht/dev/comp0250_s26_labs/install/cw1_team_36/local/lib/python3.10/dist-packages/cw1_team_36-0.1.0-py3.10.egg-info
[0.494s] -- Installing: /home/pcht/dev/comp0250_s26_labs/install/cw1_team_36/local/lib/python3.10/dist-packages/cw1_team_36-0.1.0-py3.10.egg-info/top_level.txt
[0.494s] -- Installing: /home/pcht/dev/comp0250_s26_labs/install/cw1_team_36/local/lib/python3.10/dist-packages/cw1_team_36-0.1.0-py3.10.egg-info/PKG-INFO
[0.494s] -- Installing: /home/pcht/dev/comp0250_s26_labs/install/cw1_team_36/local/lib/python3.10/dist-packages/cw1_team_36-0.1.0-py3.10.egg-info/dependency_links.txt
[0.494s] -- Installing: /home/pcht/dev/comp0250_s26_labs/install/cw1_team_36/local/lib/python3.10/dist-packages/cw1_team_36-0.1.0-py3.10.egg-info/SOURCES.txt
[0.494s] -- Up-to-date: /home/pcht/dev/comp0250_s26_labs/install/cw1_team_36/local/lib/python3.10/dist-packages/cw1_team_36
[0.494s] -- Up-to-date: /home/pcht/dev/comp0250_s26_labs/install/cw1_team_36/local/lib/python3.10/dist-packages/cw1_team_36/libcw1_team_36__rosidl_generator_py.so
[0.494s] -- Up-to-date: /home/pcht/dev/comp0250_s26_labs/install/cw1_team_36/local/lib/python3.10/dist-packages/cw1_team_36/cw1_team_36_s__rosidl_typesupport_introspection_c.cpython-310-x86_64-linux-gnu.so
[0.494s] -- Up-to-date: /home/pcht/dev/comp0250_s26_labs/install/cw1_team_36/local/lib/python3.10/dist-packages/cw1_team_36/cw1_team_36_s__rosidl_typesupport_c.cpython-310-x86_64-linux-gnu.so
[0.494s] -- Up-to-date: /home/pcht/dev/comp0250_s26_labs/install/cw1_team_36/local/lib/python3.10/dist-packages/cw1_team_36/cw1_team_36_s__rosidl_typesupport_fastrtps_c.cpython-310-x86_64-linux-gnu.so
[0.494s] -- Up-to-date: /home/pcht/dev/comp0250_s26_labs/install/cw1_team_36/local/lib/python3.10/dist-packages/cw1_team_36/_cw1_team_36_s.ep.rosidl_typesupport_c.c
[0.495s] -- Up-to-date: /home/pcht/dev/comp0250_s26_labs/install/cw1_team_36/local/lib/python3.10/dist-packages/cw1_team_36/_cw1_team_36_s.ep.rosidl_typesupport_introspection_c.c
[0.495s] -- Up-to-date: /home/pcht/dev/comp0250_s26_labs/install/cw1_team_36/local/lib/python3.10/dist-packages/cw1_team_36/__init__.py
[0.495s] -- Up-to-date: /home/pcht/dev/comp0250_s26_labs/install/cw1_team_36/local/lib/python3.10/dist-packages/cw1_team_36/srv
[0.495s] -- Up-to-date: /home/pcht/dev/comp0250_s26_labs/install/cw1_team_36/local/lib/python3.10/dist-packages/cw1_team_36/srv/_example_s.c
[0.495s] -- Up-to-date: /home/pcht/dev/comp0250_s26_labs/install/cw1_team_36/local/lib/python3.10/dist-packages/cw1_team_36/srv/_example.py
[0.495s] -- Up-to-date: /home/pcht/dev/comp0250_s26_labs/install/cw1_team_36/local/lib/python3.10/dist-packages/cw1_team_36/srv/__init__.py
[0.495s] -- Up-to-date: /home/pcht/dev/comp0250_s26_labs/install/cw1_team_36/local/lib/python3.10/dist-packages/cw1_team_36/_cw1_team_36_s.ep.rosidl_typesupport_fastrtps_c.c
[0.522s] Listing '/home/pcht/dev/comp0250_s26_labs/install/cw1_team_36/local/lib/python3.10/dist-packages/cw1_team_36'...
[0.523s] Listing '/home/pcht/dev/comp0250_s26_labs/install/cw1_team_36/local/lib/python3.10/dist-packages/cw1_team_36/srv'...
[0.526s] -- Up-to-date: /home/pcht/dev/comp0250_s26_labs/install/cw1_team_36/local/lib/python3.10/dist-packages/cw1_team_36/cw1_team_36_s__rosidl_typesupport_fastrtps_c.cpython-310-x86_64-linux-gnu.so
[0.526s] -- Up-to-date: /home/pcht/dev/comp0250_s26_labs/install/cw1_team_36/local/lib/python3.10/dist-packages/cw1_team_36/cw1_team_36_s__rosidl_typesupport_introspection_c.cpython-310-x86_64-linux-gnu.so
[0.526s] -- Up-to-date: /home/pcht/dev/comp0250_s26_labs/install/cw1_team_36/local/lib/python3.10/dist-packages/cw1_team_36/cw1_team_36_s__rosidl_typesupport_c.cpython-310-x86_64-linux-gnu.so
[0.526s] -- Up-to-date: /home/pcht/dev/comp0250_s26_labs/install/cw1_team_36/lib/libcw1_team_36__rosidl_generator_py.so
[0.527s] -- Up-to-date: /home/pcht/dev/comp0250_s26_labs/install/cw1_team_36/share/cw1_team_36/srv/Example.idl
[0.527s] -- Up-to-date: /home/pcht/dev/comp0250_s26_labs/install/cw1_team_36/share/cw1_team_36/srv/Example.srv
[0.527s] -- Up-to-date: /home/pcht/dev/comp0250_s26_labs/install/cw1_team_36/share/cw1_team_36/srv/Example_Request.msg
[0.527s] -- Up-to-date: /home/pcht/dev/comp0250_s26_labs/install/cw1_team_36/share/cw1_team_36/srv/Example_Response.msg
[0.527s] -- Up-to-date: /home/pcht/dev/comp0250_s26_labs/install/cw1_team_36/lib/libcw1_team_36_cw1_class_lib.so
[0.527s] -- Up-to-date: /home/pcht/dev/comp0250_s26_labs/install/cw1_team_36/lib/cw1_team_36/cw1_solution_node
[0.527s] -- Up-to-date: /home/pcht/dev/comp0250_s26_labs/install/cw1_team_36/share/cw1_team_36/launch
[0.527s] -- Up-to-date: /home/pcht/dev/comp0250_s26_labs/install/cw1_team_36/share/cw1_team_36/launch/run_solution.launch.py
[0.527s] -- Up-to-date: /home/pcht/dev/comp0250_s26_labs/install/cw1_team_36/share/ament_index/resource_index/package_run_dependencies/cw1_team_36
[0.528s] -- Up-to-date: /home/pcht/dev/comp0250_s26_labs/install/cw1_team_36/share/ament_index/resource_index/parent_prefix_path/cw1_team_36
[0.528s] -- Up-to-date: /home/pcht/dev/comp0250_s26_labs/install/cw1_team_36/share/cw1_team_36/environment/ament_prefix_path.sh
[0.528s] -- Up-to-date: /home/pcht/dev/comp0250_s26_labs/install/cw1_team_36/share/cw1_team_36/environment/ament_prefix_path.dsv
[0.528s] -- Up-to-date: /home/pcht/dev/comp0250_s26_labs/install/cw1_team_36/share/cw1_team_36/environment/path.sh
[0.528s] -- Up-to-date: /home/pcht/dev/comp0250_s26_labs/install/cw1_team_36/share/cw1_team_36/environment/path.dsv
[0.528s] -- Up-to-date: /home/pcht/dev/comp0250_s26_labs/install/cw1_team_36/share/cw1_team_36/local_setup.bash
[0.528s] -- Up-to-date: /home/pcht/dev/comp0250_s26_labs/install/cw1_team_36/share/cw1_team_36/local_setup.sh
[0.529s] -- Up-to-date: /home/pcht/dev/comp0250_s26_labs/install/cw1_team_36/share/cw1_team_36/local_setup.zsh
[0.529s] -- Up-to-date: /home/pcht/dev/comp0250_s26_labs/install/cw1_team_36/share/cw1_team_36/local_setup.dsv
[0.529s] -- Installing: /home/pcht/dev/comp0250_s26_labs/install/cw1_team_36/share/cw1_team_36/package.dsv
[0.529s] -- Up-to-date: /home/pcht/dev/comp0250_s26_labs/install/cw1_team_36/share/ament_index/resource_index/packages/cw1_team_36
[0.529s] -- Up-to-date: /home/pcht/dev/comp0250_s26_labs/install/cw1_team_36/share/cw1_team_36/cmake/export_cw1_team_36__rosidl_generator_cExport.cmake
[0.529s] -- Up-to-date: /home/pcht/dev/comp0250_s26_labs/install/cw1_team_36/share/cw1_team_36/cmake/export_cw1_team_36__rosidl_generator_cExport-release.cmake
[0.529s] -- Up-to-date: /home/pcht/dev/comp0250_s26_labs/install/cw1_team_36/share/cw1_team_36/cmake/export_cw1_team_36__rosidl_typesupport_fastrtps_cExport.cmake
[0.529s] -- Up-to-date: /home/pcht/dev/comp0250_s26_labs/install/cw1_team_36/share/cw1_team_36/cmake/export_cw1_team_36__rosidl_typesupport_fastrtps_cExport-release.cmake
[0.529s] -- Up-to-date: /home/pcht/dev/comp0250_s26_labs/install/cw1_team_36/share/cw1_team_36/cmake/cw1_team_36__rosidl_typesupport_introspection_cExport.cmake
[0.529s] -- Up-to-date: /home/pcht/dev/comp0250_s26_labs/install/cw1_team_36/share/cw1_team_36/cmake/cw1_team_36__rosidl_typesupport_introspection_cExport-release.cmake
[0.530s] -- Up-to-date: /home/pcht/dev/comp0250_s26_labs/install/cw1_team_36/share/cw1_team_36/cmake/cw1_team_36__rosidl_typesupport_cExport.cmake
[0.530s] -- Up-to-date: /home/pcht/dev/comp0250_s26_labs/install/cw1_team_36/share/cw1_team_36/cmake/cw1_team_36__rosidl_typesupport_cExport-release.cmake
[0.530s] -- Up-to-date: /home/pcht/dev/comp0250_s26_labs/install/cw1_team_36/share/cw1_team_36/cmake/export_cw1_team_36__rosidl_generator_cppExport.cmake
[0.530s] -- Up-to-date: /home/pcht/dev/comp0250_s26_labs/install/cw1_team_36/share/cw1_team_36/cmake/export_cw1_team_36__rosidl_typesupport_fastrtps_cppExport.cmake
[0.530s] -- Up-to-date: /home/pcht/dev/comp0250_s26_labs/install/cw1_team_36/share/cw1_team_36/cmake/export_cw1_team_36__rosidl_typesupport_fastrtps_cppExport-release.cmake
[0.530s] -- Up-to-date: /home/pcht/dev/comp0250_s26_labs/install/cw1_team_36/share/cw1_team_36/cmake/cw1_team_36__rosidl_typesupport_introspection_cppExport.cmake
[0.530s] -- Up-to-date: /home/pcht/dev/comp0250_s26_labs/install/cw1_team_36/share/cw1_team_36/cmake/cw1_team_36__rosidl_typesupport_introspection_cppExport-release.cmake
[0.530s] -- Up-to-date: /home/pcht/dev/comp0250_s26_labs/install/cw1_team_36/share/cw1_team_36/cmake/cw1_team_36__rosidl_typesupport_cppExport.cmake
[0.530s] -- Up-to-date: /home/pcht/dev/comp0250_s26_labs/install/cw1_team_36/share/cw1_team_36/cmake/cw1_team_36__rosidl_typesupport_cppExport-release.cmake
[0.530s] -- Up-to-date: /home/pcht/dev/comp0250_s26_labs/install/cw1_team_36/share/cw1_team_36/cmake/export_cw1_team_36__rosidl_generator_pyExport.cmake
[0.530s] -- Up-to-date: /home/pcht/dev/comp0250_s26_labs/install/cw1_team_36/share/cw1_team_36/cmake/export_cw1_team_36__rosidl_generator_pyExport-release.cmake
[0.530s] -- Up-to-date: /home/pcht/dev/comp0250_s26_labs/install/cw1_team_36/share/cw1_team_36/cmake/rosidl_cmake-extras.cmake
[0.530s] -- Up-to-date: /home/pcht/dev/comp0250_s26_labs/install/cw1_team_36/share/cw1_team_36/cmake/ament_cmake_export_dependencies-extras.cmake
[0.530s] -- Up-to-date: /home/pcht/dev/comp0250_s26_labs/install/cw1_team_36/share/cw1_team_36/cmake/ament_cmake_export_include_directories-extras.cmake
[0.530s] -- Up-to-date: /home/pcht/dev/comp0250_s26_labs/install/cw1_team_36/share/cw1_team_36/cmake/ament_cmake_export_libraries-extras.cmake
[0.530s] -- Up-to-date: /home/pcht/dev/comp0250_s26_labs/install/cw1_team_36/share/cw1_team_36/cmake/ament_cmake_export_targets-extras.cmake
[0.530s] -- Up-to-date: /home/pcht/dev/comp0250_s26_labs/install/cw1_team_36/share/cw1_team_36/cmake/rosidl_cmake_export_typesupport_targets-extras.cmake
[0.530s] -- Up-to-date: /home/pcht/dev/comp0250_s26_labs/install/cw1_team_36/share/cw1_team_36/cmake/rosidl_cmake_export_typesupport_libraries-extras.cmake
[0.530s] -- Up-to-date: /home/pcht/dev/comp0250_s26_labs/install/cw1_team_36/share/cw1_team_36/cmake/cw1_team_36Config.cmake
[0.530s] -- Up-to-date: /home/pcht/dev/comp0250_s26_labs/install/cw1_team_36/share/cw1_team_36/cmake/cw1_team_36Config-version.cmake
[0.530s] -- Up-to-date: /home/pcht/dev/comp0250_s26_labs/install/cw1_team_36/share/cw1_team_36/package.xml
[0.532s] Invoked command in '/home/pcht/dev/comp0250_s26_labs/build/cw1_team_36' returned '0': CMAKE_PREFIX_PATH=/home/pcht/dev/comp0250_s26_labs/install/cw1_world_spawner:/home/pcht/dev/comp0250_s26_labs/install/rpl_panda_with_rs:/home/pcht/dev/comp0250_s26_labs/install/realsense_gazebo_plugin:/home/pcht/dev/comp0250_s26_labs/install/panda_moveit_config:/home/pcht/dev/comp0250_s26_labs/install/panda_description:/home/pcht/dev/comp0250_s26_labs/install/cw1_team_x:/home/pcht/dev/comp0250_s26_labs/install/cw1_team_36:/home/pcht/ws_moveit2/install/pilz_industrial_motion_planner_testutils:/home/pcht/ws_moveit2/install/moveit_runtime:/home/pcht/ws_moveit2/install/moveit2_tutorials:/home/pcht/ws_moveit2/install/moveit:/home/pcht/ws_moveit2/install/moveit_planners:/home/pcht/ws_moveit2/install/pilz_industrial_motion_planner:/home/pcht/ws_moveit2/install/mtc_tutorial:/home/pcht/ws_moveit2/install/moveit_visual_tools:/home/pcht/ws_moveit2/install/moveit_task_constructor_visualization:/home/pcht/ws_moveit2/install/moveit_task_constructor_demo:/home/pcht/ws_moveit2/install/moveit_task_constructor_capabilities:/home/pcht/ws_moveit2/install/moveit_task_constructor_core:/home/pcht/ws_moveit2/install/moveit_ros_control_interface:/home/pcht/ws_moveit2/install/moveit_plugins:/home/pcht/ws_moveit2/install/moveit_simple_controller_manager:/home/pcht/ws_moveit2/install/moveit_setup_assistant:/home/pcht/ws_moveit2/install/moveit_setup_srdf_plugins:/home/pcht/ws_moveit2/install/moveit_setup_core_plugins:/home/pcht/ws_moveit2/install/moveit_setup_controllers:/home/pcht/ws_moveit2/install/moveit_setup_app_plugins:/home/pcht/ws_moveit2/install/moveit_setup_framework:/home/pcht/ws_moveit2/install/moveit_servo:/home/pcht/ws_moveit2/install/moveit_ros:/home/pcht/ws_moveit2/install/moveit_ros_visualization:/home/pcht/ws_moveit2/install/moveit_py:/home/pcht/ws_moveit2/install/moveit_hybrid_planning:/home/pcht/ws_moveit2/install/moveit_ros_planning_interface:/home/pcht/ws_moveit2/install/moveit_ros_benchmarks:/home/pcht/ws_moveit2/install/moveit_ros_warehouse:/home/pcht/ws_moveit2/install/moveit_ros_robot_interaction:/home/pcht/ws_moveit2/install/moveit_ros_perception:/home/pcht/ws_moveit2/install/moveit_resources_prbt_pg70_support:/home/pcht/ws_moveit2/install/moveit_resources_prbt_moveit_config:/home/pcht/ws_moveit2/install/moveit_ros_move_group:/home/pcht/ws_moveit2/install/moveit_planners_ompl:/home/pcht/ws_moveit2/install/moveit_ros_planning:/home/pcht/ws_moveit2/install/moveit_ros_occupancy_map_monitor:/home/pcht/ws_moveit2/install/moveit_resources_prbt_ikfast_manipulator_plugin:/home/pcht/ws_moveit2/install/moveit_planners_chomp:/home/pcht/ws_moveit2/install/moveit_kinematics:/home/pcht/ws_moveit2/install/moveit_chomp_optimizer_adapter:/home/pcht/ws_moveit2/install/chomp_motion_planner:/home/pcht/ws_moveit2/install/moveit_core:/home/pcht/ws_moveit2/install/srdfdom:/home/pcht/ws_moveit2/install/rviz_marker_tools:/home/pcht/ws_moveit2/install/rosparam_shortcuts:/home/pcht/ws_moveit2/install/moveit_task_constructor_msgs:/home/pcht/ws_moveit2/install/moveit_resources_prbt_support:/home/pcht/ws_moveit2/install/moveit_resources:/home/pcht/ws_moveit2/install/moveit_resources_pr2_description:/home/pcht/ws_moveit2/install/moveit_resources_panda_moveit_config:/home/pcht/ws_moveit2/install/moveit_resources_panda_description:/home/pcht/ws_moveit2/install/moveit_resources_fanuc_moveit_config:/home/pcht/ws_moveit2/install/moveit_resources_fanuc_description:/home/pcht/ws_moveit2/install/moveit_common:/home/pcht/ws_moveit2/install/moveit_configs_utils:/home/pcht/ws_moveit2/install/launch_param_builder:/opt/ros/humble LD_LIBRARY_PATH=/home/pcht/dev/comp0250_s26_labs/install/cw1_world_spawner/lib:/home/pcht/dev/comp0250_s26_labs/install/realsense_gazebo_plugin/lib:/home/pcht/dev/comp0250_s26_labs/install/cw1_team_x/lib:/home/pcht/dev/comp0250_s26_labs/install/cw1_team_36/lib:/home/pcht/ws_moveit2/install/pilz_industrial_motion_planner_testutils/lib:/home/pcht/ws_moveit2/install/pilz_industrial_motion_planner/lib:/home/pcht/ws_moveit2/install/moveit_visual_tools/lib:/home/pcht/ws_moveit2/install/moveit_task_constructor_visualization/lib:/home/pcht/ws_moveit2/install/moveit_task_constructor_demo/lib:/home/pcht/ws_moveit2/install/moveit_task_constructor_capabilities/lib:/home/pcht/ws_moveit2/install/moveit_task_constructor_core/lib:/home/pcht/ws_moveit2/install/moveit_ros_control_interface/lib:/home/pcht/ws_moveit2/install/moveit_simple_controller_manager/lib:/home/pcht/ws_moveit2/install/moveit_setup_assistant/lib:/home/pcht/ws_moveit2/install/moveit_setup_srdf_plugins/lib:/home/pcht/ws_moveit2/install/moveit_setup_core_plugins/lib:/home/pcht/ws_moveit2/install/moveit_setup_controllers/lib:/home/pcht/ws_moveit2/install/moveit_setup_app_plugins/lib:/home/pcht/ws_moveit2/install/moveit_setup_framework/lib:/home/pcht/ws_moveit2/install/moveit_servo/lib:/home/pcht/ws_moveit2/install/moveit_ros_visualization/lib:/home/pcht/ws_moveit2/install/moveit_py/lib:/home/pcht/ws_moveit2/install/moveit_hybrid_planning/lib:/home/pcht/ws_moveit2/install/moveit_ros_planning_interface/lib:/home/pcht/ws_moveit2/install/moveit_ros_benchmarks/lib:/home/pcht/ws_moveit2/install/moveit_ros_warehouse/lib:/home/pcht/ws_moveit2/install/moveit_ros_robot_interaction/lib:/home/pcht/ws_moveit2/install/moveit_ros_perception/lib:/home/pcht/ws_moveit2/install/moveit_ros_move_group/lib:/home/pcht/ws_moveit2/install/moveit_planners_ompl/lib:/home/pcht/ws_moveit2/install/moveit_ros_planning/lib:/home/pcht/ws_moveit2/install/moveit_ros_occupancy_map_monitor/lib:/home/pcht/ws_moveit2/install/moveit_resources_prbt_ikfast_manipulator_plugin/lib:/home/pcht/ws_moveit2/install/moveit_planners_chomp/lib:/home/pcht/ws_moveit2/install/moveit_kinematics/lib:/home/pcht/ws_moveit2/install/moveit_chomp_optimizer_adapter/lib:/home/pcht/ws_moveit2/install/chomp_motion_planner/lib:/home/pcht/ws_moveit2/install/moveit_core/lib:/home/pcht/ws_moveit2/install/srdfdom/lib:/home/pcht/ws_moveit2/install/rviz_marker_tools/lib:/home/pcht/ws_moveit2/install/rosparam_shortcuts/lib:/home/pcht/ws_moveit2/install/moveit_task_constructor_msgs/lib:/usr/lib/x86_64-linux-gnu/gazebo-11/plugins:/opt/ros/humble/opt/rviz_ogre_vendor/lib:/opt/ros/humble/lib/x86_64-linux-gnu:/opt/ros/humble/lib:/home/pcht/dev/Quadruped-PyMPC/quadruped_pympc/acados/lib:/home/pcht/dev/Quadruped-PyMPC/quadruped_pympc/acados/lib /usr/bin/cmake --install /home/pcht/dev/comp0250_s26_labs/build/cw1_team_36
