[0.189s] DEBUG:colcon:Command line arguments: ['/usr/bin/colcon', 'build', '--mixin', 'release', '--packages-select', 'cw1_team_36']
[0.189s] DEBUG:colcon:Parsed command line arguments: Namespace(log_base=None, log_level=None, verb_name='build', build_base='build', install_base='install', merge_install=False, symlink_install=False, test_result_base=None, continue_on_error=False, executor='parallel', parallel_workers=16, event_handlers=None, ignore_user_meta=False, metas=['./colcon.meta'], base_paths=['.'], packages_ignore=None, packages_ignore_regex=None, paths=None, packages_up_to=None, packages_up_to_regex=None, packages_above=None, packages_above_and_dependencies=None, packages_above_depth=None, packages_select_by_dep=None, packages_skip_by_dep=None, packages_skip_up_to=None, packages_select_build_failed=False, packages_skip_build_finished=False, packages_select_test_failures=False, packages_skip_test_passed=False, packages_select=['cw1_team_36'], packages_skip=None, packages_select_regex=None, packages_skip_regex=None, packages_start=None, packages_end=None, allow_overriding=[], cmake_args=['-DCMAKE_BUILD_TYPE=Release'], cmake_target=None, cmake_target_skip_unavailable=False, cmake_clean_cache=False, cmake_clean_first=False, cmake_force_configure=False, ament_cmake_args=None, catkin_cmake_args=None, catkin_skip_building_tests=False, mixin_files=None, mixin=['release'], verb_parser=<colcon_mixin.mixin.mixin_argument.MixinArgumentDecorator object at 0x741d89f88760>, verb_extension=<colcon_core.verb.build.BuildVerb object at 0x741d89f57d30>, main=<bound method BuildVerb.main of <colcon_core.verb.build.BuildVerb object at 0x741d89f57d30>>, mixin_verb=('build',))
[0.312s] Level 1:colcon.colcon_core.package_discovery:discover_packages(colcon_meta) check parameters
[0.312s] Level 1:colcon.colcon_core.package_discovery:discover_packages(recursive) check parameters
[0.312s] Level 1:colcon.colcon_core.package_discovery:discover_packages(ignore) check parameters
[0.312s] Level 1:colcon.colcon_core.package_discovery:discover_packages(path) check parameters
[0.312s] Level 1:colcon.colcon_core.package_discovery:discover_packages(colcon_meta) discover
[0.312s] Level 1:colcon.colcon_core.package_discovery:discover_packages(recursive) discover
[0.312s] INFO:colcon.colcon_core.package_discovery:Crawling recursively for packages in '/home/pcht/dev/comp0250_s26_labs'
[0.312s] Level 1:colcon.colcon_core.package_identification:_identify(.) by extensions ['ignore', 'ignore_ament_install']
[0.312s] Level 1:colcon.colcon_core.package_identification:_identify(.) by extension 'ignore'
[0.312s] Level 1:colcon.colcon_core.package_identification:_identify(.) by extension 'ignore_ament_install'
[0.312s] Level 1:colcon.colcon_core.package_identification:_identify(.) by extensions ['colcon_pkg']
[0.312s] Level 1:colcon.colcon_core.package_identification:_identify(.) by extension 'colcon_pkg'
[0.313s] Level 1:colcon.colcon_core.package_identification:_identify(.) by extensions ['colcon_meta']
[0.313s] Level 1:colcon.colcon_core.package_identification:_identify(.) by extension 'colcon_meta'
[0.313s] Level 1:colcon.colcon_core.package_identification:_identify(.) by extensions ['ros']
[0.313s] Level 1:colcon.colcon_core.package_identification:_identify(.) by extension 'ros'
[0.321s] Level 1:colcon.colcon_core.package_identification:_identify(.) by extensions ['cmake', 'python']
[0.321s] Level 1:colcon.colcon_core.package_identification:_identify(.) by extension 'cmake'
[0.321s] Level 1:colcon.colcon_core.package_identification:_identify(.) by extension 'python'
[0.321s] Level 1:colcon.colcon_core.package_identification:_identify(.) by extensions ['python_setup_py']
[0.321s] Level 1:colcon.colcon_core.package_identification:_identify(.) by extension 'python_setup_py'
[0.321s] Level 1:colcon.colcon_core.package_identification:_identify(build) by extensions ['ignore', 'ignore_ament_install']
[0.321s] Level 1:colcon.colcon_core.package_identification:_identify(build) by extension 'ignore'
[0.321s] Level 1:colcon.colcon_core.package_identification:_identify(build) ignored
[0.321s] Level 1:colcon.colcon_core.package_identification:_identify(courseworks) by extensions ['ignore', 'ignore_ament_install']
[0.321s] Level 1:colcon.colcon_core.package_identification:_identify(courseworks) by extension 'ignore'
[0.321s] Level 1:colcon.colcon_core.package_identification:_identify(courseworks) by extension 'ignore_ament_install'
[0.321s] Level 1:colcon.colcon_core.package_identification:_identify(courseworks) by extensions ['colcon_pkg']
[0.321s] Level 1:colcon.colcon_core.package_identification:_identify(courseworks) by extension 'colcon_pkg'
[0.321s] Level 1:colcon.colcon_core.package_identification:_identify(courseworks) by extensions ['colcon_meta']
[0.321s] Level 1:colcon.colcon_core.package_identification:_identify(courseworks) by extension 'colcon_meta'
[0.321s] Level 1:colcon.colcon_core.package_identification:_identify(courseworks) by extensions ['ros']
[0.321s] Level 1:colcon.colcon_core.package_identification:_identify(courseworks) by extension 'ros'
[0.321s] Level 1:colcon.colcon_core.package_identification:_identify(courseworks) by extensions ['cmake', 'python']
[0.321s] Level 1:colcon.colcon_core.package_identification:_identify(courseworks) by extension 'cmake'
[0.321s] Level 1:colcon.colcon_core.package_identification:_identify(courseworks) by extension 'python'
[0.321s] Level 1:colcon.colcon_core.package_identification:_identify(courseworks) by extensions ['python_setup_py']
[0.322s] Level 1:colcon.colcon_core.package_identification:_identify(courseworks) by extension 'python_setup_py'
[0.322s] Level 1:colcon.colcon_core.package_identification:_identify(courseworks/cw1_team_36) by extensions ['ignore', 'ignore_ament_install']
[0.322s] Level 1:colcon.colcon_core.package_identification:_identify(courseworks/cw1_team_36) by extension 'ignore'
[0.322s] Level 1:colcon.colcon_core.package_identification:_identify(courseworks/cw1_team_36) by extension 'ignore_ament_install'
[0.322s] Level 1:colcon.colcon_core.package_identification:_identify(courseworks/cw1_team_36) by extensions ['colcon_pkg']
[0.322s] Level 1:colcon.colcon_core.package_identification:_identify(courseworks/cw1_team_36) by extension 'colcon_pkg'
[0.322s] Level 1:colcon.colcon_core.package_identification:_identify(courseworks/cw1_team_36) by extensions ['colcon_meta']
[0.322s] Level 1:colcon.colcon_core.package_identification:_identify(courseworks/cw1_team_36) by extension 'colcon_meta'
[0.322s] Level 1:colcon.colcon_core.package_identification:_identify(courseworks/cw1_team_36) by extensions ['ros']
[0.322s] Level 1:colcon.colcon_core.package_identification:_identify(courseworks/cw1_team_36) by extension 'ros'
[0.325s] DEBUG:colcon.colcon_core.package_identification:Package 'courseworks/cw1_team_36' with type 'ros.ament_cmake' and name 'cw1_team_36'
[0.325s] Level 1:colcon.colcon_core.package_identification:_identify(courseworks/cw1_world_spawner) by extensions ['ignore', 'ignore_ament_install']
[0.325s] Level 1:colcon.colcon_core.package_identification:_identify(courseworks/cw1_world_spawner) by extension 'ignore'
[0.325s] Level 1:colcon.colcon_core.package_identification:_identify(courseworks/cw1_world_spawner) by extension 'ignore_ament_install'
[0.325s] Level 1:colcon.colcon_core.package_identification:_identify(courseworks/cw1_world_spawner) by extensions ['colcon_pkg']
[0.325s] Level 1:colcon.colcon_core.package_identification:_identify(courseworks/cw1_world_spawner) by extension 'colcon_pkg'
[0.325s] Level 1:colcon.colcon_core.package_identification:_identify(courseworks/cw1_world_spawner) by extensions ['colcon_meta']
[0.325s] Level 1:colcon.colcon_core.package_identification:_identify(courseworks/cw1_world_spawner) by extension 'colcon_meta'
[0.325s] Level 1:colcon.colcon_core.package_identification:_identify(courseworks/cw1_world_spawner) by extensions ['ros']
[0.325s] Level 1:colcon.colcon_core.package_identification:_identify(courseworks/cw1_world_spawner) by extension 'ros'
[0.326s] DEBUG:colcon.colcon_core.package_identification:Package 'courseworks/cw1_world_spawner' with type 'ros.ament_cmake' and name 'cw1_world_spawner'
[0.326s] Level 1:colcon.colcon_core.package_identification:_identify(courseworks/panda_description) by extensions ['ignore', 'ignore_ament_install']
[0.326s] Level 1:colcon.colcon_core.package_identification:_identify(courseworks/panda_description) by extension 'ignore'
[0.326s] Level 1:colcon.colcon_core.package_identification:_identify(courseworks/panda_description) by extension 'ignore_ament_install'
[0.326s] Level 1:colcon.colcon_core.package_identification:_identify(courseworks/panda_description) by extensions ['colcon_pkg']
[0.326s] Level 1:colcon.colcon_core.package_identification:_identify(courseworks/panda_description) by extension 'colcon_pkg'
[0.326s] Level 1:colcon.colcon_core.package_identification:_identify(courseworks/panda_description) by extensions ['colcon_meta']
[0.326s] Level 1:colcon.colcon_core.package_identification:_identify(courseworks/panda_description) by extension 'colcon_meta'
[0.326s] Level 1:colcon.colcon_core.package_identification:_identify(courseworks/panda_description) by extensions ['ros']
[0.326s] Level 1:colcon.colcon_core.package_identification:_identify(courseworks/panda_description) by extension 'ros'
[0.327s] DEBUG:colcon.colcon_core.package_identification:Package 'courseworks/panda_description' with type 'ros.ament_cmake' and name 'panda_description'
[0.327s] Level 1:colcon.colcon_core.package_identification:_identify(courseworks/panda_moveit_config) by extensions ['ignore', 'ignore_ament_install']
[0.327s] Level 1:colcon.colcon_core.package_identification:_identify(courseworks/panda_moveit_config) by extension 'ignore'
[0.327s] Level 1:colcon.colcon_core.package_identification:_identify(courseworks/panda_moveit_config) by extension 'ignore_ament_install'
[0.327s] Level 1:colcon.colcon_core.package_identification:_identify(courseworks/panda_moveit_config) by extensions ['colcon_pkg']
[0.327s] Level 1:colcon.colcon_core.package_identification:_identify(courseworks/panda_moveit_config) by extension 'colcon_pkg'
[0.327s] Level 1:colcon.colcon_core.package_identification:_identify(courseworks/panda_moveit_config) by extensions ['colcon_meta']
[0.327s] Level 1:colcon.colcon_core.package_identification:_identify(courseworks/panda_moveit_config) by extension 'colcon_meta'
[0.327s] Level 1:colcon.colcon_core.package_identification:_identify(courseworks/panda_moveit_config) by extensions ['ros']
[0.327s] Level 1:colcon.colcon_core.package_identification:_identify(courseworks/panda_moveit_config) by extension 'ros'
[0.328s] DEBUG:colcon.colcon_core.package_identification:Package 'courseworks/panda_moveit_config' with type 'ros.ament_cmake' and name 'panda_moveit_config'
[0.328s] Level 1:colcon.colcon_core.package_identification:_identify(courseworks/realsense_gazebo_plugin) by extensions ['ignore', 'ignore_ament_install']
[0.328s] Level 1:colcon.colcon_core.package_identification:_identify(courseworks/realsense_gazebo_plugin) by extension 'ignore'
[0.328s] Level 1:colcon.colcon_core.package_identification:_identify(courseworks/realsense_gazebo_plugin) by extension 'ignore_ament_install'
[0.328s] Level 1:colcon.colcon_core.package_identification:_identify(courseworks/realsense_gazebo_plugin) by extensions ['colcon_pkg']
[0.328s] Level 1:colcon.colcon_core.package_identification:_identify(courseworks/realsense_gazebo_plugin) by extension 'colcon_pkg'
[0.328s] Level 1:colcon.colcon_core.package_identification:_identify(courseworks/realsense_gazebo_plugin) by extensions ['colcon_meta']
[0.328s] Level 1:colcon.colcon_core.package_identification:_identify(courseworks/realsense_gazebo_plugin) by extension 'colcon_meta'
[0.328s] Level 1:colcon.colcon_core.package_identification:_identify(courseworks/realsense_gazebo_plugin) by extensions ['ros']
[0.328s] Level 1:colcon.colcon_core.package_identification:_identify(courseworks/realsense_gazebo_plugin) by extension 'ros'
[0.335s] DEBUG:colcon.colcon_core.package_identification:Package 'courseworks/realsense_gazebo_plugin' with type 'ros.ament_cmake' and name 'realsense_gazebo_plugin'
[0.336s] Level 1:colcon.colcon_core.package_identification:_identify(courseworks/rpl_panda_with_rs) by extensions ['ignore', 'ignore_ament_install']
[0.336s] Level 1:colcon.colcon_core.package_identification:_identify(courseworks/rpl_panda_with_rs) by extension 'ignore'
[0.336s] Level 1:colcon.colcon_core.package_identification:_identify(courseworks/rpl_panda_with_rs) by extension 'ignore_ament_install'
[0.336s] Level 1:colcon.colcon_core.package_identification:_identify(courseworks/rpl_panda_with_rs) by extensions ['colcon_pkg']
[0.336s] Level 1:colcon.colcon_core.package_identification:_identify(courseworks/rpl_panda_with_rs) by extension 'colcon_pkg'
[0.336s] Level 1:colcon.colcon_core.package_identification:_identify(courseworks/rpl_panda_with_rs) by extensions ['colcon_meta']
[0.336s] Level 1:colcon.colcon_core.package_identification:_identify(courseworks/rpl_panda_with_rs) by extension 'colcon_meta'
[0.336s] Level 1:colcon.colcon_core.package_identification:_identify(courseworks/rpl_panda_with_rs) by extensions ['ros']
[0.336s] Level 1:colcon.colcon_core.package_identification:_identify(courseworks/rpl_panda_with_rs) by extension 'ros'
[0.336s] DEBUG:colcon.colcon_core.package_identification:Package 'courseworks/rpl_panda_with_rs' with type 'ros.ament_cmake' and name 'rpl_panda_with_rs'
[0.336s] Level 1:colcon.colcon_core.package_identification:_identify(install) by extensions ['ignore', 'ignore_ament_install']
[0.337s] Level 1:colcon.colcon_core.package_identification:_identify(install) by extension 'ignore'
[0.337s] Level 1:colcon.colcon_core.package_identification:_identify(install) ignored
[0.337s] Level 1:colcon.colcon_core.package_identification:_identify(log) by extensions ['ignore', 'ignore_ament_install']
[0.337s] Level 1:colcon.colcon_core.package_identification:_identify(log) by extension 'ignore'
[0.337s] Level 1:colcon.colcon_core.package_identification:_identify(log) ignored
[0.337s] Level 1:colcon.colcon_core.package_identification:_identify(scripts) by extensions ['ignore', 'ignore_ament_install']
[0.337s] Level 1:colcon.colcon_core.package_identification:_identify(scripts) by extension 'ignore'
[0.337s] Level 1:colcon.colcon_core.package_identification:_identify(scripts) by extension 'ignore_ament_install'
[0.337s] Level 1:colcon.colcon_core.package_identification:_identify(scripts) by extensions ['colcon_pkg']
[0.337s] Level 1:colcon.colcon_core.package_identification:_identify(scripts) by extension 'colcon_pkg'
[0.337s] Level 1:colcon.colcon_core.package_identification:_identify(scripts) by extensions ['colcon_meta']
[0.337s] Level 1:colcon.colcon_core.package_identification:_identify(scripts) by extension 'colcon_meta'
[0.337s] Level 1:colcon.colcon_core.package_identification:_identify(scripts) by extensions ['ros']
[0.337s] Level 1:colcon.colcon_core.package_identification:_identify(scripts) by extension 'ros'
[0.337s] Level 1:colcon.colcon_core.package_identification:_identify(scripts) by extensions ['cmake', 'python']
[0.337s] Level 1:colcon.colcon_core.package_identification:_identify(scripts) by extension 'cmake'
[0.337s] Level 1:colcon.colcon_core.package_identification:_identify(scripts) by extension 'python'
[0.337s] Level 1:colcon.colcon_core.package_identification:_identify(scripts) by extensions ['python_setup_py']
[0.337s] Level 1:colcon.colcon_core.package_identification:_identify(scripts) by extension 'python_setup_py'
[0.337s] Level 1:colcon.colcon_core.package_discovery:discover_packages(recursive) using defaults
[0.337s] Level 1:colcon.colcon_core.package_discovery:discover_packages(ignore) discover
[0.337s] Level 1:colcon.colcon_core.package_discovery:discover_packages(ignore) using defaults
[0.337s] Level 1:colcon.colcon_core.package_discovery:discover_packages(path) discover
[0.337s] Level 1:colcon.colcon_core.package_discovery:discover_packages(path) using defaults
[0.352s] INFO:colcon.colcon_core.package_selection:Skipping not selected package 'cw1_world_spawner' in 'courseworks/cw1_world_spawner'
[0.352s] INFO:colcon.colcon_core.package_selection:Skipping not selected package 'panda_description' in 'courseworks/panda_description'
[0.352s] INFO:colcon.colcon_core.package_selection:Skipping not selected package 'panda_moveit_config' in 'courseworks/panda_moveit_config'
[0.352s] INFO:colcon.colcon_core.package_selection:Skipping not selected package 'realsense_gazebo_plugin' in 'courseworks/realsense_gazebo_plugin'
[0.352s] INFO:colcon.colcon_core.package_selection:Skipping not selected package 'rpl_panda_with_rs' in 'courseworks/rpl_panda_with_rs'
[0.353s] Level 1:colcon.colcon_core.package_discovery:discover_packages(prefix_path) check parameters
[0.353s] Level 1:colcon.colcon_core.package_discovery:discover_packages(prefix_path) discover
[0.355s] DEBUG:colcon.colcon_installed_package_information.package_discovery:Found 7 installed packages in /home/pcht/dev/comp0250_s26_labs/install
[0.356s] DEBUG:colcon.colcon_installed_package_information.package_discovery:Found 58 installed packages in /home/pcht/ws_moveit2/install
[0.358s] DEBUG:colcon.colcon_installed_package_information.package_discovery:Found 400 installed packages in /opt/ros/humble
[0.360s] Level 1:colcon.colcon_core.package_discovery:discover_packages(prefix_path) using defaults
[0.397s] Level 5:colcon.colcon_core.verb:set package 'cw1_team_36' build argument 'cmake_args' from command line to '['-DCMAKE_BUILD_TYPE=Release']'
[0.397s] Level 5:colcon.colcon_core.verb:set package 'cw1_team_36' build argument 'cmake_target' from command line to 'None'
[0.397s] Level 5:colcon.colcon_core.verb:set package 'cw1_team_36' build argument 'cmake_target_skip_unavailable' from command line to 'False'
[0.397s] Level 5:colcon.colcon_core.verb:set package 'cw1_team_36' build argument 'cmake_clean_cache' from command line to 'False'
[0.397s] Level 5:colcon.colcon_core.verb:set package 'cw1_team_36' build argument 'cmake_clean_first' from command line to 'False'
[0.397s] Level 5:colcon.colcon_core.verb:set package 'cw1_team_36' build argument 'cmake_force_configure' from command line to 'False'
[0.397s] Level 5:colcon.colcon_core.verb:set package 'cw1_team_36' build argument 'ament_cmake_args' from command line to 'None'
[0.397s] Level 5:colcon.colcon_core.verb:set package 'cw1_team_36' build argument 'catkin_cmake_args' from command line to 'None'
[0.397s] Level 5:colcon.colcon_core.verb:set package 'cw1_team_36' build argument 'catkin_skip_building_tests' from command line to 'False'
[0.397s] DEBUG:colcon.colcon_core.verb:Building package 'cw1_team_36' with the following arguments: {'ament_cmake_args': None, 'build_base': '/home/pcht/dev/comp0250_s26_labs/build/cw1_team_36', 'catkin_cmake_args': None, 'catkin_skip_building_tests': False, 'cmake_args': ['-DCMAKE_BUILD_TYPE=Release'], 'cmake_clean_cache': False, 'cmake_clean_first': False, 'cmake_force_configure': False, 'cmake_target': None, 'cmake_target_skip_unavailable': False, 'install_base': '/home/pcht/dev/comp0250_s26_labs/install/cw1_team_36', 'merge_install': False, 'path': '/home/pcht/dev/comp0250_s26_labs/courseworks/cw1_team_36', 'symlink_install': False, 'test_result_base': None}
[0.397s] INFO:colcon.colcon_core.executor:Executing jobs using 'parallel' executor
[0.398s] DEBUG:colcon.colcon_parallel_executor.executor.parallel:run_until_complete
[0.398s] INFO:colcon.colcon_ros.task.ament_cmake.build:Building ROS package in '/home/pcht/dev/comp0250_s26_labs/courseworks/cw1_team_36' with build type 'ament_cmake'
[0.398s] INFO:colcon.colcon_cmake.task.cmake.build:Building CMake package in '/home/pcht/dev/comp0250_s26_labs/courseworks/cw1_team_36'
[0.401s] INFO:colcon.colcon_core.plugin_system:Skipping extension 'colcon_core.shell.bat': Not used on non-Windows systems
[0.401s] INFO:colcon.colcon_core.shell:Skip shell extension 'powershell' for command environment: Not usable outside of PowerShell
[0.401s] DEBUG:colcon.colcon_core.shell:Skip shell extension 'dsv' for command environment
[0.540s] DEBUG:colcon.colcon_core.event_handler.log_command:Invoking command in '/home/pcht/dev/comp0250_s26_labs/build/cw1_team_36': CMAKE_PREFIX_PATH=/home/pcht/dev/comp0250_s26_labs/install/cw1_world_spawner:/home/pcht/dev/comp0250_s26_labs/install/rpl_panda_with_rs:/home/pcht/dev/comp0250_s26_labs/install/realsense_gazebo_plugin:/home/pcht/dev/comp0250_s26_labs/install/panda_moveit_config:/home/pcht/dev/comp0250_s26_labs/install/panda_description:/home/pcht/dev/comp0250_s26_labs/install/cw1_team_x:/home/pcht/dev/comp0250_s26_labs/install/cw1_team_36:/home/pcht/ws_moveit2/install/pilz_industrial_motion_planner_testutils:/home/pcht/ws_moveit2/install/moveit_runtime:/home/pcht/ws_moveit2/install/moveit2_tutorials:/home/pcht/ws_moveit2/install/moveit:/home/pcht/ws_moveit2/install/moveit_planners:/home/pcht/ws_moveit2/install/pilz_industrial_motion_planner:/home/pcht/ws_moveit2/install/mtc_tutorial:/home/pcht/ws_moveit2/install/moveit_visual_tools:/home/pcht/ws_moveit2/install/moveit_task_constructor_visualization:/home/pcht/ws_moveit2/install/moveit_task_constructor_demo:/home/pcht/ws_moveit2/install/moveit_task_constructor_capabilities:/home/pcht/ws_moveit2/install/moveit_task_constructor_core:/home/pcht/ws_moveit2/install/moveit_ros_control_interface:/home/pcht/ws_moveit2/install/moveit_plugins:/home/pcht/ws_moveit2/install/moveit_simple_controller_manager:/home/pcht/ws_moveit2/install/moveit_setup_assistant:/home/pcht/ws_moveit2/install/moveit_setup_srdf_plugins:/home/pcht/ws_moveit2/install/moveit_setup_core_plugins:/home/pcht/ws_moveit2/install/moveit_setup_controllers:/home/pcht/ws_moveit2/install/moveit_setup_app_plugins:/home/pcht/ws_moveit2/install/moveit_setup_framework:/home/pcht/ws_moveit2/install/moveit_servo:/home/pcht/ws_moveit2/install/moveit_ros:/home/pcht/ws_moveit2/install/moveit_ros_visualization:/home/pcht/ws_moveit2/install/moveit_py:/home/pcht/ws_moveit2/install/moveit_hybrid_planning:/home/pcht/ws_moveit2/install/moveit_ros_planning_interface:/home/pcht/ws_moveit2/install/moveit_ros_benchmarks:/home/pcht/ws_moveit2/install/moveit_ros_warehouse:/home/pcht/ws_moveit2/install/moveit_ros_robot_interaction:/home/pcht/ws_moveit2/install/moveit_ros_perception:/home/pcht/ws_moveit2/install/moveit_resources_prbt_pg70_support:/home/pcht/ws_moveit2/install/moveit_resources_prbt_moveit_config:/home/pcht/ws_moveit2/install/moveit_ros_move_group:/home/pcht/ws_moveit2/install/moveit_planners_ompl:/home/pcht/ws_moveit2/install/moveit_ros_planning:/home/pcht/ws_moveit2/install/moveit_ros_occupancy_map_monitor:/home/pcht/ws_moveit2/install/moveit_resources_prbt_ikfast_manipulator_plugin:/home/pcht/ws_moveit2/install/moveit_planners_chomp:/home/pcht/ws_moveit2/install/moveit_kinematics:/home/pcht/ws_moveit2/install/moveit_chomp_optimizer_adapter:/home/pcht/ws_moveit2/install/chomp_motion_planner:/home/pcht/ws_moveit2/install/moveit_core:/home/pcht/ws_moveit2/install/srdfdom:/home/pcht/ws_moveit2/install/rviz_marker_tools:/home/pcht/ws_moveit2/install/rosparam_shortcuts:/home/pcht/ws_moveit2/install/moveit_task_constructor_msgs:/home/pcht/ws_moveit2/install/moveit_resources_prbt_support:/home/pcht/ws_moveit2/install/moveit_resources:/home/pcht/ws_moveit2/install/moveit_resources_pr2_description:/home/pcht/ws_moveit2/install/moveit_resources_panda_moveit_config:/home/pcht/ws_moveit2/install/moveit_resources_panda_description:/home/pcht/ws_moveit2/install/moveit_resources_fanuc_moveit_config:/home/pcht/ws_moveit2/install/moveit_resources_fanuc_description:/home/pcht/ws_moveit2/install/moveit_common:/home/pcht/ws_moveit2/install/moveit_configs_utils:/home/pcht/ws_moveit2/install/launch_param_builder:/opt/ros/humble LD_LIBRARY_PATH=/home/pcht/dev/comp0250_s26_labs/install/cw1_world_spawner/lib:/home/pcht/dev/comp0250_s26_labs/install/realsense_gazebo_plugin/lib:/home/pcht/dev/comp0250_s26_labs/install/cw1_team_x/lib:/home/pcht/dev/comp0250_s26_labs/install/cw1_team_36/lib:/home/pcht/ws_moveit2/install/pilz_industrial_motion_planner_testutils/lib:/home/pcht/ws_moveit2/install/pilz_industrial_motion_planner/lib:/home/pcht/ws_moveit2/install/moveit_visual_tools/lib:/home/pcht/ws_moveit2/install/moveit_task_constructor_visualization/lib:/home/pcht/ws_moveit2/install/moveit_task_constructor_demo/lib:/home/pcht/ws_moveit2/install/moveit_task_constructor_capabilities/lib:/home/pcht/ws_moveit2/install/moveit_task_constructor_core/lib:/home/pcht/ws_moveit2/install/moveit_ros_control_interface/lib:/home/pcht/ws_moveit2/install/moveit_simple_controller_manager/lib:/home/pcht/ws_moveit2/install/moveit_setup_assistant/lib:/home/pcht/ws_moveit2/install/moveit_setup_srdf_plugins/lib:/home/pcht/ws_moveit2/install/moveit_setup_core_plugins/lib:/home/pcht/ws_moveit2/install/moveit_setup_controllers/lib:/home/pcht/ws_moveit2/install/moveit_setup_app_plugins/lib:/home/pcht/ws_moveit2/install/moveit_setup_framework/lib:/home/pcht/ws_moveit2/install/moveit_servo/lib:/home/pcht/ws_moveit2/install/moveit_ros_visualization/lib:/home/pcht/ws_moveit2/install/moveit_py/lib:/home/pcht/ws_moveit2/install/moveit_hybrid_planning/lib:/home/pcht/ws_moveit2/install/moveit_ros_planning_interface/lib:/home/pcht/ws_moveit2/install/moveit_ros_benchmarks/lib:/home/pcht/ws_moveit2/install/moveit_ros_warehouse/lib:/home/pcht/ws_moveit2/install/moveit_ros_robot_interaction/lib:/home/pcht/ws_moveit2/install/moveit_ros_perception/lib:/home/pcht/ws_moveit2/install/moveit_ros_move_group/lib:/home/pcht/ws_moveit2/install/moveit_planners_ompl/lib:/home/pcht/ws_moveit2/install/moveit_ros_planning/lib:/home/pcht/ws_moveit2/install/moveit_ros_occupancy_map_monitor/lib:/home/pcht/ws_moveit2/install/moveit_resources_prbt_ikfast_manipulator_plugin/lib:/home/pcht/ws_moveit2/install/moveit_planners_chomp/lib:/home/pcht/ws_moveit2/install/moveit_kinematics/lib:/home/pcht/ws_moveit2/install/moveit_chomp_optimizer_adapter/lib:/home/pcht/ws_moveit2/install/chomp_motion_planner/lib:/home/pcht/ws_moveit2/install/moveit_core/lib:/home/pcht/ws_moveit2/install/srdfdom/lib:/home/pcht/ws_moveit2/install/rviz_marker_tools/lib:/home/pcht/ws_moveit2/install/rosparam_shortcuts/lib:/home/pcht/ws_moveit2/install/moveit_task_constructor_msgs/lib:/usr/lib/x86_64-linux-gnu/gazebo-11/plugins:/opt/ros/humble/opt/rviz_ogre_vendor/lib:/opt/ros/humble/lib/x86_64-linux-gnu:/opt/ros/humble/lib:/home/pcht/dev/Quadruped-PyMPC/quadruped_pympc/acados/lib:/home/pcht/dev/Quadruped-PyMPC/quadruped_pympc/acados/lib /usr/bin/cmake --build /home/pcht/dev/comp0250_s26_labs/build/cw1_team_36 -- -j16 -l16
[19.116s] DEBUG:colcon.colcon_core.event_handler.log_command:Invoked command in '/home/pcht/dev/comp0250_s26_labs/build/cw1_team_36' returned '0': CMAKE_PREFIX_PATH=/home/pcht/dev/comp0250_s26_labs/install/cw1_world_spawner:/home/pcht/dev/comp0250_s26_labs/install/rpl_panda_with_rs:/home/pcht/dev/comp0250_s26_labs/install/realsense_gazebo_plugin:/home/pcht/dev/comp0250_s26_labs/install/panda_moveit_config:/home/pcht/dev/comp0250_s26_labs/install/panda_description:/home/pcht/dev/comp0250_s26_labs/install/cw1_team_x:/home/pcht/dev/comp0250_s26_labs/install/cw1_team_36:/home/pcht/ws_moveit2/install/pilz_industrial_motion_planner_testutils:/home/pcht/ws_moveit2/install/moveit_runtime:/home/pcht/ws_moveit2/install/moveit2_tutorials:/home/pcht/ws_moveit2/install/moveit:/home/pcht/ws_moveit2/install/moveit_planners:/home/pcht/ws_moveit2/install/pilz_industrial_motion_planner:/home/pcht/ws_moveit2/install/mtc_tutorial:/home/pcht/ws_moveit2/install/moveit_visual_tools:/home/pcht/ws_moveit2/install/moveit_task_constructor_visualization:/home/pcht/ws_moveit2/install/moveit_task_constructor_demo:/home/pcht/ws_moveit2/install/moveit_task_constructor_capabilities:/home/pcht/ws_moveit2/install/moveit_task_constructor_core:/home/pcht/ws_moveit2/install/moveit_ros_control_interface:/home/pcht/ws_moveit2/install/moveit_plugins:/home/pcht/ws_moveit2/install/moveit_simple_controller_manager:/home/pcht/ws_moveit2/install/moveit_setup_assistant:/home/pcht/ws_moveit2/install/moveit_setup_srdf_plugins:/home/pcht/ws_moveit2/install/moveit_setup_core_plugins:/home/pcht/ws_moveit2/install/moveit_setup_controllers:/home/pcht/ws_moveit2/install/moveit_setup_app_plugins:/home/pcht/ws_moveit2/install/moveit_setup_framework:/home/pcht/ws_moveit2/install/moveit_servo:/home/pcht/ws_moveit2/install/moveit_ros:/home/pcht/ws_moveit2/install/moveit_ros_visualization:/home/pcht/ws_moveit2/install/moveit_py:/home/pcht/ws_moveit2/install/moveit_hybrid_planning:/home/pcht/ws_moveit2/install/moveit_ros_planning_interface:/home/pcht/ws_moveit2/install/moveit_ros_benchmarks:/home/pcht/ws_moveit2/install/moveit_ros_warehouse:/home/pcht/ws_moveit2/install/moveit_ros_robot_interaction:/home/pcht/ws_moveit2/install/moveit_ros_perception:/home/pcht/ws_moveit2/install/moveit_resources_prbt_pg70_support:/home/pcht/ws_moveit2/install/moveit_resources_prbt_moveit_config:/home/pcht/ws_moveit2/install/moveit_ros_move_group:/home/pcht/ws_moveit2/install/moveit_planners_ompl:/home/pcht/ws_moveit2/install/moveit_ros_planning:/home/pcht/ws_moveit2/install/moveit_ros_occupancy_map_monitor:/home/pcht/ws_moveit2/install/moveit_resources_prbt_ikfast_manipulator_plugin:/home/pcht/ws_moveit2/install/moveit_planners_chomp:/home/pcht/ws_moveit2/install/moveit_kinematics:/home/pcht/ws_moveit2/install/moveit_chomp_optimizer_adapter:/home/pcht/ws_moveit2/install/chomp_motion_planner:/home/pcht/ws_moveit2/install/moveit_core:/home/pcht/ws_moveit2/install/srdfdom:/home/pcht/ws_moveit2/install/rviz_marker_tools:/home/pcht/ws_moveit2/install/rosparam_shortcuts:/home/pcht/ws_moveit2/install/moveit_task_constructor_msgs:/home/pcht/ws_moveit2/install/moveit_resources_prbt_support:/home/pcht/ws_moveit2/install/moveit_resources:/home/pcht/ws_moveit2/install/moveit_resources_pr2_description:/home/pcht/ws_moveit2/install/moveit_resources_panda_moveit_config:/home/pcht/ws_moveit2/install/moveit_resources_panda_description:/home/pcht/ws_moveit2/install/moveit_resources_fanuc_moveit_config:/home/pcht/ws_moveit2/install/moveit_resources_fanuc_description:/home/pcht/ws_moveit2/install/moveit_common:/home/pcht/ws_moveit2/install/moveit_configs_utils:/home/pcht/ws_moveit2/install/launch_param_builder:/opt/ros/humble LD_LIBRARY_PATH=/home/pcht/dev/comp0250_s26_labs/install/cw1_world_spawner/lib:/home/pcht/dev/comp0250_s26_labs/install/realsense_gazebo_plugin/lib:/home/pcht/dev/comp0250_s26_labs/install/cw1_team_x/lib:/home/pcht/dev/comp0250_s26_labs/install/cw1_team_36/lib:/home/pcht/ws_moveit2/install/pilz_industrial_motion_planner_testutils/lib:/home/pcht/ws_moveit2/install/pilz_industrial_motion_planner/lib:/home/pcht/ws_moveit2/install/moveit_visual_tools/lib:/home/pcht/ws_moveit2/install/moveit_task_constructor_visualization/lib:/home/pcht/ws_moveit2/install/moveit_task_constructor_demo/lib:/home/pcht/ws_moveit2/install/moveit_task_constructor_capabilities/lib:/home/pcht/ws_moveit2/install/moveit_task_constructor_core/lib:/home/pcht/ws_moveit2/install/moveit_ros_control_interface/lib:/home/pcht/ws_moveit2/install/moveit_simple_controller_manager/lib:/home/pcht/ws_moveit2/install/moveit_setup_assistant/lib:/home/pcht/ws_moveit2/install/moveit_setup_srdf_plugins/lib:/home/pcht/ws_moveit2/install/moveit_setup_core_plugins/lib:/home/pcht/ws_moveit2/install/moveit_setup_controllers/lib:/home/pcht/ws_moveit2/install/moveit_setup_app_plugins/lib:/home/pcht/ws_moveit2/install/moveit_setup_framework/lib:/home/pcht/ws_moveit2/install/moveit_servo/lib:/home/pcht/ws_moveit2/install/moveit_ros_visualization/lib:/home/pcht/ws_moveit2/install/moveit_py/lib:/home/pcht/ws_moveit2/install/moveit_hybrid_planning/lib:/home/pcht/ws_moveit2/install/moveit_ros_planning_interface/lib:/home/pcht/ws_moveit2/install/moveit_ros_benchmarks/lib:/home/pcht/ws_moveit2/install/moveit_ros_warehouse/lib:/home/pcht/ws_moveit2/install/moveit_ros_robot_interaction/lib:/home/pcht/ws_moveit2/install/moveit_ros_perception/lib:/home/pcht/ws_moveit2/install/moveit_ros_move_group/lib:/home/pcht/ws_moveit2/install/moveit_planners_ompl/lib:/home/pcht/ws_moveit2/install/moveit_ros_planning/lib:/home/pcht/ws_moveit2/install/moveit_ros_occupancy_map_monitor/lib:/home/pcht/ws_moveit2/install/moveit_resources_prbt_ikfast_manipulator_plugin/lib:/home/pcht/ws_moveit2/install/moveit_planners_chomp/lib:/home/pcht/ws_moveit2/install/moveit_kinematics/lib:/home/pcht/ws_moveit2/install/moveit_chomp_optimizer_adapter/lib:/home/pcht/ws_moveit2/install/chomp_motion_planner/lib:/home/pcht/ws_moveit2/install/moveit_core/lib:/home/pcht/ws_moveit2/install/srdfdom/lib:/home/pcht/ws_moveit2/install/rviz_marker_tools/lib:/home/pcht/ws_moveit2/install/rosparam_shortcuts/lib:/home/pcht/ws_moveit2/install/moveit_task_constructor_msgs/lib:/usr/lib/x86_64-linux-gnu/gazebo-11/plugins:/opt/ros/humble/opt/rviz_ogre_vendor/lib:/opt/ros/humble/lib/x86_64-linux-gnu:/opt/ros/humble/lib:/home/pcht/dev/Quadruped-PyMPC/quadruped_pympc/acados/lib:/home/pcht/dev/Quadruped-PyMPC/quadruped_pympc/acados/lib /usr/bin/cmake --build /home/pcht/dev/comp0250_s26_labs/build/cw1_team_36 -- -j16 -l16
[19.130s] DEBUG:colcon.colcon_core.event_handler.log_command:Invoking command in '/home/pcht/dev/comp0250_s26_labs/build/cw1_team_36': CMAKE_PREFIX_PATH=/home/pcht/dev/comp0250_s26_labs/install/cw1_world_spawner:/home/pcht/dev/comp0250_s26_labs/install/rpl_panda_with_rs:/home/pcht/dev/comp0250_s26_labs/install/realsense_gazebo_plugin:/home/pcht/dev/comp0250_s26_labs/install/panda_moveit_config:/home/pcht/dev/comp0250_s26_labs/install/panda_description:/home/pcht/dev/comp0250_s26_labs/install/cw1_team_x:/home/pcht/dev/comp0250_s26_labs/install/cw1_team_36:/home/pcht/ws_moveit2/install/pilz_industrial_motion_planner_testutils:/home/pcht/ws_moveit2/install/moveit_runtime:/home/pcht/ws_moveit2/install/moveit2_tutorials:/home/pcht/ws_moveit2/install/moveit:/home/pcht/ws_moveit2/install/moveit_planners:/home/pcht/ws_moveit2/install/pilz_industrial_motion_planner:/home/pcht/ws_moveit2/install/mtc_tutorial:/home/pcht/ws_moveit2/install/moveit_visual_tools:/home/pcht/ws_moveit2/install/moveit_task_constructor_visualization:/home/pcht/ws_moveit2/install/moveit_task_constructor_demo:/home/pcht/ws_moveit2/install/moveit_task_constructor_capabilities:/home/pcht/ws_moveit2/install/moveit_task_constructor_core:/home/pcht/ws_moveit2/install/moveit_ros_control_interface:/home/pcht/ws_moveit2/install/moveit_plugins:/home/pcht/ws_moveit2/install/moveit_simple_controller_manager:/home/pcht/ws_moveit2/install/moveit_setup_assistant:/home/pcht/ws_moveit2/install/moveit_setup_srdf_plugins:/home/pcht/ws_moveit2/install/moveit_setup_core_plugins:/home/pcht/ws_moveit2/install/moveit_setup_controllers:/home/pcht/ws_moveit2/install/moveit_setup_app_plugins:/home/pcht/ws_moveit2/install/moveit_setup_framework:/home/pcht/ws_moveit2/install/moveit_servo:/home/pcht/ws_moveit2/install/moveit_ros:/home/pcht/ws_moveit2/install/moveit_ros_visualization:/home/pcht/ws_moveit2/install/moveit_py:/home/pcht/ws_moveit2/install/moveit_hybrid_planning:/home/pcht/ws_moveit2/install/moveit_ros_planning_interface:/home/pcht/ws_moveit2/install/moveit_ros_benchmarks:/home/pcht/ws_moveit2/install/moveit_ros_warehouse:/home/pcht/ws_moveit2/install/moveit_ros_robot_interaction:/home/pcht/ws_moveit2/install/moveit_ros_perception:/home/pcht/ws_moveit2/install/moveit_resources_prbt_pg70_support:/home/pcht/ws_moveit2/install/moveit_resources_prbt_moveit_config:/home/pcht/ws_moveit2/install/moveit_ros_move_group:/home/pcht/ws_moveit2/install/moveit_planners_ompl:/home/pcht/ws_moveit2/install/moveit_ros_planning:/home/pcht/ws_moveit2/install/moveit_ros_occupancy_map_monitor:/home/pcht/ws_moveit2/install/moveit_resources_prbt_ikfast_manipulator_plugin:/home/pcht/ws_moveit2/install/moveit_planners_chomp:/home/pcht/ws_moveit2/install/moveit_kinematics:/home/pcht/ws_moveit2/install/moveit_chomp_optimizer_adapter:/home/pcht/ws_moveit2/install/chomp_motion_planner:/home/pcht/ws_moveit2/install/moveit_core:/home/pcht/ws_moveit2/install/srdfdom:/home/pcht/ws_moveit2/install/rviz_marker_tools:/home/pcht/ws_moveit2/install/rosparam_shortcuts:/home/pcht/ws_moveit2/install/moveit_task_constructor_msgs:/home/pcht/ws_moveit2/install/moveit_resources_prbt_support:/home/pcht/ws_moveit2/install/moveit_resources:/home/pcht/ws_moveit2/install/moveit_resources_pr2_description:/home/pcht/ws_moveit2/install/moveit_resources_panda_moveit_config:/home/pcht/ws_moveit2/install/moveit_resources_panda_description:/home/pcht/ws_moveit2/install/moveit_resources_fanuc_moveit_config:/home/pcht/ws_moveit2/install/moveit_resources_fanuc_description:/home/pcht/ws_moveit2/install/moveit_common:/home/pcht/ws_moveit2/install/moveit_configs_utils:/home/pcht/ws_moveit2/install/launch_param_builder:/opt/ros/humble LD_LIBRARY_PATH=/home/pcht/dev/comp0250_s26_labs/install/cw1_world_spawner/lib:/home/pcht/dev/comp0250_s26_labs/install/realsense_gazebo_plugin/lib:/home/pcht/dev/comp0250_s26_labs/install/cw1_team_x/lib:/home/pcht/dev/comp0250_s26_labs/install/cw1_team_36/lib:/home/pcht/ws_moveit2/install/pilz_industrial_motion_planner_testutils/lib:/home/pcht/ws_moveit2/install/pilz_industrial_motion_planner/lib:/home/pcht/ws_moveit2/install/moveit_visual_tools/lib:/home/pcht/ws_moveit2/install/moveit_task_constructor_visualization/lib:/home/pcht/ws_moveit2/install/moveit_task_constructor_demo/lib:/home/pcht/ws_moveit2/install/moveit_task_constructor_capabilities/lib:/home/pcht/ws_moveit2/install/moveit_task_constructor_core/lib:/home/pcht/ws_moveit2/install/moveit_ros_control_interface/lib:/home/pcht/ws_moveit2/install/moveit_simple_controller_manager/lib:/home/pcht/ws_moveit2/install/moveit_setup_assistant/lib:/home/pcht/ws_moveit2/install/moveit_setup_srdf_plugins/lib:/home/pcht/ws_moveit2/install/moveit_setup_core_plugins/lib:/home/pcht/ws_moveit2/install/moveit_setup_controllers/lib:/home/pcht/ws_moveit2/install/moveit_setup_app_plugins/lib:/home/pcht/ws_moveit2/install/moveit_setup_framework/lib:/home/pcht/ws_moveit2/install/moveit_servo/lib:/home/pcht/ws_moveit2/install/moveit_ros_visualization/lib:/home/pcht/ws_moveit2/install/moveit_py/lib:/home/pcht/ws_moveit2/install/moveit_hybrid_planning/lib:/home/pcht/ws_moveit2/install/moveit_ros_planning_interface/lib:/home/pcht/ws_moveit2/install/moveit_ros_benchmarks/lib:/home/pcht/ws_moveit2/install/moveit_ros_warehouse/lib:/home/pcht/ws_moveit2/install/moveit_ros_robot_interaction/lib:/home/pcht/ws_moveit2/install/moveit_ros_perception/lib:/home/pcht/ws_moveit2/install/moveit_ros_move_group/lib:/home/pcht/ws_moveit2/install/moveit_planners_ompl/lib:/home/pcht/ws_moveit2/install/moveit_ros_planning/lib:/home/pcht/ws_moveit2/install/moveit_ros_occupancy_map_monitor/lib:/home/pcht/ws_moveit2/install/moveit_resources_prbt_ikfast_manipulator_plugin/lib:/home/pcht/ws_moveit2/install/moveit_planners_chomp/lib:/home/pcht/ws_moveit2/install/moveit_kinematics/lib:/home/pcht/ws_moveit2/install/moveit_chomp_optimizer_adapter/lib:/home/pcht/ws_moveit2/install/chomp_motion_planner/lib:/home/pcht/ws_moveit2/install/moveit_core/lib:/home/pcht/ws_moveit2/install/srdfdom/lib:/home/pcht/ws_moveit2/install/rviz_marker_tools/lib:/home/pcht/ws_moveit2/install/rosparam_shortcuts/lib:/home/pcht/ws_moveit2/install/moveit_task_constructor_msgs/lib:/usr/lib/x86_64-linux-gnu/gazebo-11/plugins:/opt/ros/humble/opt/rviz_ogre_vendor/lib:/opt/ros/humble/lib/x86_64-linux-gnu:/opt/ros/humble/lib:/home/pcht/dev/Quadruped-PyMPC/quadruped_pympc/acados/lib:/home/pcht/dev/Quadruped-PyMPC/quadruped_pympc/acados/lib /usr/bin/cmake --install /home/pcht/dev/comp0250_s26_labs/build/cw1_team_36
[19.183s] Level 1:colcon.colcon_core.environment:create_environment_scripts_only(cw1_team_36)
[19.185s] DEBUG:colcon.colcon_core.event_handler.log_command:Invoked command in '/home/pcht/dev/comp0250_s26_labs/build/cw1_team_36' returned '0': CMAKE_PREFIX_PATH=/home/pcht/dev/comp0250_s26_labs/install/cw1_world_spawner:/home/pcht/dev/comp0250_s26_labs/install/rpl_panda_with_rs:/home/pcht/dev/comp0250_s26_labs/install/realsense_gazebo_plugin:/home/pcht/dev/comp0250_s26_labs/install/panda_moveit_config:/home/pcht/dev/comp0250_s26_labs/install/panda_description:/home/pcht/dev/comp0250_s26_labs/install/cw1_team_x:/home/pcht/dev/comp0250_s26_labs/install/cw1_team_36:/home/pcht/ws_moveit2/install/pilz_industrial_motion_planner_testutils:/home/pcht/ws_moveit2/install/moveit_runtime:/home/pcht/ws_moveit2/install/moveit2_tutorials:/home/pcht/ws_moveit2/install/moveit:/home/pcht/ws_moveit2/install/moveit_planners:/home/pcht/ws_moveit2/install/pilz_industrial_motion_planner:/home/pcht/ws_moveit2/install/mtc_tutorial:/home/pcht/ws_moveit2/install/moveit_visual_tools:/home/pcht/ws_moveit2/install/moveit_task_constructor_visualization:/home/pcht/ws_moveit2/install/moveit_task_constructor_demo:/home/pcht/ws_moveit2/install/moveit_task_constructor_capabilities:/home/pcht/ws_moveit2/install/moveit_task_constructor_core:/home/pcht/ws_moveit2/install/moveit_ros_control_interface:/home/pcht/ws_moveit2/install/moveit_plugins:/home/pcht/ws_moveit2/install/moveit_simple_controller_manager:/home/pcht/ws_moveit2/install/moveit_setup_assistant:/home/pcht/ws_moveit2/install/moveit_setup_srdf_plugins:/home/pcht/ws_moveit2/install/moveit_setup_core_plugins:/home/pcht/ws_moveit2/install/moveit_setup_controllers:/home/pcht/ws_moveit2/install/moveit_setup_app_plugins:/home/pcht/ws_moveit2/install/moveit_setup_framework:/home/pcht/ws_moveit2/install/moveit_servo:/home/pcht/ws_moveit2/install/moveit_ros:/home/pcht/ws_moveit2/install/moveit_ros_visualization:/home/pcht/ws_moveit2/install/moveit_py:/home/pcht/ws_moveit2/install/moveit_hybrid_planning:/home/pcht/ws_moveit2/install/moveit_ros_planning_interface:/home/pcht/ws_moveit2/install/moveit_ros_benchmarks:/home/pcht/ws_moveit2/install/moveit_ros_warehouse:/home/pcht/ws_moveit2/install/moveit_ros_robot_interaction:/home/pcht/ws_moveit2/install/moveit_ros_perception:/home/pcht/ws_moveit2/install/moveit_resources_prbt_pg70_support:/home/pcht/ws_moveit2/install/moveit_resources_prbt_moveit_config:/home/pcht/ws_moveit2/install/moveit_ros_move_group:/home/pcht/ws_moveit2/install/moveit_planners_ompl:/home/pcht/ws_moveit2/install/moveit_ros_planning:/home/pcht/ws_moveit2/install/moveit_ros_occupancy_map_monitor:/home/pcht/ws_moveit2/install/moveit_resources_prbt_ikfast_manipulator_plugin:/home/pcht/ws_moveit2/install/moveit_planners_chomp:/home/pcht/ws_moveit2/install/moveit_kinematics:/home/pcht/ws_moveit2/install/moveit_chomp_optimizer_adapter:/home/pcht/ws_moveit2/install/chomp_motion_planner:/home/pcht/ws_moveit2/install/moveit_core:/home/pcht/ws_moveit2/install/srdfdom:/home/pcht/ws_moveit2/install/rviz_marker_tools:/home/pcht/ws_moveit2/install/rosparam_shortcuts:/home/pcht/ws_moveit2/install/moveit_task_constructor_msgs:/home/pcht/ws_moveit2/install/moveit_resources_prbt_support:/home/pcht/ws_moveit2/install/moveit_resources:/home/pcht/ws_moveit2/install/moveit_resources_pr2_description:/home/pcht/ws_moveit2/install/moveit_resources_panda_moveit_config:/home/pcht/ws_moveit2/install/moveit_resources_panda_description:/home/pcht/ws_moveit2/install/moveit_resources_fanuc_moveit_config:/home/pcht/ws_moveit2/install/moveit_resources_fanuc_description:/home/pcht/ws_moveit2/install/moveit_common:/home/pcht/ws_moveit2/install/moveit_configs_utils:/home/pcht/ws_moveit2/install/launch_param_builder:/opt/ros/humble LD_LIBRARY_PATH=/home/pcht/dev/comp0250_s26_labs/install/cw1_world_spawner/lib:/home/pcht/dev/comp0250_s26_labs/install/realsense_gazebo_plugin/lib:/home/pcht/dev/comp0250_s26_labs/install/cw1_team_x/lib:/home/pcht/dev/comp0250_s26_labs/install/cw1_team_36/lib:/home/pcht/ws_moveit2/install/pilz_industrial_motion_planner_testutils/lib:/home/pcht/ws_moveit2/install/pilz_industrial_motion_planner/lib:/home/pcht/ws_moveit2/install/moveit_visual_tools/lib:/home/pcht/ws_moveit2/install/moveit_task_constructor_visualization/lib:/home/pcht/ws_moveit2/install/moveit_task_constructor_demo/lib:/home/pcht/ws_moveit2/install/moveit_task_constructor_capabilities/lib:/home/pcht/ws_moveit2/install/moveit_task_constructor_core/lib:/home/pcht/ws_moveit2/install/moveit_ros_control_interface/lib:/home/pcht/ws_moveit2/install/moveit_simple_controller_manager/lib:/home/pcht/ws_moveit2/install/moveit_setup_assistant/lib:/home/pcht/ws_moveit2/install/moveit_setup_srdf_plugins/lib:/home/pcht/ws_moveit2/install/moveit_setup_core_plugins/lib:/home/pcht/ws_moveit2/install/moveit_setup_controllers/lib:/home/pcht/ws_moveit2/install/moveit_setup_app_plugins/lib:/home/pcht/ws_moveit2/install/moveit_setup_framework/lib:/home/pcht/ws_moveit2/install/moveit_servo/lib:/home/pcht/ws_moveit2/install/moveit_ros_visualization/lib:/home/pcht/ws_moveit2/install/moveit_py/lib:/home/pcht/ws_moveit2/install/moveit_hybrid_planning/lib:/home/pcht/ws_moveit2/install/moveit_ros_planning_interface/lib:/home/pcht/ws_moveit2/install/moveit_ros_benchmarks/lib:/home/pcht/ws_moveit2/install/moveit_ros_warehouse/lib:/home/pcht/ws_moveit2/install/moveit_ros_robot_interaction/lib:/home/pcht/ws_moveit2/install/moveit_ros_perception/lib:/home/pcht/ws_moveit2/install/moveit_ros_move_group/lib:/home/pcht/ws_moveit2/install/moveit_planners_ompl/lib:/home/pcht/ws_moveit2/install/moveit_ros_planning/lib:/home/pcht/ws_moveit2/install/moveit_ros_occupancy_map_monitor/lib:/home/pcht/ws_moveit2/install/moveit_resources_prbt_ikfast_manipulator_plugin/lib:/home/pcht/ws_moveit2/install/moveit_planners_chomp/lib:/home/pcht/ws_moveit2/install/moveit_kinematics/lib:/home/pcht/ws_moveit2/install/moveit_chomp_optimizer_adapter/lib:/home/pcht/ws_moveit2/install/chomp_motion_planner/lib:/home/pcht/ws_moveit2/install/moveit_core/lib:/home/pcht/ws_moveit2/install/srdfdom/lib:/home/pcht/ws_moveit2/install/rviz_marker_tools/lib:/home/pcht/ws_moveit2/install/rosparam_shortcuts/lib:/home/pcht/ws_moveit2/install/moveit_task_constructor_msgs/lib:/usr/lib/x86_64-linux-gnu/gazebo-11/plugins:/opt/ros/humble/opt/rviz_ogre_vendor/lib:/opt/ros/humble/lib/x86_64-linux-gnu:/opt/ros/humble/lib:/home/pcht/dev/Quadruped-PyMPC/quadruped_pympc/acados/lib:/home/pcht/dev/Quadruped-PyMPC/quadruped_pympc/acados/lib /usr/bin/cmake --install /home/pcht/dev/comp0250_s26_labs/build/cw1_team_36
[19.186s] Level 1:colcon.colcon_core.environment:checking '/home/pcht/dev/comp0250_s26_labs/install/cw1_team_36' for CMake module files
[19.187s] Level 1:colcon.colcon_core.environment:checking '/home/pcht/dev/comp0250_s26_labs/install/cw1_team_36' for CMake config files
[19.187s] Level 1:colcon.colcon_core.shell:create_environment_hook('cw1_team_36', 'cmake_prefix_path')
[19.187s] INFO:colcon.colcon_core.shell:Creating environment hook '/home/pcht/dev/comp0250_s26_labs/install/cw1_team_36/share/cw1_team_36/hook/cmake_prefix_path.ps1'
[19.188s] INFO:colcon.colcon_core.shell:Creating environment descriptor '/home/pcht/dev/comp0250_s26_labs/install/cw1_team_36/share/cw1_team_36/hook/cmake_prefix_path.dsv'
[19.188s] INFO:colcon.colcon_core.shell:Creating environment hook '/home/pcht/dev/comp0250_s26_labs/install/cw1_team_36/share/cw1_team_36/hook/cmake_prefix_path.sh'
[19.189s] Level 1:colcon.colcon_core.environment:checking '/home/pcht/dev/comp0250_s26_labs/install/cw1_team_36/lib'
[19.189s] Level 1:colcon.colcon_core.shell:create_environment_hook('cw1_team_36', 'ld_library_path_lib')
[19.190s] INFO:colcon.colcon_core.shell:Creating environment hook '/home/pcht/dev/comp0250_s26_labs/install/cw1_team_36/share/cw1_team_36/hook/ld_library_path_lib.ps1'
[19.190s] INFO:colcon.colcon_core.shell:Creating environment descriptor '/home/pcht/dev/comp0250_s26_labs/install/cw1_team_36/share/cw1_team_36/hook/ld_library_path_lib.dsv'
[19.190s] INFO:colcon.colcon_core.shell:Creating environment hook '/home/pcht/dev/comp0250_s26_labs/install/cw1_team_36/share/cw1_team_36/hook/ld_library_path_lib.sh'
[19.190s] Level 1:colcon.colcon_core.environment:checking '/home/pcht/dev/comp0250_s26_labs/install/cw1_team_36/bin'
[19.190s] Level 1:colcon.colcon_core.environment:checking '/home/pcht/dev/comp0250_s26_labs/install/cw1_team_36/lib/pkgconfig/cw1_team_36.pc'
[19.190s] Level 1:colcon.colcon_core.environment:checking '/home/pcht/dev/comp0250_s26_labs/install/cw1_team_36/lib/python3.10/site-packages'
[19.191s] Level 1:colcon.colcon_core.environment:checking '/home/pcht/dev/comp0250_s26_labs/install/cw1_team_36/bin'
[19.191s] INFO:colcon.colcon_core.shell:Creating package script '/home/pcht/dev/comp0250_s26_labs/install/cw1_team_36/share/cw1_team_36/package.ps1'
[19.191s] INFO:colcon.colcon_core.shell:Creating package descriptor '/home/pcht/dev/comp0250_s26_labs/install/cw1_team_36/share/cw1_team_36/package.dsv'
[19.192s] INFO:colcon.colcon_core.shell:Creating package script '/home/pcht/dev/comp0250_s26_labs/install/cw1_team_36/share/cw1_team_36/package.sh'
[19.192s] INFO:colcon.colcon_core.shell:Creating package script '/home/pcht/dev/comp0250_s26_labs/install/cw1_team_36/share/cw1_team_36/package.bash'
[19.193s] INFO:colcon.colcon_core.shell:Creating package script '/home/pcht/dev/comp0250_s26_labs/install/cw1_team_36/share/cw1_team_36/package.zsh'
[19.193s] Level 1:colcon.colcon_core.environment:create_file_with_runtime_dependencies(/home/pcht/dev/comp0250_s26_labs/install/cw1_team_36/share/colcon-core/packages/cw1_team_36)
[19.194s] Level 1:colcon.colcon_core.environment:create_environment_scripts_only(cw1_team_36)
[19.194s] Level 1:colcon.colcon_core.environment:checking '/home/pcht/dev/comp0250_s26_labs/install/cw1_team_36' for CMake module files
[19.195s] Level 1:colcon.colcon_core.environment:checking '/home/pcht/dev/comp0250_s26_labs/install/cw1_team_36' for CMake config files
[19.195s] Level 1:colcon.colcon_core.shell:create_environment_hook('cw1_team_36', 'cmake_prefix_path')
[19.195s] INFO:colcon.colcon_core.shell:Creating environment hook '/home/pcht/dev/comp0250_s26_labs/install/cw1_team_36/share/cw1_team_36/hook/cmake_prefix_path.ps1'
[19.195s] INFO:colcon.colcon_core.shell:Creating environment descriptor '/home/pcht/dev/comp0250_s26_labs/install/cw1_team_36/share/cw1_team_36/hook/cmake_prefix_path.dsv'
[19.196s] INFO:colcon.colcon_core.shell:Creating environment hook '/home/pcht/dev/comp0250_s26_labs/install/cw1_team_36/share/cw1_team_36/hook/cmake_prefix_path.sh'
[19.196s] Level 1:colcon.colcon_core.environment:checking '/home/pcht/dev/comp0250_s26_labs/install/cw1_team_36/lib'
[19.196s] Level 1:colcon.colcon_core.shell:create_environment_hook('cw1_team_36', 'ld_library_path_lib')
[19.196s] INFO:colcon.colcon_core.shell:Creating environment hook '/home/pcht/dev/comp0250_s26_labs/install/cw1_team_36/share/cw1_team_36/hook/ld_library_path_lib.ps1'
[19.197s] INFO:colcon.colcon_core.shell:Creating environment descriptor '/home/pcht/dev/comp0250_s26_labs/install/cw1_team_36/share/cw1_team_36/hook/ld_library_path_lib.dsv'
[19.197s] INFO:colcon.colcon_core.shell:Creating environment hook '/home/pcht/dev/comp0250_s26_labs/install/cw1_team_36/share/cw1_team_36/hook/ld_library_path_lib.sh'
[19.197s] Level 1:colcon.colcon_core.environment:checking '/home/pcht/dev/comp0250_s26_labs/install/cw1_team_36/bin'
[19.197s] Level 1:colcon.colcon_core.environment:checking '/home/pcht/dev/comp0250_s26_labs/install/cw1_team_36/lib/pkgconfig/cw1_team_36.pc'
[19.197s] Level 1:colcon.colcon_core.environment:checking '/home/pcht/dev/comp0250_s26_labs/install/cw1_team_36/lib/python3.10/site-packages'
[19.198s] Level 1:colcon.colcon_core.environment:checking '/home/pcht/dev/comp0250_s26_labs/install/cw1_team_36/bin'
[19.198s] INFO:colcon.colcon_core.shell:Creating package script '/home/pcht/dev/comp0250_s26_labs/install/cw1_team_36/share/cw1_team_36/package.ps1'
[19.198s] INFO:colcon.colcon_core.shell:Creating package descriptor '/home/pcht/dev/comp0250_s26_labs/install/cw1_team_36/share/cw1_team_36/package.dsv'
[19.199s] INFO:colcon.colcon_core.shell:Creating package script '/home/pcht/dev/comp0250_s26_labs/install/cw1_team_36/share/cw1_team_36/package.sh'
[19.199s] INFO:colcon.colcon_core.shell:Creating package script '/home/pcht/dev/comp0250_s26_labs/install/cw1_team_36/share/cw1_team_36/package.bash'
[19.199s] INFO:colcon.colcon_core.shell:Creating package script '/home/pcht/dev/comp0250_s26_labs/install/cw1_team_36/share/cw1_team_36/package.zsh'
[19.200s] Level 1:colcon.colcon_core.environment:create_file_with_runtime_dependencies(/home/pcht/dev/comp0250_s26_labs/install/cw1_team_36/share/colcon-core/packages/cw1_team_36)
[19.200s] DEBUG:colcon.colcon_parallel_executor.executor.parallel:closing loop
[19.201s] DEBUG:colcon.colcon_parallel_executor.executor.parallel:loop closed
[19.201s] DEBUG:colcon.colcon_parallel_executor.executor.parallel:run_until_complete finished with '0'
[19.201s] DEBUG:colcon.colcon_core.event_reactor:joining thread
[19.267s] INFO:colcon.colcon_core.plugin_system:Skipping extension 'colcon_notification.desktop_notification.notify_send': Could not find 'notify-send'
[19.268s] INFO:colcon.colcon_core.plugin_system:Skipping extension 'colcon_notification.desktop_notification.terminal_notifier': Not used on non-Darwin systems
[19.268s] INFO:colcon.colcon_core.plugin_system:Skipping extension 'colcon_notification.desktop_notification.win32': Not used on non-Windows systems
[19.268s] INFO:colcon.colcon_notification.desktop_notification:Sending desktop notification using 'notify2'
[19.276s] DEBUG:colcon.colcon_notification.desktop_notification.notify2:Failed to initialize notify2: org.freedesktop.DBus.Error.ServiceUnknown: The name org.freedesktop.Notifications was not provided by any .service files
[19.276s] DEBUG:colcon.colcon_core.event_reactor:joined thread
[19.276s] INFO:colcon.colcon_core.shell:Creating prefix script '/home/pcht/dev/comp0250_s26_labs/install/local_setup.ps1'
[19.278s] INFO:colcon.colcon_core.shell:Creating prefix util module '/home/pcht/dev/comp0250_s26_labs/install/_local_setup_util_ps1.py'
[19.279s] INFO:colcon.colcon_core.shell:Creating prefix chain script '/home/pcht/dev/comp0250_s26_labs/install/setup.ps1'
[19.281s] INFO:colcon.colcon_core.shell:Creating prefix script '/home/pcht/dev/comp0250_s26_labs/install/local_setup.sh'
[19.281s] INFO:colcon.colcon_core.shell:Creating prefix util module '/home/pcht/dev/comp0250_s26_labs/install/_local_setup_util_sh.py'
[19.282s] INFO:colcon.colcon_core.shell:Creating prefix chain script '/home/pcht/dev/comp0250_s26_labs/install/setup.sh'
[19.284s] INFO:colcon.colcon_core.shell:Creating prefix script '/home/pcht/dev/comp0250_s26_labs/install/local_setup.bash'
[19.285s] INFO:colcon.colcon_core.shell:Creating prefix chain script '/home/pcht/dev/comp0250_s26_labs/install/setup.bash'
[19.287s] INFO:colcon.colcon_core.shell:Creating prefix script '/home/pcht/dev/comp0250_s26_labs/install/local_setup.zsh'
[19.287s] INFO:colcon.colcon_core.shell:Creating prefix chain script '/home/pcht/dev/comp0250_s26_labs/install/setup.zsh'
