[0.329s] Invoking command in '/home/pcht/dev/comp0250_s26_labs/build/cw1_team_x': AMENT_PREFIX_PATH=/home/pcht/dev/comp0250_s26_labs/install/cw1_world_spawner:${AMENT_PREFIX_PATH} CMAKE_PREFIX_PATH=/home/pcht/dev/comp0250_s26_labs/install/cw1_world_spawner:/home/pcht/ws_moveit2/install/moveit_common:/home/pcht/ws_moveit2/install/pilz_industrial_motion_planner_testutils:/home/pcht/ws_moveit2/install/moveit_runtime:/home/pcht/ws_moveit2/install/moveit2_tutorials:/home/pcht/ws_moveit2/install/moveit:/home/pcht/ws_moveit2/install/moveit_planners:/home/pcht/ws_moveit2/install/pilz_industrial_motion_planner:/home/pcht/ws_moveit2/install/mtc_tutorial:/home/pcht/ws_moveit2/install/moveit_visual_tools:/home/pcht/ws_moveit2/install/moveit_task_constructor_visualization:/home/pcht/ws_moveit2/install/moveit_task_constructor_demo:/home/pcht/ws_moveit2/install/moveit_task_constructor_capabilities:/home/pcht/ws_moveit2/install/moveit_task_constructor_core:/home/pcht/ws_moveit2/install/moveit_ros_control_interface:/home/pcht/ws_moveit2/install/moveit_plugins:/home/pcht/ws_moveit2/install/moveit_simple_controller_manager:/home/pcht/ws_moveit2/install/moveit_setup_assistant:/home/pcht/ws_moveit2/install/moveit_setup_srdf_plugins:/home/pcht/ws_moveit2/install/moveit_setup_core_plugins:/home/pcht/ws_moveit2/install/moveit_setup_controllers:/home/pcht/ws_moveit2/install/moveit_setup_app_plugins:/home/pcht/ws_moveit2/install/moveit_setup_framework:/home/pcht/ws_moveit2/install/moveit_servo:/home/pcht/ws_moveit2/install/moveit_ros:/home/pcht/ws_moveit2/install/moveit_ros_visualization:/home/pcht/ws_moveit2/install/moveit_py:/home/pcht/ws_moveit2/install/moveit_hybrid_planning:/home/pcht/ws_moveit2/install/moveit_ros_planning_interface:/home/pcht/ws_moveit2/install/moveit_ros_benchmarks:/home/pcht/ws_moveit2/install/moveit_ros_warehouse:/home/pcht/ws_moveit2/install/moveit_ros_robot_interaction:/home/pcht/ws_moveit2/install/moveit_ros_perception:/home/pcht/ws_moveit2/install/moveit_resources_prbt_pg70_support:/home/pcht/ws_moveit2/install/moveit_resources_prbt_moveit_config:/home/pcht/ws_moveit2/install/moveit_ros_move_group:/home/pcht/ws_moveit2/install/moveit_planners_ompl:/home/pcht/ws_moveit2/install/moveit_ros_planning:/home/pcht/ws_moveit2/install/moveit_ros_occupancy_map_monitor:/home/pcht/ws_moveit2/install/moveit_resources_prbt_ikfast_manipulator_plugin:/home/pcht/ws_moveit2/install/moveit_planners_chomp:/home/pcht/ws_moveit2/install/moveit_kinematics:/home/pcht/ws_moveit2/install/moveit_chomp_optimizer_adapter:/home/pcht/ws_moveit2/install/chomp_motion_planner:/home/pcht/ws_moveit2/install/moveit_core:/home/pcht/ws_moveit2/install/srdfdom:/home/pcht/ws_moveit2/install/rviz_marker_tools:/home/pcht/ws_moveit2/install/rosparam_shortcuts:/home/pcht/ws_moveit2/install/moveit_task_constructor_msgs:/home/pcht/ws_moveit2/install/moveit_resources_prbt_support:/home/pcht/ws_moveit2/install/moveit_resources:/home/pcht/ws_moveit2/install/moveit_resources_pr2_description:/home/pcht/ws_moveit2/install/moveit_resources_panda_moveit_config:/home/pcht/ws_moveit2/install/moveit_resources_panda_description:/home/pcht/ws_moveit2/install/moveit_resources_fanuc_moveit_config:/home/pcht/ws_moveit2/install/moveit_resources_fanuc_description:/home/pcht/ws_moveit2/install/moveit_common:/home/pcht/ws_moveit2/install/moveit_configs_utils:/home/pcht/ws_moveit2/install/launch_param_builder:/opt/ros/humble LD_LIBRARY_PATH=/home/pcht/dev/comp0250_s26_labs/install/cw1_world_spawner/lib:${LD_LIBRARY_PATH} PYTHONPATH=/home/pcht/dev/comp0250_s26_labs/install/cw1_world_spawner/local/lib/python3.10/dist-packages:${PYTHONPATH} /usr/bin/cmake --build /home/pcht/dev/comp0250_s26_labs/build/cw1_team_x -- -j16 -l16
[0.696s] [  2%] Built target cw1_team_x__cpp
[0.708s] [ 11%] Built target cw1_team_x__rosidl_generator_c
[0.720s] [ 11%] Built target ament_cmake_python_copy_cw1_team_x
[0.771s] [ 20%] Built target cw1_team_x__rosidl_typesupport_introspection_cpp
[0.772s] [ 28%] Built target cw1_team_x__rosidl_typesupport_cpp
[0.777s] [ 62%] Built target cw1_team_x__rosidl_typesupport_fastrtps_c
[0.777s] [ 62%] Built target cw1_team_x__rosidl_typesupport_c
[0.777s] [ 62%] Built target cw1_team_x__rosidl_typesupport_fastrtps_cpp
[0.777s] [ 62%] Built target cw1_team_x__rosidl_typesupport_introspection_c
[0.831s] [ 62%] Built target cw1_team_x
[0.880s] [ 65%] Building CXX object CMakeFiles/cw1_team_x_cw1_class_lib.dir/src/cw1_class.cpp.o
[0.889s] [ 68%] Built target cw1_team_x__py
[0.983s] [ 74%] Built target cw1_team_x__rosidl_generator_py
[1.046s] [ 80%] Built target cw1_team_x__rosidl_typesupport_c__pyext
[1.047s] [ 85%] Built target cw1_team_x__rosidl_typesupport_introspection_c__pyext
[1.057s] [ 91%] Built target cw1_team_x__rosidl_typesupport_fastrtps_c__pyext
[1.225s] running egg_info
[1.229s] writing cw1_team_x.egg-info/PKG-INFO
[1.230s] writing dependency_links to cw1_team_x.egg-info/dependency_links.txt
[1.231s] writing top-level names to cw1_team_x.egg-info/top_level.txt
[1.246s] reading manifest file 'cw1_team_x.egg-info/SOURCES.txt'
[1.248s] writing manifest file 'cw1_team_x.egg-info/SOURCES.txt'
[1.371s] [ 91%] Built target ament_cmake_python_build_cw1_team_x_egg
[28.810s] [ 94%] Linking CXX shared library libcw1_team_x_cw1_class_lib.so
[29.903s] [ 94%] Built target cw1_team_x_cw1_class_lib
[29.956s] [ 97%] Building CXX object CMakeFiles/cw1_solution_node.dir/src/cw1_node.cpp.o
[39.326s] [100%] Linking CXX executable cw1_solution_node
[40.123s] [100%] Built target cw1_solution_node
[40.141s] Invoked command in '/home/pcht/dev/comp0250_s26_labs/build/cw1_team_x' returned '0': AMENT_PREFIX_PATH=/home/pcht/dev/comp0250_s26_labs/install/cw1_world_spawner:${AMENT_PREFIX_PATH} CMAKE_PREFIX_PATH=/home/pcht/dev/comp0250_s26_labs/install/cw1_world_spawner:/home/pcht/ws_moveit2/install/moveit_common:/home/pcht/ws_moveit2/install/pilz_industrial_motion_planner_testutils:/home/pcht/ws_moveit2/install/moveit_runtime:/home/pcht/ws_moveit2/install/moveit2_tutorials:/home/pcht/ws_moveit2/install/moveit:/home/pcht/ws_moveit2/install/moveit_planners:/home/pcht/ws_moveit2/install/pilz_industrial_motion_planner:/home/pcht/ws_moveit2/install/mtc_tutorial:/home/pcht/ws_moveit2/install/moveit_visual_tools:/home/pcht/ws_moveit2/install/moveit_task_constructor_visualization:/home/pcht/ws_moveit2/install/moveit_task_constructor_demo:/home/pcht/ws_moveit2/install/moveit_task_constructor_capabilities:/home/pcht/ws_moveit2/install/moveit_task_constructor_core:/home/pcht/ws_moveit2/install/moveit_ros_control_interface:/home/pcht/ws_moveit2/install/moveit_plugins:/home/pcht/ws_moveit2/install/moveit_simple_controller_manager:/home/pcht/ws_moveit2/install/moveit_setup_assistant:/home/pcht/ws_moveit2/install/moveit_setup_srdf_plugins:/home/pcht/ws_moveit2/install/moveit_setup_core_plugins:/home/pcht/ws_moveit2/install/moveit_setup_controllers:/home/pcht/ws_moveit2/install/moveit_setup_app_plugins:/home/pcht/ws_moveit2/install/moveit_setup_framework:/home/pcht/ws_moveit2/install/moveit_servo:/home/pcht/ws_moveit2/install/moveit_ros:/home/pcht/ws_moveit2/install/moveit_ros_visualization:/home/pcht/ws_moveit2/install/moveit_py:/home/pcht/ws_moveit2/install/moveit_hybrid_planning:/home/pcht/ws_moveit2/install/moveit_ros_planning_interface:/home/pcht/ws_moveit2/install/moveit_ros_benchmarks:/home/pcht/ws_moveit2/install/moveit_ros_warehouse:/home/pcht/ws_moveit2/install/moveit_ros_robot_interaction:/home/pcht/ws_moveit2/install/moveit_ros_perception:/home/pcht/ws_moveit2/install/moveit_resources_prbt_pg70_support:/home/pcht/ws_moveit2/install/moveit_resources_prbt_moveit_config:/home/pcht/ws_moveit2/install/moveit_ros_move_group:/home/pcht/ws_moveit2/install/moveit_planners_ompl:/home/pcht/ws_moveit2/install/moveit_ros_planning:/home/pcht/ws_moveit2/install/moveit_ros_occupancy_map_monitor:/home/pcht/ws_moveit2/install/moveit_resources_prbt_ikfast_manipulator_plugin:/home/pcht/ws_moveit2/install/moveit_planners_chomp:/home/pcht/ws_moveit2/install/moveit_kinematics:/home/pcht/ws_moveit2/install/moveit_chomp_optimizer_adapter:/home/pcht/ws_moveit2/install/chomp_motion_planner:/home/pcht/ws_moveit2/install/moveit_core:/home/pcht/ws_moveit2/install/srdfdom:/home/pcht/ws_moveit2/install/rviz_marker_tools:/home/pcht/ws_moveit2/install/rosparam_shortcuts:/home/pcht/ws_moveit2/install/moveit_task_constructor_msgs:/home/pcht/ws_moveit2/install/moveit_resources_prbt_support:/home/pcht/ws_moveit2/install/moveit_resources:/home/pcht/ws_moveit2/install/moveit_resources_pr2_description:/home/pcht/ws_moveit2/install/moveit_resources_panda_moveit_config:/home/pcht/ws_moveit2/install/moveit_resources_panda_description:/home/pcht/ws_moveit2/install/moveit_resources_fanuc_moveit_config:/home/pcht/ws_moveit2/install/moveit_resources_fanuc_description:/home/pcht/ws_moveit2/install/moveit_common:/home/pcht/ws_moveit2/install/moveit_configs_utils:/home/pcht/ws_moveit2/install/launch_param_builder:/opt/ros/humble LD_LIBRARY_PATH=/home/pcht/dev/comp0250_s26_labs/install/cw1_world_spawner/lib:${LD_LIBRARY_PATH} PYTHONPATH=/home/pcht/dev/comp0250_s26_labs/install/cw1_world_spawner/local/lib/python3.10/dist-packages:${PYTHONPATH} /usr/bin/cmake --build /home/pcht/dev/comp0250_s26_labs/build/cw1_team_x -- -j16 -l16
[40.156s] Invoking command in '/home/pcht/dev/comp0250_s26_labs/build/cw1_team_x': AMENT_PREFIX_PATH=/home/pcht/dev/comp0250_s26_labs/install/cw1_world_spawner:${AMENT_PREFIX_PATH} CMAKE_PREFIX_PATH=/home/pcht/dev/comp0250_s26_labs/install/cw1_world_spawner:/home/pcht/ws_moveit2/install/moveit_common:/home/pcht/ws_moveit2/install/pilz_industrial_motion_planner_testutils:/home/pcht/ws_moveit2/install/moveit_runtime:/home/pcht/ws_moveit2/install/moveit2_tutorials:/home/pcht/ws_moveit2/install/moveit:/home/pcht/ws_moveit2/install/moveit_planners:/home/pcht/ws_moveit2/install/pilz_industrial_motion_planner:/home/pcht/ws_moveit2/install/mtc_tutorial:/home/pcht/ws_moveit2/install/moveit_visual_tools:/home/pcht/ws_moveit2/install/moveit_task_constructor_visualization:/home/pcht/ws_moveit2/install/moveit_task_constructor_demo:/home/pcht/ws_moveit2/install/moveit_task_constructor_capabilities:/home/pcht/ws_moveit2/install/moveit_task_constructor_core:/home/pcht/ws_moveit2/install/moveit_ros_control_interface:/home/pcht/ws_moveit2/install/moveit_plugins:/home/pcht/ws_moveit2/install/moveit_simple_controller_manager:/home/pcht/ws_moveit2/install/moveit_setup_assistant:/home/pcht/ws_moveit2/install/moveit_setup_srdf_plugins:/home/pcht/ws_moveit2/install/moveit_setup_core_plugins:/home/pcht/ws_moveit2/install/moveit_setup_controllers:/home/pcht/ws_moveit2/install/moveit_setup_app_plugins:/home/pcht/ws_moveit2/install/moveit_setup_framework:/home/pcht/ws_moveit2/install/moveit_servo:/home/pcht/ws_moveit2/install/moveit_ros:/home/pcht/ws_moveit2/install/moveit_ros_visualization:/home/pcht/ws_moveit2/install/moveit_py:/home/pcht/ws_moveit2/install/moveit_hybrid_planning:/home/pcht/ws_moveit2/install/moveit_ros_planning_interface:/home/pcht/ws_moveit2/install/moveit_ros_benchmarks:/home/pcht/ws_moveit2/install/moveit_ros_warehouse:/home/pcht/ws_moveit2/install/moveit_ros_robot_interaction:/home/pcht/ws_moveit2/install/moveit_ros_perception:/home/pcht/ws_moveit2/install/moveit_resources_prbt_pg70_support:/home/pcht/ws_moveit2/install/moveit_resources_prbt_moveit_config:/home/pcht/ws_moveit2/install/moveit_ros_move_group:/home/pcht/ws_moveit2/install/moveit_planners_ompl:/home/pcht/ws_moveit2/install/moveit_ros_planning:/home/pcht/ws_moveit2/install/moveit_ros_occupancy_map_monitor:/home/pcht/ws_moveit2/install/moveit_resources_prbt_ikfast_manipulator_plugin:/home/pcht/ws_moveit2/install/moveit_planners_chomp:/home/pcht/ws_moveit2/install/moveit_kinematics:/home/pcht/ws_moveit2/install/moveit_chomp_optimizer_adapter:/home/pcht/ws_moveit2/install/chomp_motion_planner:/home/pcht/ws_moveit2/install/moveit_core:/home/pcht/ws_moveit2/install/srdfdom:/home/pcht/ws_moveit2/install/rviz_marker_tools:/home/pcht/ws_moveit2/install/rosparam_shortcuts:/home/pcht/ws_moveit2/install/moveit_task_constructor_msgs:/home/pcht/ws_moveit2/install/moveit_resources_prbt_support:/home/pcht/ws_moveit2/install/moveit_resources:/home/pcht/ws_moveit2/install/moveit_resources_pr2_description:/home/pcht/ws_moveit2/install/moveit_resources_panda_moveit_config:/home/pcht/ws_moveit2/install/moveit_resources_panda_description:/home/pcht/ws_moveit2/install/moveit_resources_fanuc_moveit_config:/home/pcht/ws_moveit2/install/moveit_resources_fanuc_description:/home/pcht/ws_moveit2/install/moveit_common:/home/pcht/ws_moveit2/install/moveit_configs_utils:/home/pcht/ws_moveit2/install/launch_param_builder:/opt/ros/humble LD_LIBRARY_PATH=/home/pcht/dev/comp0250_s26_labs/install/cw1_world_spawner/lib:${LD_LIBRARY_PATH} PYTHONPATH=/home/pcht/dev/comp0250_s26_labs/install/cw1_world_spawner/local/lib/python3.10/dist-packages:${PYTHONPATH} /usr/bin/cmake --install /home/pcht/dev/comp0250_s26_labs/build/cw1_team_x
[40.168s] -- Install configuration: "Release"
[40.169s] -- Up-to-date: /home/pcht/dev/comp0250_s26_labs/install/cw1_team_x/share/ament_index/resource_index/rosidl_interfaces/cw1_team_x
[40.169s] -- Up-to-date: /home/pcht/dev/comp0250_s26_labs/install/cw1_team_x/include/cw1_team_x/cw1_team_x
[40.169s] -- Up-to-date: /home/pcht/dev/comp0250_s26_labs/install/cw1_team_x/include/cw1_team_x/cw1_team_x/msg
[40.169s] -- Up-to-date: /home/pcht/dev/comp0250_s26_labs/install/cw1_team_x/include/cw1_team_x/cw1_team_x/msg/rosidl_generator_c__visibility_control.h
[40.169s] -- Up-to-date: /home/pcht/dev/comp0250_s26_labs/install/cw1_team_x/include/cw1_team_x/cw1_team_x/srv
[40.170s] -- Up-to-date: /home/pcht/dev/comp0250_s26_labs/install/cw1_team_x/include/cw1_team_x/cw1_team_x/srv/detail
[40.170s] -- Up-to-date: /home/pcht/dev/comp0250_s26_labs/install/cw1_team_x/include/cw1_team_x/cw1_team_x/srv/detail/example__type_support.h
[40.170s] -- Up-to-date: /home/pcht/dev/comp0250_s26_labs/install/cw1_team_x/include/cw1_team_x/cw1_team_x/srv/detail/example__functions.c
[40.170s] -- Up-to-date: /home/pcht/dev/comp0250_s26_labs/install/cw1_team_x/include/cw1_team_x/cw1_team_x/srv/detail/example__struct.h
[40.170s] -- Up-to-date: /home/pcht/dev/comp0250_s26_labs/install/cw1_team_x/include/cw1_team_x/cw1_team_x/srv/detail/example__functions.h
[40.170s] -- Up-to-date: /home/pcht/dev/comp0250_s26_labs/install/cw1_team_x/include/cw1_team_x/cw1_team_x/srv/example.h
[40.170s] -- Up-to-date: /home/pcht/dev/comp0250_s26_labs/install/cw1_team_x/share/cw1_team_x/environment/library_path.sh
[40.170s] -- Up-to-date: /home/pcht/dev/comp0250_s26_labs/install/cw1_team_x/share/cw1_team_x/environment/library_path.dsv
[40.170s] -- Up-to-date: /home/pcht/dev/comp0250_s26_labs/install/cw1_team_x/lib/libcw1_team_x__rosidl_generator_c.so
[40.170s] -- Up-to-date: /home/pcht/dev/comp0250_s26_labs/install/cw1_team_x/include/cw1_team_x/cw1_team_x
[40.170s] -- Up-to-date: /home/pcht/dev/comp0250_s26_labs/install/cw1_team_x/include/cw1_team_x/cw1_team_x/msg
[40.171s] -- Up-to-date: /home/pcht/dev/comp0250_s26_labs/install/cw1_team_x/include/cw1_team_x/cw1_team_x/msg/rosidl_typesupport_fastrtps_c__visibility_control.h
[40.171s] -- Up-to-date: /home/pcht/dev/comp0250_s26_labs/install/cw1_team_x/include/cw1_team_x/cw1_team_x/srv
[40.171s] -- Up-to-date: /home/pcht/dev/comp0250_s26_labs/install/cw1_team_x/include/cw1_team_x/cw1_team_x/srv/detail
[40.171s] -- Up-to-date: /home/pcht/dev/comp0250_s26_labs/install/cw1_team_x/include/cw1_team_x/cw1_team_x/srv/detail/example__rosidl_typesupport_fastrtps_c.h
[40.171s] -- Up-to-date: /home/pcht/dev/comp0250_s26_labs/install/cw1_team_x/lib/libcw1_team_x__rosidl_typesupport_fastrtps_c.so
[40.171s] -- Up-to-date: /home/pcht/dev/comp0250_s26_labs/install/cw1_team_x/include/cw1_team_x/cw1_team_x
[40.171s] -- Up-to-date: /home/pcht/dev/comp0250_s26_labs/install/cw1_team_x/include/cw1_team_x/cw1_team_x/msg
[40.172s] -- Up-to-date: /home/pcht/dev/comp0250_s26_labs/install/cw1_team_x/include/cw1_team_x/cw1_team_x/msg/rosidl_typesupport_introspection_c__visibility_control.h
[40.172s] -- Up-to-date: /home/pcht/dev/comp0250_s26_labs/install/cw1_team_x/include/cw1_team_x/cw1_team_x/srv
[40.172s] -- Up-to-date: /home/pcht/dev/comp0250_s26_labs/install/cw1_team_x/include/cw1_team_x/cw1_team_x/srv/detail
[40.172s] -- Up-to-date: /home/pcht/dev/comp0250_s26_labs/install/cw1_team_x/include/cw1_team_x/cw1_team_x/srv/detail/example__rosidl_typesupport_introspection_c.h
[40.172s] -- Up-to-date: /home/pcht/dev/comp0250_s26_labs/install/cw1_team_x/include/cw1_team_x/cw1_team_x/srv/detail/example__type_support.c
[40.172s] -- Up-to-date: /home/pcht/dev/comp0250_s26_labs/install/cw1_team_x/lib/libcw1_team_x__rosidl_typesupport_introspection_c.so
[40.172s] -- Up-to-date: /home/pcht/dev/comp0250_s26_labs/install/cw1_team_x/lib/libcw1_team_x__rosidl_typesupport_c.so
[40.172s] -- Up-to-date: /home/pcht/dev/comp0250_s26_labs/install/cw1_team_x/include/cw1_team_x/cw1_team_x
[40.172s] -- Up-to-date: /home/pcht/dev/comp0250_s26_labs/install/cw1_team_x/include/cw1_team_x/cw1_team_x/msg
[40.172s] -- Up-to-date: /home/pcht/dev/comp0250_s26_labs/install/cw1_team_x/include/cw1_team_x/cw1_team_x/msg/rosidl_generator_cpp__visibility_control.hpp
[40.173s] -- Up-to-date: /home/pcht/dev/comp0250_s26_labs/install/cw1_team_x/include/cw1_team_x/cw1_team_x/srv
[40.173s] -- Up-to-date: /home/pcht/dev/comp0250_s26_labs/install/cw1_team_x/include/cw1_team_x/cw1_team_x/srv/example.hpp
[40.173s] -- Up-to-date: /home/pcht/dev/comp0250_s26_labs/install/cw1_team_x/include/cw1_team_x/cw1_team_x/srv/detail
[40.173s] -- Up-to-date: /home/pcht/dev/comp0250_s26_labs/install/cw1_team_x/include/cw1_team_x/cw1_team_x/srv/detail/example__struct.hpp
[40.173s] -- Up-to-date: /home/pcht/dev/comp0250_s26_labs/install/cw1_team_x/include/cw1_team_x/cw1_team_x/srv/detail/example__builder.hpp
[40.173s] -- Up-to-date: /home/pcht/dev/comp0250_s26_labs/install/cw1_team_x/include/cw1_team_x/cw1_team_x/srv/detail/example__type_support.hpp
[40.173s] -- Up-to-date: /home/pcht/dev/comp0250_s26_labs/install/cw1_team_x/include/cw1_team_x/cw1_team_x/srv/detail/example__traits.hpp
[40.173s] -- Up-to-date: /home/pcht/dev/comp0250_s26_labs/install/cw1_team_x/include/cw1_team_x/cw1_team_x
[40.173s] -- Up-to-date: /home/pcht/dev/comp0250_s26_labs/install/cw1_team_x/include/cw1_team_x/cw1_team_x/msg
[40.173s] -- Up-to-date: /home/pcht/dev/comp0250_s26_labs/install/cw1_team_x/include/cw1_team_x/cw1_team_x/msg/rosidl_typesupport_fastrtps_cpp__visibility_control.h
[40.173s] -- Up-to-date: /home/pcht/dev/comp0250_s26_labs/install/cw1_team_x/include/cw1_team_x/cw1_team_x/srv
[40.173s] -- Up-to-date: /home/pcht/dev/comp0250_s26_labs/install/cw1_team_x/include/cw1_team_x/cw1_team_x/srv/detail
[40.174s] -- Up-to-date: /home/pcht/dev/comp0250_s26_labs/install/cw1_team_x/include/cw1_team_x/cw1_team_x/srv/detail/dds_fastrtps
[40.174s] -- Up-to-date: /home/pcht/dev/comp0250_s26_labs/install/cw1_team_x/include/cw1_team_x/cw1_team_x/srv/detail/example__rosidl_typesupport_fastrtps_cpp.hpp
[40.174s] -- Up-to-date: /home/pcht/dev/comp0250_s26_labs/install/cw1_team_x/lib/libcw1_team_x__rosidl_typesupport_fastrtps_cpp.so
[40.174s] -- Up-to-date: /home/pcht/dev/comp0250_s26_labs/install/cw1_team_x/include/cw1_team_x/cw1_team_x
[40.174s] -- Up-to-date: /home/pcht/dev/comp0250_s26_labs/install/cw1_team_x/include/cw1_team_x/cw1_team_x/srv
[40.174s] -- Up-to-date: /home/pcht/dev/comp0250_s26_labs/install/cw1_team_x/include/cw1_team_x/cw1_team_x/srv/detail
[40.174s] -- Up-to-date: /home/pcht/dev/comp0250_s26_labs/install/cw1_team_x/include/cw1_team_x/cw1_team_x/srv/detail/example__type_support.cpp
[40.174s] -- Up-to-date: /home/pcht/dev/comp0250_s26_labs/install/cw1_team_x/include/cw1_team_x/cw1_team_x/srv/detail/example__rosidl_typesupport_introspection_cpp.hpp
[40.174s] -- Up-to-date: /home/pcht/dev/comp0250_s26_labs/install/cw1_team_x/lib/libcw1_team_x__rosidl_typesupport_introspection_cpp.so
[40.174s] -- Up-to-date: /home/pcht/dev/comp0250_s26_labs/install/cw1_team_x/lib/libcw1_team_x__rosidl_typesupport_cpp.so
[40.174s] -- Up-to-date: /home/pcht/dev/comp0250_s26_labs/install/cw1_team_x/share/cw1_team_x/environment/pythonpath.sh
[40.174s] -- Up-to-date: /home/pcht/dev/comp0250_s26_labs/install/cw1_team_x/share/cw1_team_x/environment/pythonpath.dsv
[40.174s] -- Up-to-date: /home/pcht/dev/comp0250_s26_labs/install/cw1_team_x/local/lib/python3.10/dist-packages/cw1_team_x-0.1.0-py3.10.egg-info
[40.174s] -- Installing: /home/pcht/dev/comp0250_s26_labs/install/cw1_team_x/local/lib/python3.10/dist-packages/cw1_team_x-0.1.0-py3.10.egg-info/top_level.txt
[40.174s] -- Installing: /home/pcht/dev/comp0250_s26_labs/install/cw1_team_x/local/lib/python3.10/dist-packages/cw1_team_x-0.1.0-py3.10.egg-info/PKG-INFO
[40.174s] -- Installing: /home/pcht/dev/comp0250_s26_labs/install/cw1_team_x/local/lib/python3.10/dist-packages/cw1_team_x-0.1.0-py3.10.egg-info/dependency_links.txt
[40.174s] -- Installing: /home/pcht/dev/comp0250_s26_labs/install/cw1_team_x/local/lib/python3.10/dist-packages/cw1_team_x-0.1.0-py3.10.egg-info/SOURCES.txt
[40.174s] -- Up-to-date: /home/pcht/dev/comp0250_s26_labs/install/cw1_team_x/local/lib/python3.10/dist-packages/cw1_team_x
[40.174s] -- Up-to-date: /home/pcht/dev/comp0250_s26_labs/install/cw1_team_x/local/lib/python3.10/dist-packages/cw1_team_x/cw1_team_x_s__rosidl_typesupport_introspection_c.cpython-310-x86_64-linux-gnu.so
[40.174s] -- Up-to-date: /home/pcht/dev/comp0250_s26_labs/install/cw1_team_x/local/lib/python3.10/dist-packages/cw1_team_x/_cw1_team_x_s.ep.rosidl_typesupport_c.c
[40.174s] -- Up-to-date: /home/pcht/dev/comp0250_s26_labs/install/cw1_team_x/local/lib/python3.10/dist-packages/cw1_team_x/cw1_team_x_s__rosidl_typesupport_fastrtps_c.cpython-310-x86_64-linux-gnu.so
[40.174s] -- Up-to-date: /home/pcht/dev/comp0250_s26_labs/install/cw1_team_x/local/lib/python3.10/dist-packages/cw1_team_x/cw1_team_x_s__rosidl_typesupport_c.cpython-310-x86_64-linux-gnu.so
[40.174s] -- Up-to-date: /home/pcht/dev/comp0250_s26_labs/install/cw1_team_x/local/lib/python3.10/dist-packages/cw1_team_x/_cw1_team_x_s.ep.rosidl_typesupport_introspection_c.c
[40.174s] -- Up-to-date: /home/pcht/dev/comp0250_s26_labs/install/cw1_team_x/local/lib/python3.10/dist-packages/cw1_team_x/_cw1_team_x_s.ep.rosidl_typesupport_fastrtps_c.c
[40.174s] -- Up-to-date: /home/pcht/dev/comp0250_s26_labs/install/cw1_team_x/local/lib/python3.10/dist-packages/cw1_team_x/__init__.py
[40.174s] -- Up-to-date: /home/pcht/dev/comp0250_s26_labs/install/cw1_team_x/local/lib/python3.10/dist-packages/cw1_team_x/srv
[40.174s] -- Up-to-date: /home/pcht/dev/comp0250_s26_labs/install/cw1_team_x/local/lib/python3.10/dist-packages/cw1_team_x/srv/_example_s.c
[40.174s] -- Up-to-date: /home/pcht/dev/comp0250_s26_labs/install/cw1_team_x/local/lib/python3.10/dist-packages/cw1_team_x/srv/_example.py
[40.174s] -- Up-to-date: /home/pcht/dev/comp0250_s26_labs/install/cw1_team_x/local/lib/python3.10/dist-packages/cw1_team_x/srv/__init__.py
[40.174s] -- Up-to-date: /home/pcht/dev/comp0250_s26_labs/install/cw1_team_x/local/lib/python3.10/dist-packages/cw1_team_x/libcw1_team_x__rosidl_generator_py.so
[40.209s] Listing '/home/pcht/dev/comp0250_s26_labs/install/cw1_team_x/local/lib/python3.10/dist-packages/cw1_team_x'...
[40.209s] Listing '/home/pcht/dev/comp0250_s26_labs/install/cw1_team_x/local/lib/python3.10/dist-packages/cw1_team_x/srv'...
[40.214s] -- Up-to-date: /home/pcht/dev/comp0250_s26_labs/install/cw1_team_x/local/lib/python3.10/dist-packages/cw1_team_x/cw1_team_x_s__rosidl_typesupport_fastrtps_c.cpython-310-x86_64-linux-gnu.so
[40.214s] -- Up-to-date: /home/pcht/dev/comp0250_s26_labs/install/cw1_team_x/local/lib/python3.10/dist-packages/cw1_team_x/cw1_team_x_s__rosidl_typesupport_introspection_c.cpython-310-x86_64-linux-gnu.so
[40.214s] -- Up-to-date: /home/pcht/dev/comp0250_s26_labs/install/cw1_team_x/local/lib/python3.10/dist-packages/cw1_team_x/cw1_team_x_s__rosidl_typesupport_c.cpython-310-x86_64-linux-gnu.so
[40.214s] -- Up-to-date: /home/pcht/dev/comp0250_s26_labs/install/cw1_team_x/lib/libcw1_team_x__rosidl_generator_py.so
[40.214s] -- Up-to-date: /home/pcht/dev/comp0250_s26_labs/install/cw1_team_x/share/cw1_team_x/srv/Example.idl
[40.214s] -- Up-to-date: /home/pcht/dev/comp0250_s26_labs/install/cw1_team_x/share/cw1_team_x/srv/Example.srv
[40.214s] -- Up-to-date: /home/pcht/dev/comp0250_s26_labs/install/cw1_team_x/share/cw1_team_x/srv/Example_Request.msg
[40.214s] -- Up-to-date: /home/pcht/dev/comp0250_s26_labs/install/cw1_team_x/share/cw1_team_x/srv/Example_Response.msg
[40.214s] -- Installing: /home/pcht/dev/comp0250_s26_labs/install/cw1_team_x/lib/libcw1_team_x_cw1_class_lib.so
[40.216s] -- Set runtime path of "/home/pcht/dev/comp0250_s26_labs/install/cw1_team_x/lib/libcw1_team_x_cw1_class_lib.so" to ""
[40.216s] -- Installing: /home/pcht/dev/comp0250_s26_labs/install/cw1_team_x/lib/cw1_team_x/cw1_solution_node
[40.216s] -- Set runtime path of "/home/pcht/dev/comp0250_s26_labs/install/cw1_team_x/lib/cw1_team_x/cw1_solution_node" to ""
[40.217s] -- Up-to-date: /home/pcht/dev/comp0250_s26_labs/install/cw1_team_x/share/cw1_team_x/launch
[40.217s] -- Up-to-date: /home/pcht/dev/comp0250_s26_labs/install/cw1_team_x/share/cw1_team_x/launch/run_solution.launch.py
[40.217s] -- Up-to-date: /home/pcht/dev/comp0250_s26_labs/install/cw1_team_x/share/ament_index/resource_index/package_run_dependencies/cw1_team_x
[40.217s] -- Up-to-date: /home/pcht/dev/comp0250_s26_labs/install/cw1_team_x/share/ament_index/resource_index/parent_prefix_path/cw1_team_x
[40.217s] -- Up-to-date: /home/pcht/dev/comp0250_s26_labs/install/cw1_team_x/share/cw1_team_x/environment/ament_prefix_path.sh
[40.217s] -- Up-to-date: /home/pcht/dev/comp0250_s26_labs/install/cw1_team_x/share/cw1_team_x/environment/ament_prefix_path.dsv
[40.218s] -- Up-to-date: /home/pcht/dev/comp0250_s26_labs/install/cw1_team_x/share/cw1_team_x/environment/path.sh
[40.218s] -- Up-to-date: /home/pcht/dev/comp0250_s26_labs/install/cw1_team_x/share/cw1_team_x/environment/path.dsv
[40.218s] -- Up-to-date: /home/pcht/dev/comp0250_s26_labs/install/cw1_team_x/share/cw1_team_x/local_setup.bash
[40.218s] -- Up-to-date: /home/pcht/dev/comp0250_s26_labs/install/cw1_team_x/share/cw1_team_x/local_setup.sh
[40.218s] -- Up-to-date: /home/pcht/dev/comp0250_s26_labs/install/cw1_team_x/share/cw1_team_x/local_setup.zsh
[40.218s] -- Up-to-date: /home/pcht/dev/comp0250_s26_labs/install/cw1_team_x/share/cw1_team_x/local_setup.dsv
[40.218s] -- Installing: /home/pcht/dev/comp0250_s26_labs/install/cw1_team_x/share/cw1_team_x/package.dsv
[40.218s] -- Up-to-date: /home/pcht/dev/comp0250_s26_labs/install/cw1_team_x/share/ament_index/resource_index/packages/cw1_team_x
[40.219s] -- Up-to-date: /home/pcht/dev/comp0250_s26_labs/install/cw1_team_x/share/cw1_team_x/cmake/export_cw1_team_x__rosidl_generator_cExport.cmake
[40.219s] -- Up-to-date: /home/pcht/dev/comp0250_s26_labs/install/cw1_team_x/share/cw1_team_x/cmake/export_cw1_team_x__rosidl_generator_cExport-release.cmake
[40.219s] -- Up-to-date: /home/pcht/dev/comp0250_s26_labs/install/cw1_team_x/share/cw1_team_x/cmake/export_cw1_team_x__rosidl_typesupport_fastrtps_cExport.cmake
[40.219s] -- Up-to-date: /home/pcht/dev/comp0250_s26_labs/install/cw1_team_x/share/cw1_team_x/cmake/export_cw1_team_x__rosidl_typesupport_fastrtps_cExport-release.cmake
[40.219s] -- Up-to-date: /home/pcht/dev/comp0250_s26_labs/install/cw1_team_x/share/cw1_team_x/cmake/cw1_team_x__rosidl_typesupport_introspection_cExport.cmake
[40.219s] -- Up-to-date: /home/pcht/dev/comp0250_s26_labs/install/cw1_team_x/share/cw1_team_x/cmake/cw1_team_x__rosidl_typesupport_introspection_cExport-release.cmake
[40.219s] -- Up-to-date: /home/pcht/dev/comp0250_s26_labs/install/cw1_team_x/share/cw1_team_x/cmake/cw1_team_x__rosidl_typesupport_cExport.cmake
[40.219s] -- Up-to-date: /home/pcht/dev/comp0250_s26_labs/install/cw1_team_x/share/cw1_team_x/cmake/cw1_team_x__rosidl_typesupport_cExport-release.cmake
[40.219s] -- Up-to-date: /home/pcht/dev/comp0250_s26_labs/install/cw1_team_x/share/cw1_team_x/cmake/export_cw1_team_x__rosidl_generator_cppExport.cmake
[40.219s] -- Up-to-date: /home/pcht/dev/comp0250_s26_labs/install/cw1_team_x/share/cw1_team_x/cmake/export_cw1_team_x__rosidl_typesupport_fastrtps_cppExport.cmake
[40.220s] -- Up-to-date: /home/pcht/dev/comp0250_s26_labs/install/cw1_team_x/share/cw1_team_x/cmake/export_cw1_team_x__rosidl_typesupport_fastrtps_cppExport-release.cmake
[40.220s] -- Up-to-date: /home/pcht/dev/comp0250_s26_labs/install/cw1_team_x/share/cw1_team_x/cmake/cw1_team_x__rosidl_typesupport_introspection_cppExport.cmake
[40.220s] -- Up-to-date: /home/pcht/dev/comp0250_s26_labs/install/cw1_team_x/share/cw1_team_x/cmake/cw1_team_x__rosidl_typesupport_introspection_cppExport-release.cmake
[40.220s] -- Up-to-date: /home/pcht/dev/comp0250_s26_labs/install/cw1_team_x/share/cw1_team_x/cmake/cw1_team_x__rosidl_typesupport_cppExport.cmake
[40.220s] -- Up-to-date: /home/pcht/dev/comp0250_s26_labs/install/cw1_team_x/share/cw1_team_x/cmake/cw1_team_x__rosidl_typesupport_cppExport-release.cmake
[40.220s] -- Up-to-date: /home/pcht/dev/comp0250_s26_labs/install/cw1_team_x/share/cw1_team_x/cmake/export_cw1_team_x__rosidl_generator_pyExport.cmake
[40.220s] -- Up-to-date: /home/pcht/dev/comp0250_s26_labs/install/cw1_team_x/share/cw1_team_x/cmake/export_cw1_team_x__rosidl_generator_pyExport-release.cmake
[40.220s] -- Up-to-date: /home/pcht/dev/comp0250_s26_labs/install/cw1_team_x/share/cw1_team_x/cmake/rosidl_cmake-extras.cmake
[40.220s] -- Up-to-date: /home/pcht/dev/comp0250_s26_labs/install/cw1_team_x/share/cw1_team_x/cmake/ament_cmake_export_dependencies-extras.cmake
[40.221s] -- Up-to-date: /home/pcht/dev/comp0250_s26_labs/install/cw1_team_x/share/cw1_team_x/cmake/ament_cmake_export_include_directories-extras.cmake
[40.221s] -- Up-to-date: /home/pcht/dev/comp0250_s26_labs/install/cw1_team_x/share/cw1_team_x/cmake/ament_cmake_export_libraries-extras.cmake
[40.221s] -- Up-to-date: /home/pcht/dev/comp0250_s26_labs/install/cw1_team_x/share/cw1_team_x/cmake/ament_cmake_export_targets-extras.cmake
[40.221s] -- Up-to-date: /home/pcht/dev/comp0250_s26_labs/install/cw1_team_x/share/cw1_team_x/cmake/rosidl_cmake_export_typesupport_targets-extras.cmake
[40.221s] -- Up-to-date: /home/pcht/dev/comp0250_s26_labs/install/cw1_team_x/share/cw1_team_x/cmake/rosidl_cmake_export_typesupport_libraries-extras.cmake
[40.221s] -- Up-to-date: /home/pcht/dev/comp0250_s26_labs/install/cw1_team_x/share/cw1_team_x/cmake/cw1_team_xConfig.cmake
[40.221s] -- Up-to-date: /home/pcht/dev/comp0250_s26_labs/install/cw1_team_x/share/cw1_team_x/cmake/cw1_team_xConfig-version.cmake
[40.222s] -- Up-to-date: /home/pcht/dev/comp0250_s26_labs/install/cw1_team_x/share/cw1_team_x/package.xml
[40.223s] Invoked command in '/home/pcht/dev/comp0250_s26_labs/build/cw1_team_x' returned '0': AMENT_PREFIX_PATH=/home/pcht/dev/comp0250_s26_labs/install/cw1_world_spawner:${AMENT_PREFIX_PATH} CMAKE_PREFIX_PATH=/home/pcht/dev/comp0250_s26_labs/install/cw1_world_spawner:/home/pcht/ws_moveit2/install/moveit_common:/home/pcht/ws_moveit2/install/pilz_industrial_motion_planner_testutils:/home/pcht/ws_moveit2/install/moveit_runtime:/home/pcht/ws_moveit2/install/moveit2_tutorials:/home/pcht/ws_moveit2/install/moveit:/home/pcht/ws_moveit2/install/moveit_planners:/home/pcht/ws_moveit2/install/pilz_industrial_motion_planner:/home/pcht/ws_moveit2/install/mtc_tutorial:/home/pcht/ws_moveit2/install/moveit_visual_tools:/home/pcht/ws_moveit2/install/moveit_task_constructor_visualization:/home/pcht/ws_moveit2/install/moveit_task_constructor_demo:/home/pcht/ws_moveit2/install/moveit_task_constructor_capabilities:/home/pcht/ws_moveit2/install/moveit_task_constructor_core:/home/pcht/ws_moveit2/install/moveit_ros_control_interface:/home/pcht/ws_moveit2/install/moveit_plugins:/home/pcht/ws_moveit2/install/moveit_simple_controller_manager:/home/pcht/ws_moveit2/install/moveit_setup_assistant:/home/pcht/ws_moveit2/install/moveit_setup_srdf_plugins:/home/pcht/ws_moveit2/install/moveit_setup_core_plugins:/home/pcht/ws_moveit2/install/moveit_setup_controllers:/home/pcht/ws_moveit2/install/moveit_setup_app_plugins:/home/pcht/ws_moveit2/install/moveit_setup_framework:/home/pcht/ws_moveit2/install/moveit_servo:/home/pcht/ws_moveit2/install/moveit_ros:/home/pcht/ws_moveit2/install/moveit_ros_visualization:/home/pcht/ws_moveit2/install/moveit_py:/home/pcht/ws_moveit2/install/moveit_hybrid_planning:/home/pcht/ws_moveit2/install/moveit_ros_planning_interface:/home/pcht/ws_moveit2/install/moveit_ros_benchmarks:/home/pcht/ws_moveit2/install/moveit_ros_warehouse:/home/pcht/ws_moveit2/install/moveit_ros_robot_interaction:/home/pcht/ws_moveit2/install/moveit_ros_perception:/home/pcht/ws_moveit2/install/moveit_resources_prbt_pg70_support:/home/pcht/ws_moveit2/install/moveit_resources_prbt_moveit_config:/home/pcht/ws_moveit2/install/moveit_ros_move_group:/home/pcht/ws_moveit2/install/moveit_planners_ompl:/home/pcht/ws_moveit2/install/moveit_ros_planning:/home/pcht/ws_moveit2/install/moveit_ros_occupancy_map_monitor:/home/pcht/ws_moveit2/install/moveit_resources_prbt_ikfast_manipulator_plugin:/home/pcht/ws_moveit2/install/moveit_planners_chomp:/home/pcht/ws_moveit2/install/moveit_kinematics:/home/pcht/ws_moveit2/install/moveit_chomp_optimizer_adapter:/home/pcht/ws_moveit2/install/chomp_motion_planner:/home/pcht/ws_moveit2/install/moveit_core:/home/pcht/ws_moveit2/install/srdfdom:/home/pcht/ws_moveit2/install/rviz_marker_tools:/home/pcht/ws_moveit2/install/rosparam_shortcuts:/home/pcht/ws_moveit2/install/moveit_task_constructor_msgs:/home/pcht/ws_moveit2/install/moveit_resources_prbt_support:/home/pcht/ws_moveit2/install/moveit_resources:/home/pcht/ws_moveit2/install/moveit_resources_pr2_description:/home/pcht/ws_moveit2/install/moveit_resources_panda_moveit_config:/home/pcht/ws_moveit2/install/moveit_resources_panda_description:/home/pcht/ws_moveit2/install/moveit_resources_fanuc_moveit_config:/home/pcht/ws_moveit2/install/moveit_resources_fanuc_description:/home/pcht/ws_moveit2/install/moveit_common:/home/pcht/ws_moveit2/install/moveit_configs_utils:/home/pcht/ws_moveit2/install/launch_param_builder:/opt/ros/humble LD_LIBRARY_PATH=/home/pcht/dev/comp0250_s26_labs/install/cw1_world_spawner/lib:${LD_LIBRARY_PATH} PYTHONPATH=/home/pcht/dev/comp0250_s26_labs/install/cw1_world_spawner/local/lib/python3.10/dist-packages:${PYTHONPATH} /usr/bin/cmake --install /home/pcht/dev/comp0250_s26_labs/build/cw1_team_x
